#
# There is insufficient memory for the Java Runtime Environment to continue.
# Native memory allocation (mmap) failed to map 254279680 bytes for committing reserved memory.
# Possible reasons:
#   The system is out of physical RAM or swap space
#   In 32 bit mode, the process size limit was hit
# Possible solutions:
#   Reduce memory load on the system
#   Increase physical memory or swap space
#   Check if swap backing store is full
#   Use 64 bit Java on a 64 bit OS
#   Decrease Java heap size (-Xmx/-Xms)
#   Decrease number of Java threads
#   Decrease Java thread stack sizes (-Xss)
#   Set larger code cache with -XX:ReservedCodeCacheSize=
# This output file may be truncated or incomplete.
#
#  Out of Memory Error (os_linux.cpp:2643), pid=9281, tid=0x00007f6aa1e1c700
#
# JRE version: OpenJDK Runtime Environment (8.0_181-b13) (build 1.8.0_181-8u181-b13-0ubuntu0.16.04.1-b13)
# Java VM: OpenJDK 64-Bit Server VM (25.181-b13 mixed mode linux-amd64 compressed oops)
# Failed to write core dump. Core dumps have been disabled. To enable core dumping, try "ulimit -c unlimited" before starting Java again
#

---------------  T H R E A D  ---------------

Current thread (0x00007f6ab4078000):  VMThread [stack: 0x00007f6aa1d1c000,0x00007f6aa1e1d000] [id=9291]

Stack: [0x00007f6aa1d1c000,0x00007f6aa1e1d000],  sp=0x00007f6aa1e1b480,  free space=1021k
Native frames: (J=compiled Java code, j=interpreted, Vv=VM code, C=native code)
V  [libjvm.so+0xa70edb]
V  [libjvm.so+0x4c893c]
V  [libjvm.so+0x8bda08]
V  [libjvm.so+0x8b7d9e]
V  [libjvm.so+0x933206]
V  [libjvm.so+0x92289a]
V  [libjvm.so+0x922aa3]
V  [libjvm.so+0x923408]
V  [libjvm.so+0x9296ce]
V  [libjvm.so+0x93106d]
V  [libjvm.so+0x8e27c3]
V  [libjvm.so+0xa72b82]
V  [libjvm.so+0xa77d27]
V  [libjvm.so+0xa75427]
V  [libjvm.so+0xa768af]
V  [libjvm.so+0xa76da1]
V  [libjvm.so+0x8bae12]

VM_Operation (0x00007f6a65a34610): ParallelGCFailedAllocation, mode: safepoint, requested by thread 0x00007f6ab4302800


---------------  P R O C E S S  ---------------

Java Threads: ( => current thread )
  0x00007f6a5001a000 JavaThread "TimerQueue" daemon [_thread_blocked, id=9307, stack(0x00007f6a65733000,0x00007f6a65834000)]
  0x00007f6a4c02c000 JavaThread "Abandoned connection cleanup thread" daemon [_thread_blocked, id=9306, stack(0x00007f6a65834000,0x00007f6a65935000)]
  0x00007f6ab400a800 JavaThread "DestroyJavaVM" [_thread_blocked, id=9285, stack(0x00007f6abafde000,0x00007f6abb0df000)]
  0x00007f6ab4302800 JavaThread "Thread-0" [_thread_blocked, id=9305, stack(0x00007f6a65935000,0x00007f6a65a36000)]
  0x00007f6ab42b9800 JavaThread "AWT-EventQueue-0" [_thread_blocked, id=9304, stack(0x00007f6a66686000,0x00007f6a66787000)]
  0x00007f6ab42b7800 JavaThread "AWT-Shutdown" [_thread_blocked, id=9303, stack(0x00007f6a66787000,0x00007f6a66888000)]
  0x00007f6ab4281000 JavaThread "AWT-XAWT" daemon [_thread_blocked, id=9302, stack(0x00007f6a66888000,0x00007f6a66989000)]
  0x00007f6ab425b800 JavaThread "Java2D Disposer" daemon [_thread_blocked, id=9301, stack(0x00007f6a66d99000,0x00007f6a66e9a000)]
  0x00007f6ab40da000 JavaThread "Service Thread" daemon [_thread_blocked, id=9298, stack(0x00007f6aa0c56000,0x00007f6aa0d57000)]
  0x00007f6ab40bd000 JavaThread "C1 CompilerThread2" daemon [_thread_blocked, id=9297, stack(0x00007f6aa0d57000,0x00007f6aa0e58000)]
  0x00007f6ab40bb000 JavaThread "C2 CompilerThread1" daemon [_thread_blocked, id=9296, stack(0x00007f6aa0e58000,0x00007f6aa0f59000)]
  0x00007f6ab40b8000 JavaThread "C2 CompilerThread0" daemon [_thread_blocked, id=9295, stack(0x00007f6aa0f59000,0x00007f6aa105a000)]
  0x00007f6ab40b6800 JavaThread "Signal Dispatcher" daemon [_thread_blocked, id=9294, stack(0x00007f6aa105a000,0x00007f6aa115b000)]
  0x00007f6ab4084800 JavaThread "Finalizer" daemon [_thread_blocked, id=9293, stack(0x00007f6aa1b1a000,0x00007f6aa1c1b000)]
  0x00007f6ab4080000 JavaThread "Reference Handler" daemon [_thread_blocked, id=9292, stack(0x00007f6aa1c1b000,0x00007f6aa1d1c000)]

Other Threads:
=>0x00007f6ab4078000 VMThread [stack: 0x00007f6aa1d1c000,0x00007f6aa1e1d000] [id=9291]
  0x00007f6ab40dc800 WatcherThread [stack: 0x00007f6aa0b55000,0x00007f6aa0c56000] [id=9299]

VM state:at safepoint (normal execution)

VM Mutex/Monitor currently owned by a thread:  ([mutex/lock_event])
[0x00007f6ab40067d0] ExpandHeap_lock - owner thread: 0x00007f6ab4078000
[0x00007f6ab4006e50] Threads_lock - owner thread: 0x00007f6ab4078000
[0x00007f6ab4007350] Heap_lock - owner thread: 0x00007f6ab4302800

Heap:
 PSYoungGen      total 139776K, used 47217K [0x00000000d7000000, 0x00000000e8280000, 0x0000000100000000)
  eden space 4608K, 0% used [0x00000000d7000000,0x00000000d7000000,0x00000000d7480000)
  from space 135168K, 34% used [0x00000000dfe80000,0x00000000e2c9c660,0x00000000e8280000)
  to   space 138240K, 0% used [0x00000000d7480000,0x00000000d7480000,0x00000000dfb80000)
 ParOldGen       total 881664K, used 881519K [0x0000000085000000, 0x00000000bad00000, 0x00000000d7000000)
  object space 881664K, 99% used [0x0000000085000000,0x00000000bacdbdf8,0x00000000bad00000)
 Metaspace       used 16760K, capacity 17028K, committed 17280K, reserved 1064960K
  class space    used 1780K, capacity 1845K, committed 1920K, reserved 1048576K

Card table byte_map: [0x00007f6aa4240000,0x00007f6aa4619000] byte_map_base: 0x00007f6aa3e18000

Marking Bits: (ParMarkBitMap*) 0x00007f6aba2a83a0
 Begin Bits: [0x00007f6a8c280000, 0x00007f6a8e140000)
 End Bits:   [0x00007f6a8e140000, 0x00007f6a90000000)

Polling page: 0x00007f6abb0fc000

CodeCache: size=245760Kb used=7263Kb max_used=7988Kb free=238496Kb
 bounds [0x00007f6aa49d9000, 0x00007f6aa51b9000, 0x00007f6ab39d9000]
 total_blobs=2818 nmethods=2206 adapters=524
 compilation: enabled

Compilation events (10 events):
Event: 42,177 Thread 0x00007f6ab40bd000 nmethod 2470 0x00007f6aa508ea10 code [0x00007f6aa508ebe0, 0x00007f6aa508f318]
Event: 42,177 Thread 0x00007f6ab40bd000 2473       3       sun.font.XRGlyphCache::cacheGlyphs (156 bytes)
Event: 42,178 Thread 0x00007f6ab40bd000 nmethod 2473 0x00007f6aa508b8d0 code [0x00007f6aa508bc20, 0x00007f6aa508d8f8]
Event: 42,178 Thread 0x00007f6ab40bd000 2471       3       sun.font.FileFontStrike::getSlot0GlyphImagePtrs (129 bytes)
Event: 42,179 Thread 0x00007f6ab40bd000 nmethod 2471 0x00007f6aa4d9afd0 code [0x00007f6aa4d9b2e0, 0x00007f6aa4d9cb38]
Event: 42,179 Thread 0x00007f6ab40bd000 2472       3       sun.font.GlyphList::fillBounds (388 bytes)
Event: 42,179 Thread 0x00007f6ab40bb000 nmethod 2468 0x00007f6aa4ec0810 code [0x00007f6aa4ec0980, 0x00007f6aa4ec0db8]
Event: 42,180 Thread 0x00007f6ab40bd000 nmethod 2472 0x00007f6aa4d99650 code [0x00007f6aa4d99940, 0x00007f6aa4d9a4d8]
Event: 42,193 Thread 0x00007f6ab40b8000 2474       4       sun.java2d.SunGraphics2D::setFont (105 bytes)
Event: 42,194 Thread 0x00007f6ab40b8000 nmethod 2474 0x00007f6aa508b5d0 code [0x00007f6aa508b720, 0x00007f6aa508b7f8]

GC Heap History (10 events):
Event: 41,319 GC heap after
Heap after GC invocations=75 (full 5):
 PSYoungGen      total 123392K, used 81152K [0x00000000d7000000, 0x00000000e6700000, 0x0000000100000000)
  eden space 12288K, 0% used [0x00000000d7000000,0x00000000d7000000,0x00000000d7c00000)
  from space 111104K, 73% used [0x00000000dee80000,0x00000000e3dc0000,0x00000000e5b00000)
  to   space 117248K, 0% used [0x00000000d7c00000,0x00000000d7c00000,0x00000000dee80000)
 ParOldGen       total 881664K, used 824236K [0x0000000085000000, 0x00000000bad00000, 0x00000000d7000000)
  object space 881664K, 93% used [0x0000000085000000,0x00000000b74eb190,0x00000000bad00000)
 Metaspace       used 16744K, capacity 16964K, committed 17280K, reserved 1064960K
  class space    used 1780K, capacity 1845K, committed 1920K, reserved 1048576K
}
Event: 41,707 GC heap before
{Heap before GC invocations=76 (full 5):
 PSYoungGen      total 123392K, used 93440K [0x00000000d7000000, 0x00000000e6700000, 0x0000000100000000)
  eden space 12288K, 100% used [0x00000000d7000000,0x00000000d7c00000,0x00000000d7c00000)
  from space 111104K, 73% used [0x00000000dee80000,0x00000000e3dc0000,0x00000000e5b00000)
  to   space 117248K, 0% used [0x00000000d7c00000,0x00000000d7c00000,0x00000000dee80000)
 ParOldGen       total 881664K, used 824236K [0x0000000085000000, 0x00000000bad00000, 0x00000000d7000000)
  object space 881664K, 93% used [0x0000000085000000,0x00000000b74eb190,0x00000000bad00000)
 Metaspace       used 16744K, capacity 16964K, committed 17280K, reserved 1064960K
  class space    used 1780K, capacity 1845K, committed 1920K, reserved 1048576K
Event: 41,744 GC heap after
Heap after GC invocations=76 (full 5):
 PSYoungGen      total 129536K, used 91040K [0x00000000d7000000, 0x00000000e7380000, 0x0000000100000000)
  eden space 12288K, 0% used [0x00000000d7000000,0x00000000d7000000,0x00000000d7c00000)
  from space 117248K, 77% used [0x00000000d7c00000,0x00000000dd4e8000,0x00000000dee80000)
  to   space 125952K, 0% used [0x00000000df880000,0x00000000df880000,0x00000000e7380000)
 ParOldGen       total 881664K, used 824236K [0x0000000085000000, 0x00000000bad00000, 0x00000000d7000000)
  object space 881664K, 93% used [0x0000000085000000,0x00000000b74eb190,0x00000000bad00000)
 Metaspace       used 16744K, capacity 16964K, committed 17280K, reserved 1064960K
  class space    used 1780K, capacity 1845K, committed 1920K, reserved 1048576K
}
Event: 42,132 GC heap before
{Heap before GC invocations=77 (full 5):
 PSYoungGen      total 129536K, used 103328K [0x00000000d7000000, 0x00000000e7380000, 0x0000000100000000)
  eden space 12288K, 100% used [0x00000000d7000000,0x00000000d7c00000,0x00000000d7c00000)
  from space 117248K, 77% used [0x00000000d7c00000,0x00000000dd4e8000,0x00000000dee80000)
  to   space 125952K, 0% used [0x00000000df880000,0x00000000df880000,0x00000000e7380000)
 ParOldGen       total 881664K, used 824236K [0x0000000085000000, 0x00000000bad00000, 0x00000000d7000000)
  object space 881664K, 93% used [0x0000000085000000,0x00000000b74eb190,0x00000000bad00000)
 Metaspace       used 16750K, capacity 16964K, committed 17280K, reserved 1064960K
  class space    used 1780K, capacity 1845K, committed 1920K, reserved 1048576K
Event: 42,175 GC heap after
Heap after GC invocations=77 (full 5):
 PSYoungGen      total 129536K, used 100960K [0x00000000d7000000, 0x00000000e8780000, 0x0000000100000000)
  eden space 3584K, 0% used [0x00000000d7000000,0x00000000d7000000,0x00000000d7380000)
  from space 125952K, 80% used [0x00000000df880000,0x00000000e5b18000,0x00000000e7380000)
  to   space 136192K, 0% used [0x00000000d7380000,0x00000000d7380000,0x00000000df880000)
 ParOldGen       total 881664K, used 824236K [0x0000000085000000, 0x00000000bad00000, 0x00000000d7000000)
  object space 881664K, 93% used [0x0000000085000000,0x00000000b74eb190,0x00000000bad00000)
 Metaspace       used 16750K, capacity 16964K, committed 17280K, reserved 1064960K
  class space    used 1780K, capacity 1845K, committed 1920K, reserved 1048576K
}
Event: 42,290 GC heap before
{Heap before GC invocations=78 (full 5):
 PSYoungGen      total 129536K, used 104544K [0x00000000d7000000, 0x00000000e8780000, 0x0000000100000000)
  eden space 3584K, 100% used [0x00000000d7000000,0x00000000d7380000,0x00000000d7380000)
  from space 125952K, 80% used [0x00000000df880000,0x00000000e5b18000,0x00000000e7380000)
  to   space 136192K, 0% used [0x00000000d7380000,0x00000000d7380000,0x00000000df880000)
 ParOldGen       total 881664K, used 824236K [0x0000000085000000, 0x00000000bad00000, 0x00000000d7000000)
  object space 881664K, 93% used [0x0000000085000000,0x00000000b74eb190,0x00000000bad00000)
 Metaspace       used 16760K, capacity 17028K, committed 17280K, reserved 1064960K
  class space    used 1780K, capacity 1845K, committed 1920K, reserved 1048576K
Event: 42,331 GC heap after
Heap after GC invocations=78 (full 5):
 PSYoungGen      total 139776K, used 94240K [0x00000000d7000000, 0x00000000e8880000, 0x0000000100000000)
  eden space 3584K, 0% used [0x00000000d7000000,0x00000000d7000000,0x00000000d7380000)
  from space 136192K, 69% used [0x00000000d7380000,0x00000000dcf88000,0x00000000df880000)
  to   space 141312K, 0% used [0x00000000dfe80000,0x00000000dfe80000,0x00000000e8880000)
 ParOldGen       total 881664K, used 833844K [0x0000000085000000, 0x00000000bad00000, 0x00000000d7000000)
  object space 881664K, 94% used [0x0000000085000000,0x00000000b7e4d190,0x00000000bad00000)
 Metaspace       used 16760K, capacity 17028K, committed 17280K, reserved 1064960K
  class space    used 1780K, capacity 1845K, committed 1920K, reserved 1048576K
}
Event: 42,439 GC heap before
{Heap before GC invocations=79 (full 5):
 PSYoungGen      total 139776K, used 97824K [0x00000000d7000000, 0x00000000e8880000, 0x0000000100000000)
  eden space 3584K, 100% used [0x00000000d7000000,0x00000000d7380000,0x00000000d7380000)
  from space 136192K, 69% used [0x00000000d7380000,0x00000000dcf88000,0x00000000df880000)
  to   space 141312K, 0% used [0x00000000dfe80000,0x00000000dfe80000,0x00000000e8880000)
 ParOldGen       total 881664K, used 833844K [0x0000000085000000, 0x00000000bad00000, 0x00000000d7000000)
  object space 881664K, 94% used [0x0000000085000000,0x00000000b7e4d190,0x00000000bad00000)
 Metaspace       used 16760K, capacity 17028K, committed 17280K, reserved 1064960K
  class space    used 1780K, capacity 1845K, committed 1920K, reserved 1048576K
Event: 42,478 GC heap after
Heap after GC invocations=79 (full 5):
 PSYoungGen      total 139776K, used 75520K [0x00000000d7000000, 0x00000000e8280000, 0x0000000100000000)
  eden space 4608K, 0% used [0x00000000d7000000,0x00000000d7000000,0x00000000d7480000)
  from space 135168K, 55% used [0x00000000dfe80000,0x00000000e4840000,0x00000000e8280000)
  to   space 138240K, 0% used [0x00000000d7480000,0x00000000d7480000,0x00000000dfb80000)
 ParOldGen       total 881664K, used 855668K [0x0000000085000000, 0x00000000bad00000, 0x00000000d7000000)
  object space 881664K, 97% used [0x0000000085000000,0x00000000b939d190,0x00000000bad00000)
 Metaspace       used 16760K, capacity 17028K, committed 17280K, reserved 1064960K
  class space    used 1780K, capacity 1845K, committed 1920K, reserved 1048576K
}
Event: 42,478 GC heap before
{Heap before GC invocations=80 (full 6):
 PSYoungGen      total 139776K, used 75520K [0x00000000d7000000, 0x00000000e8280000, 0x0000000100000000)
  eden space 4608K, 0% used [0x00000000d7000000,0x00000000d7000000,0x00000000d7480000)
  from space 135168K, 55% used [0x00000000dfe80000,0x00000000e4840000,0x00000000e8280000)
  to   space 138240K, 0% used [0x00000000d7480000,0x00000000d7480000,0x00000000dfb80000)
 ParOldGen       total 881664K, used 855668K [0x0000000085000000, 0x00000000bad00000, 0x00000000d7000000)
  object space 881664K, 97% used [0x0000000085000000,0x00000000b939d190,0x00000000bad00000)
 Metaspace       used 16760K, capacity 17028K, committed 17280K, reserved 1064960K
  class space    used 1780K, capacity 1845K, committed 1920K, reserved 1048576K

Deoptimization events (10 events):
Event: 15,095 Thread 0x00007f6ab42b9800 Uncommon trap: reason=unstable_if action=reinterpret pc=0x00007f6aa4f01758 method=java.util.ResourceBundle.getObject(Ljava/lang/String;)Ljava/lang/Object; @ 7
Event: 15,122 Thread 0x00007f6ab42b9800 Uncommon trap: reason=bimorphic action=maybe_recompile pc=0x00007f6aa4fb09e4 method=java.util.HashMap.putVal(ILjava/lang/Object;Ljava/lang/Object;ZZ)Ljava/lang/Object; @ 253
Event: 15,123 Thread 0x00007f6ab42b9800 Uncommon trap: reason=bimorphic action=maybe_recompile pc=0x00007f6aa4fb09e4 method=java.util.HashMap.putVal(ILjava/lang/Object;Ljava/lang/Object;ZZ)Ljava/lang/Object; @ 253
Event: 15,124 Thread 0x00007f6ab42b9800 Uncommon trap: reason=bimorphic action=maybe_recompile pc=0x00007f6aa4fb09e4 method=java.util.HashMap.putVal(ILjava/lang/Object;Ljava/lang/Object;ZZ)Ljava/lang/Object; @ 253
Event: 15,125 Thread 0x00007f6ab42b9800 Uncommon trap: reason=bimorphic action=maybe_recompile pc=0x00007f6aa4fb09e4 method=java.util.HashMap.putVal(ILjava/lang/Object;Ljava/lang/Object;ZZ)Ljava/lang/Object; @ 253
Event: 16,679 Thread 0x00007f6ab42b9800 Uncommon trap: reason=class_check action=maybe_recompile pc=0x00007f6aa4b3805c method=java.lang.String.equals(Ljava/lang/Object;)Z @ 8
Event: 16,679 Thread 0x00007f6ab42b9800 Uncommon trap: reason=class_check action=maybe_recompile pc=0x00007f6aa4b3805c method=java.lang.String.equals(Ljava/lang/Object;)Z @ 8
Event: 31,313 Thread 0x00007f6ab42b9800 Uncommon trap: reason=class_check action=maybe_recompile pc=0x00007f6aa4b3805c method=java.lang.String.equals(Ljava/lang/Object;)Z @ 8
Event: 31,313 Thread 0x00007f6ab42b9800 Uncommon trap: reason=class_check action=maybe_recompile pc=0x00007f6aa4b3805c method=java.lang.String.equals(Ljava/lang/Object;)Z @ 8
Event: 31,318 Thread 0x00007f6ab42b9800 Uncommon trap: reason=null_check action=make_not_entrant pc=0x00007f6aa4d54578 method=java.awt.Component.isLightweight()Z @ 4

Classes redefined (0 events):
No events

Internal exceptions (10 events):
Event: 0,063 Thread 0x00007f6ab400a800 Exception <a 'java/security/PrivilegedActionException'> (0x00000000d708b9c0) thrown at [/build/openjdk-8-pREaNj/openjdk-8-8u181-b13/src/hotspot/src/share/vm/prims/jvm.cpp, line 1435]
Event: 0,063 Thread 0x00007f6ab400a800 Exception <a 'java/security/PrivilegedActionException'> (0x00000000d708bbd0) thrown at [/build/openjdk-8-pREaNj/openjdk-8-8u181-b13/src/hotspot/src/share/vm/prims/jvm.cpp, line 1435]
Event: 0,095 Thread 0x00007f6ab400a800 Exception <a 'java/lang/NoSuchFieldError': method resolution failed> (0x00000000d71ff940) thrown at [/build/openjdk-8-pREaNj/openjdk-8-8u181-b13/src/hotspot/src/share/vm/prims/methodHandles.cpp, line 1167]
Event: 0,097 Thread 0x00007f6ab400a800 Exception <a 'java/lang/NoSuchFieldError': method resolution failed> (0x00000000d720d0c0) thrown at [/build/openjdk-8-pREaNj/openjdk-8-8u181-b13/src/hotspot/src/share/vm/prims/methodHandles.cpp, line 1167]
Event: 0,117 Thread 0x00007f6ab400a800 Exception <a 'java/io/FileNotFoundException'> (0x00000000d728c130) thrown at [/build/openjdk-8-pREaNj/openjdk-8-8u181-b13/src/hotspot/src/share/vm/prims/jni.cpp, line 709]
Event: 0,117 Thread 0x00007f6ab400a800 Exception <a 'java/io/FileNotFoundException'> (0x00000000d728cc50) thrown at [/build/openjdk-8-pREaNj/openjdk-8-8u181-b13/src/hotspot/src/share/vm/prims/jni.cpp, line 709]
Event: 0,128 Thread 0x00007f6ab400a800 Exception <a 'java/lang/ClassNotFoundException': sun/dc/DuctusRenderingEngine> (0x00000000d72aabe8) thrown at [/build/openjdk-8-pREaNj/openjdk-8-8u181-b13/src/hotspot/src/share/vm/classfile/systemDictionary.cpp, line 210]
Event: 0,217 Thread 0x00007f6ab400a800 Exception <a 'java/net/UnknownHostException'> (0x00000000d751d3a8) thrown at [/build/openjdk-8-pREaNj/openjdk-8-8u181-b13/src/hotspot/src/share/vm/prims/jni.cpp, line 709]
Event: 0,327 Thread 0x00007f6ab42b9800 Exception <a 'java/lang/UnsupportedOperationException': > (0x00000000d7471070) thrown at [/build/openjdk-8-pREaNj/openjdk-8-8u181-b13/src/hotspot/src/share/vm/prims/jni.cpp, line 735]
Event: 31,318 Thread 0x00007f6ab42b9800 Implicit null exception at 0x00007f6aa4d54510 to 0x00007f6aa4d5456b

Events (10 events):
Event: 40,786 Executing VM operation: ParallelGCFailedAllocation done
Event: 41,285 Executing VM operation: ParallelGCFailedAllocation
Event: 41,319 Executing VM operation: ParallelGCFailedAllocation done
Event: 41,707 Executing VM operation: ParallelGCFailedAllocation
Event: 41,744 Executing VM operation: ParallelGCFailedAllocation done
Event: 42,132 Executing VM operation: ParallelGCFailedAllocation
Event: 42,175 Executing VM operation: ParallelGCFailedAllocation done
Event: 42,290 Executing VM operation: ParallelGCFailedAllocation
Event: 42,331 Executing VM operation: ParallelGCFailedAllocation done
Event: 42,439 Executing VM operation: ParallelGCFailedAllocation


Dynamic libraries:
00400000-00401000 r-xp 00000000 08:05 1862949                            /usr/lib/jvm/java-8-openjdk-amd64/jre/bin/java
00600000-00601000 r--p 00000000 08:05 1862949                            /usr/lib/jvm/java-8-openjdk-amd64/jre/bin/java
00601000-00602000 rw-p 00001000 08:05 1862949                            /usr/lib/jvm/java-8-openjdk-amd64/jre/bin/java
01d64000-01d85000 rw-p 00000000 00:00 0                                  [heap]
85000000-bad00000 rw-p 00000000 00:00 0 
c9f80000-d7000000 ---p 00000000 00:00 0 
d7000000-e8280000 rw-p 00000000 00:00 0 
e8280000-100000000 ---p 00000000 00:00 0 
100000000-1001e0000 rw-p 00000000 00:00 0 
1001e0000-140000000 ---p 00000000 00:00 0 
7f6a44000000-7f6a44021000 rw-p 00000000 00:00 0 
7f6a44021000-7f6a48000000 ---p 00000000 00:00 0 
7f6a48000000-7f6a48021000 rw-p 00000000 00:00 0 
7f6a48021000-7f6a4c000000 ---p 00000000 00:00 0 
7f6a4c000000-7f6a4c1f2000 rw-p 00000000 00:00 0 
7f6a4c1f2000-7f6a50000000 ---p 00000000 00:00 0 
7f6a50000000-7f6a50063000 rw-p 00000000 00:00 0 
7f6a50063000-7f6a54000000 ---p 00000000 00:00 0 
7f6a54fff000-7f6a58000000 rw-p 00000000 00:00 0 
7f6a58000000-7f6a58021000 rw-p 00000000 00:00 0 
7f6a58021000-7f6a5c000000 ---p 00000000 00:00 0 
7f6a5c000000-7f6a5c021000 rw-p 00000000 00:00 0 
7f6a5c021000-7f6a60000000 ---p 00000000 00:00 0 
7f6a60000000-7f6a60021000 rw-p 00000000 00:00 0 
7f6a60021000-7f6a64000000 ---p 00000000 00:00 0 
7f6a65133000-7f6a65233000 rw-p 00000000 00:00 0 
7f6a65233000-7f6a65333000 ---p 00000000 00:00 0 
7f6a65333000-7f6a65533000 rw-p 00000000 00:00 0 
7f6a65533000-7f6a65733000 rw-p 00000000 00:00 0 
7f6a65733000-7f6a65736000 ---p 00000000 00:00 0 
7f6a65736000-7f6a65834000 rw-p 00000000 00:00 0 
7f6a65834000-7f6a65837000 ---p 00000000 00:00 0 
7f6a65837000-7f6a65935000 rw-p 00000000 00:00 0 
7f6a65935000-7f6a65938000 ---p 00000000 00:00 0 
7f6a65938000-7f6a65a36000 rw-p 00000000 00:00 0 
7f6a65a36000-7f6a65a47000 r-xp 00000000 08:05 1502990                    /usr/lib/jvm/java-8-openjdk-amd64/jre/lib/amd64/libnio.so
7f6a65a47000-7f6a65c47000 ---p 00011000 08:05 1502990                    /usr/lib/jvm/java-8-openjdk-amd64/jre/lib/amd64/libnio.so
7f6a65c47000-7f6a65c48000 r--p 00011000 08:05 1502990                    /usr/lib/jvm/java-8-openjdk-amd64/jre/lib/amd64/libnio.so
7f6a65c48000-7f6a65c49000 rw-p 00012000 08:05 1502990                    /usr/lib/jvm/java-8-openjdk-amd64/jre/lib/amd64/libnio.so
7f6a65c49000-7f6a65c60000 r-xp 00000000 08:05 398789                     /lib/x86_64-linux-gnu/libresolv-2.23.so
7f6a65c60000-7f6a65e60000 ---p 00017000 08:05 398789                     /lib/x86_64-linux-gnu/libresolv-2.23.so
7f6a65e60000-7f6a65e61000 r--p 00017000 08:05 398789                     /lib/x86_64-linux-gnu/libresolv-2.23.so
7f6a65e61000-7f6a65e62000 rw-p 00018000 08:05 398789                     /lib/x86_64-linux-gnu/libresolv-2.23.so
7f6a65e62000-7f6a65e64000 rw-p 00000000 00:00 0 
7f6a65e64000-7f6a65e69000 r-xp 00000000 08:05 398734                     /lib/x86_64-linux-gnu/libnss_dns-2.23.so
7f6a65e69000-7f6a66069000 ---p 00005000 08:05 398734                     /lib/x86_64-linux-gnu/libnss_dns-2.23.so
7f6a66069000-7f6a6606a000 r--p 00005000 08:05 398734                     /lib/x86_64-linux-gnu/libnss_dns-2.23.so
7f6a6606a000-7f6a6606b000 rw-p 00006000 08:05 398734                     /lib/x86_64-linux-gnu/libnss_dns-2.23.so
7f6a6606b000-7f6a6606d000 r-xp 00000000 08:05 398742                     /lib/x86_64-linux-gnu/libnss_mdns4_minimal.so.2
7f6a6606d000-7f6a6626c000 ---p 00002000 08:05 398742                     /lib/x86_64-linux-gnu/libnss_mdns4_minimal.so.2
7f6a6626c000-7f6a6626d000 r--p 00001000 08:05 398742                     /lib/x86_64-linux-gnu/libnss_mdns4_minimal.so.2
7f6a6626d000-7f6a6626e000 rw-p 00002000 08:05 398742                     /lib/x86_64-linux-gnu/libnss_mdns4_minimal.so.2
7f6a6626e000-7f6a66285000 r-xp 00000000 08:05 1502971                    /usr/lib/jvm/java-8-openjdk-amd64/jre/lib/amd64/libnet.so
7f6a66285000-7f6a66484000 ---p 00017000 08:05 1502971                    /usr/lib/jvm/java-8-openjdk-amd64/jre/lib/amd64/libnet.so
7f6a66484000-7f6a66485000 r--p 00016000 08:05 1502971                    /usr/lib/jvm/java-8-openjdk-amd64/jre/lib/amd64/libnet.so
7f6a66485000-7f6a66486000 rw-p 00017000 08:05 1502971                    /usr/lib/jvm/java-8-openjdk-amd64/jre/lib/amd64/libnet.so
7f6a66486000-7f6a66686000 rw-p 00000000 00:00 0 
7f6a66686000-7f6a66689000 ---p 00000000 00:00 0 
7f6a66689000-7f6a66787000 rw-p 00000000 00:00 0 
7f6a66787000-7f6a6678a000 ---p 00000000 00:00 0 
7f6a6678a000-7f6a66888000 rw-p 00000000 00:00 0 
7f6a66888000-7f6a6688b000 ---p 00000000 00:00 0 
7f6a6688b000-7f6a66989000 rw-p 00000000 00:00 0 
7f6a66989000-7f6a6698e000 r-xp 00000000 08:05 664682                     /usr/lib/x86_64-linux-gnu/libXfixes.so.3.1.0
7f6a6698e000-7f6a66b8d000 ---p 00005000 08:05 664682                     /usr/lib/x86_64-linux-gnu/libXfixes.so.3.1.0
7f6a66b8d000-7f6a66b8e000 r--p 00004000 08:05 664682                     /usr/lib/x86_64-linux-gnu/libXfixes.so.3.1.0
7f6a66b8e000-7f6a66b8f000 rw-p 00005000 08:05 664682                     /usr/lib/x86_64-linux-gnu/libXfixes.so.3.1.0
7f6a66b8f000-7f6a66b98000 r-xp 00000000 08:05 665664                     /usr/lib/x86_64-linux-gnu/libXcursor.so.1.0.2
7f6a66b98000-7f6a66d97000 ---p 00009000 08:05 665664                     /usr/lib/x86_64-linux-gnu/libXcursor.so.1.0.2
7f6a66d97000-7f6a66d98000 r--p 00008000 08:05 665664                     /usr/lib/x86_64-linux-gnu/libXcursor.so.1.0.2
7f6a66d98000-7f6a66d99000 rw-p 00009000 08:05 665664                     /usr/lib/x86_64-linux-gnu/libXcursor.so.1.0.2
7f6a66d99000-7f6a66d9c000 ---p 00000000 00:00 0 
7f6a66d9c000-7f6a66e9a000 rw-p 00000000 00:00 0 
7f6a66e9a000-7f6a66ebe000 r-xp 00000000 08:05 393398                     /lib/x86_64-linux-gnu/libpng12.so.0.54.0
7f6a66ebe000-7f6a670bd000 ---p 00024000 08:05 393398                     /lib/x86_64-linux-gnu/libpng12.so.0.54.0
7f6a670bd000-7f6a670be000 r--p 00023000 08:05 393398                     /lib/x86_64-linux-gnu/libpng12.so.0.54.0
7f6a670be000-7f6a670bf000 rw-p 00024000 08:05 393398                     /lib/x86_64-linux-gnu/libpng12.so.0.54.0
7f6a670bf000-7f6a67163000 r-xp 00000000 08:05 665105                     /usr/lib/x86_64-linux-gnu/libfreetype.so.6.12.1
7f6a67163000-7f6a67362000 ---p 000a4000 08:05 665105                     /usr/lib/x86_64-linux-gnu/libfreetype.so.6.12.1
7f6a67362000-7f6a67368000 r--p 000a3000 08:05 665105                     /usr/lib/x86_64-linux-gnu/libfreetype.so.6.12.1
7f6a67368000-7f6a67369000 rw-p 000a9000 08:05 665105                     /usr/lib/x86_64-linux-gnu/libfreetype.so.6.12.1
7f6a67369000-7f6a673bb000 r-xp 00000000 08:05 1502977                    /usr/lib/jvm/java-8-openjdk-amd64/jre/lib/amd64/libfontmanager.so
7f6a673bb000-7f6a675bb000 ---p 00052000 08:05 1502977                    /usr/lib/jvm/java-8-openjdk-amd64/jre/lib/amd64/libfontmanager.so
7f6a675bb000-7f6a675bd000 r--p 00052000 08:05 1502977                    /usr/lib/jvm/java-8-openjdk-amd64/jre/lib/amd64/libfontmanager.so
7f6a675bd000-7f6a675be000 rw-p 00054000 08:05 1502977                    /usr/lib/jvm/java-8-openjdk-amd64/jre/lib/amd64/libfontmanager.so
7f6a675be000-7f6a675c3000 r-xp 00000000 08:05 664678                     /usr/lib/x86_64-linux-gnu/libXdmcp.so.6.0.0
7f6a675c3000-7f6a677c2000 ---p 00005000 08:05 664678                     /usr/lib/x86_64-linux-gnu/libXdmcp.so.6.0.0
7f6a677c2000-7f6a677c3000 r--p 00004000 08:05 664678                     /usr/lib/x86_64-linux-gnu/libXdmcp.so.6.0.0
7f6a677c3000-7f6a677c4000 rw-p 00005000 08:05 664678                     /usr/lib/x86_64-linux-gnu/libXdmcp.so.6.0.0
7f6a677c4000-7f6a677c6000 r-xp 00000000 08:05 664667                     /usr/lib/x86_64-linux-gnu/libXau.so.6.0.0
7f6a677c6000-7f6a679c6000 ---p 00002000 08:05 664667                     /usr/lib/x86_64-linux-gnu/libXau.so.6.0.0
7f6a679c6000-7f6a679c7000 r--p 00002000 08:05 664667                     /usr/lib/x86_64-linux-gnu/libXau.so.6.0.0
7f6a679c7000-7f6a679c8000 rw-p 00003000 08:05 664667                     /usr/lib/x86_64-linux-gnu/libXau.so.6.0.0
7f6a679c8000-7f6a679e9000 r-xp 00000000 08:05 666087                     /usr/lib/x86_64-linux-gnu/libxcb.so.1.1.0
7f6a679e9000-7f6a67be8000 ---p 00021000 08:05 666087                     /usr/lib/x86_64-linux-gnu/libxcb.so.1.1.0
7f6a67be8000-7f6a67be9000 r--p 00020000 08:05 666087                     /usr/lib/x86_64-linux-gnu/libxcb.so.1.1.0
7f6a67be9000-7f6a67bea000 rw-p 00021000 08:05 666087                     /usr/lib/x86_64-linux-gnu/libxcb.so.1.1.0
7f6a67bea000-7f6a67bf9000 r-xp 00000000 08:05 664690                     /usr/lib/x86_64-linux-gnu/libXi.so.6.1.0
7f6a67bf9000-7f6a67df8000 ---p 0000f000 08:05 664690                     /usr/lib/x86_64-linux-gnu/libXi.so.6.1.0
7f6a67df8000-7f6a67df9000 r--p 0000e000 08:05 664690                     /usr/lib/x86_64-linux-gnu/libXi.so.6.1.0
7f6a67df9000-7f6a67dfa000 rw-p 0000f000 08:05 664690                     /usr/lib/x86_64-linux-gnu/libXi.so.6.1.0
7f6a67dfa000-7f6a67dff000 r-xp 00000000 08:05 664708                     /usr/lib/x86_64-linux-gnu/libXtst.so.6.1.0
7f6a67dff000-7f6a67ffe000 ---p 00005000 08:05 664708                     /usr/lib/x86_64-linux-gnu/libXtst.so.6.1.0
7f6a67ffe000-7f6a67fff000 r--p 00004000 08:05 664708                     /usr/lib/x86_64-linux-gnu/libXtst.so.6.1.0
7f6a67fff000-7f6a68000000 rw-p 00005000 08:05 664708                     /usr/lib/x86_64-linux-gnu/libXtst.so.6.1.0
7f6a68000000-7f6a68021000 rw-p 00000000 00:00 0 
7f6a68021000-7f6a6c000000 ---p 00000000 00:00 0 
7f6a6c000000-7f6a6c021000 rw-p 00000000 00:00 0 
7f6a6c021000-7f6a70000000 ---p 00000000 00:00 0 
7f6a70000000-7f6a703e6000 rw-p 00000000 00:00 0 
7f6a703e6000-7f6a74000000 ---p 00000000 00:00 0 
7f6a74000000-7f6a74479000 rw-p 00000000 00:00 0 
7f6a74479000-7f6a78000000 ---p 00000000 00:00 0 
7f6a78000000-7f6a78021000 rw-p 00000000 00:00 0 
7f6a78021000-7f6a7c000000 ---p 00000000 00:00 0 
7f6a7c000000-7f6a7c93a000 rw-p 00000000 00:00 0 
7f6a7c93a000-7f6a80000000 ---p 00000000 00:00 0 
7f6a80000000-7f6a80021000 rw-p 00000000 00:00 0 
7f6a80021000-7f6a84000000 ---p 00000000 00:00 0 
7f6a84000000-7f6a84021000 rw-p 00000000 00:00 0 
7f6a84021000-7f6a88000000 ---p 00000000 00:00 0 
7f6a88000000-7f6a8802b000 rw-p 00000000 00:00 0 
7f6a8802b000-7f6a8c000000 ---p 00000000 00:00 0 
7f6a8c076000-7f6a8c07f000 r-xp 00000000 08:05 664702                     /usr/lib/x86_64-linux-gnu/libXrender.so.1.3.0
7f6a8c07f000-7f6a8c27e000 ---p 00009000 08:05 664702                     /usr/lib/x86_64-linux-gnu/libXrender.so.1.3.0
7f6a8c27e000-7f6a8c27f000 r--p 00008000 08:05 664702                     /usr/lib/x86_64-linux-gnu/libXrender.so.1.3.0
7f6a8c27f000-7f6a8c280000 rw-p 00009000 08:05 664702                     /usr/lib/x86_64-linux-gnu/libXrender.so.1.3.0
7f6a8c280000-7f6a90000000 rw-p 00000000 00:00 0 
7f6a90000000-7f6a90021000 rw-p 00000000 00:00 0 
7f6a90021000-7f6a94000000 ---p 00000000 00:00 0 
7f6a94000000-7f6a94021000 rw-p 00000000 00:00 0 
7f6a94021000-7f6a98000000 ---p 00000000 00:00 0 
7f6a98000000-7f6a98021000 rw-p 00000000 00:00 0 
7f6a98021000-7f6a9c000000 ---p 00000000 00:00 0 
7f6a9c000000-7f6a9c021000 rw-p 00000000 00:00 0 
7f6a9c021000-7f6aa0000000 ---p 00000000 00:00 0 
7f6aa0060000-7f6aa0065000 r--s 0009d000 08:05 1181233                    /usr/lib/jvm/java-8-openjdk-amd64/jre/lib/jsse.jar
7f6aa0065000-7f6aa008a000 r--p 00000000 08:05 1186473                    /usr/share/locale-langpack/es/LC_MESSAGES/libc.mo
7f6aa008a000-7f6aa01bf000 r-xp 00000000 08:05 664663                     /usr/lib/x86_64-linux-gnu/libX11.so.6.3.0
7f6aa01bf000-7f6aa03bf000 ---p 00135000 08:05 664663                     /usr/lib/x86_64-linux-gnu/libX11.so.6.3.0
7f6aa03bf000-7f6aa03c0000 r--p 00135000 08:05 664663                     /usr/lib/x86_64-linux-gnu/libX11.so.6.3.0
7f6aa03c0000-7f6aa03c4000 rw-p 00136000 08:05 664663                     /usr/lib/x86_64-linux-gnu/libX11.so.6.3.0
7f6aa03c4000-7f6aa03d5000 r-xp 00000000 08:05 664680                     /usr/lib/x86_64-linux-gnu/libXext.so.6.4.0
7f6aa03d5000-7f6aa05d4000 ---p 00011000 08:05 664680                     /usr/lib/x86_64-linux-gnu/libXext.so.6.4.0
7f6aa05d4000-7f6aa05d5000 r--p 00010000 08:05 664680                     /usr/lib/x86_64-linux-gnu/libXext.so.6.4.0
7f6aa05d5000-7f6aa05d6000 rw-p 00011000 08:05 664680                     /usr/lib/x86_64-linux-gnu/libXext.so.6.4.0
7f6aa05d6000-7f6aa05e9000 r--s 00346000 08:05 1182190                    /usr/lib/jvm/java-8-openjdk-amd64/jre/lib/resources.jar
7f6aa05e9000-7f6aa05f0000 r--s 00000000 08:05 919511                     /usr/lib/x86_64-linux-gnu/gconv/gconv-modules.cache
7f6aa05f0000-7f6aa0645000 r-xp 00000000 08:05 1502985                    /usr/lib/jvm/java-8-openjdk-amd64/jre/lib/amd64/libawt_xawt.so
7f6aa0645000-7f6aa0844000 ---p 00055000 08:05 1502985                    /usr/lib/jvm/java-8-openjdk-amd64/jre/lib/amd64/libawt_xawt.so
7f6aa0844000-7f6aa0845000 r--p 00054000 08:05 1502985                    /usr/lib/jvm/java-8-openjdk-amd64/jre/lib/amd64/libawt_xawt.so
7f6aa0845000-7f6aa0848000 rw-p 00055000 08:05 1502985                    /usr/lib/jvm/java-8-openjdk-amd64/jre/lib/amd64/libawt_xawt.so
7f6aa0848000-7f6aa0849000 rw-p 00000000 00:00 0 
7f6aa0849000-7f6aa08e9000 r-xp 00000000 08:05 1502996                    /usr/lib/jvm/java-8-openjdk-amd64/jre/lib/amd64/libawt.so
7f6aa08e9000-7f6aa0ae9000 ---p 000a0000 08:05 1502996                    /usr/lib/jvm/java-8-openjdk-amd64/jre/lib/amd64/libawt.so
7f6aa0ae9000-7f6aa0aea000 r--p 000a0000 08:05 1502996                    /usr/lib/jvm/java-8-openjdk-amd64/jre/lib/amd64/libawt.so
7f6aa0aea000-7f6aa0af5000 rw-p 000a1000 08:05 1502996                    /usr/lib/jvm/java-8-openjdk-amd64/jre/lib/amd64/libawt.so
7f6aa0af5000-7f6aa0b1a000 rw-p 00000000 00:00 0 
7f6aa0b1a000-7f6aa0b1f000 r--s 002f9000 08:05 1240188                    /usr/lib/jvm/java-8-openjdk-amd64/jre/lib/charsets.jar
7f6aa0b1f000-7f6aa0b3a000 r--s 00394000 08:05 1312989                    /usr/lib/jvm/java-8-openjdk-amd64/jre/lib/ext/cldrdata.jar
7f6aa0b3a000-7f6aa0b55000 r--s 001d6000 08:05 1312134                    /usr/lib/jvm/java-8-openjdk-amd64/jre/lib/ext/nashorn.jar
7f6aa0b55000-7f6aa0b56000 ---p 00000000 00:00 0 
7f6aa0b56000-7f6aa0c56000 rw-p 00000000 00:00 0 
7f6aa0c56000-7f6aa0c59000 ---p 00000000 00:00 0 
7f6aa0c59000-7f6aa0d57000 rw-p 00000000 00:00 0 
7f6aa0d57000-7f6aa0d5a000 ---p 00000000 00:00 0 
7f6aa0d5a000-7f6aa0e58000 rw-p 00000000 00:00 0 
7f6aa0e58000-7f6aa0e5b000 ---p 00000000 00:00 0 
7f6aa0e5b000-7f6aa0f59000 rw-p 00000000 00:00 0 
7f6aa0f59000-7f6aa0f5c000 ---p 00000000 00:00 0 
7f6aa0f5c000-7f6aa105a000 rw-p 00000000 00:00 0 
7f6aa105a000-7f6aa105d000 ---p 00000000 00:00 0 
7f6aa105d000-7f6aa115b000 rw-p 00000000 00:00 0 
7f6aa115b000-7f6aa1b1a000 r--p 00000000 08:05 663194                     /usr/lib/locale/locale-archive
7f6aa1b1a000-7f6aa1b1d000 ---p 00000000 00:00 0 
7f6aa1b1d000-7f6aa1c1b000 rw-p 00000000 00:00 0 
7f6aa1c1b000-7f6aa1c1e000 ---p 00000000 00:00 0 
7f6aa1c1e000-7f6aa1d1c000 rw-p 00000000 00:00 0 
7f6aa1d1c000-7f6aa1d1d000 ---p 00000000 00:00 0 
7f6aa1d1d000-7f6aa2d8f000 rw-p 00000000 00:00 0 
7f6aa2d8f000-7f6aa2f5e000 r--s 03c32000 08:05 1181885                    /usr/lib/jvm/java-8-openjdk-amd64/jre/lib/rt.jar
7f6aa2f5e000-7f6aa3bac000 rw-p 00000000 00:00 0 
7f6aa3bac000-7f6aa3bad000 ---p 00000000 00:00 0 
7f6aa3bad000-7f6aa3cad000 rw-p 00000000 00:00 0 
7f6aa3cad000-7f6aa3cae000 ---p 00000000 00:00 0 
7f6aa3cae000-7f6aa3dae000 rw-p 00000000 00:00 0 
7f6aa3dae000-7f6aa3daf000 ---p 00000000 00:00 0 
7f6aa3daf000-7f6aa3eaf000 rw-p 00000000 00:00 0 
7f6aa3eaf000-7f6aa3eb0000 ---p 00000000 00:00 0 
7f6aa3eb0000-7f6aa415f000 rw-p 00000000 00:00 0 
7f6aa415f000-7f6aa4240000 ---p 00000000 00:00 0 
7f6aa4240000-7f6aa43ef000 rw-p 00000000 00:00 0 
7f6aa43ef000-7f6aa44d0000 ---p 00000000 00:00 0 
7f6aa44d0000-7f6aa455a000 rw-p 00000000 00:00 0 
7f6aa455a000-7f6aa4618000 ---p 00000000 00:00 0 
7f6aa4618000-7f6aa4639000 rw-p 00000000 00:00 0 
7f6aa4639000-7f6aa49d9000 ---p 00000000 00:00 0 
7f6aa49d9000-7f6aa51b9000 rwxp 00000000 00:00 0 
7f6aa51b9000-7f6ab39d9000 ---p 00000000 00:00 0 
7f6ab39d9000-7f6ab39e1000 r-xp 00000000 08:05 1502984                    /usr/lib/jvm/java-8-openjdk-amd64/jre/lib/amd64/libzip.so
7f6ab39e1000-7f6ab3be0000 ---p 00008000 08:05 1502984                    /usr/lib/jvm/java-8-openjdk-amd64/jre/lib/amd64/libzip.so
7f6ab3be0000-7f6ab3be1000 r--p 00007000 08:05 1502984                    /usr/lib/jvm/java-8-openjdk-amd64/jre/lib/amd64/libzip.so
7f6ab3be1000-7f6ab3be2000 rw-p 00008000 08:05 1502984                    /usr/lib/jvm/java-8-openjdk-amd64/jre/lib/amd64/libzip.so
7f6ab3be2000-7f6ab3bed000 r-xp 00000000 08:05 398736                     /lib/x86_64-linux-gnu/libnss_files-2.23.so
7f6ab3bed000-7f6ab3dec000 ---p 0000b000 08:05 398736                     /lib/x86_64-linux-gnu/libnss_files-2.23.so
7f6ab3dec000-7f6ab3ded000 r--p 0000a000 08:05 398736                     /lib/x86_64-linux-gnu/libnss_files-2.23.so
7f6ab3ded000-7f6ab3dee000 rw-p 0000b000 08:05 398736                     /lib/x86_64-linux-gnu/libnss_files-2.23.so
7f6ab3dee000-7f6ab3df4000 rw-p 00000000 00:00 0 
7f6ab3df4000-7f6ab3dff000 r-xp 00000000 08:05 398746                     /lib/x86_64-linux-gnu/libnss_nis-2.23.so
7f6ab3dff000-7f6ab3ffe000 ---p 0000b000 08:05 398746                     /lib/x86_64-linux-gnu/libnss_nis-2.23.so
7f6ab3ffe000-7f6ab3fff000 r--p 0000a000 08:05 398746                     /lib/x86_64-linux-gnu/libnss_nis-2.23.so
7f6ab3fff000-7f6ab4000000 rw-p 0000b000 08:05 398746                     /lib/x86_64-linux-gnu/libnss_nis-2.23.so
7f6ab4000000-7f6ab4304000 rw-p 00000000 00:00 0 
7f6ab4304000-7f6ab8000000 ---p 00000000 00:00 0 
7f6ab8001000-7f6ab8070000 rw-p 00000000 00:00 0 
7f6ab8070000-7f6ab8086000 r-xp 00000000 08:05 398730                     /lib/x86_64-linux-gnu/libnsl-2.23.so
7f6ab8086000-7f6ab8285000 ---p 00016000 08:05 398730                     /lib/x86_64-linux-gnu/libnsl-2.23.so
7f6ab8285000-7f6ab8286000 r--p 00015000 08:05 398730                     /lib/x86_64-linux-gnu/libnsl-2.23.so
7f6ab8286000-7f6ab8287000 rw-p 00016000 08:05 398730                     /lib/x86_64-linux-gnu/libnsl-2.23.so
7f6ab8287000-7f6ab8289000 rw-p 00000000 00:00 0 
7f6ab8289000-7f6ab8291000 r-xp 00000000 08:05 398732                     /lib/x86_64-linux-gnu/libnss_compat-2.23.so
7f6ab8291000-7f6ab8490000 ---p 00008000 08:05 398732                     /lib/x86_64-linux-gnu/libnss_compat-2.23.so
7f6ab8490000-7f6ab8491000 r--p 00007000 08:05 398732                     /lib/x86_64-linux-gnu/libnss_compat-2.23.so
7f6ab8491000-7f6ab8492000 rw-p 00008000 08:05 398732                     /lib/x86_64-linux-gnu/libnss_compat-2.23.so
7f6ab8492000-7f6ab84bf000 r-xp 00000000 08:05 1503000                    /usr/lib/jvm/java-8-openjdk-amd64/jre/lib/amd64/libjava.so
7f6ab84bf000-7f6ab86be000 ---p 0002d000 08:05 1503000                    /usr/lib/jvm/java-8-openjdk-amd64/jre/lib/amd64/libjava.so
7f6ab86be000-7f6ab86bf000 r--p 0002c000 08:05 1503000                    /usr/lib/jvm/java-8-openjdk-amd64/jre/lib/amd64/libjava.so
7f6ab86bf000-7f6ab86c1000 rw-p 0002d000 08:05 1503000                    /usr/lib/jvm/java-8-openjdk-amd64/jre/lib/amd64/libjava.so
7f6ab86c1000-7f6ab86d0000 r-xp 00000000 08:05 1502988                    /usr/lib/jvm/java-8-openjdk-amd64/jre/lib/amd64/libverify.so
7f6ab86d0000-7f6ab88cf000 ---p 0000f000 08:05 1502988                    /usr/lib/jvm/java-8-openjdk-amd64/jre/lib/amd64/libverify.so
7f6ab88cf000-7f6ab88d1000 r--p 0000e000 08:05 1502988                    /usr/lib/jvm/java-8-openjdk-amd64/jre/lib/amd64/libverify.so
7f6ab88d1000-7f6ab88d2000 rw-p 00010000 08:05 1502988                    /usr/lib/jvm/java-8-openjdk-amd64/jre/lib/amd64/libverify.so
7f6ab88d2000-7f6ab88d9000 r-xp 00000000 08:05 398791                     /lib/x86_64-linux-gnu/librt-2.23.so
7f6ab88d9000-7f6ab8ad8000 ---p 00007000 08:05 398791                     /lib/x86_64-linux-gnu/librt-2.23.so
7f6ab8ad8000-7f6ab8ad9000 r--p 00006000 08:05 398791                     /lib/x86_64-linux-gnu/librt-2.23.so
7f6ab8ad9000-7f6ab8ada000 rw-p 00007000 08:05 398791                     /lib/x86_64-linux-gnu/librt-2.23.so
7f6ab8ada000-7f6ab8af0000 r-xp 00000000 08:05 398675                     /lib/x86_64-linux-gnu/libgcc_s.so.1
7f6ab8af0000-7f6ab8cef000 ---p 00016000 08:05 398675                     /lib/x86_64-linux-gnu/libgcc_s.so.1
7f6ab8cef000-7f6ab8cf0000 rw-p 00015000 08:05 398675                     /lib/x86_64-linux-gnu/libgcc_s.so.1
7f6ab8cf0000-7f6ab8df8000 r-xp 00000000 08:05 398707                     /lib/x86_64-linux-gnu/libm-2.23.so
7f6ab8df8000-7f6ab8ff7000 ---p 00108000 08:05 398707                     /lib/x86_64-linux-gnu/libm-2.23.so
7f6ab8ff7000-7f6ab8ff8000 r--p 00107000 08:05 398707                     /lib/x86_64-linux-gnu/libm-2.23.so
7f6ab8ff8000-7f6ab8ff9000 rw-p 00108000 08:05 398707                     /lib/x86_64-linux-gnu/libm-2.23.so
7f6ab8ff9000-7f6ab916b000 r-xp 00000000 08:05 658358                     /usr/lib/x86_64-linux-gnu/libstdc++.so.6.0.21
7f6ab916b000-7f6ab936b000 ---p 00172000 08:05 658358                     /usr/lib/x86_64-linux-gnu/libstdc++.so.6.0.21
7f6ab936b000-7f6ab9375000 r--p 00172000 08:05 658358                     /usr/lib/x86_64-linux-gnu/libstdc++.so.6.0.21
7f6ab9375000-7f6ab9377000 rw-p 0017c000 08:05 658358                     /usr/lib/x86_64-linux-gnu/libstdc++.so.6.0.21
7f6ab9377000-7f6ab937b000 rw-p 00000000 00:00 0 
7f6ab937b000-7f6ab9fd8000 r-xp 00000000 08:05 1704438                    /usr/lib/jvm/java-8-openjdk-amd64/jre/lib/amd64/server/libjvm.so
7f6ab9fd8000-7f6aba1d8000 ---p 00c5d000 08:05 1704438                    /usr/lib/jvm/java-8-openjdk-amd64/jre/lib/amd64/server/libjvm.so
7f6aba1d8000-7f6aba26c000 r--p 00c5d000 08:05 1704438                    /usr/lib/jvm/java-8-openjdk-amd64/jre/lib/amd64/server/libjvm.so
7f6aba26c000-7f6aba295000 rw-p 00cf1000 08:05 1704438                    /usr/lib/jvm/java-8-openjdk-amd64/jre/lib/amd64/server/libjvm.so
7f6aba295000-7f6aba2c5000 rw-p 00000000 00:00 0 
7f6aba2c5000-7f6aba2dd000 r-xp 00000000 08:05 398783                     /lib/x86_64-linux-gnu/libpthread-2.23.so
7f6aba2dd000-7f6aba4dc000 ---p 00018000 08:05 398783                     /lib/x86_64-linux-gnu/libpthread-2.23.so
7f6aba4dc000-7f6aba4dd000 r--p 00017000 08:05 398783                     /lib/x86_64-linux-gnu/libpthread-2.23.so
7f6aba4dd000-7f6aba4de000 rw-p 00018000 08:05 398783                     /lib/x86_64-linux-gnu/libpthread-2.23.so
7f6aba4de000-7f6aba4e2000 rw-p 00000000 00:00 0 
7f6aba4e2000-7f6aba4e5000 r-xp 00000000 08:05 398661                     /lib/x86_64-linux-gnu/libdl-2.23.so
7f6aba4e5000-7f6aba6e4000 ---p 00003000 08:05 398661                     /lib/x86_64-linux-gnu/libdl-2.23.so
7f6aba6e4000-7f6aba6e5000 r--p 00002000 08:05 398661                     /lib/x86_64-linux-gnu/libdl-2.23.so
7f6aba6e5000-7f6aba6e6000 rw-p 00003000 08:05 398661                     /lib/x86_64-linux-gnu/libdl-2.23.so
7f6aba6e6000-7f6aba6ff000 r-xp 00000000 08:05 398828                     /lib/x86_64-linux-gnu/libz.so.1.2.8
7f6aba6ff000-7f6aba8fe000 ---p 00019000 08:05 398828                     /lib/x86_64-linux-gnu/libz.so.1.2.8
7f6aba8fe000-7f6aba8ff000 r--p 00018000 08:05 398828                     /lib/x86_64-linux-gnu/libz.so.1.2.8
7f6aba8ff000-7f6aba900000 rw-p 00019000 08:05 398828                     /lib/x86_64-linux-gnu/libz.so.1.2.8
7f6aba900000-7f6abaac0000 r-xp 00000000 08:05 398637                     /lib/x86_64-linux-gnu/libc-2.23.so
7f6abaac0000-7f6abacc0000 ---p 001c0000 08:05 398637                     /lib/x86_64-linux-gnu/libc-2.23.so
7f6abacc0000-7f6abacc4000 r--p 001c0000 08:05 398637                     /lib/x86_64-linux-gnu/libc-2.23.so
7f6abacc4000-7f6abacc6000 rw-p 001c4000 08:05 398637                     /lib/x86_64-linux-gnu/libc-2.23.so
7f6abacc6000-7f6abacca000 rw-p 00000000 00:00 0 
7f6abacca000-7f6abacd7000 r-xp 00000000 08:05 1704521                    /usr/lib/jvm/java-8-openjdk-amd64/jre/lib/amd64/jli/libjli.so
7f6abacd7000-7f6abaed7000 ---p 0000d000 08:05 1704521                    /usr/lib/jvm/java-8-openjdk-amd64/jre/lib/amd64/jli/libjli.so
7f6abaed7000-7f6abaed8000 r--p 0000d000 08:05 1704521                    /usr/lib/jvm/java-8-openjdk-amd64/jre/lib/amd64/jli/libjli.so
7f6abaed8000-7f6abaed9000 rw-p 0000e000 08:05 1704521                    /usr/lib/jvm/java-8-openjdk-amd64/jre/lib/amd64/jli/libjli.so
7f6abaed9000-7f6abaeff000 r-xp 00000000 08:05 398609                     /lib/x86_64-linux-gnu/ld-2.23.so
7f6abaeff000-7f6abaf07000 r--s 000c4000 08:06 3677543                    /home/lautaro/netbeans-8.2/ide/modules/ext/mysql-connector-java-5.1.23-bin.jar
7f6abaf07000-7f6abaf11000 r--s 00116000 08:05 1350404                    /usr/lib/jvm/java-8-openjdk-amd64/jre/lib/ext/localedata.jar
7f6abaf11000-7f6abaf13000 r--s 00008000 08:05 1350406                    /usr/lib/jvm/java-8-openjdk-amd64/jre/lib/ext/sunec.jar
7f6abaf13000-7f6abafde000 rw-p 00000000 00:00 0 
7f6abafde000-7f6abafe1000 ---p 00000000 00:00 0 
7f6abafe1000-7f6abb0e3000 rw-p 00000000 00:00 0 
7f6abb0e3000-7f6abb0e4000 r--s 0000a000 08:05 1350407                    /usr/lib/jvm/java-8-openjdk-amd64/jre/lib/ext/jaccess.jar
7f6abb0e4000-7f6abb0e6000 r--s 00001000 08:05 1312991                    /usr/lib/jvm/java-8-openjdk-amd64/jre/lib/ext/dnsns.jar
7f6abb0e6000-7f6abb0ec000 r--s 0003b000 08:05 1350405                    /usr/lib/jvm/java-8-openjdk-amd64/jre/lib/ext/sunjce_provider.jar
7f6abb0ec000-7f6abb0ef000 r--s 0000f000 08:05 1312133                    /usr/lib/jvm/java-8-openjdk-amd64/jre/lib/ext/icedtea-sound.jar
7f6abb0ef000-7f6abb0f0000 r--s 00010000 08:05 1313006                    /usr/lib/jvm/java-8-openjdk-amd64/jre/lib/ext/zipfs.jar
7f6abb0f0000-7f6abb0f3000 r--s 00038000 08:05 1312990                    /usr/lib/jvm/java-8-openjdk-amd64/jre/lib/ext/sunpkcs11.jar
7f6abb0f3000-7f6abb0fb000 rw-s 00000000 08:05 1472292                    /tmp/hsperfdata_lautaro/9281
7f6abb0fb000-7f6abb0fc000 rw-p 00000000 00:00 0 
7f6abb0fc000-7f6abb0fd000 ---p 00000000 00:00 0 
7f6abb0fd000-7f6abb0fe000 rw-p 00000000 00:00 0 
7f6abb0fe000-7f6abb0ff000 r--p 00025000 08:05 398609                     /lib/x86_64-linux-gnu/ld-2.23.so
7f6abb0ff000-7f6abb100000 rw-p 00026000 08:05 398609                     /lib/x86_64-linux-gnu/ld-2.23.so
7f6abb100000-7f6abb101000 rw-p 00000000 00:00 0 
7fff865ee000-7fff8660f000 rw-p 00000000 00:00 0                          [stack]
7fff8662c000-7fff8662f000 r--p 00000000 00:00 0                          [vvar]
7fff8662f000-7fff86631000 r-xp 00000000 00:00 0                          [vdso]
ffffffffff600000-ffffffffff601000 r-xp 00000000 00:00 0                  [vsyscall]

VM Arguments:
jvm_args: -Dfile.encoding=UTF-8 
java_command: proyecto_cliente.Proyecto_cliente
java_class_path (initial): /home/lautaro/netbeans-8.2/ide/modules/ext/mysql-connector-java-5.1.23-bin.jar:/home/lautaro/NetBeansProjects/Proyecto_cliente/build/classes
Launcher Type: SUN_STANDARD

Environment Variables:
PATH=/home/lautaro/bin:/home/lautaro/.local/bin:/usr/local/sbin:/usr/local/bin:/usr/sbin:/usr/bin:/sbin:/bin:/usr/games:/usr/local/games:/snap/bin
LD_LIBRARY_PATH=/usr/lib/jvm/java-8-openjdk-amd64/jre/lib/amd64:/usr/lib/jvm/java-8-openjdk-amd64/jre/lib/i386:
SHELL=/bin/bash
DISPLAY=:0

Signal Handlers:
SIGSEGV: [libjvm.so+0xa71a30], sa_mask[0]=11111111011111111101111111111110, sa_flags=SA_RESTART|SA_SIGINFO
SIGBUS: [libjvm.so+0xa71a30], sa_mask[0]=11111111011111111101111111111110, sa_flags=SA_RESTART|SA_SIGINFO
SIGFPE: [libjvm.so+0x8b8f40], sa_mask[0]=11111111011111111101111111111110, sa_flags=SA_RESTART|SA_SIGINFO
SIGPIPE: [libjvm.so+0x8b8f40], sa_mask[0]=11111111011111111101111111111110, sa_flags=SA_RESTART|SA_SIGINFO
SIGXFSZ: [libjvm.so+0x8b8f40], sa_mask[0]=11111111011111111101111111111110, sa_flags=SA_RESTART|SA_SIGINFO
SIGILL: [libjvm.so+0x8b8f40], sa_mask[0]=11111111011111111101111111111110, sa_flags=SA_RESTART|SA_SIGINFO
SIGUSR1: SIG_DFL, sa_mask[0]=00000000000000000000000000000000, sa_flags=none
SIGUSR2: [libjvm.so+0x8b8df0], sa_mask[0]=00100000000000000000000000000000, sa_flags=SA_RESTART|SA_SIGINFO
SIGHUP: [libjvm.so+0x8b92c0], sa_mask[0]=11111111011111111101111111111110, sa_flags=SA_RESTART|SA_SIGINFO
SIGINT: SIG_IGN, sa_mask[0]=00000000000000000000000000000000, sa_flags=none
SIGTERM: [libjvm.so+0x8b92c0], sa_mask[0]=11111111011111111101111111111110, sa_flags=SA_RESTART|SA_SIGINFO
SIGQUIT: [libjvm.so+0x8b92c0], sa_mask[0]=11111111011111111101111111111110, sa_flags=SA_RESTART|SA_SIGINFO


---------------  S Y S T E M  ---------------

OS:DISTRIB_ID=Ubuntu
DISTRIB_RELEASE=16.04
DISTRIB_CODENAME=xenial
DISTRIB_DESCRIPTION="Ubuntu 16.04.4 LTS"

uname:Linux 4.15.0-32-generic #35~16.04.1-Ubuntu SMP Fri Aug 10 21:54:34 UTC 2018 x86_64
libc:glibc 2.23 NPTL 2.23 
rlimit: STACK 8192k, CORE 0k, NPROC 31011, NOFILE 1048576, AS infinity
load average:2,07 2,08 1,73

/proc/meminfo:
MemTotal:        8052884 kB
MemFree:          134516 kB
MemAvailable:      30920 kB
Buffers:             828 kB
Cached:           533588 kB
SwapCached:            0 kB
Active:          7183132 kB
Inactive:         514628 kB
Active(anon):    7165112 kB
Inactive(anon):   496912 kB
Active(file):      18020 kB
Inactive(file):    17716 kB
Unevictable:         136 kB
Mlocked:             136 kB
SwapTotal:             0 kB
SwapFree:              0 kB
Dirty:               624 kB
Writeback:             0 kB
AnonPages:       7163588 kB
Mapped:            83500 kB
Shmem:            498572 kB
Slab:              93656 kB
SReclaimable:      39184 kB
SUnreclaim:        54472 kB
KernelStack:       11888 kB
PageTables:        55868 kB
NFS_Unstable:          0 kB
Bounce:                0 kB
WritebackTmp:          0 kB
CommitLimit:     4026440 kB
Committed_AS:   13254420 kB
VmallocTotal:   34359738367 kB
VmallocUsed:           0 kB
VmallocChunk:          0 kB
HardwareCorrupted:     0 kB
AnonHugePages:         0 kB
ShmemHugePages:        0 kB
ShmemPmdMapped:        0 kB
CmaTotal:              0 kB
CmaFree:               0 kB
HugePages_Total:       0
HugePages_Free:        0
HugePages_Rsvd:        0
HugePages_Surp:        0
Hugepagesize:       2048 kB
DirectMap4k:      173508 kB
DirectMap2M:     7051264 kB
DirectMap1G:     1048576 kB


CPU:total 4 (initial active 4) (4 cores per cpu, 1 threads per core) family 6 model 158 stepping 9, cmov, cx8, fxsr, mmx, sse, sse2, sse3, ssse3, sse4.1, sse4.2, popcnt, avx, avx2, aes, clmul, erms, 3dnowpref, lzcnt, tsc, tscinvbit, bmi1, bmi2, adx

/proc/cpuinfo:
processor	: 0
vendor_id	: GenuineIntel
cpu family	: 6
model		: 158
model name	: Intel(R) Core(TM) i5-7300HQ CPU @ 2.50GHz
stepping	: 9
microcode	: 0x84
cpu MHz		: 900.179
cache size	: 6144 KB
physical id	: 0
siblings	: 4
core id		: 0
cpu cores	: 4
apicid		: 0
initial apicid	: 0
fpu		: yes
fpu_exception	: yes
cpuid level	: 22
wp		: yes
flags		: fpu vme de pse tsc msr pae mce cx8 apic sep mtrr pge mca cmov pat pse36 clflush dts acpi mmx fxsr sse sse2 ss ht tm pbe syscall nx pdpe1gb rdtscp lm constant_tsc art arch_perfmon pebs bts rep_good nopl xtopology nonstop_tsc cpuid aperfmperf tsc_known_freq pni pclmulqdq dtes64 monitor ds_cpl vmx est tm2 ssse3 sdbg fma cx16 xtpr pdcm pcid sse4_1 sse4_2 x2apic movbe popcnt tsc_deadline_timer aes xsave avx f16c rdrand lahf_lm abm 3dnowprefetch cpuid_fault epb invpcid_single pti ibrs ibpb stibp tpr_shadow vnmi flexpriority ept vpid fsgsbase tsc_adjust bmi1 avx2 smep bmi2 erms invpcid mpx rdseed adx smap clflushopt intel_pt xsaveopt xsavec xgetbv1 xsaves dtherm ida arat pln pts hwp hwp_notify hwp_act_window hwp_epp
bugs		: cpu_meltdown spectre_v1 spectre_v2 spec_store_bypass l1tf
bogomips	: 4992.00
clflush size	: 64
cache_alignment	: 64
address sizes	: 39 bits physical, 48 bits virtual
power management:

processor	: 1
vendor_id	: GenuineIntel
cpu family	: 6
model		: 158
model name	: Intel(R) Core(TM) i5-7300HQ CPU @ 2.50GHz
stepping	: 9
microcode	: 0x84
cpu MHz		: 900.041
cache size	: 6144 KB
physical id	: 0
siblings	: 4
core id		: 1
cpu cores	: 7
apicid		: 2
initial apicid	: 2
fpu		: yes
fpu_exception	: yes
cpuid level	: 22
wp		: yes
flags		: fpu vme de pse tsc msr pae mce cx8 apic sep mtrr pge mca cmov pat pse36 clflush dts acpi mmx fxsr sse sse2 ss ht tm pbe syscall nx pdpe1gb rdtscp lm constant_tsc art arch_perfmon pebs bts rep_good nopl xtopology nonstop_tsc cpuid aperfmperf tsc_known_freq pni pclmulqdq dtes64 monitor ds_cpl vmx est tm2 ssse3 sdbg fma cx16 xtpr pdcm pcid sse4_1 sse4_2 x2apic movbe popcnt tsc_deadline_timer aes xsave avx f16c rdrand lahf_lm abm 3dnowprefetch cpuid_fault epb invpcid_single pti ibrs ibpb stibp tpr_shadow vnmi flexpriority ept vpid fsgsbase tsc_adjust bmi1 avx2 smep bmi2 erms invpcid mpx rdseed adx smap clflushopt intel_pt xsaveopt xsavec xgetbv1 xsaves dtherm ida arat pln pts hwp hwp_notify hwp_act_window hwp_epp
bugs		: cpu_meltdown spectre_v1 spectre_v2 spec_store_bypass l1tf
bogomips	: 4992.00
clflush size	: 64
cache_alignment	: 64
address sizes	: 39 bits physical, 48 bits virtual
power management:

processor	: 2
vendor_id	: GenuineIntel
cpu family	: 6
model		: 158
model name	: Intel(R) Core(TM) i5-7300HQ CPU @ 2.50GHz
stepping	: 9
microcode	: 0x84
cpu MHz		: 889.329
cache size	: 6144 KB
physical id	: 0
siblings	: 4
core id		: 2
cpu cores	: 6
apicid		: 4
initial apicid	: 4
fpu		: yes
fpu_exception	: yes
cpuid level	: 22
wp		: yes
flags		: fpu vme de pse tsc msr pae mce cx8 apic sep mtrr pge mca cmov pat pse36 clflush dts acpi mmx fxsr sse sse2 ss ht tm pbe syscall nx pdpe1gb rdtscp lm constant_tsc art arch_perfmon pebs bts rep_good nopl xtopology nonstop_tsc cpuid aperfmperf tsc_known_freq pni pclmulqdq dtes64 monitor ds_cpl vmx est tm2 ssse3 sdbg fma cx16 xtpr pdcm pcid sse4_1 sse4_2 x2apic movbe popcnt tsc_deadline_timer aes xsave avx f16c rdrand lahf_lm abm 3dnowprefetch cpuid_fault epb invpcid_single pti ibrs ibpb stibp tpr_shadow vnmi flexpriority ept vpid fsgsbase tsc_adjust bmi1 avx2 smep bmi2 erms invpcid mpx rdseed adx smap clflushopt intel_pt xsaveopt xsavec xgetbv1 xsaves dtherm ida arat pln pts hwp hwp_notify hwp_act_window hwp_epp
bugs		: cpu_meltdown spectre_v1 spectre_v2 spec_store_bypass l1tf
bogomips	: 4992.00
clflush size	: 64
cache_alignment	: 64
address sizes	: 39 bits physical, 48 bits virtual
power management:

processor	: 3
vendor_id	: GenuineIntel
cpu family	: 6
model		: 158
model name	: Intel(R) Core(TM) i5-7300HQ CPU @ 2.50GHz
stepping	: 9
microcode	: 0x84
cpu MHz		: 874.295
cache size	: 6144 KB
physical id	: 0
siblings	: 4
core id		: 3
cpu cores	: 5
apicid		: 6
initial apicid	: 6
fpu		: yes
fpu_exception	: yes
cpuid level	: 22
wp		: yes
flags		: fpu vme de pse tsc msr pae mce cx8 apic sep mtrr pge mca cmov pat pse36 clflush dts acpi mmx fxsr sse sse2 ss ht tm pbe syscall nx pdpe1gb rdtscp lm constant_tsc art arch_perfmon pebs bts rep_good nopl xtopology nonstop_tsc cpuid aperfmperf tsc_known_freq pni pclmulqdq dtes64 monitor ds_cpl vmx est tm2 ssse3 sdbg fma cx16 xtpr pdcm pcid sse4_1 sse4_2 x2apic movbe popcnt tsc_deadline_timer aes xsave avx f16c rdrand lahf_lm abm 3dnowprefetch cpuid_fault epb invpcid_single pti ibrs ibpb stibp tpr_shadow vnmi flexpriority ept vpid fsgsbase tsc_adjust bmi1 avx2 smep bmi2 erms invpcid mpx rdseed adx smap clflushopt intel_pt xsaveopt xsavec xgetbv1 xsaves dtherm ida arat pln pts hwp hwp_notify hwp_act_window hwp_epp
bugs		: cpu_meltdown spectre_v1 spectre_v2 spec_store_bypass l1tf
bogomips	: 4992.00
clflush size	: 64
cache_alignment	: 64
address sizes	: 39 bits physical, 48 bits virtual
power management:



Memory: 4k page, physical 8052884k(134392k free), swap 0k(0k free)

vm_info: OpenJDK 64-Bit Server VM (25.181-b13) for linux-amd64 JRE (1.8.0_181-8u181-b13-0ubuntu0.16.04.1-b13), built on Jul 30 2018 21:06:27 by "buildd" with gcc 5.4.0 20160609

time: Thu Aug 30 10:40:17 2018
elapsed time: 47 seconds (0d 0h 0m 47s)

