#
# There is insufficient memory for the Java Runtime Environment to continue.
# Native memory allocation (mmap) failed to map 366477312 bytes for committing reserved memory.
# Possible reasons:
#   The system is out of physical RAM or swap space
#   In 32 bit mode, the process size limit was hit
# Possible solutions:
#   Reduce memory load on the system
#   Increase physical memory or swap space
#   Check if swap backing store is full
#   Use 64 bit Java on a 64 bit OS
#   Decrease Java heap size (-Xmx/-Xms)
#   Decrease number of Java threads
#   Decrease Java thread stack sizes (-Xss)
#   Set larger code cache with -XX:ReservedCodeCacheSize=
# This output file may be truncated or incomplete.
#
#  Out of Memory Error (os_linux.cpp:2643), pid=10535, tid=0x00007f3832494700
#
# JRE version: OpenJDK Runtime Environment (8.0_181-b13) (build 1.8.0_181-8u181-b13-0ubuntu0.16.04.1-b13)
# Java VM: OpenJDK 64-Bit Server VM (25.181-b13 mixed mode linux-amd64 compressed oops)
# Failed to write core dump. Core dumps have been disabled. To enable core dumping, try "ulimit -c unlimited" before starting Java again
#

---------------  T H R E A D  ---------------

Current thread (0x00007f384c078000):  VMThread [stack: 0x00007f3832394000,0x00007f3832495000] [id=10545]

Stack: [0x00007f3832394000,0x00007f3832495000],  sp=0x00007f3832493480,  free space=1021k
Native frames: (J=compiled Java code, j=interpreted, Vv=VM code, C=native code)
V  [libjvm.so+0xa70edb]
V  [libjvm.so+0x4c893c]
V  [libjvm.so+0x8bda08]
V  [libjvm.so+0x8b7d9e]
V  [libjvm.so+0x933206]
V  [libjvm.so+0x92289a]
V  [libjvm.so+0x922aa3]
V  [libjvm.so+0x923408]
V  [libjvm.so+0x9296ce]
V  [libjvm.so+0x93106d]
V  [libjvm.so+0x8e27c3]
V  [libjvm.so+0xa72b82]
V  [libjvm.so+0xa77d27]
V  [libjvm.so+0xa75427]
V  [libjvm.so+0xa768af]
V  [libjvm.so+0xa76da1]
V  [libjvm.so+0x8bae12]

VM_Operation (0x00007f3801e4a6d0): ParallelGCFailedAllocation, mode: safepoint, requested by thread 0x00007f384c2e2800


---------------  P R O C E S S  ---------------

Java Threads: ( => current thread )
  0x00007f37e801e000 JavaThread "TimerQueue" daemon [_thread_blocked, id=10562, stack(0x00007f3801b49000,0x00007f3801c4a000)]
  0x00007f37e402c000 JavaThread "Abandoned connection cleanup thread" daemon [_thread_blocked, id=10560, stack(0x00007f3801c4a000,0x00007f3801d4b000)]
  0x00007f384c00a800 JavaThread "DestroyJavaVM" [_thread_blocked, id=10537, stack(0x00007f38533eb000,0x00007f38534ec000)]
  0x00007f384c2e2800 JavaThread "Thread-0" [_thread_blocked, id=10559, stack(0x00007f3801d4b000,0x00007f3801e4c000)]
  0x00007f384c299800 JavaThread "AWT-EventQueue-0" [_thread_blocked, id=10558, stack(0x00007f3802a9c000,0x00007f3802b9d000)]
  0x00007f384c298000 JavaThread "AWT-Shutdown" [_thread_blocked, id=10557, stack(0x00007f3802b9d000,0x00007f3802c9e000)]
  0x00007f384c261800 JavaThread "AWT-XAWT" daemon [_thread_blocked, id=10556, stack(0x00007f3802c9e000,0x00007f3802d9f000)]
  0x00007f384c23b800 JavaThread "Java2D Disposer" daemon [_thread_blocked, id=10555, stack(0x00007f38031af000,0x00007f38032b0000)]
  0x00007f384c0da000 JavaThread "Service Thread" daemon [_thread_blocked, id=10552, stack(0x00007f38312ce000,0x00007f38313cf000)]
  0x00007f384c0bd000 JavaThread "C1 CompilerThread2" daemon [_thread_blocked, id=10551, stack(0x00007f38313cf000,0x00007f38314d0000)]
  0x00007f384c0bb000 JavaThread "C2 CompilerThread1" daemon [_thread_blocked, id=10550, stack(0x00007f38314d0000,0x00007f38315d1000)]
  0x00007f384c0b8000 JavaThread "C2 CompilerThread0" daemon [_thread_blocked, id=10549, stack(0x00007f38315d1000,0x00007f38316d2000)]
  0x00007f384c0b6800 JavaThread "Signal Dispatcher" daemon [_thread_blocked, id=10548, stack(0x00007f38316d2000,0x00007f38317d3000)]
  0x00007f384c084800 JavaThread "Finalizer" daemon [_thread_blocked, id=10547, stack(0x00007f3832192000,0x00007f3832293000)]
  0x00007f384c080000 JavaThread "Reference Handler" daemon [_thread_blocked, id=10546, stack(0x00007f3832293000,0x00007f3832394000)]

Other Threads:
=>0x00007f384c078000 VMThread [stack: 0x00007f3832394000,0x00007f3832495000] [id=10545]
  0x00007f384c0dc800 WatcherThread [stack: 0x00007f38311cd000,0x00007f38312ce000] [id=10553]

VM state:at safepoint (normal execution)

VM Mutex/Monitor currently owned by a thread:  ([mutex/lock_event])
[0x00007f384c0067d0] ExpandHeap_lock - owner thread: 0x00007f384c078000
[0x00007f384c006e50] Threads_lock - owner thread: 0x00007f384c078000
[0x00007f384c007350] Heap_lock - owner thread: 0x00007f384c2e2800

Heap:
 PSYoungGen      total 310272K, used 157113K [0x00000000d7000000, 0x00000000f8580000, 0x0000000100000000)
  eden space 86528K, 0% used [0x00000000d7000000,0x00000000d7000000,0x00000000dc480000)
  from space 223744K, 70% used [0x00000000dc480000,0x00000000e5dee798,0x00000000e9f00000)
  to   space 223744K, 0% used [0x00000000eab00000,0x00000000eab00000,0x00000000f8580000)
 ParOldGen       total 790016K, used 789731K [0x0000000085000000, 0x00000000b5380000, 0x00000000d7000000)
  object space 790016K, 99% used [0x0000000085000000,0x00000000b5338d50,0x00000000b5380000)
 Metaspace       used 16305K, capacity 16490K, committed 16768K, reserved 1064960K
  class space    used 1744K, capacity 1812K, committed 1920K, reserved 1048576K

Card table byte_map: [0x00007f383c65e000,0x00007f383ca37000] byte_map_base: 0x00007f383c236000

Marking Bits: (ParMarkBitMap*) 0x00007f38526b53a0
 Begin Bits: [0x00007f383824a000, 0x00007f383a10a000)
 End Bits:   [0x00007f383a10a000, 0x00007f383bfca000)

Polling page: 0x00007f3853509000

CodeCache: size=245760Kb used=8421Kb max_used=8433Kb free=237338Kb
 bounds [0x00007f383cdf7000, 0x00007f383d647000, 0x00007f384bdf7000]
 total_blobs=2867 nmethods=2259 adapters=521
 compilation: enabled

Compilation events (10 events):
Event: 29,900 Thread 0x00007f384c0bd000 2255   !   3       javax.swing.JComponent::recycleRectangle (27 bytes)
Event: 29,900 Thread 0x00007f384c0bd000 nmethod 2255 0x00007f383d633190 code [0x00007f383d633300, 0x00007f383d6336c8]
Event: 30,325 Thread 0x00007f384c0bd000 2256       3       sun.java2d.xr.XRSolidSrcPict::prepareSrcPict (52 bytes)
Event: 30,326 Thread 0x00007f384c0bd000 nmethod 2256 0x00007f383d633810 code [0x00007f383d6339a0, 0x00007f383d633cf8]
Event: 30,327 Thread 0x00007f384c0bd000 2257       3       sun.awt.X11.XToolkit::targetToPeer (31 bytes)
Event: 30,327 Thread 0x00007f384c0bd000 nmethod 2257 0x00007f383d633ed0 code [0x00007f383d634100, 0x00007f383d634e78]
Event: 30,327 Thread 0x00007f384c0bd000 2258       3       sun.awt.SunToolkit::targetToPeer (20 bytes)
Event: 30,327 Thread 0x00007f384c0bd000 nmethod 2258 0x00007f383d635290 code [0x00007f383d635460, 0x00007f383d635b98]
Event: 30,392 Thread 0x00007f384c0bb000 2259       4       sun.awt.X11.XWindow::getModifiers (245 bytes)
Event: 30,394 Thread 0x00007f384c0bb000 nmethod 2259 0x00007f383d638cd0 code [0x00007f383d638e60, 0x00007f383d639198]

GC Heap History (10 events):
Event: 24,014 GC heap after
Heap after GC invocations=23 (full 4):
 PSYoungGen      total 294400K, used 48672K [0x00000000d7000000, 0x00000000f6f80000, 0x0000000100000000)
  eden space 70656K, 0% used [0x00000000d7000000,0x00000000d7000000,0x00000000db500000)
  from space 223744K, 21% used [0x00000000db500000,0x00000000de488000,0x00000000e8f80000)
  to   space 221184K, 0% used [0x00000000e9780000,0x00000000e9780000,0x00000000f6f80000)
 ParOldGen       total 790016K, used 683392K [0x0000000085000000, 0x00000000b5380000, 0x00000000d7000000)
  object space 790016K, 86% used [0x0000000085000000,0x00000000aeb602a8,0x00000000b5380000)
 Metaspace       used 16257K, capacity 16490K, committed 16768K, reserved 1064960K
  class space    used 1743K, capacity 1812K, committed 1920K, reserved 1048576K
}
Event: 25,462 GC heap before
{Heap before GC invocations=24 (full 4):
 PSYoungGen      total 294400K, used 119328K [0x00000000d7000000, 0x00000000f6f80000, 0x0000000100000000)
  eden space 70656K, 100% used [0x00000000d7000000,0x00000000db500000,0x00000000db500000)
  from space 223744K, 21% used [0x00000000db500000,0x00000000de488000,0x00000000e8f80000)
  to   space 221184K, 0% used [0x00000000e9780000,0x00000000e9780000,0x00000000f6f80000)
 ParOldGen       total 790016K, used 683392K [0x0000000085000000, 0x00000000b5380000, 0x00000000d7000000)
  object space 790016K, 86% used [0x0000000085000000,0x00000000aeb602a8,0x00000000b5380000)
 Metaspace       used 16274K, capacity 16490K, committed 16768K, reserved 1064960K
  class space    used 1744K, capacity 1812K, committed 1920K, reserved 1048576K
Event: 25,503 GC heap after
Heap after GC invocations=24 (full 4):
 PSYoungGen      total 276992K, used 96896K [0x00000000d7000000, 0x00000000f5780000, 0x0000000100000000)
  eden space 80384K, 0% used [0x00000000d7000000,0x00000000d7000000,0x00000000dbe80000)
  from space 196608K, 49% used [0x00000000e9780000,0x00000000ef620000,0x00000000f5780000)
  to   space 209408K, 0% used [0x00000000dbe80000,0x00000000dbe80000,0x00000000e8b00000)
 ParOldGen       total 790016K, used 683392K [0x0000000085000000, 0x00000000b5380000, 0x00000000d7000000)
  object space 790016K, 86% used [0x0000000085000000,0x00000000aeb602a8,0x00000000b5380000)
 Metaspace       used 16274K, capacity 16490K, committed 16768K, reserved 1064960K
  class space    used 1744K, capacity 1812K, committed 1920K, reserved 1048576K
}
Event: 27,126 GC heap before
{Heap before GC invocations=25 (full 4):
 PSYoungGen      total 276992K, used 177280K [0x00000000d7000000, 0x00000000f5780000, 0x0000000100000000)
  eden space 80384K, 100% used [0x00000000d7000000,0x00000000dbe80000,0x00000000dbe80000)
  from space 196608K, 49% used [0x00000000e9780000,0x00000000ef620000,0x00000000f5780000)
  to   space 209408K, 0% used [0x00000000dbe80000,0x00000000dbe80000,0x00000000e8b00000)
 ParOldGen       total 790016K, used 683392K [0x0000000085000000, 0x00000000b5380000, 0x00000000d7000000)
  object space 790016K, 86% used [0x0000000085000000,0x00000000aeb602a8,0x00000000b5380000)
 Metaspace       used 16276K, capacity 16490K, committed 16768K, reserved 1064960K
  class space    used 1744K, capacity 1812K, committed 1920K, reserved 1048576K
Event: 27,194 GC heap after
Heap after GC invocations=25 (full 4):
 PSYoungGen      total 289792K, used 153472K [0x00000000d7000000, 0x00000000f7500000, 0x0000000100000000)
  eden space 80384K, 0% used [0x00000000d7000000,0x00000000d7000000,0x00000000dbe80000)
  from space 209408K, 73% used [0x00000000dbe80000,0x00000000e5460010,0x00000000e8b00000)
  to   space 219136K, 0% used [0x00000000e9f00000,0x00000000e9f00000,0x00000000f7500000)
 ParOldGen       total 790016K, used 683392K [0x0000000085000000, 0x00000000b5380000, 0x00000000d7000000)
  object space 790016K, 86% used [0x0000000085000000,0x00000000aeb602a8,0x00000000b5380000)
 Metaspace       used 16276K, capacity 16490K, committed 16768K, reserved 1064960K
  class space    used 1744K, capacity 1812K, committed 1920K, reserved 1048576K
}
Event: 28,702 GC heap before
{Heap before GC invocations=26 (full 4):
 PSYoungGen      total 289792K, used 233856K [0x00000000d7000000, 0x00000000f7500000, 0x0000000100000000)
  eden space 80384K, 100% used [0x00000000d7000000,0x00000000dbe80000,0x00000000dbe80000)
  from space 209408K, 73% used [0x00000000dbe80000,0x00000000e5460010,0x00000000e8b00000)
  to   space 219136K, 0% used [0x00000000e9f00000,0x00000000e9f00000,0x00000000f7500000)
 ParOldGen       total 790016K, used 683392K [0x0000000085000000, 0x00000000b5380000, 0x00000000d7000000)
  object space 790016K, 86% used [0x0000000085000000,0x00000000aeb602a8,0x00000000b5380000)
 Metaspace       used 16288K, capacity 16490K, committed 16768K, reserved 1064960K
  class space    used 1744K, capacity 1812K, committed 1920K, reserved 1048576K
Event: 28,784 GC heap after
Heap after GC invocations=26 (full 4):
 PSYoungGen      total 305664K, used 207840K [0x00000000d7000000, 0x00000000f7e00000, 0x0000000100000000)
  eden space 86528K, 0% used [0x00000000d7000000,0x00000000d7000000,0x00000000dc480000)
  from space 219136K, 94% used [0x00000000e9f00000,0x00000000f69f8010,0x00000000f7500000)
  to   space 223744K, 0% used [0x00000000dc480000,0x00000000dc480000,0x00000000e9f00000)
 ParOldGen       total 790016K, used 683392K [0x0000000085000000, 0x00000000b5380000, 0x00000000d7000000)
  object space 790016K, 86% used [0x0000000085000000,0x00000000aeb602a8,0x00000000b5380000)
 Metaspace       used 16288K, capacity 16490K, committed 16768K, reserved 1064960K
  class space    used 1744K, capacity 1812K, committed 1920K, reserved 1048576K
}
Event: 30,597 GC heap before
{Heap before GC invocations=27 (full 4):
 PSYoungGen      total 305664K, used 294368K [0x00000000d7000000, 0x00000000f7e00000, 0x0000000100000000)
  eden space 86528K, 100% used [0x00000000d7000000,0x00000000dc480000,0x00000000dc480000)
  from space 219136K, 94% used [0x00000000e9f00000,0x00000000f69f8010,0x00000000f7500000)
  to   space 223744K, 0% used [0x00000000dc480000,0x00000000dc480000,0x00000000e9f00000)
 ParOldGen       total 790016K, used 683392K [0x0000000085000000, 0x00000000b5380000, 0x00000000d7000000)
  object space 790016K, 86% used [0x0000000085000000,0x00000000aeb602a8,0x00000000b5380000)
 Metaspace       used 16305K, capacity 16490K, committed 16768K, reserved 1064960K
  class space    used 1744K, capacity 1812K, committed 1920K, reserved 1048576K
Event: 30,712 GC heap after
Heap after GC invocations=27 (full 4):
 PSYoungGen      total 310272K, used 170240K [0x00000000d7000000, 0x00000000f8580000, 0x0000000100000000)
  eden space 86528K, 0% used [0x00000000d7000000,0x00000000d7000000,0x00000000dc480000)
  from space 223744K, 76% used [0x00000000dc480000,0x00000000e6ac0010,0x00000000e9f00000)
  to   space 223744K, 0% used [0x00000000eab00000,0x00000000eab00000,0x00000000f8580000)
 ParOldGen       total 790016K, used 780648K [0x0000000085000000, 0x00000000b5380000, 0x00000000d7000000)
  object space 790016K, 98% used [0x0000000085000000,0x00000000b4a5a2a8,0x00000000b5380000)
 Metaspace       used 16305K, capacity 16490K, committed 16768K, reserved 1064960K
  class space    used 1744K, capacity 1812K, committed 1920K, reserved 1048576K
}
Event: 30,712 GC heap before
{Heap before GC invocations=28 (full 5):
 PSYoungGen      total 310272K, used 170240K [0x00000000d7000000, 0x00000000f8580000, 0x0000000100000000)
  eden space 86528K, 0% used [0x00000000d7000000,0x00000000d7000000,0x00000000dc480000)
  from space 223744K, 76% used [0x00000000dc480000,0x00000000e6ac0010,0x00000000e9f00000)
  to   space 223744K, 0% used [0x00000000eab00000,0x00000000eab00000,0x00000000f8580000)
 ParOldGen       total 790016K, used 780648K [0x0000000085000000, 0x00000000b5380000, 0x00000000d7000000)
  object space 790016K, 98% used [0x0000000085000000,0x00000000b4a5a2a8,0x00000000b5380000)
 Metaspace       used 16305K, capacity 16490K, committed 16768K, reserved 1064960K
  class space    used 1744K, capacity 1812K, committed 1920K, reserved 1048576K

Deoptimization events (10 events):
Event: 24,486 Thread 0x00007f384c299800 Uncommon trap: reason=unstable_if action=reinterpret pc=0x00007f383d329d4c method=java.util.HashMap.keySet()Ljava/util/Set; @ 6
Event: 24,554 Thread 0x00007f384c299800 Uncommon trap: reason=unstable_if action=reinterpret pc=0x00007f383d341864 method=com.mysql.jdbc.MysqlIO.readResultsForQueryOrUpdate(Lcom/mysql/jdbc/StatementImpl;IIIZLjava/lang/String;Lcom/mysql/jdbc/Buffer;ZJ[Lcom/mysql/jdbc/Field;)Lcom/mysql/jdbc/Resul
Event: 27,714 Thread 0x00007f384c299800 Uncommon trap: reason=class_check action=maybe_recompile pc=0x00007f383d35b7dc method=com.mysql.jdbc.StatementImpl.resetCancelledState()V @ 1
Event: 27,714 Thread 0x00007f384c299800 Uncommon trap: reason=class_check action=maybe_recompile pc=0x00007f383d35da60 method=com.mysql.jdbc.StatementImpl.createStreamingResultSet()Z @ 1
Event: 27,714 Thread 0x00007f384c299800 Uncommon trap: reason=class_check action=maybe_recompile pc=0x00007f383d35eb24 method=com.mysql.jdbc.StatementImpl.closeAllOpenResults()V @ 1
Event: 27,714 Thread 0x00007f384c299800 Uncommon trap: reason=class_check action=maybe_recompile pc=0x00007f383d335194 method=sun.reflect.GeneratedConstructorAccessor2.newInstance([Ljava/lang/Object;)Ljava/lang/Object; @ 57
Event: 27,715 Thread 0x00007f384c299800 Uncommon trap: reason=class_check action=maybe_recompile pc=0x00007f383d35eb24 method=com.mysql.jdbc.StatementImpl.closeAllOpenResults()V @ 1
Event: 29,575 Thread 0x00007f384c299800 Uncommon trap: reason=class_check action=maybe_recompile pc=0x00007f383d35b7dc method=com.mysql.jdbc.StatementImpl.resetCancelledState()V @ 1
Event: 29,575 Thread 0x00007f384c299800 Uncommon trap: reason=class_check action=maybe_recompile pc=0x00007f383d35da60 method=com.mysql.jdbc.StatementImpl.createStreamingResultSet()Z @ 1
Event: 29,575 Thread 0x00007f384c299800 Uncommon trap: reason=class_check action=maybe_recompile pc=0x00007f383d335194 method=sun.reflect.GeneratedConstructorAccessor2.newInstance([Ljava/lang/Object;)Ljava/lang/Object; @ 57

Classes redefined (0 events):
No events

Internal exceptions (10 events):
Event: 0,062 Thread 0x00007f384c00a800 Exception <a 'java/security/PrivilegedActionException'> (0x00000000d708b9c0) thrown at [/build/openjdk-8-pREaNj/openjdk-8-8u181-b13/src/hotspot/src/share/vm/prims/jvm.cpp, line 1435]
Event: 0,062 Thread 0x00007f384c00a800 Exception <a 'java/security/PrivilegedActionException'> (0x00000000d708bbd0) thrown at [/build/openjdk-8-pREaNj/openjdk-8-8u181-b13/src/hotspot/src/share/vm/prims/jvm.cpp, line 1435]
Event: 0,094 Thread 0x00007f384c00a800 Exception <a 'java/lang/NoSuchFieldError': method resolution failed> (0x00000000d71ff940) thrown at [/build/openjdk-8-pREaNj/openjdk-8-8u181-b13/src/hotspot/src/share/vm/prims/methodHandles.cpp, line 1167]
Event: 0,096 Thread 0x00007f384c00a800 Exception <a 'java/lang/NoSuchFieldError': method resolution failed> (0x00000000d720d0c0) thrown at [/build/openjdk-8-pREaNj/openjdk-8-8u181-b13/src/hotspot/src/share/vm/prims/methodHandles.cpp, line 1167]
Event: 0,114 Thread 0x00007f384c00a800 Exception <a 'java/io/FileNotFoundException'> (0x00000000d728c130) thrown at [/build/openjdk-8-pREaNj/openjdk-8-8u181-b13/src/hotspot/src/share/vm/prims/jni.cpp, line 709]
Event: 0,114 Thread 0x00007f384c00a800 Exception <a 'java/io/FileNotFoundException'> (0x00000000d728cc50) thrown at [/build/openjdk-8-pREaNj/openjdk-8-8u181-b13/src/hotspot/src/share/vm/prims/jni.cpp, line 709]
Event: 0,128 Thread 0x00007f384c00a800 Exception <a 'java/lang/ClassNotFoundException': sun/dc/DuctusRenderingEngine> (0x00000000d72aabe8) thrown at [/build/openjdk-8-pREaNj/openjdk-8-8u181-b13/src/hotspot/src/share/vm/classfile/systemDictionary.cpp, line 210]
Event: 0,218 Thread 0x00007f384c00a800 Exception <a 'java/net/UnknownHostException'> (0x00000000d751d3c8) thrown at [/build/openjdk-8-pREaNj/openjdk-8-8u181-b13/src/hotspot/src/share/vm/prims/jni.cpp, line 709]
Event: 0,344 Thread 0x00007f384c299800 Exception <a 'java/lang/UnsupportedOperationException': > (0x00000000d7471220) thrown at [/build/openjdk-8-pREaNj/openjdk-8-8u181-b13/src/hotspot/src/share/vm/prims/jni.cpp, line 735]
Event: 24,485 Thread 0x00007f384c299800 Implicit null exception at 0x00007f383d335a6d to 0x00007f383d335f51

Events (10 events):
Event: 29,575 Thread 0x00007f384c299800 Uncommon trap: trap_request=0xffffffde fr.pc=0x00007f383d35b7dc
Event: 29,575 Thread 0x00007f384c299800 DEOPT PACKING pc=0x00007f383d35b7dc sp=0x00007f3802b992d0
Event: 29,575 Thread 0x00007f384c299800 DEOPT UNPACKING pc=0x00007f383ce3c47a sp=0x00007f3802b992a8 mode 2
Event: 29,575 Thread 0x00007f384c299800 Uncommon trap: trap_request=0xffffffde fr.pc=0x00007f383d35da60
Event: 29,575 Thread 0x00007f384c299800 DEOPT PACKING pc=0x00007f383d35da60 sp=0x00007f3802b992e0
Event: 29,575 Thread 0x00007f384c299800 DEOPT UNPACKING pc=0x00007f383ce3c47a sp=0x00007f3802b992b8 mode 2
Event: 29,575 Thread 0x00007f384c299800 Uncommon trap: trap_request=0xffffffde fr.pc=0x00007f383d335194
Event: 29,575 Thread 0x00007f384c299800 DEOPT PACKING pc=0x00007f383d335194 sp=0x00007f3802b98fb0
Event: 29,575 Thread 0x00007f384c299800 DEOPT UNPACKING pc=0x00007f383ce3c47a sp=0x00007f3802b98f58 mode 2
Event: 30,597 Executing VM operation: ParallelGCFailedAllocation


Dynamic libraries:
00400000-00401000 r-xp 00000000 08:05 1862949                            /usr/lib/jvm/java-8-openjdk-amd64/jre/bin/java
00600000-00601000 r--p 00000000 08:05 1862949                            /usr/lib/jvm/java-8-openjdk-amd64/jre/bin/java
00601000-00602000 rw-p 00001000 08:05 1862949                            /usr/lib/jvm/java-8-openjdk-amd64/jre/bin/java
02411000-02432000 rw-p 00000000 00:00 0                                  [heap]
85000000-b5380000 rw-p 00000000 00:00 0 
cb100000-d7000000 ---p 00000000 00:00 0 
d7000000-f8580000 rw-p 00000000 00:00 0 
f8580000-100000000 ---p 00000000 00:00 0 
100000000-1001e0000 rw-p 00000000 00:00 0 
1001e0000-140000000 ---p 00000000 00:00 0 
7f37dc000000-7f37dc021000 rw-p 00000000 00:00 0 
7f37dc021000-7f37e0000000 ---p 00000000 00:00 0 
7f37e0000000-7f37e0021000 rw-p 00000000 00:00 0 
7f37e0021000-7f37e4000000 ---p 00000000 00:00 0 
7f37e4000000-7f37e41f1000 rw-p 00000000 00:00 0 
7f37e41f1000-7f37e8000000 ---p 00000000 00:00 0 
7f37e8000000-7f37e803c000 rw-p 00000000 00:00 0 
7f37e803c000-7f37ec000000 ---p 00000000 00:00 0 
7f37ecfff000-7f37f0000000 rw-p 00000000 00:00 0 
7f37f0000000-7f37f0021000 rw-p 00000000 00:00 0 
7f37f0021000-7f37f4000000 ---p 00000000 00:00 0 
7f37f4000000-7f37f4021000 rw-p 00000000 00:00 0 
7f37f4021000-7f37f8000000 ---p 00000000 00:00 0 
7f37f8000000-7f37f8021000 rw-p 00000000 00:00 0 
7f37f8021000-7f37fc000000 ---p 00000000 00:00 0 
7f37fc000000-7f37fc021000 rw-p 00000000 00:00 0 
7f37fc021000-7f3800000000 ---p 00000000 00:00 0 
7f3801549000-7f38015c9000 rw-p 00000000 00:00 0 
7f38015c9000-7f3801749000 ---p 00000000 00:00 0 
7f3801749000-7f3801949000 rw-p 00000000 00:00 0 
7f3801949000-7f3801b49000 rw-p 00000000 00:00 0 
7f3801b49000-7f3801b4c000 ---p 00000000 00:00 0 
7f3801b4c000-7f3801c4a000 rw-p 00000000 00:00 0 
7f3801c4a000-7f3801c4d000 ---p 00000000 00:00 0 
7f3801c4d000-7f3801d4b000 rw-p 00000000 00:00 0 
7f3801d4b000-7f3801d4e000 ---p 00000000 00:00 0 
7f3801d4e000-7f3801e4c000 rw-p 00000000 00:00 0 
7f3801e4c000-7f3801e5d000 r-xp 00000000 08:05 1502990                    /usr/lib/jvm/java-8-openjdk-amd64/jre/lib/amd64/libnio.so
7f3801e5d000-7f380205d000 ---p 00011000 08:05 1502990                    /usr/lib/jvm/java-8-openjdk-amd64/jre/lib/amd64/libnio.so
7f380205d000-7f380205e000 r--p 00011000 08:05 1502990                    /usr/lib/jvm/java-8-openjdk-amd64/jre/lib/amd64/libnio.so
7f380205e000-7f380205f000 rw-p 00012000 08:05 1502990                    /usr/lib/jvm/java-8-openjdk-amd64/jre/lib/amd64/libnio.so
7f380205f000-7f3802076000 r-xp 00000000 08:05 398789                     /lib/x86_64-linux-gnu/libresolv-2.23.so
7f3802076000-7f3802276000 ---p 00017000 08:05 398789                     /lib/x86_64-linux-gnu/libresolv-2.23.so
7f3802276000-7f3802277000 r--p 00017000 08:05 398789                     /lib/x86_64-linux-gnu/libresolv-2.23.so
7f3802277000-7f3802278000 rw-p 00018000 08:05 398789                     /lib/x86_64-linux-gnu/libresolv-2.23.so
7f3802278000-7f380227a000 rw-p 00000000 00:00 0 
7f380227a000-7f380227f000 r-xp 00000000 08:05 398734                     /lib/x86_64-linux-gnu/libnss_dns-2.23.so
7f380227f000-7f380247f000 ---p 00005000 08:05 398734                     /lib/x86_64-linux-gnu/libnss_dns-2.23.so
7f380247f000-7f3802480000 r--p 00005000 08:05 398734                     /lib/x86_64-linux-gnu/libnss_dns-2.23.so
7f3802480000-7f3802481000 rw-p 00006000 08:05 398734                     /lib/x86_64-linux-gnu/libnss_dns-2.23.so
7f3802481000-7f3802483000 r-xp 00000000 08:05 398742                     /lib/x86_64-linux-gnu/libnss_mdns4_minimal.so.2
7f3802483000-7f3802682000 ---p 00002000 08:05 398742                     /lib/x86_64-linux-gnu/libnss_mdns4_minimal.so.2
7f3802682000-7f3802683000 r--p 00001000 08:05 398742                     /lib/x86_64-linux-gnu/libnss_mdns4_minimal.so.2
7f3802683000-7f3802684000 rw-p 00002000 08:05 398742                     /lib/x86_64-linux-gnu/libnss_mdns4_minimal.so.2
7f3802684000-7f380269b000 r-xp 00000000 08:05 1502971                    /usr/lib/jvm/java-8-openjdk-amd64/jre/lib/amd64/libnet.so
7f380269b000-7f380289a000 ---p 00017000 08:05 1502971                    /usr/lib/jvm/java-8-openjdk-amd64/jre/lib/amd64/libnet.so
7f380289a000-7f380289b000 r--p 00016000 08:05 1502971                    /usr/lib/jvm/java-8-openjdk-amd64/jre/lib/amd64/libnet.so
7f380289b000-7f380289c000 rw-p 00017000 08:05 1502971                    /usr/lib/jvm/java-8-openjdk-amd64/jre/lib/amd64/libnet.so
7f380289c000-7f3802a9c000 rw-p 00000000 00:00 0 
7f3802a9c000-7f3802a9f000 ---p 00000000 00:00 0 
7f3802a9f000-7f3802b9d000 rw-p 00000000 00:00 0 
7f3802b9d000-7f3802ba0000 ---p 00000000 00:00 0 
7f3802ba0000-7f3802c9e000 rw-p 00000000 00:00 0 
7f3802c9e000-7f3802ca1000 ---p 00000000 00:00 0 
7f3802ca1000-7f3802d9f000 rw-p 00000000 00:00 0 
7f3802d9f000-7f3802da4000 r-xp 00000000 08:05 664682                     /usr/lib/x86_64-linux-gnu/libXfixes.so.3.1.0
7f3802da4000-7f3802fa3000 ---p 00005000 08:05 664682                     /usr/lib/x86_64-linux-gnu/libXfixes.so.3.1.0
7f3802fa3000-7f3802fa4000 r--p 00004000 08:05 664682                     /usr/lib/x86_64-linux-gnu/libXfixes.so.3.1.0
7f3802fa4000-7f3802fa5000 rw-p 00005000 08:05 664682                     /usr/lib/x86_64-linux-gnu/libXfixes.so.3.1.0
7f3802fa5000-7f3802fae000 r-xp 00000000 08:05 665664                     /usr/lib/x86_64-linux-gnu/libXcursor.so.1.0.2
7f3802fae000-7f38031ad000 ---p 00009000 08:05 665664                     /usr/lib/x86_64-linux-gnu/libXcursor.so.1.0.2
7f38031ad000-7f38031ae000 r--p 00008000 08:05 665664                     /usr/lib/x86_64-linux-gnu/libXcursor.so.1.0.2
7f38031ae000-7f38031af000 rw-p 00009000 08:05 665664                     /usr/lib/x86_64-linux-gnu/libXcursor.so.1.0.2
7f38031af000-7f38031b2000 ---p 00000000 00:00 0 
7f38031b2000-7f38032b0000 rw-p 00000000 00:00 0 
7f38032b0000-7f38032d4000 r-xp 00000000 08:05 393398                     /lib/x86_64-linux-gnu/libpng12.so.0.54.0
7f38032d4000-7f38034d3000 ---p 00024000 08:05 393398                     /lib/x86_64-linux-gnu/libpng12.so.0.54.0
7f38034d3000-7f38034d4000 r--p 00023000 08:05 393398                     /lib/x86_64-linux-gnu/libpng12.so.0.54.0
7f38034d4000-7f38034d5000 rw-p 00024000 08:05 393398                     /lib/x86_64-linux-gnu/libpng12.so.0.54.0
7f38034d5000-7f3803579000 r-xp 00000000 08:05 665105                     /usr/lib/x86_64-linux-gnu/libfreetype.so.6.12.1
7f3803579000-7f3803778000 ---p 000a4000 08:05 665105                     /usr/lib/x86_64-linux-gnu/libfreetype.so.6.12.1
7f3803778000-7f380377e000 r--p 000a3000 08:05 665105                     /usr/lib/x86_64-linux-gnu/libfreetype.so.6.12.1
7f380377e000-7f380377f000 rw-p 000a9000 08:05 665105                     /usr/lib/x86_64-linux-gnu/libfreetype.so.6.12.1
7f380377f000-7f38037d1000 r-xp 00000000 08:05 1502977                    /usr/lib/jvm/java-8-openjdk-amd64/jre/lib/amd64/libfontmanager.so
7f38037d1000-7f38039d1000 ---p 00052000 08:05 1502977                    /usr/lib/jvm/java-8-openjdk-amd64/jre/lib/amd64/libfontmanager.so
7f38039d1000-7f38039d3000 r--p 00052000 08:05 1502977                    /usr/lib/jvm/java-8-openjdk-amd64/jre/lib/amd64/libfontmanager.so
7f38039d3000-7f38039d4000 rw-p 00054000 08:05 1502977                    /usr/lib/jvm/java-8-openjdk-amd64/jre/lib/amd64/libfontmanager.so
7f38039d4000-7f38039d9000 r-xp 00000000 08:05 664678                     /usr/lib/x86_64-linux-gnu/libXdmcp.so.6.0.0
7f38039d9000-7f3803bd8000 ---p 00005000 08:05 664678                     /usr/lib/x86_64-linux-gnu/libXdmcp.so.6.0.0
7f3803bd8000-7f3803bd9000 r--p 00004000 08:05 664678                     /usr/lib/x86_64-linux-gnu/libXdmcp.so.6.0.0
7f3803bd9000-7f3803bda000 rw-p 00005000 08:05 664678                     /usr/lib/x86_64-linux-gnu/libXdmcp.so.6.0.0
7f3803bda000-7f3803bdc000 r-xp 00000000 08:05 664667                     /usr/lib/x86_64-linux-gnu/libXau.so.6.0.0
7f3803bdc000-7f3803ddc000 ---p 00002000 08:05 664667                     /usr/lib/x86_64-linux-gnu/libXau.so.6.0.0
7f3803ddc000-7f3803ddd000 r--p 00002000 08:05 664667                     /usr/lib/x86_64-linux-gnu/libXau.so.6.0.0
7f3803ddd000-7f3803dde000 rw-p 00003000 08:05 664667                     /usr/lib/x86_64-linux-gnu/libXau.so.6.0.0
7f3803dde000-7f3803dff000 r-xp 00000000 08:05 666087                     /usr/lib/x86_64-linux-gnu/libxcb.so.1.1.0
7f3803dff000-7f3803ffe000 ---p 00021000 08:05 666087                     /usr/lib/x86_64-linux-gnu/libxcb.so.1.1.0
7f3803ffe000-7f3803fff000 r--p 00020000 08:05 666087                     /usr/lib/x86_64-linux-gnu/libxcb.so.1.1.0
7f3803fff000-7f3804000000 rw-p 00021000 08:05 666087                     /usr/lib/x86_64-linux-gnu/libxcb.so.1.1.0
7f3804000000-7f3804862000 rw-p 00000000 00:00 0 
7f3804862000-7f3808000000 ---p 00000000 00:00 0 
7f3808000000-7f3808021000 rw-p 00000000 00:00 0 
7f3808021000-7f380c000000 ---p 00000000 00:00 0 
7f380c000000-7f380c4ec000 rw-p 00000000 00:00 0 
7f380c4ec000-7f3810000000 ---p 00000000 00:00 0 
7f3810000000-7f3810433000 rw-p 00000000 00:00 0 
7f3810433000-7f3814000000 ---p 00000000 00:00 0 
7f3814000000-7f3814021000 rw-p 00000000 00:00 0 
7f3814021000-7f3818000000 ---p 00000000 00:00 0 
7f3818000000-7f3818021000 rw-p 00000000 00:00 0 
7f3818021000-7f381c000000 ---p 00000000 00:00 0 
7f381c000000-7f381c021000 rw-p 00000000 00:00 0 
7f381c021000-7f3820000000 ---p 00000000 00:00 0 
7f3820000000-7f3820021000 rw-p 00000000 00:00 0 
7f3820021000-7f3824000000 ---p 00000000 00:00 0 
7f3824000000-7f3824021000 rw-p 00000000 00:00 0 
7f3824021000-7f3828000000 ---p 00000000 00:00 0 
7f3828000000-7f3828021000 rw-p 00000000 00:00 0 
7f3828021000-7f382c000000 ---p 00000000 00:00 0 
7f382c000000-7f382c021000 rw-p 00000000 00:00 0 
7f382c021000-7f3830000000 ---p 00000000 00:00 0 
7f38300c2000-7f38300e7000 r--p 00000000 08:05 1186473                    /usr/share/locale-langpack/es/LC_MESSAGES/libc.mo
7f38300e7000-7f38300f6000 r-xp 00000000 08:05 664690                     /usr/lib/x86_64-linux-gnu/libXi.so.6.1.0
7f38300f6000-7f38302f5000 ---p 0000f000 08:05 664690                     /usr/lib/x86_64-linux-gnu/libXi.so.6.1.0
7f38302f5000-7f38302f6000 r--p 0000e000 08:05 664690                     /usr/lib/x86_64-linux-gnu/libXi.so.6.1.0
7f38302f6000-7f38302f7000 rw-p 0000f000 08:05 664690                     /usr/lib/x86_64-linux-gnu/libXi.so.6.1.0
7f38302f7000-7f38302fc000 r-xp 00000000 08:05 664708                     /usr/lib/x86_64-linux-gnu/libXtst.so.6.1.0
7f38302fc000-7f38304fb000 ---p 00005000 08:05 664708                     /usr/lib/x86_64-linux-gnu/libXtst.so.6.1.0
7f38304fb000-7f38304fc000 r--p 00004000 08:05 664708                     /usr/lib/x86_64-linux-gnu/libXtst.so.6.1.0
7f38304fc000-7f38304fd000 rw-p 00005000 08:05 664708                     /usr/lib/x86_64-linux-gnu/libXtst.so.6.1.0
7f38304fd000-7f3830506000 r-xp 00000000 08:05 664702                     /usr/lib/x86_64-linux-gnu/libXrender.so.1.3.0
7f3830506000-7f3830705000 ---p 00009000 08:05 664702                     /usr/lib/x86_64-linux-gnu/libXrender.so.1.3.0
7f3830705000-7f3830706000 r--p 00008000 08:05 664702                     /usr/lib/x86_64-linux-gnu/libXrender.so.1.3.0
7f3830706000-7f3830707000 rw-p 00009000 08:05 664702                     /usr/lib/x86_64-linux-gnu/libXrender.so.1.3.0
7f3830707000-7f383083c000 r-xp 00000000 08:05 664663                     /usr/lib/x86_64-linux-gnu/libX11.so.6.3.0
7f383083c000-7f3830a3c000 ---p 00135000 08:05 664663                     /usr/lib/x86_64-linux-gnu/libX11.so.6.3.0
7f3830a3c000-7f3830a3d000 r--p 00135000 08:05 664663                     /usr/lib/x86_64-linux-gnu/libX11.so.6.3.0
7f3830a3d000-7f3830a41000 rw-p 00136000 08:05 664663                     /usr/lib/x86_64-linux-gnu/libX11.so.6.3.0
7f3830a41000-7f3830a52000 r-xp 00000000 08:05 664680                     /usr/lib/x86_64-linux-gnu/libXext.so.6.4.0
7f3830a52000-7f3830c51000 ---p 00011000 08:05 664680                     /usr/lib/x86_64-linux-gnu/libXext.so.6.4.0
7f3830c51000-7f3830c52000 r--p 00010000 08:05 664680                     /usr/lib/x86_64-linux-gnu/libXext.so.6.4.0
7f3830c52000-7f3830c53000 rw-p 00011000 08:05 664680                     /usr/lib/x86_64-linux-gnu/libXext.so.6.4.0
7f3830c5a000-7f3830c6d000 r--s 00346000 08:05 1182190                    /usr/lib/jvm/java-8-openjdk-amd64/jre/lib/resources.jar
7f3830c6d000-7f3830cc2000 r-xp 00000000 08:05 1502985                    /usr/lib/jvm/java-8-openjdk-amd64/jre/lib/amd64/libawt_xawt.so
7f3830cc2000-7f3830ec1000 ---p 00055000 08:05 1502985                    /usr/lib/jvm/java-8-openjdk-amd64/jre/lib/amd64/libawt_xawt.so
7f3830ec1000-7f3830ec2000 r--p 00054000 08:05 1502985                    /usr/lib/jvm/java-8-openjdk-amd64/jre/lib/amd64/libawt_xawt.so
7f3830ec2000-7f3830ec5000 rw-p 00055000 08:05 1502985                    /usr/lib/jvm/java-8-openjdk-amd64/jre/lib/amd64/libawt_xawt.so
7f3830ec5000-7f3830ec6000 rw-p 00000000 00:00 0 
7f3830ec6000-7f3830f66000 r-xp 00000000 08:05 1502996                    /usr/lib/jvm/java-8-openjdk-amd64/jre/lib/amd64/libawt.so
7f3830f66000-7f3831166000 ---p 000a0000 08:05 1502996                    /usr/lib/jvm/java-8-openjdk-amd64/jre/lib/amd64/libawt.so
7f3831166000-7f3831167000 r--p 000a0000 08:05 1502996                    /usr/lib/jvm/java-8-openjdk-amd64/jre/lib/amd64/libawt.so
7f3831167000-7f3831172000 rw-p 000a1000 08:05 1502996                    /usr/lib/jvm/java-8-openjdk-amd64/jre/lib/amd64/libawt.so
7f3831172000-7f3831197000 rw-p 00000000 00:00 0 
7f3831197000-7f38311b2000 r--s 00394000 08:05 1312989                    /usr/lib/jvm/java-8-openjdk-amd64/jre/lib/ext/cldrdata.jar
7f38311b2000-7f38311cd000 r--s 001d6000 08:05 1312134                    /usr/lib/jvm/java-8-openjdk-amd64/jre/lib/ext/nashorn.jar
7f38311cd000-7f38311ce000 ---p 00000000 00:00 0 
7f38311ce000-7f38312ce000 rw-p 00000000 00:00 0 
7f38312ce000-7f38312d1000 ---p 00000000 00:00 0 
7f38312d1000-7f38313cf000 rw-p 00000000 00:00 0 
7f38313cf000-7f38313d2000 ---p 00000000 00:00 0 
7f38313d2000-7f38314d0000 rw-p 00000000 00:00 0 
7f38314d0000-7f38314d3000 ---p 00000000 00:00 0 
7f38314d3000-7f38315d1000 rw-p 00000000 00:00 0 
7f38315d1000-7f38315d4000 ---p 00000000 00:00 0 
7f38315d4000-7f38316d2000 rw-p 00000000 00:00 0 
7f38316d2000-7f38316d5000 ---p 00000000 00:00 0 
7f38316d5000-7f38317d3000 rw-p 00000000 00:00 0 
7f38317d3000-7f3832192000 r--p 00000000 08:05 663194                     /usr/lib/locale/locale-archive
7f3832192000-7f3832195000 ---p 00000000 00:00 0 
7f3832195000-7f3832293000 rw-p 00000000 00:00 0 
7f3832293000-7f3832296000 ---p 00000000 00:00 0 
7f3832296000-7f3832394000 rw-p 00000000 00:00 0 
7f3832394000-7f3832395000 ---p 00000000 00:00 0 
7f3832395000-7f3834000000 rw-p 00000000 00:00 0 
7f3834000000-7f3834021000 rw-p 00000000 00:00 0 
7f3834021000-7f3838000000 ---p 00000000 00:00 0 
7f3838005000-7f38381d4000 r--s 03c32000 08:05 1181885                    /usr/lib/jvm/java-8-openjdk-amd64/jre/lib/rt.jar
7f38381d4000-7f383bfca000 rw-p 00000000 00:00 0 
7f383bfca000-7f383bfcb000 ---p 00000000 00:00 0 
7f383bfcb000-7f383c0cb000 rw-p 00000000 00:00 0 
7f383c0cb000-7f383c0cc000 ---p 00000000 00:00 0 
7f383c0cc000-7f383c1cc000 rw-p 00000000 00:00 0 
7f383c1cc000-7f383c1cd000 ---p 00000000 00:00 0 
7f383c1cd000-7f383c2cd000 rw-p 00000000 00:00 0 
7f383c2cd000-7f383c2ce000 ---p 00000000 00:00 0 
7f383c2ce000-7f383c550000 rw-p 00000000 00:00 0 
7f383c550000-7f383c65e000 ---p 00000000 00:00 0 
7f383c65e000-7f383c7e0000 rw-p 00000000 00:00 0 
7f383c7e0000-7f383c8ee000 ---p 00000000 00:00 0 
7f383c8ee000-7f383c9f9000 rw-p 00000000 00:00 0 
7f383c9f9000-7f383ca36000 ---p 00000000 00:00 0 
7f383ca36000-7f383ca59000 rw-p 00000000 00:00 0 
7f383ca59000-7f383cdf7000 ---p 00000000 00:00 0 
7f383cdf7000-7f383d647000 rwxp 00000000 00:00 0 
7f383d647000-7f384bdf7000 ---p 00000000 00:00 0 
7f384bdf7000-7f384bdff000 r-xp 00000000 08:05 1502984                    /usr/lib/jvm/java-8-openjdk-amd64/jre/lib/amd64/libzip.so
7f384bdff000-7f384bffe000 ---p 00008000 08:05 1502984                    /usr/lib/jvm/java-8-openjdk-amd64/jre/lib/amd64/libzip.so
7f384bffe000-7f384bfff000 r--p 00007000 08:05 1502984                    /usr/lib/jvm/java-8-openjdk-amd64/jre/lib/amd64/libzip.so
7f384bfff000-7f384c000000 rw-p 00008000 08:05 1502984                    /usr/lib/jvm/java-8-openjdk-amd64/jre/lib/amd64/libzip.so
7f384c000000-7f384c2e4000 rw-p 00000000 00:00 0 
7f384c2e4000-7f3850000000 ---p 00000000 00:00 0 
7f3850000000-7f3850005000 r--s 0009d000 08:05 1181233                    /usr/lib/jvm/java-8-openjdk-amd64/jre/lib/jsse.jar
7f3850005000-7f385000c000 r--s 00000000 08:05 919511                     /usr/lib/x86_64-linux-gnu/gconv/gconv-modules.cache
7f385000c000-7f3850011000 r--s 002f9000 08:05 1240188                    /usr/lib/jvm/java-8-openjdk-amd64/jre/lib/charsets.jar
7f3850011000-7f385005f000 rw-p 00000000 00:00 0 
7f385005f000-7f385006a000 r-xp 00000000 08:05 398736                     /lib/x86_64-linux-gnu/libnss_files-2.23.so
7f385006a000-7f3850269000 ---p 0000b000 08:05 398736                     /lib/x86_64-linux-gnu/libnss_files-2.23.so
7f3850269000-7f385026a000 r--p 0000a000 08:05 398736                     /lib/x86_64-linux-gnu/libnss_files-2.23.so
7f385026a000-7f385026b000 rw-p 0000b000 08:05 398736                     /lib/x86_64-linux-gnu/libnss_files-2.23.so
7f385026b000-7f3850271000 rw-p 00000000 00:00 0 
7f3850271000-7f385027c000 r-xp 00000000 08:05 398746                     /lib/x86_64-linux-gnu/libnss_nis-2.23.so
7f385027c000-7f385047b000 ---p 0000b000 08:05 398746                     /lib/x86_64-linux-gnu/libnss_nis-2.23.so
7f385047b000-7f385047c000 r--p 0000a000 08:05 398746                     /lib/x86_64-linux-gnu/libnss_nis-2.23.so
7f385047c000-7f385047d000 rw-p 0000b000 08:05 398746                     /lib/x86_64-linux-gnu/libnss_nis-2.23.so
7f385047d000-7f3850493000 r-xp 00000000 08:05 398730                     /lib/x86_64-linux-gnu/libnsl-2.23.so
7f3850493000-7f3850692000 ---p 00016000 08:05 398730                     /lib/x86_64-linux-gnu/libnsl-2.23.so
7f3850692000-7f3850693000 r--p 00015000 08:05 398730                     /lib/x86_64-linux-gnu/libnsl-2.23.so
7f3850693000-7f3850694000 rw-p 00016000 08:05 398730                     /lib/x86_64-linux-gnu/libnsl-2.23.so
7f3850694000-7f3850696000 rw-p 00000000 00:00 0 
7f3850696000-7f385069e000 r-xp 00000000 08:05 398732                     /lib/x86_64-linux-gnu/libnss_compat-2.23.so
7f385069e000-7f385089d000 ---p 00008000 08:05 398732                     /lib/x86_64-linux-gnu/libnss_compat-2.23.so
7f385089d000-7f385089e000 r--p 00007000 08:05 398732                     /lib/x86_64-linux-gnu/libnss_compat-2.23.so
7f385089e000-7f385089f000 rw-p 00008000 08:05 398732                     /lib/x86_64-linux-gnu/libnss_compat-2.23.so
7f385089f000-7f38508cc000 r-xp 00000000 08:05 1503000                    /usr/lib/jvm/java-8-openjdk-amd64/jre/lib/amd64/libjava.so
7f38508cc000-7f3850acb000 ---p 0002d000 08:05 1503000                    /usr/lib/jvm/java-8-openjdk-amd64/jre/lib/amd64/libjava.so
7f3850acb000-7f3850acc000 r--p 0002c000 08:05 1503000                    /usr/lib/jvm/java-8-openjdk-amd64/jre/lib/amd64/libjava.so
7f3850acc000-7f3850ace000 rw-p 0002d000 08:05 1503000                    /usr/lib/jvm/java-8-openjdk-amd64/jre/lib/amd64/libjava.so
7f3850ace000-7f3850add000 r-xp 00000000 08:05 1502988                    /usr/lib/jvm/java-8-openjdk-amd64/jre/lib/amd64/libverify.so
7f3850add000-7f3850cdc000 ---p 0000f000 08:05 1502988                    /usr/lib/jvm/java-8-openjdk-amd64/jre/lib/amd64/libverify.so
7f3850cdc000-7f3850cde000 r--p 0000e000 08:05 1502988                    /usr/lib/jvm/java-8-openjdk-amd64/jre/lib/amd64/libverify.so
7f3850cde000-7f3850cdf000 rw-p 00010000 08:05 1502988                    /usr/lib/jvm/java-8-openjdk-amd64/jre/lib/amd64/libverify.so
7f3850cdf000-7f3850ce6000 r-xp 00000000 08:05 398791                     /lib/x86_64-linux-gnu/librt-2.23.so
7f3850ce6000-7f3850ee5000 ---p 00007000 08:05 398791                     /lib/x86_64-linux-gnu/librt-2.23.so
7f3850ee5000-7f3850ee6000 r--p 00006000 08:05 398791                     /lib/x86_64-linux-gnu/librt-2.23.so
7f3850ee6000-7f3850ee7000 rw-p 00007000 08:05 398791                     /lib/x86_64-linux-gnu/librt-2.23.so
7f3850ee7000-7f3850efd000 r-xp 00000000 08:05 398675                     /lib/x86_64-linux-gnu/libgcc_s.so.1
7f3850efd000-7f38510fc000 ---p 00016000 08:05 398675                     /lib/x86_64-linux-gnu/libgcc_s.so.1
7f38510fc000-7f38510fd000 rw-p 00015000 08:05 398675                     /lib/x86_64-linux-gnu/libgcc_s.so.1
7f38510fd000-7f3851205000 r-xp 00000000 08:05 398707                     /lib/x86_64-linux-gnu/libm-2.23.so
7f3851205000-7f3851404000 ---p 00108000 08:05 398707                     /lib/x86_64-linux-gnu/libm-2.23.so
7f3851404000-7f3851405000 r--p 00107000 08:05 398707                     /lib/x86_64-linux-gnu/libm-2.23.so
7f3851405000-7f3851406000 rw-p 00108000 08:05 398707                     /lib/x86_64-linux-gnu/libm-2.23.so
7f3851406000-7f3851578000 r-xp 00000000 08:05 658358                     /usr/lib/x86_64-linux-gnu/libstdc++.so.6.0.21
7f3851578000-7f3851778000 ---p 00172000 08:05 658358                     /usr/lib/x86_64-linux-gnu/libstdc++.so.6.0.21
7f3851778000-7f3851782000 r--p 00172000 08:05 658358                     /usr/lib/x86_64-linux-gnu/libstdc++.so.6.0.21
7f3851782000-7f3851784000 rw-p 0017c000 08:05 658358                     /usr/lib/x86_64-linux-gnu/libstdc++.so.6.0.21
7f3851784000-7f3851788000 rw-p 00000000 00:00 0 
7f3851788000-7f38523e5000 r-xp 00000000 08:05 1704438                    /usr/lib/jvm/java-8-openjdk-amd64/jre/lib/amd64/server/libjvm.so
7f38523e5000-7f38525e5000 ---p 00c5d000 08:05 1704438                    /usr/lib/jvm/java-8-openjdk-amd64/jre/lib/amd64/server/libjvm.so
7f38525e5000-7f3852679000 r--p 00c5d000 08:05 1704438                    /usr/lib/jvm/java-8-openjdk-amd64/jre/lib/amd64/server/libjvm.so
7f3852679000-7f38526a2000 rw-p 00cf1000 08:05 1704438                    /usr/lib/jvm/java-8-openjdk-amd64/jre/lib/amd64/server/libjvm.so
7f38526a2000-7f38526d2000 rw-p 00000000 00:00 0 
7f38526d2000-7f38526ea000 r-xp 00000000 08:05 398783                     /lib/x86_64-linux-gnu/libpthread-2.23.so
7f38526ea000-7f38528e9000 ---p 00018000 08:05 398783                     /lib/x86_64-linux-gnu/libpthread-2.23.so
7f38528e9000-7f38528ea000 r--p 00017000 08:05 398783                     /lib/x86_64-linux-gnu/libpthread-2.23.so
7f38528ea000-7f38528eb000 rw-p 00018000 08:05 398783                     /lib/x86_64-linux-gnu/libpthread-2.23.so
7f38528eb000-7f38528ef000 rw-p 00000000 00:00 0 
7f38528ef000-7f38528f2000 r-xp 00000000 08:05 398661                     /lib/x86_64-linux-gnu/libdl-2.23.so
7f38528f2000-7f3852af1000 ---p 00003000 08:05 398661                     /lib/x86_64-linux-gnu/libdl-2.23.so
7f3852af1000-7f3852af2000 r--p 00002000 08:05 398661                     /lib/x86_64-linux-gnu/libdl-2.23.so
7f3852af2000-7f3852af3000 rw-p 00003000 08:05 398661                     /lib/x86_64-linux-gnu/libdl-2.23.so
7f3852af3000-7f3852b0c000 r-xp 00000000 08:05 398828                     /lib/x86_64-linux-gnu/libz.so.1.2.8
7f3852b0c000-7f3852d0b000 ---p 00019000 08:05 398828                     /lib/x86_64-linux-gnu/libz.so.1.2.8
7f3852d0b000-7f3852d0c000 r--p 00018000 08:05 398828                     /lib/x86_64-linux-gnu/libz.so.1.2.8
7f3852d0c000-7f3852d0d000 rw-p 00019000 08:05 398828                     /lib/x86_64-linux-gnu/libz.so.1.2.8
7f3852d0d000-7f3852ecd000 r-xp 00000000 08:05 398637                     /lib/x86_64-linux-gnu/libc-2.23.so
7f3852ecd000-7f38530cd000 ---p 001c0000 08:05 398637                     /lib/x86_64-linux-gnu/libc-2.23.so
7f38530cd000-7f38530d1000 r--p 001c0000 08:05 398637                     /lib/x86_64-linux-gnu/libc-2.23.so
7f38530d1000-7f38530d3000 rw-p 001c4000 08:05 398637                     /lib/x86_64-linux-gnu/libc-2.23.so
7f38530d3000-7f38530d7000 rw-p 00000000 00:00 0 
7f38530d7000-7f38530e4000 r-xp 00000000 08:05 1704521                    /usr/lib/jvm/java-8-openjdk-amd64/jre/lib/amd64/jli/libjli.so
7f38530e4000-7f38532e4000 ---p 0000d000 08:05 1704521                    /usr/lib/jvm/java-8-openjdk-amd64/jre/lib/amd64/jli/libjli.so
7f38532e4000-7f38532e5000 r--p 0000d000 08:05 1704521                    /usr/lib/jvm/java-8-openjdk-amd64/jre/lib/amd64/jli/libjli.so
7f38532e5000-7f38532e6000 rw-p 0000e000 08:05 1704521                    /usr/lib/jvm/java-8-openjdk-amd64/jre/lib/amd64/jli/libjli.so
7f38532e6000-7f385330c000 r-xp 00000000 08:05 398609                     /lib/x86_64-linux-gnu/ld-2.23.so
7f385330c000-7f3853314000 r--s 000c4000 08:06 3677543                    /home/lautaro/netbeans-8.2/ide/modules/ext/mysql-connector-java-5.1.23-bin.jar
7f3853314000-7f385331e000 r--s 00116000 08:05 1350404                    /usr/lib/jvm/java-8-openjdk-amd64/jre/lib/ext/localedata.jar
7f385331e000-7f3853320000 r--s 00008000 08:05 1350406                    /usr/lib/jvm/java-8-openjdk-amd64/jre/lib/ext/sunec.jar
7f3853320000-7f38533eb000 rw-p 00000000 00:00 0 
7f38533eb000-7f38533ee000 ---p 00000000 00:00 0 
7f38533ee000-7f38534f0000 rw-p 00000000 00:00 0 
7f38534f0000-7f38534f1000 r--s 0000a000 08:05 1350407                    /usr/lib/jvm/java-8-openjdk-amd64/jre/lib/ext/jaccess.jar
7f38534f1000-7f38534f3000 r--s 00001000 08:05 1312991                    /usr/lib/jvm/java-8-openjdk-amd64/jre/lib/ext/dnsns.jar
7f38534f3000-7f38534f9000 r--s 0003b000 08:05 1350405                    /usr/lib/jvm/java-8-openjdk-amd64/jre/lib/ext/sunjce_provider.jar
7f38534f9000-7f38534fc000 r--s 0000f000 08:05 1312133                    /usr/lib/jvm/java-8-openjdk-amd64/jre/lib/ext/icedtea-sound.jar
7f38534fc000-7f38534fd000 r--s 00010000 08:05 1313006                    /usr/lib/jvm/java-8-openjdk-amd64/jre/lib/ext/zipfs.jar
7f38534fd000-7f3853500000 r--s 00038000 08:05 1312990                    /usr/lib/jvm/java-8-openjdk-amd64/jre/lib/ext/sunpkcs11.jar
7f3853500000-7f3853508000 rw-s 00000000 08:05 1472293                    /tmp/hsperfdata_lautaro/10535
7f3853508000-7f3853509000 rw-p 00000000 00:00 0 
7f3853509000-7f385350a000 ---p 00000000 00:00 0 
7f385350a000-7f385350b000 rw-p 00000000 00:00 0 
7f385350b000-7f385350c000 r--p 00025000 08:05 398609                     /lib/x86_64-linux-gnu/ld-2.23.so
7f385350c000-7f385350d000 rw-p 00026000 08:05 398609                     /lib/x86_64-linux-gnu/ld-2.23.so
7f385350d000-7f385350e000 rw-p 00000000 00:00 0 
7ffd83abd000-7ffd83ade000 rw-p 00000000 00:00 0                          [stack]
7ffd83b8a000-7ffd83b8d000 r--p 00000000 00:00 0                          [vvar]
7ffd83b8d000-7ffd83b8f000 r-xp 00000000 00:00 0                          [vdso]
ffffffffff600000-ffffffffff601000 r-xp 00000000 00:00 0                  [vsyscall]

VM Arguments:
jvm_args: -Dfile.encoding=UTF-8 
java_command: proyecto_cliente.Proyecto_cliente
java_class_path (initial): /home/lautaro/netbeans-8.2/ide/modules/ext/mysql-connector-java-5.1.23-bin.jar:/home/lautaro/NetBeansProjects/Proyecto_cliente/build/classes
Launcher Type: SUN_STANDARD

Environment Variables:
PATH=/home/lautaro/bin:/home/lautaro/.local/bin:/usr/local/sbin:/usr/local/bin:/usr/sbin:/usr/bin:/sbin:/bin:/usr/games:/usr/local/games:/snap/bin
LD_LIBRARY_PATH=/usr/lib/jvm/java-8-openjdk-amd64/jre/lib/amd64:/usr/lib/jvm/java-8-openjdk-amd64/jre/lib/i386:
SHELL=/bin/bash
DISPLAY=:0

Signal Handlers:
SIGSEGV: [libjvm.so+0xa71a30], sa_mask[0]=11111111011111111101111111111110, sa_flags=SA_RESTART|SA_SIGINFO
SIGBUS: [libjvm.so+0xa71a30], sa_mask[0]=11111111011111111101111111111110, sa_flags=SA_RESTART|SA_SIGINFO
SIGFPE: [libjvm.so+0x8b8f40], sa_mask[0]=11111111011111111101111111111110, sa_flags=SA_RESTART|SA_SIGINFO
SIGPIPE: [libjvm.so+0x8b8f40], sa_mask[0]=11111111011111111101111111111110, sa_flags=SA_RESTART|SA_SIGINFO
SIGXFSZ: [libjvm.so+0x8b8f40], sa_mask[0]=11111111011111111101111111111110, sa_flags=SA_RESTART|SA_SIGINFO
SIGILL: [libjvm.so+0x8b8f40], sa_mask[0]=11111111011111111101111111111110, sa_flags=SA_RESTART|SA_SIGINFO
SIGUSR1: SIG_DFL, sa_mask[0]=00000000000000000000000000000000, sa_flags=none
SIGUSR2: [libjvm.so+0x8b8df0], sa_mask[0]=00100000000000000000000000000000, sa_flags=SA_RESTART|SA_SIGINFO
SIGHUP: [libjvm.so+0x8b92c0], sa_mask[0]=11111111011111111101111111111110, sa_flags=SA_RESTART|SA_SIGINFO
SIGINT: SIG_IGN, sa_mask[0]=00000000000000000000000000000000, sa_flags=none
SIGTERM: [libjvm.so+0x8b92c0], sa_mask[0]=11111111011111111101111111111110, sa_flags=SA_RESTART|SA_SIGINFO
SIGQUIT: [libjvm.so+0x8b92c0], sa_mask[0]=11111111011111111101111111111110, sa_flags=SA_RESTART|SA_SIGINFO


---------------  S Y S T E M  ---------------

OS:DISTRIB_ID=Ubuntu
DISTRIB_RELEASE=16.04
DISTRIB_CODENAME=xenial
DISTRIB_DESCRIPTION="Ubuntu 16.04.4 LTS"

uname:Linux 4.15.0-32-generic #35~16.04.1-Ubuntu SMP Fri Aug 10 21:54:34 UTC 2018 x86_64
libc:glibc 2.23 NPTL 2.23 
rlimit: STACK 8192k, CORE 0k, NPROC 31011, NOFILE 1048576, AS infinity
load average:1,54 0,80 0,69

/proc/meminfo:
MemTotal:        8052884 kB
MemFree:          125316 kB
MemAvailable:     202180 kB
Buffers:           27036 kB
Cached:           680908 kB
SwapCached:            0 kB
Active:          7142636 kB
Inactive:         563112 kB
Active(anon):    6999512 kB
Inactive(anon):   424328 kB
Active(file):     143124 kB
Inactive(file):   138784 kB
Unevictable:         136 kB
Mlocked:             136 kB
SwapTotal:             0 kB
SwapFree:              0 kB
Dirty:               428 kB
Writeback:             0 kB
AnonPages:       6998016 kB
Mapped:           242104 kB
Shmem:            426008 kB
Slab:              94412 kB
SReclaimable:      40964 kB
SUnreclaim:        53448 kB
KernelStack:       11888 kB
PageTables:        55452 kB
NFS_Unstable:          0 kB
Bounce:                0 kB
WritebackTmp:          0 kB
CommitLimit:     4026440 kB
Committed_AS:   13212704 kB
VmallocTotal:   34359738367 kB
VmallocUsed:           0 kB
VmallocChunk:          0 kB
HardwareCorrupted:     0 kB
AnonHugePages:         0 kB
ShmemHugePages:        0 kB
ShmemPmdMapped:        0 kB
CmaTotal:              0 kB
CmaFree:               0 kB
HugePages_Total:       0
HugePages_Free:        0
HugePages_Rsvd:        0
HugePages_Surp:        0
Hugepagesize:       2048 kB
DirectMap4k:      173508 kB
DirectMap2M:     7051264 kB
DirectMap1G:     1048576 kB


CPU:total 4 (initial active 4) (4 cores per cpu, 1 threads per core) family 6 model 158 stepping 9, cmov, cx8, fxsr, mmx, sse, sse2, sse3, ssse3, sse4.1, sse4.2, popcnt, avx, avx2, aes, clmul, erms, 3dnowpref, lzcnt, tsc, tscinvbit, bmi1, bmi2, adx

/proc/cpuinfo:
processor	: 0
vendor_id	: GenuineIntel
cpu family	: 6
model		: 158
model name	: Intel(R) Core(TM) i5-7300HQ CPU @ 2.50GHz
stepping	: 9
microcode	: 0x84
cpu MHz		: 984.125
cache size	: 6144 KB
physical id	: 0
siblings	: 4
core id		: 0
cpu cores	: 4
apicid		: 0
initial apicid	: 0
fpu		: yes
fpu_exception	: yes
cpuid level	: 22
wp		: yes
flags		: fpu vme de pse tsc msr pae mce cx8 apic sep mtrr pge mca cmov pat pse36 clflush dts acpi mmx fxsr sse sse2 ss ht tm pbe syscall nx pdpe1gb rdtscp lm constant_tsc art arch_perfmon pebs bts rep_good nopl xtopology nonstop_tsc cpuid aperfmperf tsc_known_freq pni pclmulqdq dtes64 monitor ds_cpl vmx est tm2 ssse3 sdbg fma cx16 xtpr pdcm pcid sse4_1 sse4_2 x2apic movbe popcnt tsc_deadline_timer aes xsave avx f16c rdrand lahf_lm abm 3dnowprefetch cpuid_fault epb invpcid_single pti ibrs ibpb stibp tpr_shadow vnmi flexpriority ept vpid fsgsbase tsc_adjust bmi1 avx2 smep bmi2 erms invpcid mpx rdseed adx smap clflushopt intel_pt xsaveopt xsavec xgetbv1 xsaves dtherm ida arat pln pts hwp hwp_notify hwp_act_window hwp_epp
bugs		: cpu_meltdown spectre_v1 spectre_v2 spec_store_bypass l1tf
bogomips	: 4992.00
clflush size	: 64
cache_alignment	: 64
address sizes	: 39 bits physical, 48 bits virtual
power management:

processor	: 1
vendor_id	: GenuineIntel
cpu family	: 6
model		: 158
model name	: Intel(R) Core(TM) i5-7300HQ CPU @ 2.50GHz
stepping	: 9
microcode	: 0x84
cpu MHz		: 976.080
cache size	: 6144 KB
physical id	: 0
siblings	: 4
core id		: 1
cpu cores	: 7
apicid		: 2
initial apicid	: 2
fpu		: yes
fpu_exception	: yes
cpuid level	: 22
wp		: yes
flags		: fpu vme de pse tsc msr pae mce cx8 apic sep mtrr pge mca cmov pat pse36 clflush dts acpi mmx fxsr sse sse2 ss ht tm pbe syscall nx pdpe1gb rdtscp lm constant_tsc art arch_perfmon pebs bts rep_good nopl xtopology nonstop_tsc cpuid aperfmperf tsc_known_freq pni pclmulqdq dtes64 monitor ds_cpl vmx est tm2 ssse3 sdbg fma cx16 xtpr pdcm pcid sse4_1 sse4_2 x2apic movbe popcnt tsc_deadline_timer aes xsave avx f16c rdrand lahf_lm abm 3dnowprefetch cpuid_fault epb invpcid_single pti ibrs ibpb stibp tpr_shadow vnmi flexpriority ept vpid fsgsbase tsc_adjust bmi1 avx2 smep bmi2 erms invpcid mpx rdseed adx smap clflushopt intel_pt xsaveopt xsavec xgetbv1 xsaves dtherm ida arat pln pts hwp hwp_notify hwp_act_window hwp_epp
bugs		: cpu_meltdown spectre_v1 spectre_v2 spec_store_bypass l1tf
bogomips	: 4992.00
clflush size	: 64
cache_alignment	: 64
address sizes	: 39 bits physical, 48 bits virtual
power management:

processor	: 2
vendor_id	: GenuineIntel
cpu family	: 6
model		: 158
model name	: Intel(R) Core(TM) i5-7300HQ CPU @ 2.50GHz
stepping	: 9
microcode	: 0x84
cpu MHz		: 995.433
cache size	: 6144 KB
physical id	: 0
siblings	: 4
core id		: 2
cpu cores	: 6
apicid		: 4
initial apicid	: 4
fpu		: yes
fpu_exception	: yes
cpuid level	: 22
wp		: yes
flags		: fpu vme de pse tsc msr pae mce cx8 apic sep mtrr pge mca cmov pat pse36 clflush dts acpi mmx fxsr sse sse2 ss ht tm pbe syscall nx pdpe1gb rdtscp lm constant_tsc art arch_perfmon pebs bts rep_good nopl xtopology nonstop_tsc cpuid aperfmperf tsc_known_freq pni pclmulqdq dtes64 monitor ds_cpl vmx est tm2 ssse3 sdbg fma cx16 xtpr pdcm pcid sse4_1 sse4_2 x2apic movbe popcnt tsc_deadline_timer aes xsave avx f16c rdrand lahf_lm abm 3dnowprefetch cpuid_fault epb invpcid_single pti ibrs ibpb stibp tpr_shadow vnmi flexpriority ept vpid fsgsbase tsc_adjust bmi1 avx2 smep bmi2 erms invpcid mpx rdseed adx smap clflushopt intel_pt xsaveopt xsavec xgetbv1 xsaves dtherm ida arat pln pts hwp hwp_notify hwp_act_window hwp_epp
bugs		: cpu_meltdown spectre_v1 spectre_v2 spec_store_bypass l1tf
bogomips	: 4992.00
clflush size	: 64
cache_alignment	: 64
address sizes	: 39 bits physical, 48 bits virtual
power management:

processor	: 3
vendor_id	: GenuineIntel
cpu family	: 6
model		: 158
model name	: Intel(R) Core(TM) i5-7300HQ CPU @ 2.50GHz
stepping	: 9
microcode	: 0x84
cpu MHz		: 959.503
cache size	: 6144 KB
physical id	: 0
siblings	: 4
core id		: 3
cpu cores	: 5
apicid		: 6
initial apicid	: 6
fpu		: yes
fpu_exception	: yes
cpuid level	: 22
wp		: yes
flags		: fpu vme de pse tsc msr pae mce cx8 apic sep mtrr pge mca cmov pat pse36 clflush dts acpi mmx fxsr sse sse2 ss ht tm pbe syscall nx pdpe1gb rdtscp lm constant_tsc art arch_perfmon pebs bts rep_good nopl xtopology nonstop_tsc cpuid aperfmperf tsc_known_freq pni pclmulqdq dtes64 monitor ds_cpl vmx est tm2 ssse3 sdbg fma cx16 xtpr pdcm pcid sse4_1 sse4_2 x2apic movbe popcnt tsc_deadline_timer aes xsave avx f16c rdrand lahf_lm abm 3dnowprefetch cpuid_fault epb invpcid_single pti ibrs ibpb stibp tpr_shadow vnmi flexpriority ept vpid fsgsbase tsc_adjust bmi1 avx2 smep bmi2 erms invpcid mpx rdseed adx smap clflushopt intel_pt xsaveopt xsavec xgetbv1 xsaves dtherm ida arat pln pts hwp hwp_notify hwp_act_window hwp_epp
bugs		: cpu_meltdown spectre_v1 spectre_v2 spec_store_bypass l1tf
bogomips	: 4992.00
clflush size	: 64
cache_alignment	: 64
address sizes	: 39 bits physical, 48 bits virtual
power management:



Memory: 4k page, physical 8052884k(125316k free), swap 0k(0k free)

vm_info: OpenJDK 64-Bit Server VM (25.181-b13) for linux-amd64 JRE (1.8.0_181-8u181-b13-0ubuntu0.16.04.1-b13), built on Jul 30 2018 21:06:27 by "buildd" with gcc 5.4.0 20160609

time: Thu Aug 30 11:22:18 2018
elapsed time: 31 seconds (0d 0h 0m 31s)

