#
# There is insufficient memory for the Java Runtime Environment to continue.
# Native memory allocation (mmap) failed to map 301465600 bytes for committing reserved memory.
# Possible reasons:
#   The system is out of physical RAM or swap space
#   In 32 bit mode, the process size limit was hit
# Possible solutions:
#   Reduce memory load on the system
#   Increase physical memory or swap space
#   Check if swap backing store is full
#   Use 64 bit Java on a 64 bit OS
#   Decrease Java heap size (-Xmx/-Xms)
#   Decrease number of Java threads
#   Decrease Java thread stack sizes (-Xss)
#   Set larger code cache with -XX:ReservedCodeCacheSize=
# This output file may be truncated or incomplete.
#
#  Out of Memory Error (os_linux.cpp:2643), pid=5901, tid=0x00007f8dbcfff700
#
# JRE version: OpenJDK Runtime Environment (8.0_181-b13) (build 1.8.0_181-8u181-b13-0ubuntu0.16.04.1-b13)
# Java VM: OpenJDK 64-Bit Server VM (25.181-b13 mixed mode linux-amd64 compressed oops)
# Failed to write core dump. Core dumps have been disabled. To enable core dumping, try "ulimit -c unlimited" before starting Java again
#

---------------  T H R E A D  ---------------

Current thread (0x00007f8dcc078000):  VMThread [stack: 0x00007f8dbceff000,0x00007f8dbd000000] [id=5911]

Stack: [0x00007f8dbceff000,0x00007f8dbd000000],  sp=0x00007f8dbcffe480,  free space=1021k
Native frames: (J=compiled Java code, j=interpreted, Vv=VM code, C=native code)
V  [libjvm.so+0xa70edb]
V  [libjvm.so+0x4c893c]
V  [libjvm.so+0x8bda08]
V  [libjvm.so+0x8b7d9e]
V  [libjvm.so+0x933206]
V  [libjvm.so+0x92289a]
V  [libjvm.so+0x922aa3]
V  [libjvm.so+0x923408]
V  [libjvm.so+0x9296ce]
V  [libjvm.so+0x93106d]
V  [libjvm.so+0x8e27c3]
V  [libjvm.so+0xa72b82]
V  [libjvm.so+0xa77d27]
V  [libjvm.so+0xa75427]
V  [libjvm.so+0xa768af]
V  [libjvm.so+0xa76da1]
V  [libjvm.so+0x8bae12]

VM_Operation (0x00007f8d8ccb36a0): ParallelGCFailedAllocation, mode: safepoint, requested by thread 0x00007f8dcc339800


---------------  P R O C E S S  ---------------

Java Threads: ( => current thread )
  0x00007f8d6c029000 JavaThread "TimerQueue" daemon [_thread_blocked, id=5927, stack(0x00007f8d8c5b2000,0x00007f8d8c6b3000)]
  0x00007f8d6802c000 JavaThread "Abandoned connection cleanup thread" daemon [_thread_blocked, id=5926, stack(0x00007f8d8cab3000,0x00007f8d8cbb4000)]
  0x00007f8dcc00a800 JavaThread "DestroyJavaVM" [_thread_blocked, id=5903, stack(0x00007f8dd6289000,0x00007f8dd638a000)]
  0x00007f8dcc339800 JavaThread "Thread-0" [_thread_blocked, id=5925, stack(0x00007f8d8cbb4000,0x00007f8d8ccb5000)]
  0x00007f8dcc2ec800 JavaThread "AWT-EventQueue-0" [_thread_blocked, id=5924, stack(0x00007f8d8d905000,0x00007f8d8da06000)]
  0x00007f8dcc2ea800 JavaThread "AWT-Shutdown" [_thread_blocked, id=5923, stack(0x00007f8d8da06000,0x00007f8d8db07000)]
  0x00007f8dcc2b2000 JavaThread "AWT-XAWT" daemon [_thread_blocked, id=5922, stack(0x00007f8d8db07000,0x00007f8d8dc08000)]
  0x00007f8dcc28c800 JavaThread "Java2D Disposer" daemon [_thread_blocked, id=5921, stack(0x00007f8d8e018000,0x00007f8d8e119000)]
  0x00007f8dcc0f2000 JavaThread "Service Thread" daemon [_thread_blocked, id=5918, stack(0x00007f8dac07e000,0x00007f8dac17f000)]
  0x00007f8dcc0bd000 JavaThread "C1 CompilerThread2" daemon [_thread_blocked, id=5917, stack(0x00007f8dac17f000,0x00007f8dac280000)]
  0x00007f8dcc0bb000 JavaThread "C2 CompilerThread1" daemon [_thread_blocked, id=5916, stack(0x00007f8dbc03b000,0x00007f8dbc13c000)]
  0x00007f8dcc0b8000 JavaThread "C2 CompilerThread0" daemon [_thread_blocked, id=5915, stack(0x00007f8dbc13c000,0x00007f8dbc23d000)]
  0x00007f8dcc0b6800 JavaThread "Signal Dispatcher" daemon [_thread_blocked, id=5914, stack(0x00007f8dbc23d000,0x00007f8dbc33e000)]
  0x00007f8dcc084800 JavaThread "Finalizer" daemon [_thread_blocked, id=5913, stack(0x00007f8dbccfd000,0x00007f8dbcdfe000)]
  0x00007f8dcc080000 JavaThread "Reference Handler" daemon [_thread_blocked, id=5912, stack(0x00007f8dbcdfe000,0x00007f8dbceff000)]

Other Threads:
=>0x00007f8dcc078000 VMThread [stack: 0x00007f8dbceff000,0x00007f8dbd000000] [id=5911]
  0x00007f8dcc0f4800 WatcherThread [stack: 0x00007f8d8feff000,0x00007f8d90000000] [id=5919]

VM state:at safepoint (normal execution)

VM Mutex/Monitor currently owned by a thread:  ([mutex/lock_event])
[0x00007f8dcc0067d0] ExpandHeap_lock - owner thread: 0x00007f8dcc078000
[0x00007f8dcc006e50] Threads_lock - owner thread: 0x00007f8dcc078000
[0x00007f8dcc007350] Heap_lock - owner thread: 0x00007f8dcc339800

Heap:
 PSYoungGen      total 98816K, used 42313K [0x00000000d7000000, 0x00000000f2880000, 0x0000000100000000)
  eden space 19968K, 0% used [0x00000000d7000000,0x00000000d7000000,0x00000000d8380000)
  from space 78848K, 53% used [0x00000000d8380000,0x00000000dacd26c0,0x00000000dd080000)
  to   space 214016K, 0% used [0x00000000e5780000,0x00000000e5780000,0x00000000f2880000)
 ParOldGen       total 917504K, used 917310K [0x0000000085000000, 0x00000000bd000000, 0x00000000d7000000)
  object space 917504K, 99% used [0x0000000085000000,0x00000000bcfcf940,0x00000000bd000000)
 Metaspace       used 15590K, capacity 15766K, committed 15872K, reserved 1062912K
  class space    used 1709K, capacity 1772K, committed 1792K, reserved 1048576K

Card table byte_map: [0x00007f8dd255b000,0x00007f8dd2934000] byte_map_base: 0x00007f8dd2133000

Marking Bits: (ParMarkBitMap*) 0x00007f8dd55533a0
 Begin Bits: [0x00007f8dac280000, 0x00007f8dae140000)
 End Bits:   [0x00007f8dae140000, 0x00007f8db0000000)

Polling page: 0x00007f8dd63a7000

CodeCache: size=245760Kb used=5238Kb max_used=5252Kb free=240521Kb
 bounds [0x00007f8dbd000000, 0x00007f8dbd530000, 0x00007f8dcc000000]
 total_blobs=1870 nmethods=1265 adapters=519
 compilation: enabled

Compilation events (10 events):
Event: 9,754 Thread 0x00007f8dcc0bb000 1261 % !   4       proyecto_cliente.Interfaz_Usuario$Lector::run @ 0 (404 bytes)
Event: 9,756 Thread 0x00007f8dcc0bb000 nmethod 1261% 0x00007f8dbd51d450 code [0x00007f8dbd51d5e0, 0x00007f8dbd51d828]
Event: 10,960 Thread 0x00007f8dcc0bd000 1262   !   3       java.lang.ref.ReferenceQueue::remove (125 bytes)
Event: 10,961 Thread 0x00007f8dcc0bd000 nmethod 1262 0x00007f8dbd501210 code [0x00007f8dbd501400, 0x00007f8dbd501cb8]
Event: 20,298 Thread 0x00007f8dcc0bb000 1263       4       java.util.HashMap::putVal (300 bytes)
Event: 20,305 Thread 0x00007f8dcc0bb000 nmethod 1263 0x00007f8dbd51e010 code [0x00007f8dbd51e200, 0x00007f8dbd51ed58]
Event: 55,862 Thread 0x00007f8dcc0bd000 1265       3       java.util.HashMap::putVal (300 bytes)
Event: 55,863 Thread 0x00007f8dcc0bd000 nmethod 1265 0x00007f8dbd521010 code [0x00007f8dbd521280, 0x00007f8dbd522518]
Event: 56,412 Thread 0x00007f8dcc0b8000 1266       4       java.util.HashMap::putVal (300 bytes)
Event: 56,420 Thread 0x00007f8dcc0b8000 nmethod 1266 0x00007f8dbd524e10 code [0x00007f8dbd525000, 0x00007f8dbd525ae8]

GC Heap History (10 events):
Event: 53,544 GC heap after
Heap after GC invocations=48 (full 5):
 PSYoungGen      total 221696K, used 167552K [0x00000000d7000000, 0x00000000f2f80000, 0x0000000100000000)
  eden space 20992K, 0% used [0x00000000d7000000,0x00000000d7000000,0x00000000d8480000)
  from space 200704K, 83% used [0x00000000d8480000,0x00000000e2820000,0x00000000e4880000)
  to   space 217088K, 0% used [0x00000000e5b80000,0x00000000e5b80000,0x00000000f2f80000)
 ParOldGen       total 917504K, used 731609K [0x0000000085000000, 0x00000000bd000000, 0x00000000d7000000)
  object space 917504K, 79% used [0x0000000085000000,0x00000000b1a764b8,0x00000000bd000000)
 Metaspace       used 15590K, capacity 15766K, committed 15872K, reserved 1062912K
  class space    used 1709K, capacity 1772K, committed 1792K, reserved 1048576K
}
Event: 54,400 GC heap before
{Heap before GC invocations=49 (full 5):
 PSYoungGen      total 221696K, used 188544K [0x00000000d7000000, 0x00000000f2f80000, 0x0000000100000000)
  eden space 20992K, 100% used [0x00000000d7000000,0x00000000d8480000,0x00000000d8480000)
  from space 200704K, 83% used [0x00000000d8480000,0x00000000e2820000,0x00000000e4880000)
  to   space 217088K, 0% used [0x00000000e5b80000,0x00000000e5b80000,0x00000000f2f80000)
 ParOldGen       total 917504K, used 731609K [0x0000000085000000, 0x00000000bd000000, 0x00000000d7000000)
  object space 917504K, 79% used [0x0000000085000000,0x00000000b1a764b8,0x00000000bd000000)
 Metaspace       used 15590K, capacity 15766K, committed 15872K, reserved 1062912K
  class space    used 1709K, capacity 1772K, committed 1792K, reserved 1048576K
Event: 54,544 GC heap after
Heap after GC invocations=49 (full 5):
 PSYoungGen      total 234496K, used 167552K [0x00000000d7000000, 0x00000000f3c80000, 0x0000000100000000)
  eden space 17408K, 0% used [0x00000000d7000000,0x00000000d7000000,0x00000000d8100000)
  from space 217088K, 77% used [0x00000000e5b80000,0x00000000eff20000,0x00000000f2f80000)
  to   space 223744K, 0% used [0x00000000d8100000,0x00000000d8100000,0x00000000e5b80000)
 ParOldGen       total 917504K, used 748841K [0x0000000085000000, 0x00000000bd000000, 0x00000000d7000000)
  object space 917504K, 81% used [0x0000000085000000,0x00000000b2b4a4b8,0x00000000bd000000)
 Metaspace       used 15590K, capacity 15766K, committed 15872K, reserved 1062912K
  class space    used 1709K, capacity 1772K, committed 1792K, reserved 1048576K
}
Event: 55,232 GC heap before
{Heap before GC invocations=50 (full 5):
 PSYoungGen      total 234496K, used 184960K [0x00000000d7000000, 0x00000000f3c80000, 0x0000000100000000)
  eden space 17408K, 100% used [0x00000000d7000000,0x00000000d8100000,0x00000000d8100000)
  from space 217088K, 77% used [0x00000000e5b80000,0x00000000eff20000,0x00000000f2f80000)
  to   space 223744K, 0% used [0x00000000d8100000,0x00000000d8100000,0x00000000e5b80000)
 ParOldGen       total 917504K, used 748841K [0x0000000085000000, 0x00000000bd000000, 0x00000000d7000000)
  object space 917504K, 81% used [0x0000000085000000,0x00000000b2b4a4b8,0x00000000bd000000)
 Metaspace       used 15590K, capacity 15766K, committed 15872K, reserved 1062912K
  class space    used 1709K, capacity 1772K, committed 1792K, reserved 1048576K
Event: 55,384 GC heap after
Heap after GC invocations=50 (full 5):
 PSYoungGen      total 241152K, used 142528K [0x00000000d7000000, 0x00000000f3880000, 0x0000000100000000)
  eden space 17408K, 0% used [0x00000000d7000000,0x00000000d7000000,0x00000000d8100000)
  from space 223744K, 63% used [0x00000000d8100000,0x00000000e0c30000,0x00000000e5b80000)
  to   space 223744K, 0% used [0x00000000e5e00000,0x00000000e5e00000,0x00000000f3880000)
 ParOldGen       total 917504K, used 788329K [0x0000000085000000, 0x00000000bd000000, 0x00000000d7000000)
  object space 917504K, 85% used [0x0000000085000000,0x00000000b51da4b8,0x00000000bd000000)
 Metaspace       used 15590K, capacity 15766K, committed 15872K, reserved 1062912K
  class space    used 1709K, capacity 1772K, committed 1792K, reserved 1048576K
}
Event: 56,145 GC heap before
{Heap before GC invocations=51 (full 5):
 PSYoungGen      total 241152K, used 159936K [0x00000000d7000000, 0x00000000f3880000, 0x0000000100000000)
  eden space 17408K, 100% used [0x00000000d7000000,0x00000000d8100000,0x00000000d8100000)
  from space 223744K, 63% used [0x00000000d8100000,0x00000000e0c30000,0x00000000e5b80000)
  to   space 223744K, 0% used [0x00000000e5e00000,0x00000000e5e00000,0x00000000f3880000)
 ParOldGen       total 917504K, used 788329K [0x0000000085000000, 0x00000000bd000000, 0x00000000d7000000)
  object space 917504K, 85% used [0x0000000085000000,0x00000000b51da4b8,0x00000000bd000000)
 Metaspace       used 15590K, capacity 15766K, committed 15872K, reserved 1062912K
  class space    used 1709K, capacity 1772K, committed 1792K, reserved 1048576K
Event: 56,285 GC heap after
Heap after GC invocations=51 (full 5):
 PSYoungGen      total 234496K, used 112512K [0x00000000d7000000, 0x00000000f2f80000, 0x0000000100000000)
  eden space 19968K, 0% used [0x00000000d7000000,0x00000000d7000000,0x00000000d8380000)
  from space 214528K, 52% used [0x00000000e5e00000,0x00000000ecbe0000,0x00000000f2f80000)
  to   space 219136K, 0% used [0x00000000d8380000,0x00000000d8380000,0x00000000e5980000)
 ParOldGen       total 917504K, used 832857K [0x0000000085000000, 0x00000000bd000000, 0x00000000d7000000)
  object space 917504K, 90% used [0x0000000085000000,0x00000000b7d564b8,0x00000000bd000000)
 Metaspace       used 15590K, capacity 15766K, committed 15872K, reserved 1062912K
  class space    used 1709K, capacity 1772K, committed 1792K, reserved 1048576K
}
Event: 57,079 GC heap before
{Heap before GC invocations=52 (full 5):
 PSYoungGen      total 234496K, used 132480K [0x00000000d7000000, 0x00000000f2f80000, 0x0000000100000000)
  eden space 19968K, 100% used [0x00000000d7000000,0x00000000d8380000,0x00000000d8380000)
  from space 214528K, 52% used [0x00000000e5e00000,0x00000000ecbe0000,0x00000000f2f80000)
  to   space 219136K, 0% used [0x00000000d8380000,0x00000000d8380000,0x00000000e5980000)
 ParOldGen       total 917504K, used 832857K [0x0000000085000000, 0x00000000bd000000, 0x00000000d7000000)
  object space 917504K, 90% used [0x0000000085000000,0x00000000b7d564b8,0x00000000bd000000)
 Metaspace       used 15590K, capacity 15766K, committed 15872K, reserved 1062912K
  class space    used 1709K, capacity 1772K, committed 1792K, reserved 1048576K
Event: 57,200 GC heap after
Heap after GC invocations=52 (full 5):
 PSYoungGen      total 98816K, used 78784K [0x00000000d7000000, 0x00000000f2880000, 0x0000000100000000)
  eden space 19968K, 0% used [0x00000000d7000000,0x00000000d7000000,0x00000000d8380000)
  from space 78848K, 99% used [0x00000000d8380000,0x00000000dd070000,0x00000000dd080000)
  to   space 214016K, 0% used [0x00000000e5780000,0x00000000e5780000,0x00000000f2880000)
 ParOldGen       total 917504K, used 883265K [0x0000000085000000, 0x00000000bd000000, 0x00000000d7000000)
  object space 917504K, 96% used [0x0000000085000000,0x00000000bae904b8,0x00000000bd000000)
 Metaspace       used 15590K, capacity 15766K, committed 15872K, reserved 1062912K
  class space    used 1709K, capacity 1772K, committed 1792K, reserved 1048576K
}
Event: 57,200 GC heap before
{Heap before GC invocations=53 (full 6):
 PSYoungGen      total 98816K, used 78784K [0x00000000d7000000, 0x00000000f2880000, 0x0000000100000000)
  eden space 19968K, 0% used [0x00000000d7000000,0x00000000d7000000,0x00000000d8380000)
  from space 78848K, 99% used [0x00000000d8380000,0x00000000dd070000,0x00000000dd080000)
  to   space 214016K, 0% used [0x00000000e5780000,0x00000000e5780000,0x00000000f2880000)
 ParOldGen       total 917504K, used 883265K [0x0000000085000000, 0x00000000bd000000, 0x00000000d7000000)
  object space 917504K, 96% used [0x0000000085000000,0x00000000bae904b8,0x00000000bd000000)
 Metaspace       used 15590K, capacity 15766K, committed 15872K, reserved 1062912K
  class space    used 1709K, capacity 1772K, committed 1792K, reserved 1048576K

Deoptimization events (10 events):
Event: 0,707 Thread 0x00007f8dcc339800 Uncommon trap: reason=bimorphic action=maybe_recompile pc=0x00007f8dbd1f1414 method=java.util.Properties$LineReader.readLine()I @ 62
Event: 0,707 Thread 0x00007f8dcc339800 Uncommon trap: reason=unstable_if action=reinterpret pc=0x00007f8dbd1ee7a8 method=java.util.Properties$LineReader.readLine()I @ 174
Event: 0,707 Thread 0x00007f8dcc339800 Uncommon trap: reason=bimorphic action=maybe_recompile pc=0x00007f8dbd1f1414 method=java.util.Properties$LineReader.readLine()I @ 62
Event: 2,297 Thread 0x00007f8dcc2ec800 Uncommon trap: reason=unstable_if action=reinterpret pc=0x00007f8dbd38ea70 method=java.lang.reflect.Constructor.newInstance([Ljava/lang/Object;)Ljava/lang/Object; @ 4
Event: 7,783 Thread 0x00007f8dcc339800 Uncommon trap: reason=unstable_if action=reinterpret pc=0x00007f8dbd2e8514 method=java.util.HashMap.putVal(ILjava/lang/Object;Ljava/lang/Object;ZZ)Ljava/lang/Object; @ 94
Event: 17,164 Thread 0x00007f8dcc339800 Uncommon trap: reason=class_check action=maybe_recompile pc=0x00007f8dbd51c928 method=java.util.HashMap.putVal(ILjava/lang/Object;Ljava/lang/Object;ZZ)Ljava/lang/Object; @ 203
Event: 17,855 Thread 0x00007f8dcc339800 Uncommon trap: reason=class_check action=maybe_recompile pc=0x00007f8dbd51c928 method=java.util.HashMap.putVal(ILjava/lang/Object;Ljava/lang/Object;ZZ)Ljava/lang/Object; @ 203
Event: 18,857 Thread 0x00007f8dcc339800 Uncommon trap: reason=class_check action=maybe_recompile pc=0x00007f8dbd51c928 method=java.util.HashMap.putVal(ILjava/lang/Object;Ljava/lang/Object;ZZ)Ljava/lang/Object; @ 203
Event: 20,297 Thread 0x00007f8dcc339800 Uncommon trap: reason=class_check action=maybe_recompile pc=0x00007f8dbd51c928 method=java.util.HashMap.putVal(ILjava/lang/Object;Ljava/lang/Object;ZZ)Ljava/lang/Object; @ 203
Event: 55,854 Thread 0x00007f8dcc339800 Uncommon trap: reason=unstable_if action=reinterpret pc=0x00007f8dbd51e3f4 method=java.util.HashMap.putVal(ILjava/lang/Object;Ljava/lang/Object;ZZ)Ljava/lang/Object; @ 162

Classes redefined (0 events):
No events

Internal exceptions (10 events):
Event: 0,110 Thread 0x00007f8dcc00a800 Exception <a 'java/security/PrivilegedActionException'> (0x00000000d708adf8) thrown at [/build/openjdk-8-pREaNj/openjdk-8-8u181-b13/src/hotspot/src/share/vm/prims/jvm.cpp, line 1435]
Event: 0,111 Thread 0x00007f8dcc00a800 Exception <a 'java/security/PrivilegedActionException'> (0x00000000d708b9c0) thrown at [/build/openjdk-8-pREaNj/openjdk-8-8u181-b13/src/hotspot/src/share/vm/prims/jvm.cpp, line 1435]
Event: 0,111 Thread 0x00007f8dcc00a800 Exception <a 'java/security/PrivilegedActionException'> (0x00000000d708bbd0) thrown at [/build/openjdk-8-pREaNj/openjdk-8-8u181-b13/src/hotspot/src/share/vm/prims/jvm.cpp, line 1435]
Event: 0,143 Thread 0x00007f8dcc00a800 Exception <a 'java/lang/NoSuchFieldError': method resolution failed> (0x00000000d71ff940) thrown at [/build/openjdk-8-pREaNj/openjdk-8-8u181-b13/src/hotspot/src/share/vm/prims/methodHandles.cpp, line 1167]
Event: 0,145 Thread 0x00007f8dcc00a800 Exception <a 'java/lang/NoSuchFieldError': method resolution failed> (0x00000000d720d0c0) thrown at [/build/openjdk-8-pREaNj/openjdk-8-8u181-b13/src/hotspot/src/share/vm/prims/methodHandles.cpp, line 1167]
Event: 0,166 Thread 0x00007f8dcc00a800 Exception <a 'java/io/FileNotFoundException'> (0x00000000d728c148) thrown at [/build/openjdk-8-pREaNj/openjdk-8-8u181-b13/src/hotspot/src/share/vm/prims/jni.cpp, line 709]
Event: 0,166 Thread 0x00007f8dcc00a800 Exception <a 'java/io/FileNotFoundException'> (0x00000000d728cc68) thrown at [/build/openjdk-8-pREaNj/openjdk-8-8u181-b13/src/hotspot/src/share/vm/prims/jni.cpp, line 709]
Event: 0,197 Thread 0x00007f8dcc00a800 Exception <a 'java/lang/ClassNotFoundException': sun/dc/DuctusRenderingEngine> (0x00000000d72aac00) thrown at [/build/openjdk-8-pREaNj/openjdk-8-8u181-b13/src/hotspot/src/share/vm/classfile/systemDictionary.cpp, line 210]
Event: 0,426 Thread 0x00007f8dcc00a800 Exception <a 'java/net/UnknownHostException'> (0x00000000d751d3c8) thrown at [/build/openjdk-8-pREaNj/openjdk-8-8u181-b13/src/hotspot/src/share/vm/prims/jni.cpp, line 709]
Event: 0,558 Thread 0x00007f8dcc2ec800 Exception <a 'java/lang/UnsupportedOperationException': > (0x00000000d746ec18) thrown at [/build/openjdk-8-pREaNj/openjdk-8-8u181-b13/src/hotspot/src/share/vm/prims/jni.cpp, line 735]

Events (10 events):
Event: 54,400 Executing VM operation: ParallelGCFailedAllocation
Event: 54,544 Executing VM operation: ParallelGCFailedAllocation done
Event: 55,232 Executing VM operation: ParallelGCFailedAllocation
Event: 55,384 Executing VM operation: ParallelGCFailedAllocation done
Event: 55,854 Thread 0x00007f8dcc339800 Uncommon trap: trap_request=0xffffff65 fr.pc=0x00007f8dbd51e3f4
Event: 55,854 Thread 0x00007f8dcc339800 DEOPT PACKING pc=0x00007f8dbd51e3f4 sp=0x00007f8d8ccb3800
Event: 55,854 Thread 0x00007f8dcc339800 DEOPT UNPACKING pc=0x00007f8dbd04547a sp=0x00007f8d8ccb37a8 mode 2
Event: 56,145 Executing VM operation: ParallelGCFailedAllocation
Event: 56,285 Executing VM operation: ParallelGCFailedAllocation done
Event: 57,079 Executing VM operation: ParallelGCFailedAllocation


Dynamic libraries:
00400000-00401000 r-xp 00000000 08:05 1862949                            /usr/lib/jvm/java-8-openjdk-amd64/jre/bin/java
00600000-00601000 r--p 00000000 08:05 1862949                            /usr/lib/jvm/java-8-openjdk-amd64/jre/bin/java
00601000-00602000 rw-p 00001000 08:05 1862949                            /usr/lib/jvm/java-8-openjdk-amd64/jre/bin/java
014b1000-014d2000 rw-p 00000000 00:00 0                                  [heap]
85000000-bd000000 rw-p 00000000 00:00 0 
cef80000-d7000000 ---p 00000000 00:00 0 
d7000000-f2880000 rw-p 00000000 00:00 0 
f2880000-100000000 ---p 00000000 00:00 0 
100000000-1001c0000 rw-p 00000000 00:00 0 
1001c0000-140000000 ---p 00000000 00:00 0 
7f8d60000000-7f8d60021000 rw-p 00000000 00:00 0 
7f8d60021000-7f8d64000000 ---p 00000000 00:00 0 
7f8d64000000-7f8d64021000 rw-p 00000000 00:00 0 
7f8d64021000-7f8d68000000 ---p 00000000 00:00 0 
7f8d68000000-7f8d681e8000 rw-p 00000000 00:00 0 
7f8d681e8000-7f8d6c000000 ---p 00000000 00:00 0 
7f8d6c000000-7f8d6c033000 rw-p 00000000 00:00 0 
7f8d6c033000-7f8d70000000 ---p 00000000 00:00 0 
7f8d70fff000-7f8d74000000 rw-p 00000000 00:00 0 
7f8d74000000-7f8d74021000 rw-p 00000000 00:00 0 
7f8d74021000-7f8d78000000 ---p 00000000 00:00 0 
7f8d78000000-7f8d78021000 rw-p 00000000 00:00 0 
7f8d78021000-7f8d7c000000 ---p 00000000 00:00 0 
7f8d7c000000-7f8d7c021000 rw-p 00000000 00:00 0 
7f8d7c021000-7f8d80000000 ---p 00000000 00:00 0 
7f8d80000000-7f8d80021000 rw-p 00000000 00:00 0 
7f8d80021000-7f8d84000000 ---p 00000000 00:00 0 
7f8d84000000-7f8d84021000 rw-p 00000000 00:00 0 
7f8d84021000-7f8d88000000 ---p 00000000 00:00 0 
7f8d88000000-7f8d887cd000 rw-p 00000000 00:00 0 
7f8d887cd000-7f8d8c000000 ---p 00000000 00:00 0 
7f8d8c5b2000-7f8d8c5b5000 ---p 00000000 00:00 0 
7f8d8c5b5000-7f8d8c873000 rw-p 00000000 00:00 0 
7f8d8c873000-7f8d8c8b3000 ---p 00000000 00:00 0 
7f8d8c8b3000-7f8d8cab3000 rw-p 00000000 00:00 0 
7f8d8cab3000-7f8d8cab6000 ---p 00000000 00:00 0 
7f8d8cab6000-7f8d8cbb4000 rw-p 00000000 00:00 0 
7f8d8cbb4000-7f8d8cbb7000 ---p 00000000 00:00 0 
7f8d8cbb7000-7f8d8ccb5000 rw-p 00000000 00:00 0 
7f8d8ccb5000-7f8d8ccc6000 r-xp 00000000 08:05 1502990                    /usr/lib/jvm/java-8-openjdk-amd64/jre/lib/amd64/libnio.so
7f8d8ccc6000-7f8d8cec6000 ---p 00011000 08:05 1502990                    /usr/lib/jvm/java-8-openjdk-amd64/jre/lib/amd64/libnio.so
7f8d8cec6000-7f8d8cec7000 r--p 00011000 08:05 1502990                    /usr/lib/jvm/java-8-openjdk-amd64/jre/lib/amd64/libnio.so
7f8d8cec7000-7f8d8cec8000 rw-p 00012000 08:05 1502990                    /usr/lib/jvm/java-8-openjdk-amd64/jre/lib/amd64/libnio.so
7f8d8cec8000-7f8d8cedf000 r-xp 00000000 08:05 398789                     /lib/x86_64-linux-gnu/libresolv-2.23.so
7f8d8cedf000-7f8d8d0df000 ---p 00017000 08:05 398789                     /lib/x86_64-linux-gnu/libresolv-2.23.so
7f8d8d0df000-7f8d8d0e0000 r--p 00017000 08:05 398789                     /lib/x86_64-linux-gnu/libresolv-2.23.so
7f8d8d0e0000-7f8d8d0e1000 rw-p 00018000 08:05 398789                     /lib/x86_64-linux-gnu/libresolv-2.23.so
7f8d8d0e1000-7f8d8d0e3000 rw-p 00000000 00:00 0 
7f8d8d0e3000-7f8d8d0e8000 r-xp 00000000 08:05 398734                     /lib/x86_64-linux-gnu/libnss_dns-2.23.so
7f8d8d0e8000-7f8d8d2e8000 ---p 00005000 08:05 398734                     /lib/x86_64-linux-gnu/libnss_dns-2.23.so
7f8d8d2e8000-7f8d8d2e9000 r--p 00005000 08:05 398734                     /lib/x86_64-linux-gnu/libnss_dns-2.23.so
7f8d8d2e9000-7f8d8d2ea000 rw-p 00006000 08:05 398734                     /lib/x86_64-linux-gnu/libnss_dns-2.23.so
7f8d8d2ea000-7f8d8d2ec000 r-xp 00000000 08:05 398742                     /lib/x86_64-linux-gnu/libnss_mdns4_minimal.so.2
7f8d8d2ec000-7f8d8d4eb000 ---p 00002000 08:05 398742                     /lib/x86_64-linux-gnu/libnss_mdns4_minimal.so.2
7f8d8d4eb000-7f8d8d4ec000 r--p 00001000 08:05 398742                     /lib/x86_64-linux-gnu/libnss_mdns4_minimal.so.2
7f8d8d4ec000-7f8d8d4ed000 rw-p 00002000 08:05 398742                     /lib/x86_64-linux-gnu/libnss_mdns4_minimal.so.2
7f8d8d4ed000-7f8d8d504000 r-xp 00000000 08:05 1502971                    /usr/lib/jvm/java-8-openjdk-amd64/jre/lib/amd64/libnet.so
7f8d8d504000-7f8d8d703000 ---p 00017000 08:05 1502971                    /usr/lib/jvm/java-8-openjdk-amd64/jre/lib/amd64/libnet.so
7f8d8d703000-7f8d8d704000 r--p 00016000 08:05 1502971                    /usr/lib/jvm/java-8-openjdk-amd64/jre/lib/amd64/libnet.so
7f8d8d704000-7f8d8d705000 rw-p 00017000 08:05 1502971                    /usr/lib/jvm/java-8-openjdk-amd64/jre/lib/amd64/libnet.so
7f8d8d705000-7f8d8d905000 rw-p 00000000 00:00 0 
7f8d8d905000-7f8d8d908000 ---p 00000000 00:00 0 
7f8d8d908000-7f8d8da06000 rw-p 00000000 00:00 0 
7f8d8da06000-7f8d8da09000 ---p 00000000 00:00 0 
7f8d8da09000-7f8d8db07000 rw-p 00000000 00:00 0 
7f8d8db07000-7f8d8db0a000 ---p 00000000 00:00 0 
7f8d8db0a000-7f8d8dc08000 rw-p 00000000 00:00 0 
7f8d8dc08000-7f8d8dc0d000 r-xp 00000000 08:05 664682                     /usr/lib/x86_64-linux-gnu/libXfixes.so.3.1.0
7f8d8dc0d000-7f8d8de0c000 ---p 00005000 08:05 664682                     /usr/lib/x86_64-linux-gnu/libXfixes.so.3.1.0
7f8d8de0c000-7f8d8de0d000 r--p 00004000 08:05 664682                     /usr/lib/x86_64-linux-gnu/libXfixes.so.3.1.0
7f8d8de0d000-7f8d8de0e000 rw-p 00005000 08:05 664682                     /usr/lib/x86_64-linux-gnu/libXfixes.so.3.1.0
7f8d8de0e000-7f8d8de17000 r-xp 00000000 08:05 665664                     /usr/lib/x86_64-linux-gnu/libXcursor.so.1.0.2
7f8d8de17000-7f8d8e016000 ---p 00009000 08:05 665664                     /usr/lib/x86_64-linux-gnu/libXcursor.so.1.0.2
7f8d8e016000-7f8d8e017000 r--p 00008000 08:05 665664                     /usr/lib/x86_64-linux-gnu/libXcursor.so.1.0.2
7f8d8e017000-7f8d8e018000 rw-p 00009000 08:05 665664                     /usr/lib/x86_64-linux-gnu/libXcursor.so.1.0.2
7f8d8e018000-7f8d8e01b000 ---p 00000000 00:00 0 
7f8d8e01b000-7f8d8e119000 rw-p 00000000 00:00 0 
7f8d8e119000-7f8d8e13d000 r-xp 00000000 08:05 393398                     /lib/x86_64-linux-gnu/libpng12.so.0.54.0
7f8d8e13d000-7f8d8e33c000 ---p 00024000 08:05 393398                     /lib/x86_64-linux-gnu/libpng12.so.0.54.0
7f8d8e33c000-7f8d8e33d000 r--p 00023000 08:05 393398                     /lib/x86_64-linux-gnu/libpng12.so.0.54.0
7f8d8e33d000-7f8d8e33e000 rw-p 00024000 08:05 393398                     /lib/x86_64-linux-gnu/libpng12.so.0.54.0
7f8d8e33e000-7f8d8e3e2000 r-xp 00000000 08:05 665105                     /usr/lib/x86_64-linux-gnu/libfreetype.so.6.12.1
7f8d8e3e2000-7f8d8e5e1000 ---p 000a4000 08:05 665105                     /usr/lib/x86_64-linux-gnu/libfreetype.so.6.12.1
7f8d8e5e1000-7f8d8e5e7000 r--p 000a3000 08:05 665105                     /usr/lib/x86_64-linux-gnu/libfreetype.so.6.12.1
7f8d8e5e7000-7f8d8e5e8000 rw-p 000a9000 08:05 665105                     /usr/lib/x86_64-linux-gnu/libfreetype.so.6.12.1
7f8d8e5e8000-7f8d8e63a000 r-xp 00000000 08:05 1502977                    /usr/lib/jvm/java-8-openjdk-amd64/jre/lib/amd64/libfontmanager.so
7f8d8e63a000-7f8d8e83a000 ---p 00052000 08:05 1502977                    /usr/lib/jvm/java-8-openjdk-amd64/jre/lib/amd64/libfontmanager.so
7f8d8e83a000-7f8d8e83c000 r--p 00052000 08:05 1502977                    /usr/lib/jvm/java-8-openjdk-amd64/jre/lib/amd64/libfontmanager.so
7f8d8e83c000-7f8d8e83d000 rw-p 00054000 08:05 1502977                    /usr/lib/jvm/java-8-openjdk-amd64/jre/lib/amd64/libfontmanager.so
7f8d8e83d000-7f8d8e842000 r-xp 00000000 08:05 664678                     /usr/lib/x86_64-linux-gnu/libXdmcp.so.6.0.0
7f8d8e842000-7f8d8ea41000 ---p 00005000 08:05 664678                     /usr/lib/x86_64-linux-gnu/libXdmcp.so.6.0.0
7f8d8ea41000-7f8d8ea42000 r--p 00004000 08:05 664678                     /usr/lib/x86_64-linux-gnu/libXdmcp.so.6.0.0
7f8d8ea42000-7f8d8ea43000 rw-p 00005000 08:05 664678                     /usr/lib/x86_64-linux-gnu/libXdmcp.so.6.0.0
7f8d8ea43000-7f8d8ea45000 r-xp 00000000 08:05 664667                     /usr/lib/x86_64-linux-gnu/libXau.so.6.0.0
7f8d8ea45000-7f8d8ec45000 ---p 00002000 08:05 664667                     /usr/lib/x86_64-linux-gnu/libXau.so.6.0.0
7f8d8ec45000-7f8d8ec46000 r--p 00002000 08:05 664667                     /usr/lib/x86_64-linux-gnu/libXau.so.6.0.0
7f8d8ec46000-7f8d8ec47000 rw-p 00003000 08:05 664667                     /usr/lib/x86_64-linux-gnu/libXau.so.6.0.0
7f8d8ec47000-7f8d8ec68000 r-xp 00000000 08:05 666087                     /usr/lib/x86_64-linux-gnu/libxcb.so.1.1.0
7f8d8ec68000-7f8d8ee67000 ---p 00021000 08:05 666087                     /usr/lib/x86_64-linux-gnu/libxcb.so.1.1.0
7f8d8ee67000-7f8d8ee68000 r--p 00020000 08:05 666087                     /usr/lib/x86_64-linux-gnu/libxcb.so.1.1.0
7f8d8ee68000-7f8d8ee69000 rw-p 00021000 08:05 666087                     /usr/lib/x86_64-linux-gnu/libxcb.so.1.1.0
7f8d8ee69000-7f8d8ee78000 r-xp 00000000 08:05 664690                     /usr/lib/x86_64-linux-gnu/libXi.so.6.1.0
7f8d8ee78000-7f8d8f077000 ---p 0000f000 08:05 664690                     /usr/lib/x86_64-linux-gnu/libXi.so.6.1.0
7f8d8f077000-7f8d8f078000 r--p 0000e000 08:05 664690                     /usr/lib/x86_64-linux-gnu/libXi.so.6.1.0
7f8d8f078000-7f8d8f079000 rw-p 0000f000 08:05 664690                     /usr/lib/x86_64-linux-gnu/libXi.so.6.1.0
7f8d8f079000-7f8d8f07e000 r-xp 00000000 08:05 664708                     /usr/lib/x86_64-linux-gnu/libXtst.so.6.1.0
7f8d8f07e000-7f8d8f27d000 ---p 00005000 08:05 664708                     /usr/lib/x86_64-linux-gnu/libXtst.so.6.1.0
7f8d8f27d000-7f8d8f27e000 r--p 00004000 08:05 664708                     /usr/lib/x86_64-linux-gnu/libXtst.so.6.1.0
7f8d8f27e000-7f8d8f27f000 rw-p 00005000 08:05 664708                     /usr/lib/x86_64-linux-gnu/libXtst.so.6.1.0
7f8d8f27f000-7f8d8f288000 r-xp 00000000 08:05 664702                     /usr/lib/x86_64-linux-gnu/libXrender.so.1.3.0
7f8d8f288000-7f8d8f487000 ---p 00009000 08:05 664702                     /usr/lib/x86_64-linux-gnu/libXrender.so.1.3.0
7f8d8f487000-7f8d8f488000 r--p 00008000 08:05 664702                     /usr/lib/x86_64-linux-gnu/libXrender.so.1.3.0
7f8d8f488000-7f8d8f489000 rw-p 00009000 08:05 664702                     /usr/lib/x86_64-linux-gnu/libXrender.so.1.3.0
7f8d8f489000-7f8d8f5be000 r-xp 00000000 08:05 664663                     /usr/lib/x86_64-linux-gnu/libX11.so.6.3.0
7f8d8f5be000-7f8d8f7be000 ---p 00135000 08:05 664663                     /usr/lib/x86_64-linux-gnu/libX11.so.6.3.0
7f8d8f7be000-7f8d8f7bf000 r--p 00135000 08:05 664663                     /usr/lib/x86_64-linux-gnu/libX11.so.6.3.0
7f8d8f7bf000-7f8d8f7c3000 rw-p 00136000 08:05 664663                     /usr/lib/x86_64-linux-gnu/libX11.so.6.3.0
7f8d8f7c3000-7f8d8f7d4000 r-xp 00000000 08:05 664680                     /usr/lib/x86_64-linux-gnu/libXext.so.6.4.0
7f8d8f7d4000-7f8d8f9d3000 ---p 00011000 08:05 664680                     /usr/lib/x86_64-linux-gnu/libXext.so.6.4.0
7f8d8f9d3000-7f8d8f9d4000 r--p 00010000 08:05 664680                     /usr/lib/x86_64-linux-gnu/libXext.so.6.4.0
7f8d8f9d4000-7f8d8f9d5000 rw-p 00011000 08:05 664680                     /usr/lib/x86_64-linux-gnu/libXext.so.6.4.0
7f8d8f9d5000-7f8d8fa2a000 r-xp 00000000 08:05 1502985                    /usr/lib/jvm/java-8-openjdk-amd64/jre/lib/amd64/libawt_xawt.so
7f8d8fa2a000-7f8d8fc29000 ---p 00055000 08:05 1502985                    /usr/lib/jvm/java-8-openjdk-amd64/jre/lib/amd64/libawt_xawt.so
7f8d8fc29000-7f8d8fc2a000 r--p 00054000 08:05 1502985                    /usr/lib/jvm/java-8-openjdk-amd64/jre/lib/amd64/libawt_xawt.so
7f8d8fc2a000-7f8d8fc2d000 rw-p 00055000 08:05 1502985                    /usr/lib/jvm/java-8-openjdk-amd64/jre/lib/amd64/libawt_xawt.so
7f8d8fc2d000-7f8d8fc2e000 rw-p 00000000 00:00 0 
7f8d8fc2e000-7f8d8fcce000 r-xp 00000000 08:05 1502996                    /usr/lib/jvm/java-8-openjdk-amd64/jre/lib/amd64/libawt.so
7f8d8fcce000-7f8d8fece000 ---p 000a0000 08:05 1502996                    /usr/lib/jvm/java-8-openjdk-amd64/jre/lib/amd64/libawt.so
7f8d8fece000-7f8d8fecf000 r--p 000a0000 08:05 1502996                    /usr/lib/jvm/java-8-openjdk-amd64/jre/lib/amd64/libawt.so
7f8d8fecf000-7f8d8feda000 rw-p 000a1000 08:05 1502996                    /usr/lib/jvm/java-8-openjdk-amd64/jre/lib/amd64/libawt.so
7f8d8feda000-7f8d8feff000 rw-p 00000000 00:00 0 
7f8d8feff000-7f8d8ff00000 ---p 00000000 00:00 0 
7f8d8ff00000-7f8d90000000 rw-p 00000000 00:00 0 
7f8d90000000-7f8d9099a000 rw-p 00000000 00:00 0 
7f8d9099a000-7f8d94000000 ---p 00000000 00:00 0 
7f8d94000000-7f8d94466000 rw-p 00000000 00:00 0 
7f8d94466000-7f8d98000000 ---p 00000000 00:00 0 
7f8d98000000-7f8d98021000 rw-p 00000000 00:00 0 
7f8d98021000-7f8d9c000000 ---p 00000000 00:00 0 
7f8d9c000000-7f8d9c021000 rw-p 00000000 00:00 0 
7f8d9c021000-7f8da0000000 ---p 00000000 00:00 0 
7f8da0000000-7f8da0033000 rw-p 00000000 00:00 0 
7f8da0033000-7f8da4000000 ---p 00000000 00:00 0 
7f8da4000000-7f8da4021000 rw-p 00000000 00:00 0 
7f8da4021000-7f8da8000000 ---p 00000000 00:00 0 
7f8da8000000-7f8da8021000 rw-p 00000000 00:00 0 
7f8da8021000-7f8dac000000 ---p 00000000 00:00 0 
7f8dac07e000-7f8dac081000 ---p 00000000 00:00 0 
7f8dac081000-7f8dac17f000 rw-p 00000000 00:00 0 
7f8dac17f000-7f8dac182000 ---p 00000000 00:00 0 
7f8dac182000-7f8db0000000 rw-p 00000000 00:00 0 
7f8db0000000-7f8db0021000 rw-p 00000000 00:00 0 
7f8db0021000-7f8db4000000 ---p 00000000 00:00 0 
7f8db4000000-7f8db4021000 rw-p 00000000 00:00 0 
7f8db4021000-7f8db8000000 ---p 00000000 00:00 0 
7f8db8000000-7f8db8021000 rw-p 00000000 00:00 0 
7f8db8021000-7f8dbc000000 ---p 00000000 00:00 0 
7f8dbc03b000-7f8dbc03e000 ---p 00000000 00:00 0 
7f8dbc03e000-7f8dbc13c000 rw-p 00000000 00:00 0 
7f8dbc13c000-7f8dbc13f000 ---p 00000000 00:00 0 
7f8dbc13f000-7f8dbc23d000 rw-p 00000000 00:00 0 
7f8dbc23d000-7f8dbc240000 ---p 00000000 00:00 0 
7f8dbc240000-7f8dbc33e000 rw-p 00000000 00:00 0 
7f8dbc33e000-7f8dbccfd000 r--p 00000000 08:05 663194                     /usr/lib/locale/locale-archive
7f8dbccfd000-7f8dbcd00000 ---p 00000000 00:00 0 
7f8dbcd00000-7f8dbcdfe000 rw-p 00000000 00:00 0 
7f8dbcdfe000-7f8dbce01000 ---p 00000000 00:00 0 
7f8dbce01000-7f8dbceff000 rw-p 00000000 00:00 0 
7f8dbceff000-7f8dbcf00000 ---p 00000000 00:00 0 
7f8dbcf00000-7f8dbd000000 rw-p 00000000 00:00 0 
7f8dbd000000-7f8dbd530000 rwxp 00000000 00:00 0 
7f8dbd530000-7f8dcc000000 ---p 00000000 00:00 0 
7f8dcc000000-7f8dcc33b000 rw-p 00000000 00:00 0 
7f8dcc33b000-7f8dd0000000 ---p 00000000 00:00 0 
7f8dd004a000-7f8dd004f000 r--s 0009d000 08:05 1181233                    /usr/lib/jvm/java-8-openjdk-amd64/jre/lib/jsse.jar
7f8dd004f000-7f8dd0062000 r--s 00346000 08:05 1182190                    /usr/lib/jvm/java-8-openjdk-amd64/jre/lib/resources.jar
7f8dd0062000-7f8dd0069000 r--s 00000000 08:05 919511                     /usr/lib/x86_64-linux-gnu/gconv/gconv-modules.cache
7f8dd0069000-7f8dd008e000 r--p 00000000 08:05 1186473                    /usr/share/locale-langpack/es/LC_MESSAGES/libc.mo
7f8dd008e000-7f8dd0093000 r--s 002f9000 08:05 1240188                    /usr/lib/jvm/java-8-openjdk-amd64/jre/lib/charsets.jar
7f8dd0093000-7f8dd00ae000 r--s 00394000 08:05 1312989                    /usr/lib/jvm/java-8-openjdk-amd64/jre/lib/ext/cldrdata.jar
7f8dd00ae000-7f8dd00c9000 r--s 001d6000 08:05 1312134                    /usr/lib/jvm/java-8-openjdk-amd64/jre/lib/ext/nashorn.jar
7f8dd00c9000-7f8dd10aa000 rw-p 00000000 00:00 0 
7f8dd10aa000-7f8dd1279000 r--s 03c32000 08:05 1181885                    /usr/lib/jvm/java-8-openjdk-amd64/jre/lib/rt.jar
7f8dd1279000-7f8dd1ec7000 rw-p 00000000 00:00 0 
7f8dd1ec7000-7f8dd1ec8000 ---p 00000000 00:00 0 
7f8dd1ec8000-7f8dd1fc8000 rw-p 00000000 00:00 0 
7f8dd1fc8000-7f8dd1fc9000 ---p 00000000 00:00 0 
7f8dd1fc9000-7f8dd20c9000 rw-p 00000000 00:00 0 
7f8dd20c9000-7f8dd20ca000 ---p 00000000 00:00 0 
7f8dd20ca000-7f8dd21ca000 rw-p 00000000 00:00 0 
7f8dd21ca000-7f8dd21cb000 ---p 00000000 00:00 0 
7f8dd21cb000-7f8dd248b000 rw-p 00000000 00:00 0 
7f8dd248b000-7f8dd255b000 ---p 00000000 00:00 0 
7f8dd255b000-7f8dd271b000 rw-p 00000000 00:00 0 
7f8dd271b000-7f8dd27eb000 ---p 00000000 00:00 0 
7f8dd27eb000-7f8dd28c8000 rw-p 00000000 00:00 0 
7f8dd28c8000-7f8dd2933000 ---p 00000000 00:00 0 
7f8dd2933000-7f8dd2949000 rw-p 00000000 00:00 0 
7f8dd2949000-7f8dd2cf4000 ---p 00000000 00:00 0 
7f8dd2cf4000-7f8dd2cfc000 r-xp 00000000 08:05 1502984                    /usr/lib/jvm/java-8-openjdk-amd64/jre/lib/amd64/libzip.so
7f8dd2cfc000-7f8dd2efb000 ---p 00008000 08:05 1502984                    /usr/lib/jvm/java-8-openjdk-amd64/jre/lib/amd64/libzip.so
7f8dd2efb000-7f8dd2efc000 r--p 00007000 08:05 1502984                    /usr/lib/jvm/java-8-openjdk-amd64/jre/lib/amd64/libzip.so
7f8dd2efc000-7f8dd2efd000 rw-p 00008000 08:05 1502984                    /usr/lib/jvm/java-8-openjdk-amd64/jre/lib/amd64/libzip.so
7f8dd2efd000-7f8dd2f08000 r-xp 00000000 08:05 398736                     /lib/x86_64-linux-gnu/libnss_files-2.23.so
7f8dd2f08000-7f8dd3107000 ---p 0000b000 08:05 398736                     /lib/x86_64-linux-gnu/libnss_files-2.23.so
7f8dd3107000-7f8dd3108000 r--p 0000a000 08:05 398736                     /lib/x86_64-linux-gnu/libnss_files-2.23.so
7f8dd3108000-7f8dd3109000 rw-p 0000b000 08:05 398736                     /lib/x86_64-linux-gnu/libnss_files-2.23.so
7f8dd3109000-7f8dd310f000 rw-p 00000000 00:00 0 
7f8dd310f000-7f8dd311a000 r-xp 00000000 08:05 398746                     /lib/x86_64-linux-gnu/libnss_nis-2.23.so
7f8dd311a000-7f8dd3319000 ---p 0000b000 08:05 398746                     /lib/x86_64-linux-gnu/libnss_nis-2.23.so
7f8dd3319000-7f8dd331a000 r--p 0000a000 08:05 398746                     /lib/x86_64-linux-gnu/libnss_nis-2.23.so
7f8dd331a000-7f8dd331b000 rw-p 0000b000 08:05 398746                     /lib/x86_64-linux-gnu/libnss_nis-2.23.so
7f8dd331b000-7f8dd3331000 r-xp 00000000 08:05 398730                     /lib/x86_64-linux-gnu/libnsl-2.23.so
7f8dd3331000-7f8dd3530000 ---p 00016000 08:05 398730                     /lib/x86_64-linux-gnu/libnsl-2.23.so
7f8dd3530000-7f8dd3531000 r--p 00015000 08:05 398730                     /lib/x86_64-linux-gnu/libnsl-2.23.so
7f8dd3531000-7f8dd3532000 rw-p 00016000 08:05 398730                     /lib/x86_64-linux-gnu/libnsl-2.23.so
7f8dd3532000-7f8dd3534000 rw-p 00000000 00:00 0 
7f8dd3534000-7f8dd353c000 r-xp 00000000 08:05 398732                     /lib/x86_64-linux-gnu/libnss_compat-2.23.so
7f8dd353c000-7f8dd373b000 ---p 00008000 08:05 398732                     /lib/x86_64-linux-gnu/libnss_compat-2.23.so
7f8dd373b000-7f8dd373c000 r--p 00007000 08:05 398732                     /lib/x86_64-linux-gnu/libnss_compat-2.23.so
7f8dd373c000-7f8dd373d000 rw-p 00008000 08:05 398732                     /lib/x86_64-linux-gnu/libnss_compat-2.23.so
7f8dd373d000-7f8dd376a000 r-xp 00000000 08:05 1503000                    /usr/lib/jvm/java-8-openjdk-amd64/jre/lib/amd64/libjava.so
7f8dd376a000-7f8dd3969000 ---p 0002d000 08:05 1503000                    /usr/lib/jvm/java-8-openjdk-amd64/jre/lib/amd64/libjava.so
7f8dd3969000-7f8dd396a000 r--p 0002c000 08:05 1503000                    /usr/lib/jvm/java-8-openjdk-amd64/jre/lib/amd64/libjava.so
7f8dd396a000-7f8dd396c000 rw-p 0002d000 08:05 1503000                    /usr/lib/jvm/java-8-openjdk-amd64/jre/lib/amd64/libjava.so
7f8dd396c000-7f8dd397b000 r-xp 00000000 08:05 1502988                    /usr/lib/jvm/java-8-openjdk-amd64/jre/lib/amd64/libverify.so
7f8dd397b000-7f8dd3b7a000 ---p 0000f000 08:05 1502988                    /usr/lib/jvm/java-8-openjdk-amd64/jre/lib/amd64/libverify.so
7f8dd3b7a000-7f8dd3b7c000 r--p 0000e000 08:05 1502988                    /usr/lib/jvm/java-8-openjdk-amd64/jre/lib/amd64/libverify.so
7f8dd3b7c000-7f8dd3b7d000 rw-p 00010000 08:05 1502988                    /usr/lib/jvm/java-8-openjdk-amd64/jre/lib/amd64/libverify.so
7f8dd3b7d000-7f8dd3b84000 r-xp 00000000 08:05 398791                     /lib/x86_64-linux-gnu/librt-2.23.so
7f8dd3b84000-7f8dd3d83000 ---p 00007000 08:05 398791                     /lib/x86_64-linux-gnu/librt-2.23.so
7f8dd3d83000-7f8dd3d84000 r--p 00006000 08:05 398791                     /lib/x86_64-linux-gnu/librt-2.23.so
7f8dd3d84000-7f8dd3d85000 rw-p 00007000 08:05 398791                     /lib/x86_64-linux-gnu/librt-2.23.so
7f8dd3d85000-7f8dd3d9b000 r-xp 00000000 08:05 398675                     /lib/x86_64-linux-gnu/libgcc_s.so.1
7f8dd3d9b000-7f8dd3f9a000 ---p 00016000 08:05 398675                     /lib/x86_64-linux-gnu/libgcc_s.so.1
7f8dd3f9a000-7f8dd3f9b000 rw-p 00015000 08:05 398675                     /lib/x86_64-linux-gnu/libgcc_s.so.1
7f8dd3f9b000-7f8dd40a3000 r-xp 00000000 08:05 398707                     /lib/x86_64-linux-gnu/libm-2.23.so
7f8dd40a3000-7f8dd42a2000 ---p 00108000 08:05 398707                     /lib/x86_64-linux-gnu/libm-2.23.so
7f8dd42a2000-7f8dd42a3000 r--p 00107000 08:05 398707                     /lib/x86_64-linux-gnu/libm-2.23.so
7f8dd42a3000-7f8dd42a4000 rw-p 00108000 08:05 398707                     /lib/x86_64-linux-gnu/libm-2.23.so
7f8dd42a4000-7f8dd4416000 r-xp 00000000 08:05 658358                     /usr/lib/x86_64-linux-gnu/libstdc++.so.6.0.21
7f8dd4416000-7f8dd4616000 ---p 00172000 08:05 658358                     /usr/lib/x86_64-linux-gnu/libstdc++.so.6.0.21
7f8dd4616000-7f8dd4620000 r--p 00172000 08:05 658358                     /usr/lib/x86_64-linux-gnu/libstdc++.so.6.0.21
7f8dd4620000-7f8dd4622000 rw-p 0017c000 08:05 658358                     /usr/lib/x86_64-linux-gnu/libstdc++.so.6.0.21
7f8dd4622000-7f8dd4626000 rw-p 00000000 00:00 0 
7f8dd4626000-7f8dd5283000 r-xp 00000000 08:05 1704438                    /usr/lib/jvm/java-8-openjdk-amd64/jre/lib/amd64/server/libjvm.so
7f8dd5283000-7f8dd5483000 ---p 00c5d000 08:05 1704438                    /usr/lib/jvm/java-8-openjdk-amd64/jre/lib/amd64/server/libjvm.so
7f8dd5483000-7f8dd5517000 r--p 00c5d000 08:05 1704438                    /usr/lib/jvm/java-8-openjdk-amd64/jre/lib/amd64/server/libjvm.so
7f8dd5517000-7f8dd5540000 rw-p 00cf1000 08:05 1704438                    /usr/lib/jvm/java-8-openjdk-amd64/jre/lib/amd64/server/libjvm.so
7f8dd5540000-7f8dd5570000 rw-p 00000000 00:00 0 
7f8dd5570000-7f8dd5588000 r-xp 00000000 08:05 398783                     /lib/x86_64-linux-gnu/libpthread-2.23.so
7f8dd5588000-7f8dd5787000 ---p 00018000 08:05 398783                     /lib/x86_64-linux-gnu/libpthread-2.23.so
7f8dd5787000-7f8dd5788000 r--p 00017000 08:05 398783                     /lib/x86_64-linux-gnu/libpthread-2.23.so
7f8dd5788000-7f8dd5789000 rw-p 00018000 08:05 398783                     /lib/x86_64-linux-gnu/libpthread-2.23.so
7f8dd5789000-7f8dd578d000 rw-p 00000000 00:00 0 
7f8dd578d000-7f8dd5790000 r-xp 00000000 08:05 398661                     /lib/x86_64-linux-gnu/libdl-2.23.so
7f8dd5790000-7f8dd598f000 ---p 00003000 08:05 398661                     /lib/x86_64-linux-gnu/libdl-2.23.so
7f8dd598f000-7f8dd5990000 r--p 00002000 08:05 398661                     /lib/x86_64-linux-gnu/libdl-2.23.so
7f8dd5990000-7f8dd5991000 rw-p 00003000 08:05 398661                     /lib/x86_64-linux-gnu/libdl-2.23.so
7f8dd5991000-7f8dd59aa000 r-xp 00000000 08:05 398828                     /lib/x86_64-linux-gnu/libz.so.1.2.8
7f8dd59aa000-7f8dd5ba9000 ---p 00019000 08:05 398828                     /lib/x86_64-linux-gnu/libz.so.1.2.8
7f8dd5ba9000-7f8dd5baa000 r--p 00018000 08:05 398828                     /lib/x86_64-linux-gnu/libz.so.1.2.8
7f8dd5baa000-7f8dd5bab000 rw-p 00019000 08:05 398828                     /lib/x86_64-linux-gnu/libz.so.1.2.8
7f8dd5bab000-7f8dd5d6b000 r-xp 00000000 08:05 398637                     /lib/x86_64-linux-gnu/libc-2.23.so
7f8dd5d6b000-7f8dd5f6b000 ---p 001c0000 08:05 398637                     /lib/x86_64-linux-gnu/libc-2.23.so
7f8dd5f6b000-7f8dd5f6f000 r--p 001c0000 08:05 398637                     /lib/x86_64-linux-gnu/libc-2.23.so
7f8dd5f6f000-7f8dd5f71000 rw-p 001c4000 08:05 398637                     /lib/x86_64-linux-gnu/libc-2.23.so
7f8dd5f71000-7f8dd5f75000 rw-p 00000000 00:00 0 
7f8dd5f75000-7f8dd5f82000 r-xp 00000000 08:05 1704521                    /usr/lib/jvm/java-8-openjdk-amd64/jre/lib/amd64/jli/libjli.so
7f8dd5f82000-7f8dd6182000 ---p 0000d000 08:05 1704521                    /usr/lib/jvm/java-8-openjdk-amd64/jre/lib/amd64/jli/libjli.so
7f8dd6182000-7f8dd6183000 r--p 0000d000 08:05 1704521                    /usr/lib/jvm/java-8-openjdk-amd64/jre/lib/amd64/jli/libjli.so
7f8dd6183000-7f8dd6184000 rw-p 0000e000 08:05 1704521                    /usr/lib/jvm/java-8-openjdk-amd64/jre/lib/amd64/jli/libjli.so
7f8dd6184000-7f8dd61aa000 r-xp 00000000 08:05 398609                     /lib/x86_64-linux-gnu/ld-2.23.so
7f8dd61aa000-7f8dd61b2000 r--s 000c4000 08:06 3677543                    /home/lautaro/netbeans-8.2/ide/modules/ext/mysql-connector-java-5.1.23-bin.jar
7f8dd61b2000-7f8dd61bc000 r--s 00116000 08:05 1350404                    /usr/lib/jvm/java-8-openjdk-amd64/jre/lib/ext/localedata.jar
7f8dd61bc000-7f8dd61be000 r--s 00008000 08:05 1350406                    /usr/lib/jvm/java-8-openjdk-amd64/jre/lib/ext/sunec.jar
7f8dd61be000-7f8dd6289000 rw-p 00000000 00:00 0 
7f8dd6289000-7f8dd628c000 ---p 00000000 00:00 0 
7f8dd628c000-7f8dd638e000 rw-p 00000000 00:00 0 
7f8dd638e000-7f8dd638f000 r--s 0000a000 08:05 1350407                    /usr/lib/jvm/java-8-openjdk-amd64/jre/lib/ext/jaccess.jar
7f8dd638f000-7f8dd6391000 r--s 00001000 08:05 1312991                    /usr/lib/jvm/java-8-openjdk-amd64/jre/lib/ext/dnsns.jar
7f8dd6391000-7f8dd6397000 r--s 0003b000 08:05 1350405                    /usr/lib/jvm/java-8-openjdk-amd64/jre/lib/ext/sunjce_provider.jar
7f8dd6397000-7f8dd639a000 r--s 0000f000 08:05 1312133                    /usr/lib/jvm/java-8-openjdk-amd64/jre/lib/ext/icedtea-sound.jar
7f8dd639a000-7f8dd639b000 r--s 00010000 08:05 1313006                    /usr/lib/jvm/java-8-openjdk-amd64/jre/lib/ext/zipfs.jar
7f8dd639b000-7f8dd639e000 r--s 00038000 08:05 1312990                    /usr/lib/jvm/java-8-openjdk-amd64/jre/lib/ext/sunpkcs11.jar
7f8dd639e000-7f8dd63a6000 rw-s 00000000 08:05 1472291                    /tmp/hsperfdata_lautaro/5901
7f8dd63a6000-7f8dd63a7000 rw-p 00000000 00:00 0 
7f8dd63a7000-7f8dd63a8000 ---p 00000000 00:00 0 
7f8dd63a8000-7f8dd63a9000 rw-p 00000000 00:00 0 
7f8dd63a9000-7f8dd63aa000 r--p 00025000 08:05 398609                     /lib/x86_64-linux-gnu/ld-2.23.so
7f8dd63aa000-7f8dd63ab000 rw-p 00026000 08:05 398609                     /lib/x86_64-linux-gnu/ld-2.23.so
7f8dd63ab000-7f8dd63ac000 rw-p 00000000 00:00 0 
7ffe49a45000-7ffe49a66000 rw-p 00000000 00:00 0                          [stack]
7ffe49b8d000-7ffe49b90000 r--p 00000000 00:00 0                          [vvar]
7ffe49b90000-7ffe49b92000 r-xp 00000000 00:00 0                          [vdso]
ffffffffff600000-ffffffffff601000 r-xp 00000000 00:00 0                  [vsyscall]

VM Arguments:
jvm_args: -Dfile.encoding=UTF-8 
java_command: proyecto_cliente.Proyecto_cliente
java_class_path (initial): /home/lautaro/netbeans-8.2/ide/modules/ext/mysql-connector-java-5.1.23-bin.jar:/home/lautaro/NetBeansProjects/Proyecto_cliente/build/classes
Launcher Type: SUN_STANDARD

Environment Variables:
PATH=/home/lautaro/bin:/home/lautaro/.local/bin:/usr/local/sbin:/usr/local/bin:/usr/sbin:/usr/bin:/sbin:/bin:/usr/games:/usr/local/games:/snap/bin
LD_LIBRARY_PATH=/usr/lib/jvm/java-8-openjdk-amd64/jre/lib/amd64:/usr/lib/jvm/java-8-openjdk-amd64/jre/lib/i386:
SHELL=/bin/bash
DISPLAY=:0

Signal Handlers:
SIGSEGV: [libjvm.so+0xa71a30], sa_mask[0]=11111111011111111101111111111110, sa_flags=SA_RESTART|SA_SIGINFO
SIGBUS: [libjvm.so+0xa71a30], sa_mask[0]=11111111011111111101111111111110, sa_flags=SA_RESTART|SA_SIGINFO
SIGFPE: [libjvm.so+0x8b8f40], sa_mask[0]=11111111011111111101111111111110, sa_flags=SA_RESTART|SA_SIGINFO
SIGPIPE: [libjvm.so+0x8b8f40], sa_mask[0]=11111111011111111101111111111110, sa_flags=SA_RESTART|SA_SIGINFO
SIGXFSZ: [libjvm.so+0x8b8f40], sa_mask[0]=11111111011111111101111111111110, sa_flags=SA_RESTART|SA_SIGINFO
SIGILL: [libjvm.so+0x8b8f40], sa_mask[0]=11111111011111111101111111111110, sa_flags=SA_RESTART|SA_SIGINFO
SIGUSR1: SIG_DFL, sa_mask[0]=00000000000000000000000000000000, sa_flags=none
SIGUSR2: [libjvm.so+0x8b8df0], sa_mask[0]=00100000000000000000000000000000, sa_flags=SA_RESTART|SA_SIGINFO
SIGHUP: [libjvm.so+0x8b92c0], sa_mask[0]=11111111011111111101111111111110, sa_flags=SA_RESTART|SA_SIGINFO
SIGINT: SIG_IGN, sa_mask[0]=00000000000000000000000000000000, sa_flags=none
SIGTERM: [libjvm.so+0x8b92c0], sa_mask[0]=11111111011111111101111111111110, sa_flags=SA_RESTART|SA_SIGINFO
SIGQUIT: [libjvm.so+0x8b92c0], sa_mask[0]=11111111011111111101111111111110, sa_flags=SA_RESTART|SA_SIGINFO


---------------  S Y S T E M  ---------------

OS:DISTRIB_ID=Ubuntu
DISTRIB_RELEASE=16.04
DISTRIB_CODENAME=xenial
DISTRIB_DESCRIPTION="Ubuntu 16.04.4 LTS"

uname:Linux 4.15.0-32-generic #35~16.04.1-Ubuntu SMP Fri Aug 10 21:54:34 UTC 2018 x86_64
libc:glibc 2.23 NPTL 2.23 
rlimit: STACK 8192k, CORE 0k, NPROC 31011, NOFILE 1048576, AS infinity
load average:5,62 2,90 1,79

/proc/meminfo:
MemTotal:        8052884 kB
MemFree:          140232 kB
MemAvailable:     179488 kB
Buffers:           19388 kB
Cached:           682776 kB
SwapCached:            0 kB
Active:          7089268 kB
Inactive:         597952 kB
Active(anon):    6986740 kB
Inactive(anon):   458440 kB
Active(file):     102528 kB
Inactive(file):   139512 kB
Unevictable:         136 kB
Mlocked:             136 kB
SwapTotal:             0 kB
SwapFree:              0 kB
Dirty:               308 kB
Writeback:             0 kB
AnonPages:       6985388 kB
Mapped:           172504 kB
Shmem:            460120 kB
Slab:              98844 kB
SReclaimable:      45484 kB
SUnreclaim:        53360 kB
KernelStack:       11712 kB
PageTables:        54896 kB
NFS_Unstable:          0 kB
Bounce:                0 kB
WritebackTmp:          0 kB
CommitLimit:     4026440 kB
Committed_AS:   12934348 kB
VmallocTotal:   34359738367 kB
VmallocUsed:           0 kB
VmallocChunk:          0 kB
HardwareCorrupted:     0 kB
AnonHugePages:         0 kB
ShmemHugePages:        0 kB
ShmemPmdMapped:        0 kB
CmaTotal:              0 kB
CmaFree:               0 kB
HugePages_Total:       0
HugePages_Free:        0
HugePages_Rsvd:        0
HugePages_Surp:        0
Hugepagesize:       2048 kB
DirectMap4k:      153028 kB
DirectMap2M:     4974592 kB
DirectMap1G:     3145728 kB


CPU:total 4 (initial active 4) (4 cores per cpu, 1 threads per core) family 6 model 158 stepping 9, cmov, cx8, fxsr, mmx, sse, sse2, sse3, ssse3, sse4.1, sse4.2, popcnt, avx, avx2, aes, clmul, erms, 3dnowpref, lzcnt, tsc, tscinvbit, bmi1, bmi2, adx

/proc/cpuinfo:
processor	: 0
vendor_id	: GenuineIntel
cpu family	: 6
model		: 158
model name	: Intel(R) Core(TM) i5-7300HQ CPU @ 2.50GHz
stepping	: 9
microcode	: 0x84
cpu MHz		: 3100.000
cache size	: 6144 KB
physical id	: 0
siblings	: 4
core id		: 0
cpu cores	: 4
apicid		: 0
initial apicid	: 0
fpu		: yes
fpu_exception	: yes
cpuid level	: 22
wp		: yes
flags		: fpu vme de pse tsc msr pae mce cx8 apic sep mtrr pge mca cmov pat pse36 clflush dts acpi mmx fxsr sse sse2 ss ht tm pbe syscall nx pdpe1gb rdtscp lm constant_tsc art arch_perfmon pebs bts rep_good nopl xtopology nonstop_tsc cpuid aperfmperf tsc_known_freq pni pclmulqdq dtes64 monitor ds_cpl vmx est tm2 ssse3 sdbg fma cx16 xtpr pdcm pcid sse4_1 sse4_2 x2apic movbe popcnt tsc_deadline_timer aes xsave avx f16c rdrand lahf_lm abm 3dnowprefetch cpuid_fault epb invpcid_single pti ibrs ibpb stibp tpr_shadow vnmi flexpriority ept vpid fsgsbase tsc_adjust bmi1 avx2 smep bmi2 erms invpcid mpx rdseed adx smap clflushopt intel_pt xsaveopt xsavec xgetbv1 xsaves dtherm ida arat pln pts hwp hwp_notify hwp_act_window hwp_epp
bugs		: cpu_meltdown spectre_v1 spectre_v2 spec_store_bypass l1tf
bogomips	: 4992.00
clflush size	: 64
cache_alignment	: 64
address sizes	: 39 bits physical, 48 bits virtual
power management:

processor	: 1
vendor_id	: GenuineIntel
cpu family	: 6
model		: 158
model name	: Intel(R) Core(TM) i5-7300HQ CPU @ 2.50GHz
stepping	: 9
microcode	: 0x84
cpu MHz		: 3099.999
cache size	: 6144 KB
physical id	: 0
siblings	: 4
core id		: 1
cpu cores	: 4
apicid		: 2
initial apicid	: 2
fpu		: yes
fpu_exception	: yes
cpuid level	: 22
wp		: yes
flags		: fpu vme de pse tsc msr pae mce cx8 apic sep mtrr pge mca cmov pat pse36 clflush dts acpi mmx fxsr sse sse2 ss ht tm pbe syscall nx pdpe1gb rdtscp lm constant_tsc art arch_perfmon pebs bts rep_good nopl xtopology nonstop_tsc cpuid aperfmperf tsc_known_freq pni pclmulqdq dtes64 monitor ds_cpl vmx est tm2 ssse3 sdbg fma cx16 xtpr pdcm pcid sse4_1 sse4_2 x2apic movbe popcnt tsc_deadline_timer aes xsave avx f16c rdrand lahf_lm abm 3dnowprefetch cpuid_fault epb invpcid_single pti ibrs ibpb stibp tpr_shadow vnmi flexpriority ept vpid fsgsbase tsc_adjust bmi1 avx2 smep bmi2 erms invpcid mpx rdseed adx smap clflushopt intel_pt xsaveopt xsavec xgetbv1 xsaves dtherm ida arat pln pts hwp hwp_notify hwp_act_window hwp_epp
bugs		: cpu_meltdown spectre_v1 spectre_v2 spec_store_bypass l1tf
bogomips	: 4992.00
clflush size	: 64
cache_alignment	: 64
address sizes	: 39 bits physical, 48 bits virtual
power management:

processor	: 2
vendor_id	: GenuineIntel
cpu family	: 6
model		: 158
model name	: Intel(R) Core(TM) i5-7300HQ CPU @ 2.50GHz
stepping	: 9
microcode	: 0x84
cpu MHz		: 3100.000
cache size	: 6144 KB
physical id	: 0
siblings	: 4
core id		: 2
cpu cores	: 4
apicid		: 4
initial apicid	: 4
fpu		: yes
fpu_exception	: yes
cpuid level	: 22
wp		: yes
flags		: fpu vme de pse tsc msr pae mce cx8 apic sep mtrr pge mca cmov pat pse36 clflush dts acpi mmx fxsr sse sse2 ss ht tm pbe syscall nx pdpe1gb rdtscp lm constant_tsc art arch_perfmon pebs bts rep_good nopl xtopology nonstop_tsc cpuid aperfmperf tsc_known_freq pni pclmulqdq dtes64 monitor ds_cpl vmx est tm2 ssse3 sdbg fma cx16 xtpr pdcm pcid sse4_1 sse4_2 x2apic movbe popcnt tsc_deadline_timer aes xsave avx f16c rdrand lahf_lm abm 3dnowprefetch cpuid_fault epb invpcid_single pti ibrs ibpb stibp tpr_shadow vnmi flexpriority ept vpid fsgsbase tsc_adjust bmi1 avx2 smep bmi2 erms invpcid mpx rdseed adx smap clflushopt intel_pt xsaveopt xsavec xgetbv1 xsaves dtherm ida arat pln pts hwp hwp_notify hwp_act_window hwp_epp
bugs		: cpu_meltdown spectre_v1 spectre_v2 spec_store_bypass l1tf
bogomips	: 4992.00
clflush size	: 64
cache_alignment	: 64
address sizes	: 39 bits physical, 48 bits virtual
power management:

processor	: 3
vendor_id	: GenuineIntel
cpu family	: 6
model		: 158
model name	: Intel(R) Core(TM) i5-7300HQ CPU @ 2.50GHz
stepping	: 9
microcode	: 0x84
cpu MHz		: 3100.000
cache size	: 6144 KB
physical id	: 0
siblings	: 4
core id		: 3
cpu cores	: 4
apicid		: 6
initial apicid	: 6
fpu		: yes
fpu_exception	: yes
cpuid level	: 22
wp		: yes
flags		: fpu vme de pse tsc msr pae mce cx8 apic sep mtrr pge mca cmov pat pse36 clflush dts acpi mmx fxsr sse sse2 ss ht tm pbe syscall nx pdpe1gb rdtscp lm constant_tsc art arch_perfmon pebs bts rep_good nopl xtopology nonstop_tsc cpuid aperfmperf tsc_known_freq pni pclmulqdq dtes64 monitor ds_cpl vmx est tm2 ssse3 sdbg fma cx16 xtpr pdcm pcid sse4_1 sse4_2 x2apic movbe popcnt tsc_deadline_timer aes xsave avx f16c rdrand lahf_lm abm 3dnowprefetch cpuid_fault epb invpcid_single pti ibrs ibpb stibp tpr_shadow vnmi flexpriority ept vpid fsgsbase tsc_adjust bmi1 avx2 smep bmi2 erms invpcid mpx rdseed adx smap clflushopt intel_pt xsaveopt xsavec xgetbv1 xsaves dtherm ida arat pln pts hwp hwp_notify hwp_act_window hwp_epp
bugs		: cpu_meltdown spectre_v1 spectre_v2 spec_store_bypass l1tf
bogomips	: 4992.00
clflush size	: 64
cache_alignment	: 64
address sizes	: 39 bits physical, 48 bits virtual
power management:



Memory: 4k page, physical 8052884k(140232k free), swap 0k(0k free)

vm_info: OpenJDK 64-Bit Server VM (25.181-b13) for linux-amd64 JRE (1.8.0_181-8u181-b13-0ubuntu0.16.04.1-b13), built on Jul 30 2018 21:06:27 by "buildd" with gcc 5.4.0 20160609

time: Thu Aug 30 09:01:05 2018
elapsed time: 59 seconds (0d 0h 0m 59s)

