#
# There is insufficient memory for the Java Runtime Environment to continue.
# Native memory allocation (mmap) failed to map 240123904 bytes for committing reserved memory.
# Possible reasons:
#   The system is out of physical RAM or swap space
#   In 32 bit mode, the process size limit was hit
# Possible solutions:
#   Reduce memory load on the system
#   Increase physical memory or swap space
#   Check if swap backing store is full
#   Use 64 bit Java on a 64 bit OS
#   Decrease Java heap size (-Xmx/-Xms)
#   Decrease number of Java threads
#   Decrease Java thread stack sizes (-Xss)
#   Set larger code cache with -XX:ReservedCodeCacheSize=
# This output file may be truncated or incomplete.
#
#  Out of Memory Error (os_linux.cpp:2643), pid=9153, tid=0x00007f7dfe8f0700
#
# JRE version: OpenJDK Runtime Environment (8.0_181-b13) (build 1.8.0_181-8u181-b13-0ubuntu0.16.04.1-b13)
# Java VM: OpenJDK 64-Bit Server VM (25.181-b13 mixed mode linux-amd64 compressed oops)
# Failed to write core dump. Core dumps have been disabled. To enable core dumping, try "ulimit -c unlimited" before starting Java again
#

---------------  T H R E A D  ---------------

Current thread (0x00007f7e1c078000):  VMThread [stack: 0x00007f7dfe7f0000,0x00007f7dfe8f1000] [id=9162]

Stack: [0x00007f7dfe7f0000,0x00007f7dfe8f1000],  sp=0x00007f7dfe8ef480,  free space=1021k
Native frames: (J=compiled Java code, j=interpreted, Vv=VM code, C=native code)
V  [libjvm.so+0xa70edb]
V  [libjvm.so+0x4c893c]
V  [libjvm.so+0x8bda08]
V  [libjvm.so+0x8b7d9e]
V  [libjvm.so+0x933206]
V  [libjvm.so+0x92289a]
V  [libjvm.so+0x922aa3]
V  [libjvm.so+0x923408]
V  [libjvm.so+0x9296ce]
V  [libjvm.so+0x93106d]
V  [libjvm.so+0x8e27c3]
V  [libjvm.so+0xa72b82]
V  [libjvm.so+0xa77d27]
V  [libjvm.so+0xa75427]
V  [libjvm.so+0xa768af]
V  [libjvm.so+0xa76da1]
V  [libjvm.so+0x8bae12]

VM_Operation (0x00007f7dce371680): ParallelGCFailedAllocation, mode: safepoint, requested by thread 0x00007f7e1c2d2800


---------------  P R O C E S S  ---------------

Java Threads: ( => current thread )
  0x00007f7db8025000 JavaThread "TimerQueue" daemon [_thread_blocked, id=9179, stack(0x00007f7dcdc70000,0x00007f7dcdd71000)]
  0x00007f7db402c000 JavaThread "Abandoned connection cleanup thread" daemon [_thread_blocked, id=9178, stack(0x00007f7dce171000,0x00007f7dce272000)]
  0x00007f7e1c00a800 JavaThread "DestroyJavaVM" [_thread_blocked, id=9157, stack(0x00007f7e23914000,0x00007f7e23a15000)]
  0x00007f7e1c2d2800 JavaThread "Thread-0" [_thread_blocked, id=9176, stack(0x00007f7dce272000,0x00007f7dce373000)]
  0x00007f7e1c289000 JavaThread "AWT-EventQueue-0" [_thread_blocked, id=9175, stack(0x00007f7dcefc3000,0x00007f7dcf0c4000)]
  0x00007f7e1c287800 JavaThread "AWT-Shutdown" [_thread_blocked, id=9174, stack(0x00007f7dcf0c4000,0x00007f7dcf1c5000)]
  0x00007f7e1c251000 JavaThread "AWT-XAWT" daemon [_thread_blocked, id=9173, stack(0x00007f7dcf1c5000,0x00007f7dcf2c6000)]
  0x00007f7e1c22b000 JavaThread "Java2D Disposer" daemon [_thread_blocked, id=9172, stack(0x00007f7dfc06c000,0x00007f7dfc16d000)]
  0x00007f7e1c0c0000 JavaThread "Service Thread" daemon [_thread_blocked, id=9169, stack(0x00007f7dfd72a000,0x00007f7dfd82b000)]
  0x00007f7e1c0bd000 JavaThread "C1 CompilerThread2" daemon [_thread_blocked, id=9168, stack(0x00007f7dfd82b000,0x00007f7dfd92c000)]
  0x00007f7e1c0bb000 JavaThread "C2 CompilerThread1" daemon [_thread_blocked, id=9167, stack(0x00007f7dfd92c000,0x00007f7dfda2d000)]
  0x00007f7e1c0b8000 JavaThread "C2 CompilerThread0" daemon [_thread_blocked, id=9166, stack(0x00007f7dfda2d000,0x00007f7dfdb2e000)]
  0x00007f7e1c0b6800 JavaThread "Signal Dispatcher" daemon [_thread_blocked, id=9165, stack(0x00007f7dfdb2e000,0x00007f7dfdc2f000)]
  0x00007f7e1c084800 JavaThread "Finalizer" daemon [_thread_blocked, id=9164, stack(0x00007f7dfe5ee000,0x00007f7dfe6ef000)]
  0x00007f7e1c080000 JavaThread "Reference Handler" daemon [_thread_blocked, id=9163, stack(0x00007f7dfe6ef000,0x00007f7dfe7f0000)]

Other Threads:
=>0x00007f7e1c078000 VMThread [stack: 0x00007f7dfe7f0000,0x00007f7dfe8f1000] [id=9162]
  0x00007f7e1c0c2800 WatcherThread [stack: 0x00007f7dfd629000,0x00007f7dfd72a000] [id=9170]

VM state:at safepoint (normal execution)

VM Mutex/Monitor currently owned by a thread:  ([mutex/lock_event])
[0x00007f7e1c0067d0] ExpandHeap_lock - owner thread: 0x00007f7e1c078000
[0x00007f7e1c006e50] Threads_lock - owner thread: 0x00007f7e1c078000
[0x00007f7e1c007350] Heap_lock - owner thread: 0x00007f7e1c2d2800

Heap:
 PSYoungGen      total 64512K, used 0K [0x00000000d7000000, 0x00000000de700000, 0x0000000100000000)
  eden space 6144K, 0% used [0x00000000d7000000,0x00000000d7000000,0x00000000d7600000)
  from space 58368K, 0% used [0x00000000d7600000,0x00000000d7600000,0x00000000daf00000)
  to   space 57344K, 0% used [0x00000000daf00000,0x00000000daf00000,0x00000000de700000)
 ParOldGen       total 1108992K, used 1091702K [0x0000000085000000, 0x00000000c8b00000, 0x00000000d7000000)
  object space 1108992K, 98% used [0x0000000085000000,0x00000000c7a1d968,0x00000000c8b00000)
 Metaspace       used 16466K, capacity 16658K, committed 16896K, reserved 1064960K
  class space    used 1710K, capacity 1782K, committed 1792K, reserved 1048576K

Card table byte_map: [0x00007f7e0c867000,0x00007f7e0cc40000] byte_map_base: 0x00007f7e0c43f000

Marking Bits: (ParMarkBitMap*) 0x00007f7e22bde3a0
 Begin Bits: [0x00007f7e04280000, 0x00007f7e06140000)
 End Bits:   [0x00007f7e06140000, 0x00007f7e08000000)

Polling page: 0x00007f7e23a32000

CodeCache: size=245760Kb used=10039Kb max_used=10050Kb free=235720Kb
 bounds [0x00007f7e0d000000, 0x00007f7e0d9e0000, 0x00007f7e1c000000]
 total_blobs=3294 nmethods=2686 adapters=521
 compilation: enabled

Compilation events (10 events):
Event: 25,930 Thread 0x00007f7e1c0b8000 2683   !   4       java.awt.EventDispatchThread::filterAndCheckEvent (108 bytes)
Event: 25,930 Thread 0x00007f7e1c0bd000 2682   !   3       java.awt.Container::dispatchEventImpl (129 bytes)
Event: 25,931 Thread 0x00007f7e1c0bd000 nmethod 2682 0x00007f7e0d9d29d0 code [0x00007f7e0d9d2be0, 0x00007f7e0d9d36d8]
Event: 25,933 Thread 0x00007f7e1c0b8000 nmethod 2683 0x00007f7e0d9d0bd0 code [0x00007f7e0d9d0d40, 0x00007f7e0d9d11f8]
Event: 25,934 Thread 0x00007f7e1c0bd000 2684       3       sun.awt.X11.XComponentPeer::handleJavaMouseEvent (80 bytes)
Event: 25,935 Thread 0x00007f7e1c0bd000 nmethod 2684 0x00007f7e0d9d60d0 code [0x00007f7e0d9d6300, 0x00007f7e0d9d70e8]
Event: 25,960 Thread 0x00007f7e1c0bb000 2685       4       sun.awt.X11.XGlobalCursorManager::getCapableCursor (138 bytes)
Event: 25,963 Thread 0x00007f7e1c0bb000 nmethod 2685 0x00007f7e0d9d0290 code [0x00007f7e0d9d0420, 0x00007f7e0d9d07e8]
Event: 26,520 Thread 0x00007f7e1c0bd000 2686       3       sun.awt.X11.XAtom::hashCode (15 bytes)
Event: 26,520 Thread 0x00007f7e1c0bd000 nmethod 2686 0x00007f7e0d9d5d90 code [0x00007f7e0d9d5ee0, 0x00007f7e0d9d6050]

GC Heap History (10 events):
Event: 51,891 GC heap after
Heap after GC invocations=149 (full 6):
 PSYoungGen      total 25088K, used 20896K [0x00000000d7000000, 0x00000000ded00000, 0x0000000100000000)
  eden space 4096K, 0% used [0x00000000d7000000,0x00000000d7000000,0x00000000d7400000)
  from space 20992K, 99% used [0x00000000d7400000,0x00000000d8868000,0x00000000d8880000)
  to   space 61440K, 0% used [0x00000000db100000,0x00000000db100000,0x00000000ded00000)
 ParOldGen       total 1108992K, used 1060589K [0x0000000085000000, 0x00000000c8b00000, 0x00000000d7000000)
  object space 1108992K, 95% used [0x0000000085000000,0x00000000c5bbb5d0,0x00000000c8b00000)
 Metaspace       used 16466K, capacity 16658K, committed 16896K, reserved 1064960K
  class space    used 1710K, capacity 1782K, committed 1792K, reserved 1048576K
}
Event: 52,038 GC heap before
{Heap before GC invocations=150 (full 6):
 PSYoungGen      total 25088K, used 24992K [0x00000000d7000000, 0x00000000ded00000, 0x0000000100000000)
  eden space 4096K, 100% used [0x00000000d7000000,0x00000000d7400000,0x00000000d7400000)
  from space 20992K, 99% used [0x00000000d7400000,0x00000000d8868000,0x00000000d8880000)
  to   space 61440K, 0% used [0x00000000db100000,0x00000000db100000,0x00000000ded00000)
 ParOldGen       total 1108992K, used 1060589K [0x0000000085000000, 0x00000000c8b00000, 0x00000000d7000000)
  object space 1108992K, 95% used [0x0000000085000000,0x00000000c5bbb5d0,0x00000000c8b00000)
 Metaspace       used 16466K, capacity 16658K, committed 16896K, reserved 1064960K
  class space    used 1710K, capacity 1782K, committed 1792K, reserved 1048576K
Event: 52,055 GC heap after
Heap after GC invocations=150 (full 6):
 PSYoungGen      total 64512K, used 11712K [0x00000000d7000000, 0x00000000deb00000, 0x0000000100000000)
  eden space 5120K, 0% used [0x00000000d7000000,0x00000000d7000000,0x00000000d7500000)
  from space 59392K, 19% used [0x00000000db100000,0x00000000dbc70000,0x00000000deb00000)
  to   space 60416K, 0% used [0x00000000d7500000,0x00000000d7500000,0x00000000db000000)
 ParOldGen       total 1108992K, used 1073197K [0x0000000085000000, 0x00000000c8b00000, 0x00000000d7000000)
  object space 1108992K, 96% used [0x0000000085000000,0x00000000c680b5d0,0x00000000c8b00000)
 Metaspace       used 16466K, capacity 16658K, committed 16896K, reserved 1064960K
  class space    used 1710K, capacity 1782K, committed 1792K, reserved 1048576K
}
Event: 52,243 GC heap before
{Heap before GC invocations=151 (full 6):
 PSYoungGen      total 64512K, used 16832K [0x00000000d7000000, 0x00000000deb00000, 0x0000000100000000)
  eden space 5120K, 100% used [0x00000000d7000000,0x00000000d7500000,0x00000000d7500000)
  from space 59392K, 19% used [0x00000000db100000,0x00000000dbc70000,0x00000000deb00000)
  to   space 60416K, 0% used [0x00000000d7500000,0x00000000d7500000,0x00000000db000000)
 ParOldGen       total 1108992K, used 1073197K [0x0000000085000000, 0x00000000c8b00000, 0x00000000d7000000)
  object space 1108992K, 96% used [0x0000000085000000,0x00000000c680b5d0,0x00000000c8b00000)
 Metaspace       used 16466K, capacity 16658K, committed 16896K, reserved 1064960K
  class space    used 1710K, capacity 1782K, committed 1792K, reserved 1048576K
Event: 52,263 GC heap after
Heap after GC invocations=151 (full 6):
 PSYoungGen      total 65536K, used 10880K [0x00000000d7000000, 0x00000000dea00000, 0x0000000100000000)
  eden space 5120K, 0% used [0x00000000d7000000,0x00000000d7000000,0x00000000d7500000)
  from space 60416K, 18% used [0x00000000d7500000,0x00000000d7fa0000,0x00000000db000000)
  to   space 59392K, 0% used [0x00000000db000000,0x00000000db000000,0x00000000dea00000)
 ParOldGen       total 1108992K, used 1078253K [0x0000000085000000, 0x00000000c8b00000, 0x00000000d7000000)
  object space 1108992K, 97% used [0x0000000085000000,0x00000000c6cfb5d0,0x00000000c8b00000)
 Metaspace       used 16466K, capacity 16658K, committed 16896K, reserved 1064960K
  class space    used 1710K, capacity 1782K, committed 1792K, reserved 1048576K
}
Event: 52,447 GC heap before
{Heap before GC invocations=152 (full 6):
 PSYoungGen      total 65536K, used 16000K [0x00000000d7000000, 0x00000000dea00000, 0x0000000100000000)
  eden space 5120K, 100% used [0x00000000d7000000,0x00000000d7500000,0x00000000d7500000)
  from space 60416K, 18% used [0x00000000d7500000,0x00000000d7fa0000,0x00000000db000000)
  to   space 59392K, 0% used [0x00000000db000000,0x00000000db000000,0x00000000dea00000)
 ParOldGen       total 1108992K, used 1078253K [0x0000000085000000, 0x00000000c8b00000, 0x00000000d7000000)
  object space 1108992K, 97% used [0x0000000085000000,0x00000000c6cfb5d0,0x00000000c8b00000)
 Metaspace       used 16466K, capacity 16658K, committed 16896K, reserved 1064960K
  class space    used 1710K, capacity 1782K, committed 1792K, reserved 1048576K
Event: 52,460 GC heap after
Heap after GC invocations=152 (full 6):
 PSYoungGen      total 63488K, used 8384K [0x00000000d7000000, 0x00000000de800000, 0x0000000100000000)
  eden space 6144K, 0% used [0x00000000d7000000,0x00000000d7000000,0x00000000d7600000)
  from space 57344K, 14% used [0x00000000db000000,0x00000000db830000,0x00000000de800000)
  to   space 58368K, 0% used [0x00000000d7600000,0x00000000d7600000,0x00000000daf00000)
 ParOldGen       total 1108992K, used 1084989K [0x0000000085000000, 0x00000000c8b00000, 0x00000000d7000000)
  object space 1108992K, 97% used [0x0000000085000000,0x00000000c738f5d0,0x00000000c8b00000)
 Metaspace       used 16466K, capacity 16658K, committed 16896K, reserved 1064960K
  class space    used 1710K, capacity 1782K, committed 1792K, reserved 1048576K
}
Event: 52,675 GC heap before
{Heap before GC invocations=153 (full 6):
 PSYoungGen      total 63488K, used 14528K [0x00000000d7000000, 0x00000000de800000, 0x0000000100000000)
  eden space 6144K, 100% used [0x00000000d7000000,0x00000000d7600000,0x00000000d7600000)
  from space 57344K, 14% used [0x00000000db000000,0x00000000db830000,0x00000000de800000)
  to   space 58368K, 0% used [0x00000000d7600000,0x00000000d7600000,0x00000000daf00000)
 ParOldGen       total 1108992K, used 1084989K [0x0000000085000000, 0x00000000c8b00000, 0x00000000d7000000)
  object space 1108992K, 97% used [0x0000000085000000,0x00000000c738f5d0,0x00000000c8b00000)
 Metaspace       used 16466K, capacity 16658K, committed 16896K, reserved 1064960K
  class space    used 1710K, capacity 1782K, committed 1792K, reserved 1048576K
Event: 52,692 GC heap after
Heap after GC invocations=153 (full 6):
 PSYoungGen      total 64512K, used 5056K [0x00000000d7000000, 0x00000000de700000, 0x0000000100000000)
  eden space 6144K, 0% used [0x00000000d7000000,0x00000000d7000000,0x00000000d7600000)
  from space 58368K, 8% used [0x00000000d7600000,0x00000000d7af0000,0x00000000daf00000)
  to   space 57344K, 0% used [0x00000000daf00000,0x00000000daf00000,0x00000000de700000)
 ParOldGen       total 1108992K, used 1093389K [0x0000000085000000, 0x00000000c8b00000, 0x00000000d7000000)
  object space 1108992K, 98% used [0x0000000085000000,0x00000000c7bc35d0,0x00000000c8b00000)
 Metaspace       used 16466K, capacity 16658K, committed 16896K, reserved 1064960K
  class space    used 1710K, capacity 1782K, committed 1792K, reserved 1048576K
}
Event: 52,692 GC heap before
{Heap before GC invocations=154 (full 7):
 PSYoungGen      total 64512K, used 5056K [0x00000000d7000000, 0x00000000de700000, 0x0000000100000000)
  eden space 6144K, 0% used [0x00000000d7000000,0x00000000d7000000,0x00000000d7600000)
  from space 58368K, 8% used [0x00000000d7600000,0x00000000d7af0000,0x00000000daf00000)
  to   space 57344K, 0% used [0x00000000daf00000,0x00000000daf00000,0x00000000de700000)
 ParOldGen       total 1108992K, used 1093389K [0x0000000085000000, 0x00000000c8b00000, 0x00000000d7000000)
  object space 1108992K, 98% used [0x0000000085000000,0x00000000c7bc35d0,0x00000000c8b00000)
 Metaspace       used 16466K, capacity 16658K, committed 16896K, reserved 1064960K
  class space    used 1710K, capacity 1782K, committed 1792K, reserved 1048576K

Deoptimization events (10 events):
Event: 13,142 Thread 0x00007f7e1c289000 Uncommon trap: reason=class_check action=maybe_recompile pc=0x00007f7e0d560320 method=com.mysql.jdbc.StatementImpl.createStreamingResultSet()Z @ 1
Event: 13,142 Thread 0x00007f7e1c289000 Uncommon trap: reason=class_check action=maybe_recompile pc=0x00007f7e0d54a7d4 method=sun.reflect.GeneratedConstructorAccessor2.newInstance([Ljava/lang/Object;)Ljava/lang/Object; @ 57
Event: 13,511 Thread 0x00007f7e1c2d2800 Uncommon trap: reason=class_check action=maybe_recompile pc=0x00007f7e0d6a81e8 method=java.util.HashMap.putVal(ILjava/lang/Object;Ljava/lang/Object;ZZ)Ljava/lang/Object; @ 203
Event: 14,973 Thread 0x00007f7e1c2d2800 Uncommon trap: reason=class_check action=maybe_recompile pc=0x00007f7e0d6a81e8 method=java.util.HashMap.putVal(ILjava/lang/Object;Ljava/lang/Object;ZZ)Ljava/lang/Object; @ 203
Event: 17,052 Thread 0x00007f7e1c2d2800 Uncommon trap: reason=class_check action=maybe_recompile pc=0x00007f7e0d6a81e8 method=java.util.HashMap.putVal(ILjava/lang/Object;Ljava/lang/Object;ZZ)Ljava/lang/Object; @ 203
Event: 21,025 Thread 0x00007f7e1c289000 Uncommon trap: reason=unstable_if action=reinterpret pc=0x00007f7e0d7a5cc0 method=javax.swing.SwingUtilities.computeIntersection(IIIILjava/awt/Rectangle;)Ljava/awt/Rectangle; @ 151
Event: 21,027 Thread 0x00007f7e1c289000 Uncommon trap: reason=unstable_if action=reinterpret pc=0x00007f7e0d985244 method=java.util.concurrent.locks.ReentrantLock$Sync.isHeldExclusively()Z @ 7
Event: 22,666 Thread 0x00007f7e1c289000 Uncommon trap: reason=class_check action=maybe_recompile pc=0x00007f7e0d5082f0 method=java.lang.reflect.Constructor.newInstance([Ljava/lang/Object;)Ljava/lang/Object; @ 79
Event: 24,276 Thread 0x00007f7e1c289000 Uncommon trap: reason=unstable_if action=reinterpret pc=0x00007f7e0d9a1068 method=java.lang.Math.min(JJ)J @ 3
Event: 24,993 Thread 0x00007f7e1c289000 Uncommon trap: reason=unstable_if action=reinterpret pc=0x00007f7e0d95b120 method=sun.awt.GlobalCursorManager._updateCursor(Z)V @ 37

Classes redefined (0 events):
No events

Internal exceptions (10 events):
Event: 0,064 Thread 0x00007f7e1c00a800 Exception <a 'java/security/PrivilegedActionException'> (0x00000000d708b9c0) thrown at [/build/openjdk-8-pREaNj/openjdk-8-8u181-b13/src/hotspot/src/share/vm/prims/jvm.cpp, line 1435]
Event: 0,064 Thread 0x00007f7e1c00a800 Exception <a 'java/security/PrivilegedActionException'> (0x00000000d708bbd0) thrown at [/build/openjdk-8-pREaNj/openjdk-8-8u181-b13/src/hotspot/src/share/vm/prims/jvm.cpp, line 1435]
Event: 0,095 Thread 0x00007f7e1c00a800 Exception <a 'java/lang/NoSuchFieldError': method resolution failed> (0x00000000d71ff940) thrown at [/build/openjdk-8-pREaNj/openjdk-8-8u181-b13/src/hotspot/src/share/vm/prims/methodHandles.cpp, line 1167]
Event: 0,098 Thread 0x00007f7e1c00a800 Exception <a 'java/lang/NoSuchFieldError': method resolution failed> (0x00000000d720d0c0) thrown at [/build/openjdk-8-pREaNj/openjdk-8-8u181-b13/src/hotspot/src/share/vm/prims/methodHandles.cpp, line 1167]
Event: 0,113 Thread 0x00007f7e1c00a800 Exception <a 'java/io/FileNotFoundException'> (0x00000000d728c130) thrown at [/build/openjdk-8-pREaNj/openjdk-8-8u181-b13/src/hotspot/src/share/vm/prims/jni.cpp, line 709]
Event: 0,113 Thread 0x00007f7e1c00a800 Exception <a 'java/io/FileNotFoundException'> (0x00000000d728cc50) thrown at [/build/openjdk-8-pREaNj/openjdk-8-8u181-b13/src/hotspot/src/share/vm/prims/jni.cpp, line 709]
Event: 0,128 Thread 0x00007f7e1c00a800 Exception <a 'java/lang/ClassNotFoundException': sun/dc/DuctusRenderingEngine> (0x00000000d72aabe8) thrown at [/build/openjdk-8-pREaNj/openjdk-8-8u181-b13/src/hotspot/src/share/vm/classfile/systemDictionary.cpp, line 210]
Event: 0,228 Thread 0x00007f7e1c00a800 Exception <a 'java/net/UnknownHostException'> (0x00000000d751d3a8) thrown at [/build/openjdk-8-pREaNj/openjdk-8-8u181-b13/src/hotspot/src/share/vm/prims/jni.cpp, line 709]
Event: 0,349 Thread 0x00007f7e1c289000 Exception <a 'java/lang/UnsupportedOperationException': > (0x00000000d746a638) thrown at [/build/openjdk-8-pREaNj/openjdk-8-8u181-b13/src/hotspot/src/share/vm/prims/jni.cpp, line 735]
Event: 10,087 Thread 0x00007f7e1c289000 Implicit null exception at 0x00007f7e0d5579ed to 0x00007f7e0d557ed1

Events (10 events):
Event: 51,713 Executing VM operation: ParallelGCFailedAllocation done
Event: 51,861 Executing VM operation: ParallelGCFailedAllocation
Event: 51,891 Executing VM operation: ParallelGCFailedAllocation done
Event: 52,038 Executing VM operation: ParallelGCFailedAllocation
Event: 52,055 Executing VM operation: ParallelGCFailedAllocation done
Event: 52,242 Executing VM operation: ParallelGCFailedAllocation
Event: 52,263 Executing VM operation: ParallelGCFailedAllocation done
Event: 52,446 Executing VM operation: ParallelGCFailedAllocation
Event: 52,460 Executing VM operation: ParallelGCFailedAllocation done
Event: 52,675 Executing VM operation: ParallelGCFailedAllocation


Dynamic libraries:
00400000-00401000 r-xp 00000000 08:05 1862949                            /usr/lib/jvm/java-8-openjdk-amd64/jre/bin/java
00600000-00601000 r--p 00000000 08:05 1862949                            /usr/lib/jvm/java-8-openjdk-amd64/jre/bin/java
00601000-00602000 rw-p 00001000 08:05 1862949                            /usr/lib/jvm/java-8-openjdk-amd64/jre/bin/java
00922000-00943000 rw-p 00000000 00:00 0                                  [heap]
85000000-c8b00000 rw-p 00000000 00:00 0 
d7000000-de700000 rw-p 00000000 00:00 0 
de700000-100000000 ---p 00000000 00:00 0 
100000000-1001c0000 rw-p 00000000 00:00 0 
1001c0000-140000000 ---p 00000000 00:00 0 
7f7dac000000-7f7dac021000 rw-p 00000000 00:00 0 
7f7dac021000-7f7db0000000 ---p 00000000 00:00 0 
7f7db0000000-7f7db0021000 rw-p 00000000 00:00 0 
7f7db0021000-7f7db4000000 ---p 00000000 00:00 0 
7f7db4000000-7f7db41f0000 rw-p 00000000 00:00 0 
7f7db41f0000-7f7db8000000 ---p 00000000 00:00 0 
7f7db8000000-7f7db8039000 rw-p 00000000 00:00 0 
7f7db8039000-7f7dbc000000 ---p 00000000 00:00 0 
7f7dbcfff000-7f7dc0000000 rw-p 00000000 00:00 0 
7f7dc0000000-7f7dc0021000 rw-p 00000000 00:00 0 
7f7dc0021000-7f7dc4000000 ---p 00000000 00:00 0 
7f7dc4000000-7f7dc4021000 rw-p 00000000 00:00 0 
7f7dc4021000-7f7dc8000000 ---p 00000000 00:00 0 
7f7dc8000000-7f7dc8021000 rw-p 00000000 00:00 0 
7f7dc8021000-7f7dcc000000 ---p 00000000 00:00 0 
7f7dcda70000-7f7dcdb30000 rw-p 00000000 00:00 0 
7f7dcdb30000-7f7dcdc70000 ---p 00000000 00:00 0 
7f7dcdc70000-7f7dcdc73000 ---p 00000000 00:00 0 
7f7dcdc73000-7f7dcdf71000 rw-p 00000000 00:00 0 
7f7dcdf71000-7f7dce171000 rw-p 00000000 00:00 0 
7f7dce171000-7f7dce174000 ---p 00000000 00:00 0 
7f7dce174000-7f7dce272000 rw-p 00000000 00:00 0 
7f7dce272000-7f7dce275000 ---p 00000000 00:00 0 
7f7dce275000-7f7dce373000 rw-p 00000000 00:00 0 
7f7dce373000-7f7dce384000 r-xp 00000000 08:05 1502990                    /usr/lib/jvm/java-8-openjdk-amd64/jre/lib/amd64/libnio.so
7f7dce384000-7f7dce584000 ---p 00011000 08:05 1502990                    /usr/lib/jvm/java-8-openjdk-amd64/jre/lib/amd64/libnio.so
7f7dce584000-7f7dce585000 r--p 00011000 08:05 1502990                    /usr/lib/jvm/java-8-openjdk-amd64/jre/lib/amd64/libnio.so
7f7dce585000-7f7dce586000 rw-p 00012000 08:05 1502990                    /usr/lib/jvm/java-8-openjdk-amd64/jre/lib/amd64/libnio.so
7f7dce586000-7f7dce59d000 r-xp 00000000 08:05 398789                     /lib/x86_64-linux-gnu/libresolv-2.23.so
7f7dce59d000-7f7dce79d000 ---p 00017000 08:05 398789                     /lib/x86_64-linux-gnu/libresolv-2.23.so
7f7dce79d000-7f7dce79e000 r--p 00017000 08:05 398789                     /lib/x86_64-linux-gnu/libresolv-2.23.so
7f7dce79e000-7f7dce79f000 rw-p 00018000 08:05 398789                     /lib/x86_64-linux-gnu/libresolv-2.23.so
7f7dce79f000-7f7dce7a1000 rw-p 00000000 00:00 0 
7f7dce7a1000-7f7dce7a6000 r-xp 00000000 08:05 398734                     /lib/x86_64-linux-gnu/libnss_dns-2.23.so
7f7dce7a6000-7f7dce9a6000 ---p 00005000 08:05 398734                     /lib/x86_64-linux-gnu/libnss_dns-2.23.so
7f7dce9a6000-7f7dce9a7000 r--p 00005000 08:05 398734                     /lib/x86_64-linux-gnu/libnss_dns-2.23.so
7f7dce9a7000-7f7dce9a8000 rw-p 00006000 08:05 398734                     /lib/x86_64-linux-gnu/libnss_dns-2.23.so
7f7dce9a8000-7f7dce9aa000 r-xp 00000000 08:05 398742                     /lib/x86_64-linux-gnu/libnss_mdns4_minimal.so.2
7f7dce9aa000-7f7dceba9000 ---p 00002000 08:05 398742                     /lib/x86_64-linux-gnu/libnss_mdns4_minimal.so.2
7f7dceba9000-7f7dcebaa000 r--p 00001000 08:05 398742                     /lib/x86_64-linux-gnu/libnss_mdns4_minimal.so.2
7f7dcebaa000-7f7dcebab000 rw-p 00002000 08:05 398742                     /lib/x86_64-linux-gnu/libnss_mdns4_minimal.so.2
7f7dcebab000-7f7dcebc2000 r-xp 00000000 08:05 1502971                    /usr/lib/jvm/java-8-openjdk-amd64/jre/lib/amd64/libnet.so
7f7dcebc2000-7f7dcedc1000 ---p 00017000 08:05 1502971                    /usr/lib/jvm/java-8-openjdk-amd64/jre/lib/amd64/libnet.so
7f7dcedc1000-7f7dcedc2000 r--p 00016000 08:05 1502971                    /usr/lib/jvm/java-8-openjdk-amd64/jre/lib/amd64/libnet.so
7f7dcedc2000-7f7dcedc3000 rw-p 00017000 08:05 1502971                    /usr/lib/jvm/java-8-openjdk-amd64/jre/lib/amd64/libnet.so
7f7dcedc3000-7f7dcefc3000 rw-p 00000000 00:00 0 
7f7dcefc3000-7f7dcefc6000 ---p 00000000 00:00 0 
7f7dcefc6000-7f7dcf0c4000 rw-p 00000000 00:00 0 
7f7dcf0c4000-7f7dcf0c7000 ---p 00000000 00:00 0 
7f7dcf0c7000-7f7dcf1c5000 rw-p 00000000 00:00 0 
7f7dcf1c5000-7f7dcf1c8000 ---p 00000000 00:00 0 
7f7dcf1c8000-7f7dcf2c6000 rw-p 00000000 00:00 0 
7f7dcf2c6000-7f7dcf2cb000 r-xp 00000000 08:05 664682                     /usr/lib/x86_64-linux-gnu/libXfixes.so.3.1.0
7f7dcf2cb000-7f7dcf4ca000 ---p 00005000 08:05 664682                     /usr/lib/x86_64-linux-gnu/libXfixes.so.3.1.0
7f7dcf4ca000-7f7dcf4cb000 r--p 00004000 08:05 664682                     /usr/lib/x86_64-linux-gnu/libXfixes.so.3.1.0
7f7dcf4cb000-7f7dcf4cc000 rw-p 00005000 08:05 664682                     /usr/lib/x86_64-linux-gnu/libXfixes.so.3.1.0
7f7dcf4cc000-7f7dcf4d5000 r-xp 00000000 08:05 665664                     /usr/lib/x86_64-linux-gnu/libXcursor.so.1.0.2
7f7dcf4d5000-7f7dcf6d4000 ---p 00009000 08:05 665664                     /usr/lib/x86_64-linux-gnu/libXcursor.so.1.0.2
7f7dcf6d4000-7f7dcf6d5000 r--p 00008000 08:05 665664                     /usr/lib/x86_64-linux-gnu/libXcursor.so.1.0.2
7f7dcf6d5000-7f7dcf6d6000 rw-p 00009000 08:05 665664                     /usr/lib/x86_64-linux-gnu/libXcursor.so.1.0.2
7f7dcf6d6000-7f7dcf6fa000 r-xp 00000000 08:05 393398                     /lib/x86_64-linux-gnu/libpng12.so.0.54.0
7f7dcf6fa000-7f7dcf8f9000 ---p 00024000 08:05 393398                     /lib/x86_64-linux-gnu/libpng12.so.0.54.0
7f7dcf8f9000-7f7dcf8fa000 r--p 00023000 08:05 393398                     /lib/x86_64-linux-gnu/libpng12.so.0.54.0
7f7dcf8fa000-7f7dcf8fb000 rw-p 00024000 08:05 393398                     /lib/x86_64-linux-gnu/libpng12.so.0.54.0
7f7dcf8fb000-7f7dcf99f000 r-xp 00000000 08:05 665105                     /usr/lib/x86_64-linux-gnu/libfreetype.so.6.12.1
7f7dcf99f000-7f7dcfb9e000 ---p 000a4000 08:05 665105                     /usr/lib/x86_64-linux-gnu/libfreetype.so.6.12.1
7f7dcfb9e000-7f7dcfba4000 r--p 000a3000 08:05 665105                     /usr/lib/x86_64-linux-gnu/libfreetype.so.6.12.1
7f7dcfba4000-7f7dcfba5000 rw-p 000a9000 08:05 665105                     /usr/lib/x86_64-linux-gnu/libfreetype.so.6.12.1
7f7dcfba5000-7f7dcfbf7000 r-xp 00000000 08:05 1502977                    /usr/lib/jvm/java-8-openjdk-amd64/jre/lib/amd64/libfontmanager.so
7f7dcfbf7000-7f7dcfdf7000 ---p 00052000 08:05 1502977                    /usr/lib/jvm/java-8-openjdk-amd64/jre/lib/amd64/libfontmanager.so
7f7dcfdf7000-7f7dcfdf9000 r--p 00052000 08:05 1502977                    /usr/lib/jvm/java-8-openjdk-amd64/jre/lib/amd64/libfontmanager.so
7f7dcfdf9000-7f7dcfdfa000 rw-p 00054000 08:05 1502977                    /usr/lib/jvm/java-8-openjdk-amd64/jre/lib/amd64/libfontmanager.so
7f7dcfdfa000-7f7dcfdff000 r-xp 00000000 08:05 664678                     /usr/lib/x86_64-linux-gnu/libXdmcp.so.6.0.0
7f7dcfdff000-7f7dcfffe000 ---p 00005000 08:05 664678                     /usr/lib/x86_64-linux-gnu/libXdmcp.so.6.0.0
7f7dcfffe000-7f7dcffff000 r--p 00004000 08:05 664678                     /usr/lib/x86_64-linux-gnu/libXdmcp.so.6.0.0
7f7dcffff000-7f7dd0000000 rw-p 00005000 08:05 664678                     /usr/lib/x86_64-linux-gnu/libXdmcp.so.6.0.0
7f7dd0000000-7f7dd0021000 rw-p 00000000 00:00 0 
7f7dd0021000-7f7dd4000000 ---p 00000000 00:00 0 
7f7dd4000000-7f7dd4021000 rw-p 00000000 00:00 0 
7f7dd4021000-7f7dd8000000 ---p 00000000 00:00 0 
7f7dd8000000-7f7dd8913000 rw-p 00000000 00:00 0 
7f7dd8913000-7f7ddc000000 ---p 00000000 00:00 0 
7f7ddc000000-7f7ddc544000 rw-p 00000000 00:00 0 
7f7ddc544000-7f7de0000000 ---p 00000000 00:00 0 
7f7de0000000-7f7de0021000 rw-p 00000000 00:00 0 
7f7de0021000-7f7de4000000 ---p 00000000 00:00 0 
7f7de4000000-7f7de4827000 rw-p 00000000 00:00 0 
7f7de4827000-7f7de8000000 ---p 00000000 00:00 0 
7f7de8000000-7f7de8021000 rw-p 00000000 00:00 0 
7f7de8021000-7f7dec000000 ---p 00000000 00:00 0 
7f7dec000000-7f7dec021000 rw-p 00000000 00:00 0 
7f7dec021000-7f7df0000000 ---p 00000000 00:00 0 
7f7df0000000-7f7df0021000 rw-p 00000000 00:00 0 
7f7df0021000-7f7df4000000 ---p 00000000 00:00 0 
7f7df4000000-7f7df4078000 rw-p 00000000 00:00 0 
7f7df4078000-7f7df8000000 ---p 00000000 00:00 0 
7f7df8000000-7f7df8021000 rw-p 00000000 00:00 0 
7f7df8021000-7f7dfc000000 ---p 00000000 00:00 0 
7f7dfc06c000-7f7dfc06f000 ---p 00000000 00:00 0 
7f7dfc06f000-7f7dfc16d000 rw-p 00000000 00:00 0 
7f7dfc16d000-7f7dfc16f000 r-xp 00000000 08:05 664667                     /usr/lib/x86_64-linux-gnu/libXau.so.6.0.0
7f7dfc16f000-7f7dfc36f000 ---p 00002000 08:05 664667                     /usr/lib/x86_64-linux-gnu/libXau.so.6.0.0
7f7dfc36f000-7f7dfc370000 r--p 00002000 08:05 664667                     /usr/lib/x86_64-linux-gnu/libXau.so.6.0.0
7f7dfc370000-7f7dfc371000 rw-p 00003000 08:05 664667                     /usr/lib/x86_64-linux-gnu/libXau.so.6.0.0
7f7dfc371000-7f7dfc392000 r-xp 00000000 08:05 666087                     /usr/lib/x86_64-linux-gnu/libxcb.so.1.1.0
7f7dfc392000-7f7dfc591000 ---p 00021000 08:05 666087                     /usr/lib/x86_64-linux-gnu/libxcb.so.1.1.0
7f7dfc591000-7f7dfc592000 r--p 00020000 08:05 666087                     /usr/lib/x86_64-linux-gnu/libxcb.so.1.1.0
7f7dfc592000-7f7dfc593000 rw-p 00021000 08:05 666087                     /usr/lib/x86_64-linux-gnu/libxcb.so.1.1.0
7f7dfc593000-7f7dfc5a2000 r-xp 00000000 08:05 664690                     /usr/lib/x86_64-linux-gnu/libXi.so.6.1.0
7f7dfc5a2000-7f7dfc7a1000 ---p 0000f000 08:05 664690                     /usr/lib/x86_64-linux-gnu/libXi.so.6.1.0
7f7dfc7a1000-7f7dfc7a2000 r--p 0000e000 08:05 664690                     /usr/lib/x86_64-linux-gnu/libXi.so.6.1.0
7f7dfc7a2000-7f7dfc7a3000 rw-p 0000f000 08:05 664690                     /usr/lib/x86_64-linux-gnu/libXi.so.6.1.0
7f7dfc7a3000-7f7dfc7a8000 r-xp 00000000 08:05 664708                     /usr/lib/x86_64-linux-gnu/libXtst.so.6.1.0
7f7dfc7a8000-7f7dfc9a7000 ---p 00005000 08:05 664708                     /usr/lib/x86_64-linux-gnu/libXtst.so.6.1.0
7f7dfc9a7000-7f7dfc9a8000 r--p 00004000 08:05 664708                     /usr/lib/x86_64-linux-gnu/libXtst.so.6.1.0
7f7dfc9a8000-7f7dfc9a9000 rw-p 00005000 08:05 664708                     /usr/lib/x86_64-linux-gnu/libXtst.so.6.1.0
7f7dfc9a9000-7f7dfc9b2000 r-xp 00000000 08:05 664702                     /usr/lib/x86_64-linux-gnu/libXrender.so.1.3.0
7f7dfc9b2000-7f7dfcbb1000 ---p 00009000 08:05 664702                     /usr/lib/x86_64-linux-gnu/libXrender.so.1.3.0
7f7dfcbb1000-7f7dfcbb2000 r--p 00008000 08:05 664702                     /usr/lib/x86_64-linux-gnu/libXrender.so.1.3.0
7f7dfcbb2000-7f7dfcbb3000 rw-p 00009000 08:05 664702                     /usr/lib/x86_64-linux-gnu/libXrender.so.1.3.0
7f7dfcbb3000-7f7dfcce8000 r-xp 00000000 08:05 664663                     /usr/lib/x86_64-linux-gnu/libX11.so.6.3.0
7f7dfcce8000-7f7dfcee8000 ---p 00135000 08:05 664663                     /usr/lib/x86_64-linux-gnu/libX11.so.6.3.0
7f7dfcee8000-7f7dfcee9000 r--p 00135000 08:05 664663                     /usr/lib/x86_64-linux-gnu/libX11.so.6.3.0
7f7dfcee9000-7f7dfceed000 rw-p 00136000 08:05 664663                     /usr/lib/x86_64-linux-gnu/libX11.so.6.3.0
7f7dfceed000-7f7dfcefe000 r-xp 00000000 08:05 664680                     /usr/lib/x86_64-linux-gnu/libXext.so.6.4.0
7f7dfcefe000-7f7dfd0fd000 ---p 00011000 08:05 664680                     /usr/lib/x86_64-linux-gnu/libXext.so.6.4.0
7f7dfd0fd000-7f7dfd0fe000 r--p 00010000 08:05 664680                     /usr/lib/x86_64-linux-gnu/libXext.so.6.4.0
7f7dfd0fe000-7f7dfd0ff000 rw-p 00011000 08:05 664680                     /usr/lib/x86_64-linux-gnu/libXext.so.6.4.0
7f7dfd0ff000-7f7dfd154000 r-xp 00000000 08:05 1502985                    /usr/lib/jvm/java-8-openjdk-amd64/jre/lib/amd64/libawt_xawt.so
7f7dfd154000-7f7dfd353000 ---p 00055000 08:05 1502985                    /usr/lib/jvm/java-8-openjdk-amd64/jre/lib/amd64/libawt_xawt.so
7f7dfd353000-7f7dfd354000 r--p 00054000 08:05 1502985                    /usr/lib/jvm/java-8-openjdk-amd64/jre/lib/amd64/libawt_xawt.so
7f7dfd354000-7f7dfd357000 rw-p 00055000 08:05 1502985                    /usr/lib/jvm/java-8-openjdk-amd64/jre/lib/amd64/libawt_xawt.so
7f7dfd357000-7f7dfd358000 rw-p 00000000 00:00 0 
7f7dfd358000-7f7dfd3f8000 r-xp 00000000 08:05 1502996                    /usr/lib/jvm/java-8-openjdk-amd64/jre/lib/amd64/libawt.so
7f7dfd3f8000-7f7dfd5f8000 ---p 000a0000 08:05 1502996                    /usr/lib/jvm/java-8-openjdk-amd64/jre/lib/amd64/libawt.so
7f7dfd5f8000-7f7dfd5f9000 r--p 000a0000 08:05 1502996                    /usr/lib/jvm/java-8-openjdk-amd64/jre/lib/amd64/libawt.so
7f7dfd5f9000-7f7dfd604000 rw-p 000a1000 08:05 1502996                    /usr/lib/jvm/java-8-openjdk-amd64/jre/lib/amd64/libawt.so
7f7dfd604000-7f7dfd629000 rw-p 00000000 00:00 0 
7f7dfd629000-7f7dfd62a000 ---p 00000000 00:00 0 
7f7dfd62a000-7f7dfd72a000 rw-p 00000000 00:00 0 
7f7dfd72a000-7f7dfd72d000 ---p 00000000 00:00 0 
7f7dfd72d000-7f7dfd82b000 rw-p 00000000 00:00 0 
7f7dfd82b000-7f7dfd82e000 ---p 00000000 00:00 0 
7f7dfd82e000-7f7dfd92c000 rw-p 00000000 00:00 0 
7f7dfd92c000-7f7dfd92f000 ---p 00000000 00:00 0 
7f7dfd92f000-7f7dfda2d000 rw-p 00000000 00:00 0 
7f7dfda2d000-7f7dfda30000 ---p 00000000 00:00 0 
7f7dfda30000-7f7dfdb2e000 rw-p 00000000 00:00 0 
7f7dfdb2e000-7f7dfdb31000 ---p 00000000 00:00 0 
7f7dfdb31000-7f7dfdc2f000 rw-p 00000000 00:00 0 
7f7dfdc2f000-7f7dfe5ee000 r--p 00000000 08:05 663194                     /usr/lib/locale/locale-archive
7f7dfe5ee000-7f7dfe5f1000 ---p 00000000 00:00 0 
7f7dfe5f1000-7f7dfe6ef000 rw-p 00000000 00:00 0 
7f7dfe6ef000-7f7dfe6f2000 ---p 00000000 00:00 0 
7f7dfe6f2000-7f7dfe7f0000 rw-p 00000000 00:00 0 
7f7dfe7f0000-7f7dfe7f1000 ---p 00000000 00:00 0 
7f7dfe7f1000-7f7e00000000 rw-p 00000000 00:00 0 
7f7e00000000-7f7e00021000 rw-p 00000000 00:00 0 
7f7e00021000-7f7e04000000 ---p 00000000 00:00 0 
7f7e0405e000-7f7e04071000 r--s 00346000 08:05 1182190                    /usr/lib/jvm/java-8-openjdk-amd64/jre/lib/resources.jar
7f7e04071000-7f7e04096000 r--p 00000000 08:05 1186473                    /usr/share/locale-langpack/es/LC_MESSAGES/libc.mo
7f7e04096000-7f7e040b1000 r--s 00394000 08:05 1312989                    /usr/lib/jvm/java-8-openjdk-amd64/jre/lib/ext/cldrdata.jar
7f7e040b1000-7f7e04280000 r--s 03c32000 08:05 1181885                    /usr/lib/jvm/java-8-openjdk-amd64/jre/lib/rt.jar
7f7e04280000-7f7e08000000 rw-p 00000000 00:00 0 
7f7e08000000-7f7e08021000 rw-p 00000000 00:00 0 
7f7e08021000-7f7e0c000000 ---p 00000000 00:00 0 
7f7e0c006000-7f7e0c00d000 r--s 00000000 08:05 919511                     /usr/lib/x86_64-linux-gnu/gconv/gconv-modules.cache
7f7e0c00d000-7f7e0c028000 r--s 001d6000 08:05 1312134                    /usr/lib/jvm/java-8-openjdk-amd64/jre/lib/ext/nashorn.jar
7f7e0c028000-7f7e0c463000 rw-p 00000000 00:00 0 
7f7e0c463000-7f7e0c464000 ---p 00000000 00:00 0 
7f7e0c464000-7f7e0c564000 rw-p 00000000 00:00 0 
7f7e0c564000-7f7e0c565000 ---p 00000000 00:00 0 
7f7e0c565000-7f7e0c665000 rw-p 00000000 00:00 0 
7f7e0c665000-7f7e0c666000 ---p 00000000 00:00 0 
7f7e0c666000-7f7e0c766000 rw-p 00000000 00:00 0 
7f7e0c766000-7f7e0c767000 ---p 00000000 00:00 0 
7f7e0c767000-7f7e0ca85000 rw-p 00000000 00:00 0 
7f7e0ca85000-7f7e0caf7000 ---p 00000000 00:00 0 
7f7e0caf7000-7f7e0cb33000 rw-p 00000000 00:00 0 
7f7e0cb33000-7f7e0cc3f000 ---p 00000000 00:00 0 
7f7e0cc3f000-7f7e0cc68000 rw-p 00000000 00:00 0 
7f7e0cc68000-7f7e0d000000 ---p 00000000 00:00 0 
7f7e0d000000-7f7e0d9e0000 rwxp 00000000 00:00 0 
7f7e0d9e0000-7f7e1c000000 ---p 00000000 00:00 0 
7f7e1c000000-7f7e1c2d4000 rw-p 00000000 00:00 0 
7f7e1c2d4000-7f7e20000000 ---p 00000000 00:00 0 
7f7e20000000-7f7e20005000 r--s 0009d000 08:05 1181233                    /usr/lib/jvm/java-8-openjdk-amd64/jre/lib/jsse.jar
7f7e20005000-7f7e2000a000 r--s 002f9000 08:05 1240188                    /usr/lib/jvm/java-8-openjdk-amd64/jre/lib/charsets.jar
7f7e2000a000-7f7e2030d000 rw-p 00000000 00:00 0 
7f7e2030d000-7f7e2037f000 ---p 00000000 00:00 0 
7f7e2037f000-7f7e20387000 r-xp 00000000 08:05 1502984                    /usr/lib/jvm/java-8-openjdk-amd64/jre/lib/amd64/libzip.so
7f7e20387000-7f7e20586000 ---p 00008000 08:05 1502984                    /usr/lib/jvm/java-8-openjdk-amd64/jre/lib/amd64/libzip.so
7f7e20586000-7f7e20587000 r--p 00007000 08:05 1502984                    /usr/lib/jvm/java-8-openjdk-amd64/jre/lib/amd64/libzip.so
7f7e20587000-7f7e20588000 rw-p 00008000 08:05 1502984                    /usr/lib/jvm/java-8-openjdk-amd64/jre/lib/amd64/libzip.so
7f7e20588000-7f7e20593000 r-xp 00000000 08:05 398736                     /lib/x86_64-linux-gnu/libnss_files-2.23.so
7f7e20593000-7f7e20792000 ---p 0000b000 08:05 398736                     /lib/x86_64-linux-gnu/libnss_files-2.23.so
7f7e20792000-7f7e20793000 r--p 0000a000 08:05 398736                     /lib/x86_64-linux-gnu/libnss_files-2.23.so
7f7e20793000-7f7e20794000 rw-p 0000b000 08:05 398736                     /lib/x86_64-linux-gnu/libnss_files-2.23.so
7f7e20794000-7f7e2079a000 rw-p 00000000 00:00 0 
7f7e2079a000-7f7e207a5000 r-xp 00000000 08:05 398746                     /lib/x86_64-linux-gnu/libnss_nis-2.23.so
7f7e207a5000-7f7e209a4000 ---p 0000b000 08:05 398746                     /lib/x86_64-linux-gnu/libnss_nis-2.23.so
7f7e209a4000-7f7e209a5000 r--p 0000a000 08:05 398746                     /lib/x86_64-linux-gnu/libnss_nis-2.23.so
7f7e209a5000-7f7e209a6000 rw-p 0000b000 08:05 398746                     /lib/x86_64-linux-gnu/libnss_nis-2.23.so
7f7e209a6000-7f7e209bc000 r-xp 00000000 08:05 398730                     /lib/x86_64-linux-gnu/libnsl-2.23.so
7f7e209bc000-7f7e20bbb000 ---p 00016000 08:05 398730                     /lib/x86_64-linux-gnu/libnsl-2.23.so
7f7e20bbb000-7f7e20bbc000 r--p 00015000 08:05 398730                     /lib/x86_64-linux-gnu/libnsl-2.23.so
7f7e20bbc000-7f7e20bbd000 rw-p 00016000 08:05 398730                     /lib/x86_64-linux-gnu/libnsl-2.23.so
7f7e20bbd000-7f7e20bbf000 rw-p 00000000 00:00 0 
7f7e20bbf000-7f7e20bc7000 r-xp 00000000 08:05 398732                     /lib/x86_64-linux-gnu/libnss_compat-2.23.so
7f7e20bc7000-7f7e20dc6000 ---p 00008000 08:05 398732                     /lib/x86_64-linux-gnu/libnss_compat-2.23.so
7f7e20dc6000-7f7e20dc7000 r--p 00007000 08:05 398732                     /lib/x86_64-linux-gnu/libnss_compat-2.23.so
7f7e20dc7000-7f7e20dc8000 rw-p 00008000 08:05 398732                     /lib/x86_64-linux-gnu/libnss_compat-2.23.so
7f7e20dc8000-7f7e20df5000 r-xp 00000000 08:05 1503000                    /usr/lib/jvm/java-8-openjdk-amd64/jre/lib/amd64/libjava.so
7f7e20df5000-7f7e20ff4000 ---p 0002d000 08:05 1503000                    /usr/lib/jvm/java-8-openjdk-amd64/jre/lib/amd64/libjava.so
7f7e20ff4000-7f7e20ff5000 r--p 0002c000 08:05 1503000                    /usr/lib/jvm/java-8-openjdk-amd64/jre/lib/amd64/libjava.so
7f7e20ff5000-7f7e20ff7000 rw-p 0002d000 08:05 1503000                    /usr/lib/jvm/java-8-openjdk-amd64/jre/lib/amd64/libjava.so
7f7e20ff7000-7f7e21006000 r-xp 00000000 08:05 1502988                    /usr/lib/jvm/java-8-openjdk-amd64/jre/lib/amd64/libverify.so
7f7e21006000-7f7e21205000 ---p 0000f000 08:05 1502988                    /usr/lib/jvm/java-8-openjdk-amd64/jre/lib/amd64/libverify.so
7f7e21205000-7f7e21207000 r--p 0000e000 08:05 1502988                    /usr/lib/jvm/java-8-openjdk-amd64/jre/lib/amd64/libverify.so
7f7e21207000-7f7e21208000 rw-p 00010000 08:05 1502988                    /usr/lib/jvm/java-8-openjdk-amd64/jre/lib/amd64/libverify.so
7f7e21208000-7f7e2120f000 r-xp 00000000 08:05 398791                     /lib/x86_64-linux-gnu/librt-2.23.so
7f7e2120f000-7f7e2140e000 ---p 00007000 08:05 398791                     /lib/x86_64-linux-gnu/librt-2.23.so
7f7e2140e000-7f7e2140f000 r--p 00006000 08:05 398791                     /lib/x86_64-linux-gnu/librt-2.23.so
7f7e2140f000-7f7e21410000 rw-p 00007000 08:05 398791                     /lib/x86_64-linux-gnu/librt-2.23.so
7f7e21410000-7f7e21426000 r-xp 00000000 08:05 398675                     /lib/x86_64-linux-gnu/libgcc_s.so.1
7f7e21426000-7f7e21625000 ---p 00016000 08:05 398675                     /lib/x86_64-linux-gnu/libgcc_s.so.1
7f7e21625000-7f7e21626000 rw-p 00015000 08:05 398675                     /lib/x86_64-linux-gnu/libgcc_s.so.1
7f7e21626000-7f7e2172e000 r-xp 00000000 08:05 398707                     /lib/x86_64-linux-gnu/libm-2.23.so
7f7e2172e000-7f7e2192d000 ---p 00108000 08:05 398707                     /lib/x86_64-linux-gnu/libm-2.23.so
7f7e2192d000-7f7e2192e000 r--p 00107000 08:05 398707                     /lib/x86_64-linux-gnu/libm-2.23.so
7f7e2192e000-7f7e2192f000 rw-p 00108000 08:05 398707                     /lib/x86_64-linux-gnu/libm-2.23.so
7f7e2192f000-7f7e21aa1000 r-xp 00000000 08:05 658358                     /usr/lib/x86_64-linux-gnu/libstdc++.so.6.0.21
7f7e21aa1000-7f7e21ca1000 ---p 00172000 08:05 658358                     /usr/lib/x86_64-linux-gnu/libstdc++.so.6.0.21
7f7e21ca1000-7f7e21cab000 r--p 00172000 08:05 658358                     /usr/lib/x86_64-linux-gnu/libstdc++.so.6.0.21
7f7e21cab000-7f7e21cad000 rw-p 0017c000 08:05 658358                     /usr/lib/x86_64-linux-gnu/libstdc++.so.6.0.21
7f7e21cad000-7f7e21cb1000 rw-p 00000000 00:00 0 
7f7e21cb1000-7f7e2290e000 r-xp 00000000 08:05 1704438                    /usr/lib/jvm/java-8-openjdk-amd64/jre/lib/amd64/server/libjvm.so
7f7e2290e000-7f7e22b0e000 ---p 00c5d000 08:05 1704438                    /usr/lib/jvm/java-8-openjdk-amd64/jre/lib/amd64/server/libjvm.so
7f7e22b0e000-7f7e22ba2000 r--p 00c5d000 08:05 1704438                    /usr/lib/jvm/java-8-openjdk-amd64/jre/lib/amd64/server/libjvm.so
7f7e22ba2000-7f7e22bcb000 rw-p 00cf1000 08:05 1704438                    /usr/lib/jvm/java-8-openjdk-amd64/jre/lib/amd64/server/libjvm.so
7f7e22bcb000-7f7e22bfb000 rw-p 00000000 00:00 0 
7f7e22bfb000-7f7e22c13000 r-xp 00000000 08:05 398783                     /lib/x86_64-linux-gnu/libpthread-2.23.so
7f7e22c13000-7f7e22e12000 ---p 00018000 08:05 398783                     /lib/x86_64-linux-gnu/libpthread-2.23.so
7f7e22e12000-7f7e22e13000 r--p 00017000 08:05 398783                     /lib/x86_64-linux-gnu/libpthread-2.23.so
7f7e22e13000-7f7e22e14000 rw-p 00018000 08:05 398783                     /lib/x86_64-linux-gnu/libpthread-2.23.so
7f7e22e14000-7f7e22e18000 rw-p 00000000 00:00 0 
7f7e22e18000-7f7e22e1b000 r-xp 00000000 08:05 398661                     /lib/x86_64-linux-gnu/libdl-2.23.so
7f7e22e1b000-7f7e2301a000 ---p 00003000 08:05 398661                     /lib/x86_64-linux-gnu/libdl-2.23.so
7f7e2301a000-7f7e2301b000 r--p 00002000 08:05 398661                     /lib/x86_64-linux-gnu/libdl-2.23.so
7f7e2301b000-7f7e2301c000 rw-p 00003000 08:05 398661                     /lib/x86_64-linux-gnu/libdl-2.23.so
7f7e2301c000-7f7e23035000 r-xp 00000000 08:05 398828                     /lib/x86_64-linux-gnu/libz.so.1.2.8
7f7e23035000-7f7e23234000 ---p 00019000 08:05 398828                     /lib/x86_64-linux-gnu/libz.so.1.2.8
7f7e23234000-7f7e23235000 r--p 00018000 08:05 398828                     /lib/x86_64-linux-gnu/libz.so.1.2.8
7f7e23235000-7f7e23236000 rw-p 00019000 08:05 398828                     /lib/x86_64-linux-gnu/libz.so.1.2.8
7f7e23236000-7f7e233f6000 r-xp 00000000 08:05 398637                     /lib/x86_64-linux-gnu/libc-2.23.so
7f7e233f6000-7f7e235f6000 ---p 001c0000 08:05 398637                     /lib/x86_64-linux-gnu/libc-2.23.so
7f7e235f6000-7f7e235fa000 r--p 001c0000 08:05 398637                     /lib/x86_64-linux-gnu/libc-2.23.so
7f7e235fa000-7f7e235fc000 rw-p 001c4000 08:05 398637                     /lib/x86_64-linux-gnu/libc-2.23.so
7f7e235fc000-7f7e23600000 rw-p 00000000 00:00 0 
7f7e23600000-7f7e2360d000 r-xp 00000000 08:05 1704521                    /usr/lib/jvm/java-8-openjdk-amd64/jre/lib/amd64/jli/libjli.so
7f7e2360d000-7f7e2380d000 ---p 0000d000 08:05 1704521                    /usr/lib/jvm/java-8-openjdk-amd64/jre/lib/amd64/jli/libjli.so
7f7e2380d000-7f7e2380e000 r--p 0000d000 08:05 1704521                    /usr/lib/jvm/java-8-openjdk-amd64/jre/lib/amd64/jli/libjli.so
7f7e2380e000-7f7e2380f000 rw-p 0000e000 08:05 1704521                    /usr/lib/jvm/java-8-openjdk-amd64/jre/lib/amd64/jli/libjli.so
7f7e2380f000-7f7e23835000 r-xp 00000000 08:05 398609                     /lib/x86_64-linux-gnu/ld-2.23.so
7f7e23835000-7f7e2383d000 r--s 000c4000 08:06 3677543                    /home/lautaro/netbeans-8.2/ide/modules/ext/mysql-connector-java-5.1.23-bin.jar
7f7e2383d000-7f7e23847000 r--s 00116000 08:05 1350404                    /usr/lib/jvm/java-8-openjdk-amd64/jre/lib/ext/localedata.jar
7f7e23847000-7f7e23849000 r--s 00008000 08:05 1350406                    /usr/lib/jvm/java-8-openjdk-amd64/jre/lib/ext/sunec.jar
7f7e23849000-7f7e23914000 rw-p 00000000 00:00 0 
7f7e23914000-7f7e23917000 ---p 00000000 00:00 0 
7f7e23917000-7f7e23a19000 rw-p 00000000 00:00 0 
7f7e23a19000-7f7e23a1a000 r--s 0000a000 08:05 1350407                    /usr/lib/jvm/java-8-openjdk-amd64/jre/lib/ext/jaccess.jar
7f7e23a1a000-7f7e23a1c000 r--s 00001000 08:05 1312991                    /usr/lib/jvm/java-8-openjdk-amd64/jre/lib/ext/dnsns.jar
7f7e23a1c000-7f7e23a22000 r--s 0003b000 08:05 1350405                    /usr/lib/jvm/java-8-openjdk-amd64/jre/lib/ext/sunjce_provider.jar
7f7e23a22000-7f7e23a25000 r--s 0000f000 08:05 1312133                    /usr/lib/jvm/java-8-openjdk-amd64/jre/lib/ext/icedtea-sound.jar
7f7e23a25000-7f7e23a26000 r--s 00010000 08:05 1313006                    /usr/lib/jvm/java-8-openjdk-amd64/jre/lib/ext/zipfs.jar
7f7e23a26000-7f7e23a29000 r--s 00038000 08:05 1312990                    /usr/lib/jvm/java-8-openjdk-amd64/jre/lib/ext/sunpkcs11.jar
7f7e23a29000-7f7e23a31000 rw-s 00000000 08:05 1472291                    /tmp/hsperfdata_lautaro/9153
7f7e23a31000-7f7e23a32000 rw-p 00000000 00:00 0 
7f7e23a32000-7f7e23a33000 ---p 00000000 00:00 0 
7f7e23a33000-7f7e23a34000 rw-p 00000000 00:00 0 
7f7e23a34000-7f7e23a35000 r--p 00025000 08:05 398609                     /lib/x86_64-linux-gnu/ld-2.23.so
7f7e23a35000-7f7e23a36000 rw-p 00026000 08:05 398609                     /lib/x86_64-linux-gnu/ld-2.23.so
7f7e23a36000-7f7e23a37000 rw-p 00000000 00:00 0 
7ffea70f3000-7ffea7114000 rw-p 00000000 00:00 0                          [stack]
7ffea7138000-7ffea713b000 r--p 00000000 00:00 0                          [vvar]
7ffea713b000-7ffea713d000 r-xp 00000000 00:00 0                          [vdso]
ffffffffff600000-ffffffffff601000 r-xp 00000000 00:00 0                  [vsyscall]

VM Arguments:
jvm_args: -Dfile.encoding=UTF-8 
java_command: proyecto_cliente.Proyecto_cliente
java_class_path (initial): /home/lautaro/netbeans-8.2/ide/modules/ext/mysql-connector-java-5.1.23-bin.jar:/home/lautaro/NetBeansProjects/Proyecto_cliente/build/classes
Launcher Type: SUN_STANDARD

Environment Variables:
PATH=/home/lautaro/bin:/home/lautaro/.local/bin:/usr/local/sbin:/usr/local/bin:/usr/sbin:/usr/bin:/sbin:/bin:/usr/games:/usr/local/games:/snap/bin
LD_LIBRARY_PATH=/usr/lib/jvm/java-8-openjdk-amd64/jre/lib/amd64:/usr/lib/jvm/java-8-openjdk-amd64/jre/lib/i386:
SHELL=/bin/bash
DISPLAY=:0

Signal Handlers:
SIGSEGV: [libjvm.so+0xa71a30], sa_mask[0]=11111111011111111101111111111110, sa_flags=SA_RESTART|SA_SIGINFO
SIGBUS: [libjvm.so+0xa71a30], sa_mask[0]=11111111011111111101111111111110, sa_flags=SA_RESTART|SA_SIGINFO
SIGFPE: [libjvm.so+0x8b8f40], sa_mask[0]=11111111011111111101111111111110, sa_flags=SA_RESTART|SA_SIGINFO
SIGPIPE: [libjvm.so+0x8b8f40], sa_mask[0]=11111111011111111101111111111110, sa_flags=SA_RESTART|SA_SIGINFO
SIGXFSZ: [libjvm.so+0x8b8f40], sa_mask[0]=11111111011111111101111111111110, sa_flags=SA_RESTART|SA_SIGINFO
SIGILL: [libjvm.so+0x8b8f40], sa_mask[0]=11111111011111111101111111111110, sa_flags=SA_RESTART|SA_SIGINFO
SIGUSR1: SIG_DFL, sa_mask[0]=00000000000000000000000000000000, sa_flags=none
SIGUSR2: [libjvm.so+0x8b8df0], sa_mask[0]=00100000000000000000000000000000, sa_flags=SA_RESTART|SA_SIGINFO
SIGHUP: [libjvm.so+0x8b92c0], sa_mask[0]=11111111011111111101111111111110, sa_flags=SA_RESTART|SA_SIGINFO
SIGINT: SIG_IGN, sa_mask[0]=00000000000000000000000000000000, sa_flags=none
SIGTERM: [libjvm.so+0x8b92c0], sa_mask[0]=11111111011111111101111111111110, sa_flags=SA_RESTART|SA_SIGINFO
SIGQUIT: [libjvm.so+0x8b92c0], sa_mask[0]=11111111011111111101111111111110, sa_flags=SA_RESTART|SA_SIGINFO


---------------  S Y S T E M  ---------------

OS:DISTRIB_ID=Ubuntu
DISTRIB_RELEASE=16.04
DISTRIB_CODENAME=xenial
DISTRIB_DESCRIPTION="Ubuntu 16.04.4 LTS"

uname:Linux 4.15.0-32-generic #35~16.04.1-Ubuntu SMP Fri Aug 10 21:54:34 UTC 2018 x86_64
libc:glibc 2.23 NPTL 2.23 
rlimit: STACK 8192k, CORE 0k, NPROC 31011, NOFILE 1048576, AS infinity
load average:3,07 2,75 1,81

/proc/meminfo:
MemTotal:        8052884 kB
MemFree:          127048 kB
MemAvailable:      22864 kB
Buffers:            3024 kB
Cached:           508972 kB
SwapCached:            0 kB
Active:          7211984 kB
Inactive:         491728 kB
Active(anon):    7193688 kB
Inactive(anon):   476456 kB
Active(file):      18296 kB
Inactive(file):    15272 kB
Unevictable:         136 kB
Mlocked:             136 kB
SwapTotal:             0 kB
SwapFree:              0 kB
Dirty:               476 kB
Writeback:             0 kB
AnonPages:       7192168 kB
Mapped:            77788 kB
Shmem:            478116 kB
Slab:              94988 kB
SReclaimable:      40172 kB
SUnreclaim:        54816 kB
KernelStack:       11408 kB
PageTables:        55516 kB
NFS_Unstable:          0 kB
Bounce:                0 kB
WritebackTmp:          0 kB
CommitLimit:     4026440 kB
Committed_AS:   12996260 kB
VmallocTotal:   34359738367 kB
VmallocUsed:           0 kB
VmallocChunk:          0 kB
HardwareCorrupted:     0 kB
AnonHugePages:         0 kB
ShmemHugePages:        0 kB
ShmemPmdMapped:        0 kB
CmaTotal:              0 kB
CmaFree:               0 kB
HugePages_Total:       0
HugePages_Free:        0
HugePages_Rsvd:        0
HugePages_Surp:        0
Hugepagesize:       2048 kB
DirectMap4k:      173508 kB
DirectMap2M:     7051264 kB
DirectMap1G:     1048576 kB


CPU:total 4 (initial active 4) (4 cores per cpu, 1 threads per core) family 6 model 158 stepping 9, cmov, cx8, fxsr, mmx, sse, sse2, sse3, ssse3, sse4.1, sse4.2, popcnt, avx, avx2, aes, clmul, erms, 3dnowpref, lzcnt, tsc, tscinvbit, bmi1, bmi2, adx

/proc/cpuinfo:
processor	: 0
vendor_id	: GenuineIntel
cpu family	: 6
model		: 158
model name	: Intel(R) Core(TM) i5-7300HQ CPU @ 2.50GHz
stepping	: 9
microcode	: 0x84
cpu MHz		: 900.013
cache size	: 6144 KB
physical id	: 0
siblings	: 4
core id		: 0
cpu cores	: 4
apicid		: 0
initial apicid	: 0
fpu		: yes
fpu_exception	: yes
cpuid level	: 22
wp		: yes
flags		: fpu vme de pse tsc msr pae mce cx8 apic sep mtrr pge mca cmov pat pse36 clflush dts acpi mmx fxsr sse sse2 ss ht tm pbe syscall nx pdpe1gb rdtscp lm constant_tsc art arch_perfmon pebs bts rep_good nopl xtopology nonstop_tsc cpuid aperfmperf tsc_known_freq pni pclmulqdq dtes64 monitor ds_cpl vmx est tm2 ssse3 sdbg fma cx16 xtpr pdcm pcid sse4_1 sse4_2 x2apic movbe popcnt tsc_deadline_timer aes xsave avx f16c rdrand lahf_lm abm 3dnowprefetch cpuid_fault epb invpcid_single pti ibrs ibpb stibp tpr_shadow vnmi flexpriority ept vpid fsgsbase tsc_adjust bmi1 avx2 smep bmi2 erms invpcid mpx rdseed adx smap clflushopt intel_pt xsaveopt xsavec xgetbv1 xsaves dtherm ida arat pln pts hwp hwp_notify hwp_act_window hwp_epp
bugs		: cpu_meltdown spectre_v1 spectre_v2 spec_store_bypass l1tf
bogomips	: 4992.00
clflush size	: 64
cache_alignment	: 64
address sizes	: 39 bits physical, 48 bits virtual
power management:

processor	: 1
vendor_id	: GenuineIntel
cpu family	: 6
model		: 158
model name	: Intel(R) Core(TM) i5-7300HQ CPU @ 2.50GHz
stepping	: 9
microcode	: 0x84
cpu MHz		: 899.204
cache size	: 6144 KB
physical id	: 0
siblings	: 4
core id		: 1
cpu cores	: 7
apicid		: 2
initial apicid	: 2
fpu		: yes
fpu_exception	: yes
cpuid level	: 22
wp		: yes
flags		: fpu vme de pse tsc msr pae mce cx8 apic sep mtrr pge mca cmov pat pse36 clflush dts acpi mmx fxsr sse sse2 ss ht tm pbe syscall nx pdpe1gb rdtscp lm constant_tsc art arch_perfmon pebs bts rep_good nopl xtopology nonstop_tsc cpuid aperfmperf tsc_known_freq pni pclmulqdq dtes64 monitor ds_cpl vmx est tm2 ssse3 sdbg fma cx16 xtpr pdcm pcid sse4_1 sse4_2 x2apic movbe popcnt tsc_deadline_timer aes xsave avx f16c rdrand lahf_lm abm 3dnowprefetch cpuid_fault epb invpcid_single pti ibrs ibpb stibp tpr_shadow vnmi flexpriority ept vpid fsgsbase tsc_adjust bmi1 avx2 smep bmi2 erms invpcid mpx rdseed adx smap clflushopt intel_pt xsaveopt xsavec xgetbv1 xsaves dtherm ida arat pln pts hwp hwp_notify hwp_act_window hwp_epp
bugs		: cpu_meltdown spectre_v1 spectre_v2 spec_store_bypass l1tf
bogomips	: 4992.00
clflush size	: 64
cache_alignment	: 64
address sizes	: 39 bits physical, 48 bits virtual
power management:

processor	: 2
vendor_id	: GenuineIntel
cpu family	: 6
model		: 158
model name	: Intel(R) Core(TM) i5-7300HQ CPU @ 2.50GHz
stepping	: 9
microcode	: 0x84
cpu MHz		: 900.018
cache size	: 6144 KB
physical id	: 0
siblings	: 4
core id		: 2
cpu cores	: 6
apicid		: 4
initial apicid	: 4
fpu		: yes
fpu_exception	: yes
cpuid level	: 22
wp		: yes
flags		: fpu vme de pse tsc msr pae mce cx8 apic sep mtrr pge mca cmov pat pse36 clflush dts acpi mmx fxsr sse sse2 ss ht tm pbe syscall nx pdpe1gb rdtscp lm constant_tsc art arch_perfmon pebs bts rep_good nopl xtopology nonstop_tsc cpuid aperfmperf tsc_known_freq pni pclmulqdq dtes64 monitor ds_cpl vmx est tm2 ssse3 sdbg fma cx16 xtpr pdcm pcid sse4_1 sse4_2 x2apic movbe popcnt tsc_deadline_timer aes xsave avx f16c rdrand lahf_lm abm 3dnowprefetch cpuid_fault epb invpcid_single pti ibrs ibpb stibp tpr_shadow vnmi flexpriority ept vpid fsgsbase tsc_adjust bmi1 avx2 smep bmi2 erms invpcid mpx rdseed adx smap clflushopt intel_pt xsaveopt xsavec xgetbv1 xsaves dtherm ida arat pln pts hwp hwp_notify hwp_act_window hwp_epp
bugs		: cpu_meltdown spectre_v1 spectre_v2 spec_store_bypass l1tf
bogomips	: 4992.00
clflush size	: 64
cache_alignment	: 64
address sizes	: 39 bits physical, 48 bits virtual
power management:

processor	: 3
vendor_id	: GenuineIntel
cpu family	: 6
model		: 158
model name	: Intel(R) Core(TM) i5-7300HQ CPU @ 2.50GHz
stepping	: 9
microcode	: 0x84
cpu MHz		: 900.008
cache size	: 6144 KB
physical id	: 0
siblings	: 4
core id		: 3
cpu cores	: 5
apicid		: 6
initial apicid	: 6
fpu		: yes
fpu_exception	: yes
cpuid level	: 22
wp		: yes
flags		: fpu vme de pse tsc msr pae mce cx8 apic sep mtrr pge mca cmov pat pse36 clflush dts acpi mmx fxsr sse sse2 ss ht tm pbe syscall nx pdpe1gb rdtscp lm constant_tsc art arch_perfmon pebs bts rep_good nopl xtopology nonstop_tsc cpuid aperfmperf tsc_known_freq pni pclmulqdq dtes64 monitor ds_cpl vmx est tm2 ssse3 sdbg fma cx16 xtpr pdcm pcid sse4_1 sse4_2 x2apic movbe popcnt tsc_deadline_timer aes xsave avx f16c rdrand lahf_lm abm 3dnowprefetch cpuid_fault epb invpcid_single pti ibrs ibpb stibp tpr_shadow vnmi flexpriority ept vpid fsgsbase tsc_adjust bmi1 avx2 smep bmi2 erms invpcid mpx rdseed adx smap clflushopt intel_pt xsaveopt xsavec xgetbv1 xsaves dtherm ida arat pln pts hwp hwp_notify hwp_act_window hwp_epp
bugs		: cpu_meltdown spectre_v1 spectre_v2 spec_store_bypass l1tf
bogomips	: 4992.00
clflush size	: 64
cache_alignment	: 64
address sizes	: 39 bits physical, 48 bits virtual
power management:



Memory: 4k page, physical 8052884k(127064k free), swap 0k(0k free)

vm_info: OpenJDK 64-Bit Server VM (25.181-b13) for linux-amd64 JRE (1.8.0_181-8u181-b13-0ubuntu0.16.04.1-b13), built on Jul 30 2018 21:06:27 by "buildd" with gcc 5.4.0 20160609

time: Thu Aug 30 10:36:25 2018
elapsed time: 53 seconds (0d 0h 0m 53s)

