#
# There is insufficient memory for the Java Runtime Environment to continue.
# Native memory allocation (mmap) failed to map 314572800 bytes for committing reserved memory.
# Possible reasons:
#   The system is out of physical RAM or swap space
#   In 32 bit mode, the process size limit was hit
# Possible solutions:
#   Reduce memory load on the system
#   Increase physical memory or swap space
#   Check if swap backing store is full
#   Use 64 bit Java on a 64 bit OS
#   Decrease Java heap size (-Xmx/-Xms)
#   Decrease number of Java threads
#   Decrease Java thread stack sizes (-Xss)
#   Set larger code cache with -XX:ReservedCodeCacheSize=
# This output file may be truncated or incomplete.
#
#  Out of Memory Error (os_linux.cpp:2643), pid=5611, tid=0x00007f3f271f1700
#
# JRE version: OpenJDK Runtime Environment (8.0_181-b13) (build 1.8.0_181-8u181-b13-0ubuntu0.16.04.1-b13)
# Java VM: OpenJDK 64-Bit Server VM (25.181-b13 mixed mode linux-amd64 compressed oops)
# Failed to write core dump. Core dumps have been disabled. To enable core dumping, try "ulimit -c unlimited" before starting Java again
#

---------------  T H R E A D  ---------------

Current thread (0x00007f3f44078000):  VMThread [stack: 0x00007f3f270f1000,0x00007f3f271f2000] [id=5621]

Stack: [0x00007f3f270f1000,0x00007f3f271f2000],  sp=0x00007f3f271f0480,  free space=1021k
Native frames: (J=compiled Java code, j=interpreted, Vv=VM code, C=native code)
V  [libjvm.so+0xa70edb]
V  [libjvm.so+0x4c893c]
V  [libjvm.so+0x8bda08]
V  [libjvm.so+0x8b7d9e]
V  [libjvm.so+0x933206]
V  [libjvm.so+0x92289a]
V  [libjvm.so+0x922aa3]
V  [libjvm.so+0x923408]
V  [libjvm.so+0x9296ce]
V  [libjvm.so+0x93106d]
V  [libjvm.so+0x8e27c3]
V  [libjvm.so+0xa72b82]
V  [libjvm.so+0xa77d27]
V  [libjvm.so+0xa75427]
V  [libjvm.so+0xa768af]
V  [libjvm.so+0xa76da1]
V  [libjvm.so+0x8bae12]

VM_Operation (0x00007f3ee3bd04c0): ParallelGCFailedAllocation, mode: safepoint, requested by thread 0x00007f3f4430a800


---------------  P R O C E S S  ---------------

Java Threads: ( => current thread )
  0x00007f3ee8025000 JavaThread "TimerQueue" daemon [_thread_blocked, id=5637, stack(0x00007f3ee34cf000,0x00007f3ee35d0000)]
  0x00007f3edc02a000 JavaThread "Abandoned connection cleanup thread" daemon [_thread_blocked, id=5635, stack(0x00007f3ee39d0000,0x00007f3ee3ad1000)]
  0x00007f3f4400a800 JavaThread "DestroyJavaVM" [_thread_blocked, id=5616, stack(0x00007f3f4c19e000,0x00007f3f4c29f000)]
  0x00007f3f4430a800 JavaThread "Thread-0" [_thread_blocked, id=5634, stack(0x00007f3ee3ad1000,0x00007f3ee3bd2000)]
  0x00007f3f442c1800 JavaThread "AWT-EventQueue-0" [_thread_blocked, id=5633, stack(0x00007f3ef78ed000,0x00007f3ef79ee000)]
  0x00007f3f442bf800 JavaThread "AWT-Shutdown" [_thread_blocked, id=5632, stack(0x00007f3ef79ee000,0x00007f3ef7aef000)]
  0x00007f3f44289000 JavaThread "AWT-XAWT" daemon [_thread_blocked, id=5631, stack(0x00007f3ef7aef000,0x00007f3ef7bf0000)]
  0x00007f3f44263800 JavaThread "Java2D Disposer" daemon [_thread_blocked, id=5630, stack(0x00007f3f24016000,0x00007f3f24117000)]
  0x00007f3f440c8000 JavaThread "Service Thread" daemon [_thread_blocked, id=5628, stack(0x00007f3f2602b000,0x00007f3f2612c000)]
  0x00007f3f440bd000 JavaThread "C1 CompilerThread2" daemon [_thread_blocked, id=5627, stack(0x00007f3f2612c000,0x00007f3f2622d000)]
  0x00007f3f440bb000 JavaThread "C2 CompilerThread1" daemon [_thread_blocked, id=5626, stack(0x00007f3f2622d000,0x00007f3f2632e000)]
  0x00007f3f440b8000 JavaThread "C2 CompilerThread0" daemon [_thread_blocked, id=5625, stack(0x00007f3f2632e000,0x00007f3f2642f000)]
  0x00007f3f440b6800 JavaThread "Signal Dispatcher" daemon [_thread_blocked, id=5624, stack(0x00007f3f2642f000,0x00007f3f26530000)]
  0x00007f3f44084800 JavaThread "Finalizer" daemon [_thread_blocked, id=5623, stack(0x00007f3f26eef000,0x00007f3f26ff0000)]
  0x00007f3f44080000 JavaThread "Reference Handler" daemon [_thread_blocked, id=5622, stack(0x00007f3f26ff0000,0x00007f3f270f1000)]

Other Threads:
=>0x00007f3f44078000 VMThread [stack: 0x00007f3f270f1000,0x00007f3f271f2000] [id=5621]
  0x00007f3f440ca800 WatcherThread [stack: 0x00007f3f25f2a000,0x00007f3f2602b000] [id=5629]

VM state:at safepoint (normal execution)

VM Mutex/Monitor currently owned by a thread:  ([mutex/lock_event])
[0x00007f3f440067d0] ExpandHeap_lock - owner thread: 0x00007f3f44078000
[0x00007f3f44006e50] Threads_lock - owner thread: 0x00007f3f44078000
[0x00007f3f44007350] Heap_lock - owner thread: 0x00007f3f4430a800

Heap:
 PSYoungGen      total 209408K, used 8726K [0x00000000d7000000, 0x00000000ef400000, 0x0000000100000000)
  eden space 19968K, 0% used [0x00000000d7000000,0x00000000d7000000,0x00000000d8380000)
  from space 189440K, 4% used [0x00000000d8380000,0x00000000d8c05890,0x00000000e3c80000)
  to   space 187392K, 0% used [0x00000000e3d00000,0x00000000e3d00000,0x00000000ef400000)
 ParOldGen       total 937984K, used 937750K [0x0000000085000000, 0x00000000be400000, 0x00000000d7000000)
  object space 937984K, 99% used [0x0000000085000000,0x00000000be3c59e0,0x00000000be400000)
 Metaspace       used 15987K, capacity 16228K, committed 16384K, reserved 1064960K
  class space    used 1697K, capacity 1773K, committed 1792K, reserved 1048576K

Card table byte_map: [0x00007f3f48470000,0x00007f3f48849000] byte_map_base: 0x00007f3f48048000

Marking Bits: (ParMarkBitMap*) 0x00007f3f4b4683a0
 Begin Bits: [0x00007f3f2c280000, 0x00007f3f2e140000)
 End Bits:   [0x00007f3f2e140000, 0x00007f3f30000000)

Polling page: 0x00007f3f4c2bc000

CodeCache: size=245760Kb used=7273Kb max_used=7281Kb free=238486Kb
 bounds [0x00007f3f35000000, 0x00007f3f35730000, 0x00007f3f44000000]
 total_blobs=2670 nmethods=2060 adapters=523
 compilation: enabled

Compilation events (10 events):
Event: 11,110 Thread 0x00007f3f440bd000 nmethod 2055 0x00007f3f3570bc90 code [0x00007f3f3570be00, 0x00007f3f3570bfb0]
Event: 11,138 Thread 0x00007f3f440bb000 nmethod 2053 0x00007f3f35713b90 code [0x00007f3f35714140, 0x00007f3f35719798]
Event: 16,458 Thread 0x00007f3f440b8000 2056       4       java.util.HashMap::putVal (300 bytes)
Event: 16,465 Thread 0x00007f3f440b8000 nmethod 2056 0x00007f3f357104d0 code [0x00007f3f357106c0, 0x00007f3f35711218]
Event: 18,266 Thread 0x00007f3f440bd000 2057       3       java.util.HashMap::putVal (300 bytes)
Event: 18,267 Thread 0x00007f3f440bd000 nmethod 2057 0x00007f3f3570a0d0 code [0x00007f3f3570a340, 0x00007f3f3570b5d8]
Event: 18,609 Thread 0x00007f3f440bb000 2058       4       java.util.HashMap::putVal (300 bytes)
Event: 18,618 Thread 0x00007f3f440bb000 nmethod 2058 0x00007f3f3570ced0 code [0x00007f3f3570d0c0, 0x00007f3f3570dbc8]
Event: 24,283 Thread 0x00007f3f440bd000 2059       3       java.util.HashMap::resize (359 bytes)
Event: 24,283 Thread 0x00007f3f440bd000 nmethod 2059 0x00007f3f3570e910 code [0x00007f3f3570eb60, 0x00007f3f3570fd88]

GC Heap History (10 events):
Event: 39,766 GC heap after
Heap after GC invocations=48 (full 5):
 PSYoungGen      total 121344K, used 106336K [0x00000000d7000000, 0x00000000f0b00000, 0x0000000100000000)
  eden space 14848K, 0% used [0x00000000d7000000,0x00000000d7000000,0x00000000d7e80000)
  from space 106496K, 99% used [0x00000000d7e80000,0x00000000de658000,0x00000000de680000)
  to   space 201728K, 0% used [0x00000000e4600000,0x00000000e4600000,0x00000000f0b00000)
 ParOldGen       total 937984K, used 785104K [0x0000000085000000, 0x00000000be400000, 0x00000000d7000000)
  object space 937984K, 83% used [0x0000000085000000,0x00000000b4eb4020,0x00000000be400000)
 Metaspace       used 15987K, capacity 16228K, committed 16384K, reserved 1064960K
  class space    used 1697K, capacity 1773K, committed 1792K, reserved 1048576K
}
Event: 40,226 GC heap before
{Heap before GC invocations=49 (full 5):
 PSYoungGen      total 121344K, used 121184K [0x00000000d7000000, 0x00000000f0b00000, 0x0000000100000000)
  eden space 14848K, 100% used [0x00000000d7000000,0x00000000d7e80000,0x00000000d7e80000)
  from space 106496K, 99% used [0x00000000d7e80000,0x00000000de658000,0x00000000de680000)
  to   space 201728K, 0% used [0x00000000e4600000,0x00000000e4600000,0x00000000f0b00000)
 ParOldGen       total 937984K, used 785104K [0x0000000085000000, 0x00000000be400000, 0x00000000d7000000)
  object space 937984K, 83% used [0x0000000085000000,0x00000000b4eb4020,0x00000000be400000)
 Metaspace       used 15987K, capacity 16228K, committed 16384K, reserved 1064960K
  class space    used 1697K, capacity 1773K, committed 1792K, reserved 1048576K
Event: 40,282 GC heap after
Heap after GC invocations=49 (full 5):
 PSYoungGen      total 205824K, used 81728K [0x00000000d7000000, 0x00000000efe00000, 0x0000000100000000)
  eden space 17408K, 0% used [0x00000000d7000000,0x00000000d7000000,0x00000000d8100000)
  from space 188416K, 43% used [0x00000000e4600000,0x00000000e95d0000,0x00000000efe00000)
  to   space 195072K, 0% used [0x00000000d8100000,0x00000000d8100000,0x00000000e3f80000)
 ParOldGen       total 937984K, used 822064K [0x0000000085000000, 0x00000000be400000, 0x00000000d7000000)
  object space 937984K, 87% used [0x0000000085000000,0x00000000b72cc020,0x00000000be400000)
 Metaspace       used 15987K, capacity 16228K, committed 16384K, reserved 1064960K
  class space    used 1697K, capacity 1773K, committed 1792K, reserved 1048576K
}
Event: 40,822 GC heap before
{Heap before GC invocations=50 (full 5):
 PSYoungGen      total 205824K, used 99136K [0x00000000d7000000, 0x00000000efe00000, 0x0000000100000000)
  eden space 17408K, 100% used [0x00000000d7000000,0x00000000d8100000,0x00000000d8100000)
  from space 188416K, 43% used [0x00000000e4600000,0x00000000e95d0000,0x00000000efe00000)
  to   space 195072K, 0% used [0x00000000d8100000,0x00000000d8100000,0x00000000e3f80000)
 ParOldGen       total 937984K, used 822064K [0x0000000085000000, 0x00000000be400000, 0x00000000d7000000)
  object space 937984K, 87% used [0x0000000085000000,0x00000000b72cc020,0x00000000be400000)
 Metaspace       used 15987K, capacity 16228K, committed 16384K, reserved 1064960K
  class space    used 1697K, capacity 1773K, committed 1792K, reserved 1048576K
Event: 40,865 GC heap after
Heap after GC invocations=50 (full 5):
 PSYoungGen      total 76800K, used 59232K [0x00000000d7000000, 0x00000000efa80000, 0x0000000100000000)
  eden space 17408K, 0% used [0x00000000d7000000,0x00000000d7000000,0x00000000d8100000)
  from space 59392K, 99% used [0x00000000d8100000,0x00000000dbad8000,0x00000000dbb00000)
  to   space 192000K, 0% used [0x00000000e3f00000,0x00000000e3f00000,0x00000000efa80000)
 ParOldGen       total 937984K, used 859032K [0x0000000085000000, 0x00000000be400000, 0x00000000d7000000)
  object space 937984K, 91% used [0x0000000085000000,0x00000000b96e6020,0x00000000be400000)
 Metaspace       used 15987K, capacity 16228K, committed 16384K, reserved 1064960K
  class space    used 1697K, capacity 1773K, committed 1792K, reserved 1048576K
}
Event: 41,399 GC heap before
{Heap before GC invocations=51 (full 5):
 PSYoungGen      total 76800K, used 76640K [0x00000000d7000000, 0x00000000efa80000, 0x0000000100000000)
  eden space 17408K, 100% used [0x00000000d7000000,0x00000000d8100000,0x00000000d8100000)
  from space 59392K, 99% used [0x00000000d8100000,0x00000000dbad8000,0x00000000dbb00000)
  to   space 192000K, 0% used [0x00000000e3f00000,0x00000000e3f00000,0x00000000efa80000)
 ParOldGen       total 937984K, used 859032K [0x0000000085000000, 0x00000000be400000, 0x00000000d7000000)
  object space 937984K, 91% used [0x0000000085000000,0x00000000b96e6020,0x00000000be400000)
 Metaspace       used 15987K, capacity 16228K, committed 16384K, reserved 1064960K
  class space    used 1697K, capacity 1773K, committed 1792K, reserved 1048576K
Event: 41,433 GC heap after
Heap after GC invocations=51 (full 5):
 PSYoungGen      total 206848K, used 52576K [0x00000000d7000000, 0x00000000ef580000, 0x0000000100000000)
  eden space 19968K, 0% used [0x00000000d7000000,0x00000000d7000000,0x00000000d8380000)
  from space 186880K, 28% used [0x00000000e3f00000,0x00000000e7258000,0x00000000ef580000)
  to   space 189440K, 0% used [0x00000000d8380000,0x00000000d8380000,0x00000000e3c80000)
 ParOldGen       total 937984K, used 880048K [0x0000000085000000, 0x00000000be400000, 0x00000000d7000000)
  object space 937984K, 93% used [0x0000000085000000,0x00000000bab6c020,0x00000000be400000)
 Metaspace       used 15987K, capacity 16228K, committed 16384K, reserved 1064960K
  class space    used 1697K, capacity 1773K, committed 1792K, reserved 1048576K
}
Event: 42,041 GC heap before
{Heap before GC invocations=52 (full 5):
 PSYoungGen      total 206848K, used 72544K [0x00000000d7000000, 0x00000000ef580000, 0x0000000100000000)
  eden space 19968K, 100% used [0x00000000d7000000,0x00000000d8380000,0x00000000d8380000)
  from space 186880K, 28% used [0x00000000e3f00000,0x00000000e7258000,0x00000000ef580000)
  to   space 189440K, 0% used [0x00000000d8380000,0x00000000d8380000,0x00000000e3c80000)
 ParOldGen       total 937984K, used 880048K [0x0000000085000000, 0x00000000be400000, 0x00000000d7000000)
  object space 937984K, 93% used [0x0000000085000000,0x00000000bab6c020,0x00000000be400000)
 Metaspace       used 15987K, capacity 16228K, committed 16384K, reserved 1064960K
  class space    used 1697K, capacity 1773K, committed 1792K, reserved 1048576K
Event: 42,073 GC heap after
Heap after GC invocations=52 (full 5):
 PSYoungGen      total 209408K, used 44640K [0x00000000d7000000, 0x00000000ef400000, 0x0000000100000000)
  eden space 19968K, 0% used [0x00000000d7000000,0x00000000d7000000,0x00000000d8380000)
  from space 189440K, 23% used [0x00000000d8380000,0x00000000daf18000,0x00000000e3c80000)
  to   space 187392K, 0% used [0x00000000e3d00000,0x00000000e3d00000,0x00000000ef400000)
 ParOldGen       total 937984K, used 904408K [0x0000000085000000, 0x00000000be400000, 0x00000000d7000000)
  object space 937984K, 96% used [0x0000000085000000,0x00000000bc336020,0x00000000be400000)
 Metaspace       used 15987K, capacity 16228K, committed 16384K, reserved 1064960K
  class space    used 1697K, capacity 1773K, committed 1792K, reserved 1048576K
}
Event: 42,073 GC heap before
{Heap before GC invocations=53 (full 6):
 PSYoungGen      total 209408K, used 44640K [0x00000000d7000000, 0x00000000ef400000, 0x0000000100000000)
  eden space 19968K, 0% used [0x00000000d7000000,0x00000000d7000000,0x00000000d8380000)
  from space 189440K, 23% used [0x00000000d8380000,0x00000000daf18000,0x00000000e3c80000)
  to   space 187392K, 0% used [0x00000000e3d00000,0x00000000e3d00000,0x00000000ef400000)
 ParOldGen       total 937984K, used 904408K [0x0000000085000000, 0x00000000be400000, 0x00000000d7000000)
  object space 937984K, 96% used [0x0000000085000000,0x00000000bc336020,0x00000000be400000)
 Metaspace       used 15987K, capacity 16228K, committed 16384K, reserved 1064960K
  class space    used 1697K, capacity 1773K, committed 1792K, reserved 1048576K

Deoptimization events (10 events):
Event: 2,685 Thread 0x00007f3f442c1800 Uncommon trap: reason=unstable_if action=reinterpret pc=0x00007f3f35469fe8 method=java.util.HashMap$HashIterator.<init>(Ljava/util/HashMap;)V @ 38
Event: 4,473 Thread 0x00007f3f4430a800 Uncommon trap: reason=unstable_if action=reinterpret pc=0x00007f3f352be2b4 method=java.util.HashMap.putVal(ILjava/lang/Object;Ljava/lang/Object;ZZ)Ljava/lang/Object; @ 94
Event: 10,503 Thread 0x00007f3f442c1800 Uncommon trap: reason=unstable_if action=reinterpret pc=0x00007f3f356b6d68 method=sun.java2d.pipe.Region.isInsideQuickCheck(Lsun/java2d/pipe/Region;)Z @ 48
Event: 10,802 Thread 0x00007f3f4430a800 Uncommon trap: reason=class_check action=maybe_recompile pc=0x00007f3f35675fb0 method=java.util.HashMap.putVal(ILjava/lang/Object;Ljava/lang/Object;ZZ)Ljava/lang/Object; @ 203
Event: 11,039 Thread 0x00007f3f4430a800 Uncommon trap: reason=class_check action=maybe_recompile pc=0x00007f3f35675fb0 method=java.util.HashMap.putVal(ILjava/lang/Object;Ljava/lang/Object;ZZ)Ljava/lang/Object; @ 203
Event: 11,934 Thread 0x00007f3f44289000 Uncommon trap: reason=unstable_if action=reinterpret pc=0x00007f3f353ff3f0 method=java.lang.reflect.Constructor.newInstance([Ljava/lang/Object;)Ljava/lang/Object; @ 4
Event: 13,520 Thread 0x00007f3f4430a800 Uncommon trap: reason=class_check action=maybe_recompile pc=0x00007f3f35675fb0 method=java.util.HashMap.putVal(ILjava/lang/Object;Ljava/lang/Object;ZZ)Ljava/lang/Object; @ 203
Event: 16,451 Thread 0x00007f3f4430a800 Uncommon trap: reason=class_check action=maybe_recompile pc=0x00007f3f35675fb0 method=java.util.HashMap.putVal(ILjava/lang/Object;Ljava/lang/Object;ZZ)Ljava/lang/Object; @ 203
Event: 18,260 Thread 0x00007f3f4430a800 Uncommon trap: reason=unstable_if action=reinterpret pc=0x00007f3f357108bc method=java.util.HashMap.putVal(ILjava/lang/Object;Ljava/lang/Object;ZZ)Ljava/lang/Object; @ 162
Event: 24,282 Thread 0x00007f3f4430a800 Uncommon trap: reason=unstable_if action=reinterpret pc=0x00007f3f3566c8c4 method=java.util.HashMap.resize()[Ljava/util/HashMap$Node; @ 206

Classes redefined (0 events):
No events

Internal exceptions (10 events):
Event: 0,062 Thread 0x00007f3f4400a800 Exception <a 'java/security/PrivilegedActionException'> (0x00000000d708adf8) thrown at [/build/openjdk-8-pREaNj/openjdk-8-8u181-b13/src/hotspot/src/share/vm/prims/jvm.cpp, line 1435]
Event: 0,062 Thread 0x00007f3f4400a800 Exception <a 'java/security/PrivilegedActionException'> (0x00000000d708b9c0) thrown at [/build/openjdk-8-pREaNj/openjdk-8-8u181-b13/src/hotspot/src/share/vm/prims/jvm.cpp, line 1435]
Event: 0,062 Thread 0x00007f3f4400a800 Exception <a 'java/security/PrivilegedActionException'> (0x00000000d708bbd0) thrown at [/build/openjdk-8-pREaNj/openjdk-8-8u181-b13/src/hotspot/src/share/vm/prims/jvm.cpp, line 1435]
Event: 0,094 Thread 0x00007f3f4400a800 Exception <a 'java/lang/NoSuchFieldError': method resolution failed> (0x00000000d71ff940) thrown at [/build/openjdk-8-pREaNj/openjdk-8-8u181-b13/src/hotspot/src/share/vm/prims/methodHandles.cpp, line 1167]
Event: 0,095 Thread 0x00007f3f4400a800 Exception <a 'java/lang/NoSuchFieldError': method resolution failed> (0x00000000d720d0c0) thrown at [/build/openjdk-8-pREaNj/openjdk-8-8u181-b13/src/hotspot/src/share/vm/prims/methodHandles.cpp, line 1167]
Event: 0,112 Thread 0x00007f3f4400a800 Exception <a 'java/io/FileNotFoundException'> (0x00000000d728c130) thrown at [/build/openjdk-8-pREaNj/openjdk-8-8u181-b13/src/hotspot/src/share/vm/prims/jni.cpp, line 709]
Event: 0,112 Thread 0x00007f3f4400a800 Exception <a 'java/io/FileNotFoundException'> (0x00000000d728cc50) thrown at [/build/openjdk-8-pREaNj/openjdk-8-8u181-b13/src/hotspot/src/share/vm/prims/jni.cpp, line 709]
Event: 0,123 Thread 0x00007f3f4400a800 Exception <a 'java/lang/ClassNotFoundException': sun/dc/DuctusRenderingEngine> (0x00000000d72aabe8) thrown at [/build/openjdk-8-pREaNj/openjdk-8-8u181-b13/src/hotspot/src/share/vm/classfile/systemDictionary.cpp, line 210]
Event: 0,229 Thread 0x00007f3f4400a800 Exception <a 'java/net/UnknownHostException'> (0x00000000d751d3a8) thrown at [/build/openjdk-8-pREaNj/openjdk-8-8u181-b13/src/hotspot/src/share/vm/prims/jni.cpp, line 709]
Event: 0,405 Thread 0x00007f3f442c1800 Exception <a 'java/lang/UnsupportedOperationException': > (0x00000000d746a298) thrown at [/build/openjdk-8-pREaNj/openjdk-8-8u181-b13/src/hotspot/src/share/vm/prims/jni.cpp, line 735]

Events (10 events):
Event: 39,244 Executing VM operation: ParallelGCFailedAllocation done
Event: 39,707 Executing VM operation: ParallelGCFailedAllocation
Event: 39,766 Executing VM operation: ParallelGCFailedAllocation done
Event: 40,226 Executing VM operation: ParallelGCFailedAllocation
Event: 40,282 Executing VM operation: ParallelGCFailedAllocation done
Event: 40,822 Executing VM operation: ParallelGCFailedAllocation
Event: 40,865 Executing VM operation: ParallelGCFailedAllocation done
Event: 41,399 Executing VM operation: ParallelGCFailedAllocation
Event: 41,433 Executing VM operation: ParallelGCFailedAllocation done
Event: 42,041 Executing VM operation: ParallelGCFailedAllocation


Dynamic libraries:
00400000-00401000 r-xp 00000000 08:05 1862949                            /usr/lib/jvm/java-8-openjdk-amd64/jre/bin/java
00600000-00601000 r--p 00000000 08:05 1862949                            /usr/lib/jvm/java-8-openjdk-amd64/jre/bin/java
00601000-00602000 rw-p 00001000 08:05 1862949                            /usr/lib/jvm/java-8-openjdk-amd64/jre/bin/java
00e68000-00e89000 rw-p 00000000 00:00 0                                  [heap]
85000000-be400000 rw-p 00000000 00:00 0 
d1000000-d7000000 ---p 00000000 00:00 0 
d7000000-ef400000 rw-p 00000000 00:00 0 
ef400000-100000000 ---p 00000000 00:00 0 
100000000-1001c0000 rw-p 00000000 00:00 0 
1001c0000-140000000 ---p 00000000 00:00 0 
7f3ed4000000-7f3ed4021000 rw-p 00000000 00:00 0 
7f3ed4021000-7f3ed8000000 ---p 00000000 00:00 0 
7f3ed8000000-7f3ed8021000 rw-p 00000000 00:00 0 
7f3ed8021000-7f3edc000000 ---p 00000000 00:00 0 
7f3edc000000-7f3edc1ef000 rw-p 00000000 00:00 0 
7f3edc1ef000-7f3ee0000000 ---p 00000000 00:00 0 
7f3ee32cf000-7f3ee330f000 rw-p 00000000 00:00 0 
7f3ee330f000-7f3ee34cf000 ---p 00000000 00:00 0 
7f3ee34cf000-7f3ee34d2000 ---p 00000000 00:00 0 
7f3ee34d2000-7f3ee37d0000 rw-p 00000000 00:00 0 
7f3ee37d0000-7f3ee39d0000 rw-p 00000000 00:00 0 
7f3ee39d0000-7f3ee39d3000 ---p 00000000 00:00 0 
7f3ee39d3000-7f3ee3ad1000 rw-p 00000000 00:00 0 
7f3ee3ad1000-7f3ee3ad4000 ---p 00000000 00:00 0 
7f3ee3ad4000-7f3ee3bd2000 rw-p 00000000 00:00 0 
7f3ee3bd2000-7f3ee3be3000 r-xp 00000000 08:05 1502990                    /usr/lib/jvm/java-8-openjdk-amd64/jre/lib/amd64/libnio.so
7f3ee3be3000-7f3ee3de3000 ---p 00011000 08:05 1502990                    /usr/lib/jvm/java-8-openjdk-amd64/jre/lib/amd64/libnio.so
7f3ee3de3000-7f3ee3de4000 r--p 00011000 08:05 1502990                    /usr/lib/jvm/java-8-openjdk-amd64/jre/lib/amd64/libnio.so
7f3ee3de4000-7f3ee3de5000 rw-p 00012000 08:05 1502990                    /usr/lib/jvm/java-8-openjdk-amd64/jre/lib/amd64/libnio.so
7f3ee3de5000-7f3ee3dfc000 r-xp 00000000 08:05 398789                     /lib/x86_64-linux-gnu/libresolv-2.23.so
7f3ee3dfc000-7f3ee3ffc000 ---p 00017000 08:05 398789                     /lib/x86_64-linux-gnu/libresolv-2.23.so
7f3ee3ffc000-7f3ee3ffd000 r--p 00017000 08:05 398789                     /lib/x86_64-linux-gnu/libresolv-2.23.so
7f3ee3ffd000-7f3ee3ffe000 rw-p 00018000 08:05 398789                     /lib/x86_64-linux-gnu/libresolv-2.23.so
7f3ee3ffe000-7f3ee4000000 rw-p 00000000 00:00 0 
7f3ee4000000-7f3ee4021000 rw-p 00000000 00:00 0 
7f3ee4021000-7f3ee8000000 ---p 00000000 00:00 0 
7f3ee8000000-7f3ee8035000 rw-p 00000000 00:00 0 
7f3ee8035000-7f3eec000000 ---p 00000000 00:00 0 
7f3eec000000-7f3eec021000 rw-p 00000000 00:00 0 
7f3eec021000-7f3ef0000000 ---p 00000000 00:00 0 
7f3ef0000000-7f3ef0021000 rw-p 00000000 00:00 0 
7f3ef0021000-7f3ef4000000 ---p 00000000 00:00 0 
7f3ef40ca000-7f3ef40cf000 r-xp 00000000 08:05 398734                     /lib/x86_64-linux-gnu/libnss_dns-2.23.so
7f3ef40cf000-7f3ef42cf000 ---p 00005000 08:05 398734                     /lib/x86_64-linux-gnu/libnss_dns-2.23.so
7f3ef42cf000-7f3ef42d0000 r--p 00005000 08:05 398734                     /lib/x86_64-linux-gnu/libnss_dns-2.23.so
7f3ef42d0000-7f3ef42d1000 rw-p 00006000 08:05 398734                     /lib/x86_64-linux-gnu/libnss_dns-2.23.so
7f3ef42d1000-7f3ef42d3000 r-xp 00000000 08:05 398742                     /lib/x86_64-linux-gnu/libnss_mdns4_minimal.so.2
7f3ef42d3000-7f3ef44d2000 ---p 00002000 08:05 398742                     /lib/x86_64-linux-gnu/libnss_mdns4_minimal.so.2
7f3ef44d2000-7f3ef44d3000 r--p 00001000 08:05 398742                     /lib/x86_64-linux-gnu/libnss_mdns4_minimal.so.2
7f3ef44d3000-7f3ef44d4000 rw-p 00002000 08:05 398742                     /lib/x86_64-linux-gnu/libnss_mdns4_minimal.so.2
7f3ef44d4000-7f3ef74d5000 rw-p 00000000 00:00 0 
7f3ef74d5000-7f3ef74ec000 r-xp 00000000 08:05 1502971                    /usr/lib/jvm/java-8-openjdk-amd64/jre/lib/amd64/libnet.so
7f3ef74ec000-7f3ef76eb000 ---p 00017000 08:05 1502971                    /usr/lib/jvm/java-8-openjdk-amd64/jre/lib/amd64/libnet.so
7f3ef76eb000-7f3ef76ec000 r--p 00016000 08:05 1502971                    /usr/lib/jvm/java-8-openjdk-amd64/jre/lib/amd64/libnet.so
7f3ef76ec000-7f3ef76ed000 rw-p 00017000 08:05 1502971                    /usr/lib/jvm/java-8-openjdk-amd64/jre/lib/amd64/libnet.so
7f3ef76ed000-7f3ef78ed000 rw-p 00000000 00:00 0 
7f3ef78ed000-7f3ef78f0000 ---p 00000000 00:00 0 
7f3ef78f0000-7f3ef79ee000 rw-p 00000000 00:00 0 
7f3ef79ee000-7f3ef79f1000 ---p 00000000 00:00 0 
7f3ef79f1000-7f3ef7aef000 rw-p 00000000 00:00 0 
7f3ef7aef000-7f3ef7af2000 ---p 00000000 00:00 0 
7f3ef7af2000-7f3ef7bf0000 rw-p 00000000 00:00 0 
7f3ef7bf0000-7f3ef7bf5000 r-xp 00000000 08:05 664682                     /usr/lib/x86_64-linux-gnu/libXfixes.so.3.1.0
7f3ef7bf5000-7f3ef7df4000 ---p 00005000 08:05 664682                     /usr/lib/x86_64-linux-gnu/libXfixes.so.3.1.0
7f3ef7df4000-7f3ef7df5000 r--p 00004000 08:05 664682                     /usr/lib/x86_64-linux-gnu/libXfixes.so.3.1.0
7f3ef7df5000-7f3ef7df6000 rw-p 00005000 08:05 664682                     /usr/lib/x86_64-linux-gnu/libXfixes.so.3.1.0
7f3ef7df6000-7f3ef7dff000 r-xp 00000000 08:05 665664                     /usr/lib/x86_64-linux-gnu/libXcursor.so.1.0.2
7f3ef7dff000-7f3ef7ffe000 ---p 00009000 08:05 665664                     /usr/lib/x86_64-linux-gnu/libXcursor.so.1.0.2
7f3ef7ffe000-7f3ef7fff000 r--p 00008000 08:05 665664                     /usr/lib/x86_64-linux-gnu/libXcursor.so.1.0.2
7f3ef7fff000-7f3ef8000000 rw-p 00009000 08:05 665664                     /usr/lib/x86_64-linux-gnu/libXcursor.so.1.0.2
7f3ef8000000-7f3ef8021000 rw-p 00000000 00:00 0 
7f3ef8021000-7f3efc000000 ---p 00000000 00:00 0 
7f3efc000000-7f3efc021000 rw-p 00000000 00:00 0 
7f3efc021000-7f3f00000000 ---p 00000000 00:00 0 
7f3f00000000-7f3f00984000 rw-p 00000000 00:00 0 
7f3f00984000-7f3f04000000 ---p 00000000 00:00 0 
7f3f04000000-7f3f04694000 rw-p 00000000 00:00 0 
7f3f04694000-7f3f08000000 ---p 00000000 00:00 0 
7f3f08000000-7f3f08021000 rw-p 00000000 00:00 0 
7f3f08021000-7f3f0c000000 ---p 00000000 00:00 0 
7f3f0c000000-7f3f0c451000 rw-p 00000000 00:00 0 
7f3f0c451000-7f3f10000000 ---p 00000000 00:00 0 
7f3f10000000-7f3f10021000 rw-p 00000000 00:00 0 
7f3f10021000-7f3f14000000 ---p 00000000 00:00 0 
7f3f14000000-7f3f14021000 rw-p 00000000 00:00 0 
7f3f14021000-7f3f18000000 ---p 00000000 00:00 0 
7f3f18000000-7f3f18021000 rw-p 00000000 00:00 0 
7f3f18021000-7f3f1c000000 ---p 00000000 00:00 0 
7f3f1c000000-7f3f1c062000 rw-p 00000000 00:00 0 
7f3f1c062000-7f3f20000000 ---p 00000000 00:00 0 
7f3f20000000-7f3f20021000 rw-p 00000000 00:00 0 
7f3f20021000-7f3f24000000 ---p 00000000 00:00 0 
7f3f24016000-7f3f24019000 ---p 00000000 00:00 0 
7f3f24019000-7f3f24117000 rw-p 00000000 00:00 0 
7f3f24117000-7f3f2413b000 r-xp 00000000 08:05 393398                     /lib/x86_64-linux-gnu/libpng12.so.0.54.0
7f3f2413b000-7f3f2433a000 ---p 00024000 08:05 393398                     /lib/x86_64-linux-gnu/libpng12.so.0.54.0
7f3f2433a000-7f3f2433b000 r--p 00023000 08:05 393398                     /lib/x86_64-linux-gnu/libpng12.so.0.54.0
7f3f2433b000-7f3f2433c000 rw-p 00024000 08:05 393398                     /lib/x86_64-linux-gnu/libpng12.so.0.54.0
7f3f2433c000-7f3f243e0000 r-xp 00000000 08:05 665105                     /usr/lib/x86_64-linux-gnu/libfreetype.so.6.12.1
7f3f243e0000-7f3f245df000 ---p 000a4000 08:05 665105                     /usr/lib/x86_64-linux-gnu/libfreetype.so.6.12.1
7f3f245df000-7f3f245e5000 r--p 000a3000 08:05 665105                     /usr/lib/x86_64-linux-gnu/libfreetype.so.6.12.1
7f3f245e5000-7f3f245e6000 rw-p 000a9000 08:05 665105                     /usr/lib/x86_64-linux-gnu/libfreetype.so.6.12.1
7f3f245fb000-7f3f24600000 r--s 0009d000 08:05 1181233                    /usr/lib/jvm/java-8-openjdk-amd64/jre/lib/jsse.jar
7f3f24600000-7f3f24652000 r-xp 00000000 08:05 1502977                    /usr/lib/jvm/java-8-openjdk-amd64/jre/lib/amd64/libfontmanager.so
7f3f24652000-7f3f24852000 ---p 00052000 08:05 1502977                    /usr/lib/jvm/java-8-openjdk-amd64/jre/lib/amd64/libfontmanager.so
7f3f24852000-7f3f24854000 r--p 00052000 08:05 1502977                    /usr/lib/jvm/java-8-openjdk-amd64/jre/lib/amd64/libfontmanager.so
7f3f24854000-7f3f24855000 rw-p 00054000 08:05 1502977                    /usr/lib/jvm/java-8-openjdk-amd64/jre/lib/amd64/libfontmanager.so
7f3f24855000-7f3f24868000 r--s 00346000 08:05 1182190                    /usr/lib/jvm/java-8-openjdk-amd64/jre/lib/resources.jar
7f3f24868000-7f3f2486d000 r-xp 00000000 08:05 664678                     /usr/lib/x86_64-linux-gnu/libXdmcp.so.6.0.0
7f3f2486d000-7f3f24a6c000 ---p 00005000 08:05 664678                     /usr/lib/x86_64-linux-gnu/libXdmcp.so.6.0.0
7f3f24a6c000-7f3f24a6d000 r--p 00004000 08:05 664678                     /usr/lib/x86_64-linux-gnu/libXdmcp.so.6.0.0
7f3f24a6d000-7f3f24a6e000 rw-p 00005000 08:05 664678                     /usr/lib/x86_64-linux-gnu/libXdmcp.so.6.0.0
7f3f24a6e000-7f3f24a70000 r-xp 00000000 08:05 664667                     /usr/lib/x86_64-linux-gnu/libXau.so.6.0.0
7f3f24a70000-7f3f24c70000 ---p 00002000 08:05 664667                     /usr/lib/x86_64-linux-gnu/libXau.so.6.0.0
7f3f24c70000-7f3f24c71000 r--p 00002000 08:05 664667                     /usr/lib/x86_64-linux-gnu/libXau.so.6.0.0
7f3f24c71000-7f3f24c72000 rw-p 00003000 08:05 664667                     /usr/lib/x86_64-linux-gnu/libXau.so.6.0.0
7f3f24c72000-7f3f24c93000 r-xp 00000000 08:05 666087                     /usr/lib/x86_64-linux-gnu/libxcb.so.1.1.0
7f3f24c93000-7f3f24e92000 ---p 00021000 08:05 666087                     /usr/lib/x86_64-linux-gnu/libxcb.so.1.1.0
7f3f24e92000-7f3f24e93000 r--p 00020000 08:05 666087                     /usr/lib/x86_64-linux-gnu/libxcb.so.1.1.0
7f3f24e93000-7f3f24e94000 rw-p 00021000 08:05 666087                     /usr/lib/x86_64-linux-gnu/libxcb.so.1.1.0
7f3f24e94000-7f3f24ea3000 r-xp 00000000 08:05 664690                     /usr/lib/x86_64-linux-gnu/libXi.so.6.1.0
7f3f24ea3000-7f3f250a2000 ---p 0000f000 08:05 664690                     /usr/lib/x86_64-linux-gnu/libXi.so.6.1.0
7f3f250a2000-7f3f250a3000 r--p 0000e000 08:05 664690                     /usr/lib/x86_64-linux-gnu/libXi.so.6.1.0
7f3f250a3000-7f3f250a4000 rw-p 0000f000 08:05 664690                     /usr/lib/x86_64-linux-gnu/libXi.so.6.1.0
7f3f250a4000-7f3f250a9000 r-xp 00000000 08:05 664708                     /usr/lib/x86_64-linux-gnu/libXtst.so.6.1.0
7f3f250a9000-7f3f252a8000 ---p 00005000 08:05 664708                     /usr/lib/x86_64-linux-gnu/libXtst.so.6.1.0
7f3f252a8000-7f3f252a9000 r--p 00004000 08:05 664708                     /usr/lib/x86_64-linux-gnu/libXtst.so.6.1.0
7f3f252a9000-7f3f252aa000 rw-p 00005000 08:05 664708                     /usr/lib/x86_64-linux-gnu/libXtst.so.6.1.0
7f3f252aa000-7f3f252b3000 r-xp 00000000 08:05 664702                     /usr/lib/x86_64-linux-gnu/libXrender.so.1.3.0
7f3f252b3000-7f3f254b2000 ---p 00009000 08:05 664702                     /usr/lib/x86_64-linux-gnu/libXrender.so.1.3.0
7f3f254b2000-7f3f254b3000 r--p 00008000 08:05 664702                     /usr/lib/x86_64-linux-gnu/libXrender.so.1.3.0
7f3f254b3000-7f3f254b4000 rw-p 00009000 08:05 664702                     /usr/lib/x86_64-linux-gnu/libXrender.so.1.3.0
7f3f254b4000-7f3f255e9000 r-xp 00000000 08:05 664663                     /usr/lib/x86_64-linux-gnu/libX11.so.6.3.0
7f3f255e9000-7f3f257e9000 ---p 00135000 08:05 664663                     /usr/lib/x86_64-linux-gnu/libX11.so.6.3.0
7f3f257e9000-7f3f257ea000 r--p 00135000 08:05 664663                     /usr/lib/x86_64-linux-gnu/libX11.so.6.3.0
7f3f257ea000-7f3f257ee000 rw-p 00136000 08:05 664663                     /usr/lib/x86_64-linux-gnu/libX11.so.6.3.0
7f3f257ee000-7f3f257ff000 r-xp 00000000 08:05 664680                     /usr/lib/x86_64-linux-gnu/libXext.so.6.4.0
7f3f257ff000-7f3f259fe000 ---p 00011000 08:05 664680                     /usr/lib/x86_64-linux-gnu/libXext.so.6.4.0
7f3f259fe000-7f3f259ff000 r--p 00010000 08:05 664680                     /usr/lib/x86_64-linux-gnu/libXext.so.6.4.0
7f3f259ff000-7f3f25a00000 rw-p 00011000 08:05 664680                     /usr/lib/x86_64-linux-gnu/libXext.so.6.4.0
7f3f25a00000-7f3f25a55000 r-xp 00000000 08:05 1502985                    /usr/lib/jvm/java-8-openjdk-amd64/jre/lib/amd64/libawt_xawt.so
7f3f25a55000-7f3f25c54000 ---p 00055000 08:05 1502985                    /usr/lib/jvm/java-8-openjdk-amd64/jre/lib/amd64/libawt_xawt.so
7f3f25c54000-7f3f25c55000 r--p 00054000 08:05 1502985                    /usr/lib/jvm/java-8-openjdk-amd64/jre/lib/amd64/libawt_xawt.so
7f3f25c55000-7f3f25c58000 rw-p 00055000 08:05 1502985                    /usr/lib/jvm/java-8-openjdk-amd64/jre/lib/amd64/libawt_xawt.so
7f3f25c58000-7f3f25c59000 rw-p 00000000 00:00 0 
7f3f25c59000-7f3f25cf9000 r-xp 00000000 08:05 1502996                    /usr/lib/jvm/java-8-openjdk-amd64/jre/lib/amd64/libawt.so
7f3f25cf9000-7f3f25ef9000 ---p 000a0000 08:05 1502996                    /usr/lib/jvm/java-8-openjdk-amd64/jre/lib/amd64/libawt.so
7f3f25ef9000-7f3f25efa000 r--p 000a0000 08:05 1502996                    /usr/lib/jvm/java-8-openjdk-amd64/jre/lib/amd64/libawt.so
7f3f25efa000-7f3f25f05000 rw-p 000a1000 08:05 1502996                    /usr/lib/jvm/java-8-openjdk-amd64/jre/lib/amd64/libawt.so
7f3f25f05000-7f3f25f2a000 rw-p 00000000 00:00 0 
7f3f25f2a000-7f3f25f2b000 ---p 00000000 00:00 0 
7f3f25f2b000-7f3f2602b000 rw-p 00000000 00:00 0 
7f3f2602b000-7f3f2602e000 ---p 00000000 00:00 0 
7f3f2602e000-7f3f2612c000 rw-p 00000000 00:00 0 
7f3f2612c000-7f3f2612f000 ---p 00000000 00:00 0 
7f3f2612f000-7f3f2622d000 rw-p 00000000 00:00 0 
7f3f2622d000-7f3f26230000 ---p 00000000 00:00 0 
7f3f26230000-7f3f2632e000 rw-p 00000000 00:00 0 
7f3f2632e000-7f3f26331000 ---p 00000000 00:00 0 
7f3f26331000-7f3f2642f000 rw-p 00000000 00:00 0 
7f3f2642f000-7f3f26432000 ---p 00000000 00:00 0 
7f3f26432000-7f3f26530000 rw-p 00000000 00:00 0 
7f3f26530000-7f3f26eef000 r--p 00000000 08:05 663194                     /usr/lib/locale/locale-archive
7f3f26eef000-7f3f26ef2000 ---p 00000000 00:00 0 
7f3f26ef2000-7f3f26ff0000 rw-p 00000000 00:00 0 
7f3f26ff0000-7f3f26ff3000 ---p 00000000 00:00 0 
7f3f26ff3000-7f3f270f1000 rw-p 00000000 00:00 0 
7f3f270f1000-7f3f270f2000 ---p 00000000 00:00 0 
7f3f270f2000-7f3f28000000 rw-p 00000000 00:00 0 
7f3f28000000-7f3f28021000 rw-p 00000000 00:00 0 
7f3f28021000-7f3f2c000000 ---p 00000000 00:00 0 
7f3f2c002000-7f3f2c009000 r--s 00000000 08:05 919511                     /usr/lib/x86_64-linux-gnu/gconv/gconv-modules.cache
7f3f2c009000-7f3f2c02e000 r--p 00000000 08:05 1186473                    /usr/share/locale-langpack/es/LC_MESSAGES/libc.mo
7f3f2c02e000-7f3f2c033000 r--s 002f9000 08:05 1240188                    /usr/lib/jvm/java-8-openjdk-amd64/jre/lib/charsets.jar
7f3f2c033000-7f3f2c04e000 r--s 00394000 08:05 1312989                    /usr/lib/jvm/java-8-openjdk-amd64/jre/lib/ext/cldrdata.jar
7f3f2c04e000-7f3f2c0b1000 rw-p 00000000 00:00 0 
7f3f2c0b1000-7f3f2c280000 r--s 03c32000 08:05 1181885                    /usr/lib/jvm/java-8-openjdk-amd64/jre/lib/rt.jar
7f3f2c280000-7f3f30000000 rw-p 00000000 00:00 0 
7f3f30000000-7f3f30021000 rw-p 00000000 00:00 0 
7f3f30021000-7f3f34000000 ---p 00000000 00:00 0 
7f3f34003000-7f3f34cfd000 rw-p 00000000 00:00 0 
7f3f34cfd000-7f3f34cfe000 ---p 00000000 00:00 0 
7f3f34cfe000-7f3f34dfe000 rw-p 00000000 00:00 0 
7f3f34dfe000-7f3f34dff000 ---p 00000000 00:00 0 
7f3f34dff000-7f3f34eff000 rw-p 00000000 00:00 0 
7f3f34eff000-7f3f34f00000 ---p 00000000 00:00 0 
7f3f34f00000-7f3f35000000 rw-p 00000000 00:00 0 
7f3f35000000-7f3f35730000 rwxp 00000000 00:00 0 
7f3f35730000-7f3f44000000 ---p 00000000 00:00 0 
7f3f44000000-7f3f4430c000 rw-p 00000000 00:00 0 
7f3f4430c000-7f3f48000000 ---p 00000000 00:00 0 
7f3f48000000-7f3f4801b000 r--s 001d6000 08:05 1312134                    /usr/lib/jvm/java-8-openjdk-amd64/jre/lib/ext/nashorn.jar
7f3f4801b000-7f3f480df000 rw-p 00000000 00:00 0 
7f3f480df000-7f3f480e0000 ---p 00000000 00:00 0 
7f3f480e0000-7f3f483aa000 rw-p 00000000 00:00 0 
7f3f483aa000-7f3f48470000 ---p 00000000 00:00 0 
7f3f48470000-7f3f4863a000 rw-p 00000000 00:00 0 
7f3f4863a000-7f3f48700000 ---p 00000000 00:00 0 
7f3f48700000-7f3f487c2000 rw-p 00000000 00:00 0 
7f3f487c2000-7f3f48848000 ---p 00000000 00:00 0 
7f3f48848000-7f3f48866000 rw-p 00000000 00:00 0 
7f3f48866000-7f3f48c09000 ---p 00000000 00:00 0 
7f3f48c09000-7f3f48c11000 r-xp 00000000 08:05 1502984                    /usr/lib/jvm/java-8-openjdk-amd64/jre/lib/amd64/libzip.so
7f3f48c11000-7f3f48e10000 ---p 00008000 08:05 1502984                    /usr/lib/jvm/java-8-openjdk-amd64/jre/lib/amd64/libzip.so
7f3f48e10000-7f3f48e11000 r--p 00007000 08:05 1502984                    /usr/lib/jvm/java-8-openjdk-amd64/jre/lib/amd64/libzip.so
7f3f48e11000-7f3f48e12000 rw-p 00008000 08:05 1502984                    /usr/lib/jvm/java-8-openjdk-amd64/jre/lib/amd64/libzip.so
7f3f48e12000-7f3f48e1d000 r-xp 00000000 08:05 398736                     /lib/x86_64-linux-gnu/libnss_files-2.23.so
7f3f48e1d000-7f3f4901c000 ---p 0000b000 08:05 398736                     /lib/x86_64-linux-gnu/libnss_files-2.23.so
7f3f4901c000-7f3f4901d000 r--p 0000a000 08:05 398736                     /lib/x86_64-linux-gnu/libnss_files-2.23.so
7f3f4901d000-7f3f4901e000 rw-p 0000b000 08:05 398736                     /lib/x86_64-linux-gnu/libnss_files-2.23.so
7f3f4901e000-7f3f49024000 rw-p 00000000 00:00 0 
7f3f49024000-7f3f4902f000 r-xp 00000000 08:05 398746                     /lib/x86_64-linux-gnu/libnss_nis-2.23.so
7f3f4902f000-7f3f4922e000 ---p 0000b000 08:05 398746                     /lib/x86_64-linux-gnu/libnss_nis-2.23.so
7f3f4922e000-7f3f4922f000 r--p 0000a000 08:05 398746                     /lib/x86_64-linux-gnu/libnss_nis-2.23.so
7f3f4922f000-7f3f49230000 rw-p 0000b000 08:05 398746                     /lib/x86_64-linux-gnu/libnss_nis-2.23.so
7f3f49230000-7f3f49246000 r-xp 00000000 08:05 398730                     /lib/x86_64-linux-gnu/libnsl-2.23.so
7f3f49246000-7f3f49445000 ---p 00016000 08:05 398730                     /lib/x86_64-linux-gnu/libnsl-2.23.so
7f3f49445000-7f3f49446000 r--p 00015000 08:05 398730                     /lib/x86_64-linux-gnu/libnsl-2.23.so
7f3f49446000-7f3f49447000 rw-p 00016000 08:05 398730                     /lib/x86_64-linux-gnu/libnsl-2.23.so
7f3f49447000-7f3f49449000 rw-p 00000000 00:00 0 
7f3f49449000-7f3f49451000 r-xp 00000000 08:05 398732                     /lib/x86_64-linux-gnu/libnss_compat-2.23.so
7f3f49451000-7f3f49650000 ---p 00008000 08:05 398732                     /lib/x86_64-linux-gnu/libnss_compat-2.23.so
7f3f49650000-7f3f49651000 r--p 00007000 08:05 398732                     /lib/x86_64-linux-gnu/libnss_compat-2.23.so
7f3f49651000-7f3f49652000 rw-p 00008000 08:05 398732                     /lib/x86_64-linux-gnu/libnss_compat-2.23.so
7f3f49652000-7f3f4967f000 r-xp 00000000 08:05 1503000                    /usr/lib/jvm/java-8-openjdk-amd64/jre/lib/amd64/libjava.so
7f3f4967f000-7f3f4987e000 ---p 0002d000 08:05 1503000                    /usr/lib/jvm/java-8-openjdk-amd64/jre/lib/amd64/libjava.so
7f3f4987e000-7f3f4987f000 r--p 0002c000 08:05 1503000                    /usr/lib/jvm/java-8-openjdk-amd64/jre/lib/amd64/libjava.so
7f3f4987f000-7f3f49881000 rw-p 0002d000 08:05 1503000                    /usr/lib/jvm/java-8-openjdk-amd64/jre/lib/amd64/libjava.so
7f3f49881000-7f3f49890000 r-xp 00000000 08:05 1502988                    /usr/lib/jvm/java-8-openjdk-amd64/jre/lib/amd64/libverify.so
7f3f49890000-7f3f49a8f000 ---p 0000f000 08:05 1502988                    /usr/lib/jvm/java-8-openjdk-amd64/jre/lib/amd64/libverify.so
7f3f49a8f000-7f3f49a91000 r--p 0000e000 08:05 1502988                    /usr/lib/jvm/java-8-openjdk-amd64/jre/lib/amd64/libverify.so
7f3f49a91000-7f3f49a92000 rw-p 00010000 08:05 1502988                    /usr/lib/jvm/java-8-openjdk-amd64/jre/lib/amd64/libverify.so
7f3f49a92000-7f3f49a99000 r-xp 00000000 08:05 398791                     /lib/x86_64-linux-gnu/librt-2.23.so
7f3f49a99000-7f3f49c98000 ---p 00007000 08:05 398791                     /lib/x86_64-linux-gnu/librt-2.23.so
7f3f49c98000-7f3f49c99000 r--p 00006000 08:05 398791                     /lib/x86_64-linux-gnu/librt-2.23.so
7f3f49c99000-7f3f49c9a000 rw-p 00007000 08:05 398791                     /lib/x86_64-linux-gnu/librt-2.23.so
7f3f49c9a000-7f3f49cb0000 r-xp 00000000 08:05 398675                     /lib/x86_64-linux-gnu/libgcc_s.so.1
7f3f49cb0000-7f3f49eaf000 ---p 00016000 08:05 398675                     /lib/x86_64-linux-gnu/libgcc_s.so.1
7f3f49eaf000-7f3f49eb0000 rw-p 00015000 08:05 398675                     /lib/x86_64-linux-gnu/libgcc_s.so.1
7f3f49eb0000-7f3f49fb8000 r-xp 00000000 08:05 398707                     /lib/x86_64-linux-gnu/libm-2.23.so
7f3f49fb8000-7f3f4a1b7000 ---p 00108000 08:05 398707                     /lib/x86_64-linux-gnu/libm-2.23.so
7f3f4a1b7000-7f3f4a1b8000 r--p 00107000 08:05 398707                     /lib/x86_64-linux-gnu/libm-2.23.so
7f3f4a1b8000-7f3f4a1b9000 rw-p 00108000 08:05 398707                     /lib/x86_64-linux-gnu/libm-2.23.so
7f3f4a1b9000-7f3f4a32b000 r-xp 00000000 08:05 658358                     /usr/lib/x86_64-linux-gnu/libstdc++.so.6.0.21
7f3f4a32b000-7f3f4a52b000 ---p 00172000 08:05 658358                     /usr/lib/x86_64-linux-gnu/libstdc++.so.6.0.21
7f3f4a52b000-7f3f4a535000 r--p 00172000 08:05 658358                     /usr/lib/x86_64-linux-gnu/libstdc++.so.6.0.21
7f3f4a535000-7f3f4a537000 rw-p 0017c000 08:05 658358                     /usr/lib/x86_64-linux-gnu/libstdc++.so.6.0.21
7f3f4a537000-7f3f4a53b000 rw-p 00000000 00:00 0 
7f3f4a53b000-7f3f4b198000 r-xp 00000000 08:05 1704438                    /usr/lib/jvm/java-8-openjdk-amd64/jre/lib/amd64/server/libjvm.so
7f3f4b198000-7f3f4b398000 ---p 00c5d000 08:05 1704438                    /usr/lib/jvm/java-8-openjdk-amd64/jre/lib/amd64/server/libjvm.so
7f3f4b398000-7f3f4b42c000 r--p 00c5d000 08:05 1704438                    /usr/lib/jvm/java-8-openjdk-amd64/jre/lib/amd64/server/libjvm.so
7f3f4b42c000-7f3f4b455000 rw-p 00cf1000 08:05 1704438                    /usr/lib/jvm/java-8-openjdk-amd64/jre/lib/amd64/server/libjvm.so
7f3f4b455000-7f3f4b485000 rw-p 00000000 00:00 0 
7f3f4b485000-7f3f4b49d000 r-xp 00000000 08:05 398783                     /lib/x86_64-linux-gnu/libpthread-2.23.so
7f3f4b49d000-7f3f4b69c000 ---p 00018000 08:05 398783                     /lib/x86_64-linux-gnu/libpthread-2.23.so
7f3f4b69c000-7f3f4b69d000 r--p 00017000 08:05 398783                     /lib/x86_64-linux-gnu/libpthread-2.23.so
7f3f4b69d000-7f3f4b69e000 rw-p 00018000 08:05 398783                     /lib/x86_64-linux-gnu/libpthread-2.23.so
7f3f4b69e000-7f3f4b6a2000 rw-p 00000000 00:00 0 
7f3f4b6a2000-7f3f4b6a5000 r-xp 00000000 08:05 398661                     /lib/x86_64-linux-gnu/libdl-2.23.so
7f3f4b6a5000-7f3f4b8a4000 ---p 00003000 08:05 398661                     /lib/x86_64-linux-gnu/libdl-2.23.so
7f3f4b8a4000-7f3f4b8a5000 r--p 00002000 08:05 398661                     /lib/x86_64-linux-gnu/libdl-2.23.so
7f3f4b8a5000-7f3f4b8a6000 rw-p 00003000 08:05 398661                     /lib/x86_64-linux-gnu/libdl-2.23.so
7f3f4b8a6000-7f3f4b8bf000 r-xp 00000000 08:05 398828                     /lib/x86_64-linux-gnu/libz.so.1.2.8
7f3f4b8bf000-7f3f4babe000 ---p 00019000 08:05 398828                     /lib/x86_64-linux-gnu/libz.so.1.2.8
7f3f4babe000-7f3f4babf000 r--p 00018000 08:05 398828                     /lib/x86_64-linux-gnu/libz.so.1.2.8
7f3f4babf000-7f3f4bac0000 rw-p 00019000 08:05 398828                     /lib/x86_64-linux-gnu/libz.so.1.2.8
7f3f4bac0000-7f3f4bc80000 r-xp 00000000 08:05 398637                     /lib/x86_64-linux-gnu/libc-2.23.so
7f3f4bc80000-7f3f4be80000 ---p 001c0000 08:05 398637                     /lib/x86_64-linux-gnu/libc-2.23.so
7f3f4be80000-7f3f4be84000 r--p 001c0000 08:05 398637                     /lib/x86_64-linux-gnu/libc-2.23.so
7f3f4be84000-7f3f4be86000 rw-p 001c4000 08:05 398637                     /lib/x86_64-linux-gnu/libc-2.23.so
7f3f4be86000-7f3f4be8a000 rw-p 00000000 00:00 0 
7f3f4be8a000-7f3f4be97000 r-xp 00000000 08:05 1704521                    /usr/lib/jvm/java-8-openjdk-amd64/jre/lib/amd64/jli/libjli.so
7f3f4be97000-7f3f4c097000 ---p 0000d000 08:05 1704521                    /usr/lib/jvm/java-8-openjdk-amd64/jre/lib/amd64/jli/libjli.so
7f3f4c097000-7f3f4c098000 r--p 0000d000 08:05 1704521                    /usr/lib/jvm/java-8-openjdk-amd64/jre/lib/amd64/jli/libjli.so
7f3f4c098000-7f3f4c099000 rw-p 0000e000 08:05 1704521                    /usr/lib/jvm/java-8-openjdk-amd64/jre/lib/amd64/jli/libjli.so
7f3f4c099000-7f3f4c0bf000 r-xp 00000000 08:05 398609                     /lib/x86_64-linux-gnu/ld-2.23.so
7f3f4c0bf000-7f3f4c0c7000 r--s 000c4000 08:06 3677543                    /home/lautaro/netbeans-8.2/ide/modules/ext/mysql-connector-java-5.1.23-bin.jar
7f3f4c0c7000-7f3f4c0d1000 r--s 00116000 08:05 1350404                    /usr/lib/jvm/java-8-openjdk-amd64/jre/lib/ext/localedata.jar
7f3f4c0d1000-7f3f4c0d3000 r--s 00008000 08:05 1350406                    /usr/lib/jvm/java-8-openjdk-amd64/jre/lib/ext/sunec.jar
7f3f4c0d3000-7f3f4c19e000 rw-p 00000000 00:00 0 
7f3f4c19e000-7f3f4c1a1000 ---p 00000000 00:00 0 
7f3f4c1a1000-7f3f4c2a3000 rw-p 00000000 00:00 0 
7f3f4c2a3000-7f3f4c2a4000 r--s 0000a000 08:05 1350407                    /usr/lib/jvm/java-8-openjdk-amd64/jre/lib/ext/jaccess.jar
7f3f4c2a4000-7f3f4c2a6000 r--s 00001000 08:05 1312991                    /usr/lib/jvm/java-8-openjdk-amd64/jre/lib/ext/dnsns.jar
7f3f4c2a6000-7f3f4c2ac000 r--s 0003b000 08:05 1350405                    /usr/lib/jvm/java-8-openjdk-amd64/jre/lib/ext/sunjce_provider.jar
7f3f4c2ac000-7f3f4c2af000 r--s 0000f000 08:05 1312133                    /usr/lib/jvm/java-8-openjdk-amd64/jre/lib/ext/icedtea-sound.jar
7f3f4c2af000-7f3f4c2b0000 r--s 00010000 08:05 1313006                    /usr/lib/jvm/java-8-openjdk-amd64/jre/lib/ext/zipfs.jar
7f3f4c2b0000-7f3f4c2b3000 r--s 00038000 08:05 1312990                    /usr/lib/jvm/java-8-openjdk-amd64/jre/lib/ext/sunpkcs11.jar
7f3f4c2b3000-7f3f4c2bb000 rw-s 00000000 08:05 1472292                    /tmp/hsperfdata_lautaro/5611
7f3f4c2bb000-7f3f4c2bc000 rw-p 00000000 00:00 0 
7f3f4c2bc000-7f3f4c2bd000 ---p 00000000 00:00 0 
7f3f4c2bd000-7f3f4c2be000 rw-p 00000000 00:00 0 
7f3f4c2be000-7f3f4c2bf000 r--p 00025000 08:05 398609                     /lib/x86_64-linux-gnu/ld-2.23.so
7f3f4c2bf000-7f3f4c2c0000 rw-p 00026000 08:05 398609                     /lib/x86_64-linux-gnu/ld-2.23.so
7f3f4c2c0000-7f3f4c2c1000 rw-p 00000000 00:00 0 
7ffd293c5000-7ffd293e6000 rw-p 00000000 00:00 0                          [stack]
7ffd293ed000-7ffd293f0000 r--p 00000000 00:00 0                          [vvar]
7ffd293f0000-7ffd293f2000 r-xp 00000000 00:00 0                          [vdso]
ffffffffff600000-ffffffffff601000 r-xp 00000000 00:00 0                  [vsyscall]

VM Arguments:
jvm_args: -Dfile.encoding=UTF-8 
java_command: proyecto_cliente.Proyecto_cliente
java_class_path (initial): /home/lautaro/netbeans-8.2/ide/modules/ext/mysql-connector-java-5.1.23-bin.jar:/home/lautaro/NetBeansProjects/Proyecto_cliente/build/classes
Launcher Type: SUN_STANDARD

Environment Variables:
PATH=/home/lautaro/bin:/home/lautaro/.local/bin:/usr/local/sbin:/usr/local/bin:/usr/sbin:/usr/bin:/sbin:/bin:/usr/games:/usr/local/games:/snap/bin
LD_LIBRARY_PATH=/usr/lib/jvm/java-8-openjdk-amd64/jre/lib/amd64:/usr/lib/jvm/java-8-openjdk-amd64/jre/lib/i386:
SHELL=/bin/bash
DISPLAY=:0

Signal Handlers:
SIGSEGV: [libjvm.so+0xa71a30], sa_mask[0]=11111111011111111101111111111110, sa_flags=SA_RESTART|SA_SIGINFO
SIGBUS: [libjvm.so+0xa71a30], sa_mask[0]=11111111011111111101111111111110, sa_flags=SA_RESTART|SA_SIGINFO
SIGFPE: [libjvm.so+0x8b8f40], sa_mask[0]=11111111011111111101111111111110, sa_flags=SA_RESTART|SA_SIGINFO
SIGPIPE: [libjvm.so+0x8b8f40], sa_mask[0]=11111111011111111101111111111110, sa_flags=SA_RESTART|SA_SIGINFO
SIGXFSZ: [libjvm.so+0x8b8f40], sa_mask[0]=11111111011111111101111111111110, sa_flags=SA_RESTART|SA_SIGINFO
SIGILL: [libjvm.so+0x8b8f40], sa_mask[0]=11111111011111111101111111111110, sa_flags=SA_RESTART|SA_SIGINFO
SIGUSR1: SIG_DFL, sa_mask[0]=00000000000000000000000000000000, sa_flags=none
SIGUSR2: [libjvm.so+0x8b8df0], sa_mask[0]=00100000000000000000000000000000, sa_flags=SA_RESTART|SA_SIGINFO
SIGHUP: [libjvm.so+0x8b92c0], sa_mask[0]=11111111011111111101111111111110, sa_flags=SA_RESTART|SA_SIGINFO
SIGINT: SIG_IGN, sa_mask[0]=00000000000000000000000000000000, sa_flags=none
SIGTERM: [libjvm.so+0x8b92c0], sa_mask[0]=11111111011111111101111111111110, sa_flags=SA_RESTART|SA_SIGINFO
SIGQUIT: [libjvm.so+0x8b92c0], sa_mask[0]=11111111011111111101111111111110, sa_flags=SA_RESTART|SA_SIGINFO


---------------  S Y S T E M  ---------------

OS:DISTRIB_ID=Ubuntu
DISTRIB_RELEASE=16.04
DISTRIB_CODENAME=xenial
DISTRIB_DESCRIPTION="Ubuntu 16.04.4 LTS"

uname:Linux 4.15.0-32-generic #35~16.04.1-Ubuntu SMP Fri Aug 10 21:54:34 UTC 2018 x86_64
libc:glibc 2.23 NPTL 2.23 
rlimit: STACK 8192k, CORE 0k, NPROC 31011, NOFILE 1048576, AS infinity
load average:1,61 0,90 1,04

/proc/meminfo:
MemTotal:        8052884 kB
MemFree:          127608 kB
MemAvailable:      55676 kB
Buffers:            1036 kB
Cached:           564832 kB
SwapCached:            0 kB
Active:          7176412 kB
Inactive:         524252 kB
Active(anon):    7136580 kB
Inactive(anon):   469932 kB
Active(file):      39832 kB
Inactive(file):    54320 kB
Unevictable:         136 kB
Mlocked:             136 kB
SwapTotal:             0 kB
SwapFree:              0 kB
Dirty:               516 kB
Writeback:             0 kB
AnonPages:       7135048 kB
Mapped:           147924 kB
Shmem:            471612 kB
Slab:              97696 kB
SReclaimable:      44092 kB
SUnreclaim:        53604 kB
KernelStack:       12128 kB
PageTables:        55960 kB
NFS_Unstable:          0 kB
Bounce:                0 kB
WritebackTmp:          0 kB
CommitLimit:     4026440 kB
Committed_AS:   13286932 kB
VmallocTotal:   34359738367 kB
VmallocUsed:           0 kB
VmallocChunk:          0 kB
HardwareCorrupted:     0 kB
AnonHugePages:         0 kB
ShmemHugePages:        0 kB
ShmemPmdMapped:        0 kB
CmaTotal:              0 kB
CmaFree:               0 kB
HugePages_Total:       0
HugePages_Free:        0
HugePages_Rsvd:        0
HugePages_Surp:        0
Hugepagesize:       2048 kB
DirectMap4k:      153028 kB
DirectMap2M:     4974592 kB
DirectMap1G:     3145728 kB


CPU:total 4 (initial active 4) (4 cores per cpu, 1 threads per core) family 6 model 158 stepping 9, cmov, cx8, fxsr, mmx, sse, sse2, sse3, ssse3, sse4.1, sse4.2, popcnt, avx, avx2, aes, clmul, erms, 3dnowpref, lzcnt, tsc, tscinvbit, bmi1, bmi2, adx

/proc/cpuinfo:
processor	: 0
vendor_id	: GenuineIntel
cpu family	: 6
model		: 158
model name	: Intel(R) Core(TM) i5-7300HQ CPU @ 2.50GHz
stepping	: 9
microcode	: 0x84
cpu MHz		: 1338.943
cache size	: 6144 KB
physical id	: 0
siblings	: 4
core id		: 0
cpu cores	: 4
apicid		: 0
initial apicid	: 0
fpu		: yes
fpu_exception	: yes
cpuid level	: 22
wp		: yes
flags		: fpu vme de pse tsc msr pae mce cx8 apic sep mtrr pge mca cmov pat pse36 clflush dts acpi mmx fxsr sse sse2 ss ht tm pbe syscall nx pdpe1gb rdtscp lm constant_tsc art arch_perfmon pebs bts rep_good nopl xtopology nonstop_tsc cpuid aperfmperf tsc_known_freq pni pclmulqdq dtes64 monitor ds_cpl vmx est tm2 ssse3 sdbg fma cx16 xtpr pdcm pcid sse4_1 sse4_2 x2apic movbe popcnt tsc_deadline_timer aes xsave avx f16c rdrand lahf_lm abm 3dnowprefetch cpuid_fault epb invpcid_single pti ibrs ibpb stibp tpr_shadow vnmi flexpriority ept vpid fsgsbase tsc_adjust bmi1 avx2 smep bmi2 erms invpcid mpx rdseed adx smap clflushopt intel_pt xsaveopt xsavec xgetbv1 xsaves dtherm ida arat pln pts hwp hwp_notify hwp_act_window hwp_epp
bugs		: cpu_meltdown spectre_v1 spectre_v2 spec_store_bypass l1tf
bogomips	: 4992.00
clflush size	: 64
cache_alignment	: 64
address sizes	: 39 bits physical, 48 bits virtual
power management:

processor	: 1
vendor_id	: GenuineIntel
cpu family	: 6
model		: 158
model name	: Intel(R) Core(TM) i5-7300HQ CPU @ 2.50GHz
stepping	: 9
microcode	: 0x84
cpu MHz		: 1147.537
cache size	: 6144 KB
physical id	: 0
siblings	: 4
core id		: 1
cpu cores	: 4
apicid		: 2
initial apicid	: 2
fpu		: yes
fpu_exception	: yes
cpuid level	: 22
wp		: yes
flags		: fpu vme de pse tsc msr pae mce cx8 apic sep mtrr pge mca cmov pat pse36 clflush dts acpi mmx fxsr sse sse2 ss ht tm pbe syscall nx pdpe1gb rdtscp lm constant_tsc art arch_perfmon pebs bts rep_good nopl xtopology nonstop_tsc cpuid aperfmperf tsc_known_freq pni pclmulqdq dtes64 monitor ds_cpl vmx est tm2 ssse3 sdbg fma cx16 xtpr pdcm pcid sse4_1 sse4_2 x2apic movbe popcnt tsc_deadline_timer aes xsave avx f16c rdrand lahf_lm abm 3dnowprefetch cpuid_fault epb invpcid_single pti ibrs ibpb stibp tpr_shadow vnmi flexpriority ept vpid fsgsbase tsc_adjust bmi1 avx2 smep bmi2 erms invpcid mpx rdseed adx smap clflushopt intel_pt xsaveopt xsavec xgetbv1 xsaves dtherm ida arat pln pts hwp hwp_notify hwp_act_window hwp_epp
bugs		: cpu_meltdown spectre_v1 spectre_v2 spec_store_bypass l1tf
bogomips	: 4992.00
clflush size	: 64
cache_alignment	: 64
address sizes	: 39 bits physical, 48 bits virtual
power management:

processor	: 2
vendor_id	: GenuineIntel
cpu family	: 6
model		: 158
model name	: Intel(R) Core(TM) i5-7300HQ CPU @ 2.50GHz
stepping	: 9
microcode	: 0x84
cpu MHz		: 1341.243
cache size	: 6144 KB
physical id	: 0
siblings	: 4
core id		: 2
cpu cores	: 4
apicid		: 4
initial apicid	: 4
fpu		: yes
fpu_exception	: yes
cpuid level	: 22
wp		: yes
flags		: fpu vme de pse tsc msr pae mce cx8 apic sep mtrr pge mca cmov pat pse36 clflush dts acpi mmx fxsr sse sse2 ss ht tm pbe syscall nx pdpe1gb rdtscp lm constant_tsc art arch_perfmon pebs bts rep_good nopl xtopology nonstop_tsc cpuid aperfmperf tsc_known_freq pni pclmulqdq dtes64 monitor ds_cpl vmx est tm2 ssse3 sdbg fma cx16 xtpr pdcm pcid sse4_1 sse4_2 x2apic movbe popcnt tsc_deadline_timer aes xsave avx f16c rdrand lahf_lm abm 3dnowprefetch cpuid_fault epb invpcid_single pti ibrs ibpb stibp tpr_shadow vnmi flexpriority ept vpid fsgsbase tsc_adjust bmi1 avx2 smep bmi2 erms invpcid mpx rdseed adx smap clflushopt intel_pt xsaveopt xsavec xgetbv1 xsaves dtherm ida arat pln pts hwp hwp_notify hwp_act_window hwp_epp
bugs		: cpu_meltdown spectre_v1 spectre_v2 spec_store_bypass l1tf
bogomips	: 4992.00
clflush size	: 64
cache_alignment	: 64
address sizes	: 39 bits physical, 48 bits virtual
power management:

processor	: 3
vendor_id	: GenuineIntel
cpu family	: 6
model		: 158
model name	: Intel(R) Core(TM) i5-7300HQ CPU @ 2.50GHz
stepping	: 9
microcode	: 0x84
cpu MHz		: 1619.690
cache size	: 6144 KB
physical id	: 0
siblings	: 4
core id		: 3
cpu cores	: 4
apicid		: 6
initial apicid	: 6
fpu		: yes
fpu_exception	: yes
cpuid level	: 22
wp		: yes
flags		: fpu vme de pse tsc msr pae mce cx8 apic sep mtrr pge mca cmov pat pse36 clflush dts acpi mmx fxsr sse sse2 ss ht tm pbe syscall nx pdpe1gb rdtscp lm constant_tsc art arch_perfmon pebs bts rep_good nopl xtopology nonstop_tsc cpuid aperfmperf tsc_known_freq pni pclmulqdq dtes64 monitor ds_cpl vmx est tm2 ssse3 sdbg fma cx16 xtpr pdcm pcid sse4_1 sse4_2 x2apic movbe popcnt tsc_deadline_timer aes xsave avx f16c rdrand lahf_lm abm 3dnowprefetch cpuid_fault epb invpcid_single pti ibrs ibpb stibp tpr_shadow vnmi flexpriority ept vpid fsgsbase tsc_adjust bmi1 avx2 smep bmi2 erms invpcid mpx rdseed adx smap clflushopt intel_pt xsaveopt xsavec xgetbv1 xsaves dtherm ida arat pln pts hwp hwp_notify hwp_act_window hwp_epp
bugs		: cpu_meltdown spectre_v1 spectre_v2 spec_store_bypass l1tf
bogomips	: 4992.00
clflush size	: 64
cache_alignment	: 64
address sizes	: 39 bits physical, 48 bits virtual
power management:



Memory: 4k page, physical 8052884k(127484k free), swap 0k(0k free)

vm_info: OpenJDK 64-Bit Server VM (25.181-b13) for linux-amd64 JRE (1.8.0_181-8u181-b13-0ubuntu0.16.04.1-b13), built on Jul 30 2018 21:06:27 by "buildd" with gcc 5.4.0 20160609

time: Thu Aug 30 08:52:31 2018
elapsed time: 42 seconds (0d 0h 0m 42s)

