#
# There is insufficient memory for the Java Runtime Environment to continue.
# Native memory allocation (mmap) failed to map 372768768 bytes for committing reserved memory.
# Possible reasons:
#   The system is out of physical RAM or swap space
#   In 32 bit mode, the process size limit was hit
# Possible solutions:
#   Reduce memory load on the system
#   Increase physical memory or swap space
#   Check if swap backing store is full
#   Use 64 bit Java on a 64 bit OS
#   Decrease Java heap size (-Xmx/-Xms)
#   Decrease number of Java threads
#   Decrease Java thread stack sizes (-Xss)
#   Set larger code cache with -XX:ReservedCodeCacheSize=
# This output file may be truncated or incomplete.
#
#  Out of Memory Error (os_linux.cpp:2643), pid=8549, tid=0x00007fc5c8afa700
#
# JRE version: OpenJDK Runtime Environment (8.0_181-b13) (build 1.8.0_181-8u181-b13-0ubuntu0.16.04.1-b13)
# Java VM: OpenJDK 64-Bit Server VM (25.181-b13 mixed mode linux-amd64 compressed oops)
# Failed to write core dump. Core dumps have been disabled. To enable core dumping, try "ulimit -c unlimited" before starting Java again
#

---------------  T H R E A D  ---------------

Current thread (0x00007fc5d8078000):  VMThread [stack: 0x00007fc5c89fa000,0x00007fc5c8afb000] [id=8557]

Stack: [0x00007fc5c89fa000,0x00007fc5c8afb000],  sp=0x00007fc5c8af9480,  free space=1021k
Native frames: (J=compiled Java code, j=interpreted, Vv=VM code, C=native code)
V  [libjvm.so+0xa70edb]
V  [libjvm.so+0x4c893c]
V  [libjvm.so+0x8bda08]
V  [libjvm.so+0x8b7d9e]
V  [libjvm.so+0x933206]
V  [libjvm.so+0x92289a]
V  [libjvm.so+0x922aa3]
V  [libjvm.so+0x923408]
V  [libjvm.so+0x9296ce]
V  [libjvm.so+0x93106d]
V  [libjvm.so+0x8e27c3]
V  [libjvm.so+0xa72b82]
V  [libjvm.so+0xa77d27]
V  [libjvm.so+0xa75427]
V  [libjvm.so+0xa768af]
V  [libjvm.so+0xa76da1]
V  [libjvm.so+0x8bae12]

VM_Operation (0x00007fc5a814d6c0): ParallelGCFailedAllocation, mode: safepoint, requested by thread 0x00007fc5d838f000


---------------  P R O C E S S  ---------------

Java Threads: ( => current thread )
  0x00007fc5d800a800 JavaThread "DestroyJavaVM" [_thread_blocked, id=8550, stack(0x00007fc5e1d0f000,0x00007fc5e1e10000)]
  0x00007fc5d838f000 JavaThread "Thread-0" [_thread_blocked, id=8573, stack(0x00007fc5a804e000,0x00007fc5a814f000)]
  0x00007fc578027800 JavaThread "TimerQueue" daemon [_thread_blocked, id=8572, stack(0x00007fc5a854f000,0x00007fc5a8650000)]
  0x00007fc5d8333800 JavaThread "Abandoned connection cleanup thread" daemon [_thread_blocked, id=8571, stack(0x00007fc5a8650000,0x00007fc5a8751000)]
  0x00007fc5d82c1800 JavaThread "AWT-EventQueue-0" [_thread_blocked, id=8570, stack(0x00007fc5a93a1000,0x00007fc5a94a2000)]
  0x00007fc5d82c0000 JavaThread "AWT-Shutdown" [_thread_blocked, id=8569, stack(0x00007fc5a94a2000,0x00007fc5a95a3000)]
  0x00007fc5d8289800 JavaThread "AWT-XAWT" daemon [_thread_blocked, id=8568, stack(0x00007fc5a95a3000,0x00007fc5a96a4000)]
  0x00007fc5d8263800 JavaThread "Java2D Disposer" daemon [_thread_blocked, id=8567, stack(0x00007fc5c80b9000,0x00007fc5c81ba000)]
  0x00007fc5d80d2000 JavaThread "Service Thread" daemon [_thread_blocked, id=8565, stack(0x00007fc5c82f3000,0x00007fc5c83f4000)]
  0x00007fc5d80bd000 JavaThread "C1 CompilerThread2" daemon [_thread_blocked, id=8564, stack(0x00007fc5c83f4000,0x00007fc5c84f5000)]
  0x00007fc5d80bb000 JavaThread "C2 CompilerThread1" daemon [_thread_blocked, id=8563, stack(0x00007fc5c84f5000,0x00007fc5c85f6000)]
  0x00007fc5d80b8000 JavaThread "C2 CompilerThread0" daemon [_thread_blocked, id=8562, stack(0x00007fc5c85f6000,0x00007fc5c86f7000)]
  0x00007fc5d80b6800 JavaThread "Signal Dispatcher" daemon [_thread_blocked, id=8561, stack(0x00007fc5c86f7000,0x00007fc5c87f8000)]
  0x00007fc5d8084800 JavaThread "Finalizer" daemon [_thread_blocked, id=8560, stack(0x00007fc5c87f8000,0x00007fc5c88f9000)]
  0x00007fc5d8080000 JavaThread "Reference Handler" daemon [_thread_blocked, id=8559, stack(0x00007fc5c88f9000,0x00007fc5c89fa000)]

Other Threads:
=>0x00007fc5d8078000 VMThread [stack: 0x00007fc5c89fa000,0x00007fc5c8afb000] [id=8557]
  0x00007fc5d80e4800 WatcherThread [stack: 0x00007fc5c81f2000,0x00007fc5c82f3000] [id=8566]

VM state:at safepoint (normal execution)

VM Mutex/Monitor currently owned by a thread:  ([mutex/lock_event])
[0x00007fc5d80067d0] ExpandHeap_lock - owner thread: 0x00007fc5d8078000
[0x00007fc5d8006e50] Threads_lock - owner thread: 0x00007fc5d8078000
[0x00007fc5d8007350] Heap_lock - owner thread: 0x00007fc5d838f000

Heap:
 PSYoungGen      total 341504K, used 57849K [0x00000000d7000000, 0x00000000fb300000, 0x0000000100000000)
  eden space 117760K, 0% used [0x00000000d7000000,0x00000000d7000000,0x00000000de300000)
  from space 223744K, 25% used [0x00000000de300000,0x00000000e1b7e748,0x00000000ebd80000)
  to   space 223744K, 0% used [0x00000000ed880000,0x00000000ed880000,0x00000000fb300000)
 ParOldGen       total 778752K, used 778328K [0x0000000085000000, 0x00000000b4880000, 0x00000000d7000000)
  object space 778752K, 99% used [0x0000000085000000,0x00000000b48160f0,0x00000000b4880000)
 Metaspace       used 15603K, capacity 15846K, committed 16256K, reserved 1062912K
  class space    used 1718K, capacity 1804K, committed 1920K, reserved 1048576K

Card table byte_map: [0x00007fc5ddfe1000,0x00007fc5de3ba000] byte_map_base: 0x00007fc5ddbb9000

Marking Bits: (ParMarkBitMap*) 0x00007fc5e0fd93a0
 Begin Bits: [0x00007fc5c0280000, 0x00007fc5c2140000)
 End Bits:   [0x00007fc5c2140000, 0x00007fc5c4000000)

Polling page: 0x00007fc5e1e2d000

CodeCache: size=245760Kb used=6609Kb max_used=6621Kb free=239150Kb
 bounds [0x00007fc5c9000000, 0x00007fc5c9680000, 0x00007fc5d8000000]
 total_blobs=2153 nmethods=1546 adapters=521
 compilation: enabled

Compilation events (10 events):
Event: 21,626 Thread 0x00007fc5d80bd000 1541       1       javax.swing.JComponent::isPaintingOrigin (2 bytes)
Event: 21,626 Thread 0x00007fc5d80bd000 nmethod 1541 0x00007fc5c9671110 code [0x00007fc5c9671260, 0x00007fc5c9671370]
Event: 25,455 Thread 0x00007fc5d80bd000 1543       3       sun.font.CompositeGlyphMapper::getCachedGlyphCode (32 bytes)
Event: 25,455 Thread 0x00007fc5d80bd000 nmethod 1543 0x00007fc5c9662110 code [0x00007fc5c9662280, 0x00007fc5c96624d0]
Event: 25,455 Thread 0x00007fc5d80bd000 1544   !   3       sun.font.FileFontStrike::getCachedGlyphPtr (27 bytes)
Event: 25,455 Thread 0x00007fc5d80bd000 nmethod 1544 0x00007fc5c965df50 code [0x00007fc5c965e120, 0x00007fc5c965e7f8]
Event: 26,580 Thread 0x00007fc5d80bd000 1545       3       sun.java2d.SunGraphics2D::dispose (12 bytes)
Event: 26,580 Thread 0x00007fc5d80bd000 nmethod 1545 0x00007fc5c965db10 code [0x00007fc5c965dc80, 0x00007fc5c965dea8]
Event: 35,990 Thread 0x00007fc5d80b8000 1546       4       java.util.TreeMap::getEntry (84 bytes)
Event: 35,992 Thread 0x00007fc5d80b8000 nmethod 1546 0x00007fc5c9672fd0 code [0x00007fc5c9673160, 0x00007fc5c96734e8]

GC Heap History (10 events):
Event: 32,825 GC heap after
Heap after GC invocations=13 (full 3):
 PSYoungGen      total 316416K, used 217568K [0x00000000d7000000, 0x00000000f8c80000, 0x0000000100000000)
  eden space 98816K, 0% used [0x00000000d7000000,0x00000000d7000000,0x00000000dd080000)
  from space 217600K, 99% used [0x00000000eab00000,0x00000000f7f78010,0x00000000f7f80000)
  to   space 223744K, 0% used [0x00000000dd080000,0x00000000dd080000,0x00000000eab00000)
 ParOldGen       total 508928K, used 365503K [0x0000000085000000, 0x00000000a4100000, 0x00000000d7000000)
  object space 508928K, 71% used [0x0000000085000000,0x000000009b4efde8,0x00000000a4100000)
 Metaspace       used 15603K, capacity 15846K, committed 16256K, reserved 1062912K
  class space    used 1718K, capacity 1804K, committed 1920K, reserved 1048576K
}
Event: 37,007 GC heap before
{Heap before GC invocations=14 (full 3):
 PSYoungGen      total 316416K, used 316384K [0x00000000d7000000, 0x00000000f8c80000, 0x0000000100000000)
  eden space 98816K, 100% used [0x00000000d7000000,0x00000000dd080000,0x00000000dd080000)
  from space 217600K, 99% used [0x00000000eab00000,0x00000000f7f78010,0x00000000f7f80000)
  to   space 223744K, 0% used [0x00000000dd080000,0x00000000dd080000,0x00000000eab00000)
 ParOldGen       total 508928K, used 365503K [0x0000000085000000, 0x00000000a4100000, 0x00000000d7000000)
  object space 508928K, 71% used [0x0000000085000000,0x000000009b4efde8,0x00000000a4100000)
 Metaspace       used 15603K, capacity 15846K, committed 16256K, reserved 1062912K
  class space    used 1718K, capacity 1804K, committed 1920K, reserved 1048576K
Event: 37,195 GC heap after
Heap after GC invocations=14 (full 3):
 PSYoungGen      total 322560K, used 215328K [0x00000000d7000000, 0x00000000f9800000, 0x0000000100000000)
  eden space 98816K, 0% used [0x00000000d7000000,0x00000000d7000000,0x00000000dd080000)
  from space 223744K, 96% used [0x00000000dd080000,0x00000000ea2c8010,0x00000000eab00000)
  to   space 223744K, 0% used [0x00000000ebd80000,0x00000000ebd80000,0x00000000f9800000)
 ParOldGen       total 508928K, used 448855K [0x0000000085000000, 0x00000000a4100000, 0x00000000d7000000)
  object space 508928K, 88% used [0x0000000085000000,0x00000000a0655de8,0x00000000a4100000)
 Metaspace       used 15603K, capacity 15846K, committed 16256K, reserved 1062912K
  class space    used 1718K, capacity 1804K, committed 1920K, reserved 1048576K
}
Event: 37,195 GC heap before
{Heap before GC invocations=15 (full 4):
 PSYoungGen      total 322560K, used 215328K [0x00000000d7000000, 0x00000000f9800000, 0x0000000100000000)
  eden space 98816K, 0% used [0x00000000d7000000,0x00000000d7000000,0x00000000dd080000)
  from space 223744K, 96% used [0x00000000dd080000,0x00000000ea2c8010,0x00000000eab00000)
  to   space 223744K, 0% used [0x00000000ebd80000,0x00000000ebd80000,0x00000000f9800000)
 ParOldGen       total 508928K, used 448855K [0x0000000085000000, 0x00000000a4100000, 0x00000000d7000000)
  object space 508928K, 88% used [0x0000000085000000,0x00000000a0655de8,0x00000000a4100000)
 Metaspace       used 15603K, capacity 15846K, committed 16256K, reserved 1062912K
  class space    used 1718K, capacity 1804K, committed 1920K, reserved 1048576K
Event: 38,310 GC heap after
Heap after GC invocations=15 (full 4):
 PSYoungGen      total 322560K, used 151531K [0x00000000d7000000, 0x00000000f9800000, 0x0000000100000000)
  eden space 98816K, 0% used [0x00000000d7000000,0x00000000d7000000,0x00000000dd080000)
  from space 223744K, 67% used [0x00000000dd080000,0x00000000e647af58,0x00000000eab00000)
  to   space 223744K, 0% used [0x00000000ebd80000,0x00000000ebd80000,0x00000000f9800000)
 ParOldGen       total 778752K, used 508683K [0x0000000085000000, 0x00000000b4880000, 0x00000000d7000000)
  object space 778752K, 65% used [0x0000000085000000,0x00000000a40c2e28,0x00000000b4880000)
 Metaspace       used 15603K, capacity 15846K, committed 16256K, reserved 1062912K
  class space    used 1718K, capacity 1804K, committed 1920K, reserved 1048576K
}
Event: 42,503 GC heap before
{Heap before GC invocations=16 (full 4):
 PSYoungGen      total 322560K, used 250347K [0x00000000d7000000, 0x00000000f9800000, 0x0000000100000000)
  eden space 98816K, 100% used [0x00000000d7000000,0x00000000dd080000,0x00000000dd080000)
  from space 223744K, 67% used [0x00000000dd080000,0x00000000e647af58,0x00000000eab00000)
  to   space 223744K, 0% used [0x00000000ebd80000,0x00000000ebd80000,0x00000000f9800000)
 ParOldGen       total 778752K, used 508683K [0x0000000085000000, 0x00000000b4880000, 0x00000000d7000000)
  object space 778752K, 65% used [0x0000000085000000,0x00000000a40c2e28,0x00000000b4880000)
 Metaspace       used 15603K, capacity 15846K, committed 16256K, reserved 1062912K
  class space    used 1718K, capacity 1804K, committed 1920K, reserved 1048576K
Event: 42,885 GC heap after
Heap after GC invocations=16 (full 4):
 PSYoungGen      total 341504K, used 137504K [0x00000000d7000000, 0x00000000f9b80000, 0x0000000100000000)
  eden space 117760K, 0% used [0x00000000d7000000,0x00000000d7000000,0x00000000de300000)
  from space 223744K, 61% used [0x00000000ebd80000,0x00000000f43c8000,0x00000000f9800000)
  to   space 223744K, 0% used [0x00000000de300000,0x00000000de300000,0x00000000ebd80000)
 ParOldGen       total 778752K, used 604235K [0x0000000085000000, 0x00000000b4880000, 0x00000000d7000000)
  object space 778752K, 77% used [0x0000000085000000,0x00000000a9e12e28,0x00000000b4880000)
 Metaspace       used 15603K, capacity 15846K, committed 16256K, reserved 1062912K
  class space    used 1718K, capacity 1804K, committed 1920K, reserved 1048576K
}
Event: 47,905 GC heap before
{Heap before GC invocations=17 (full 4):
 PSYoungGen      total 341504K, used 255264K [0x00000000d7000000, 0x00000000f9b80000, 0x0000000100000000)
  eden space 117760K, 100% used [0x00000000d7000000,0x00000000de300000,0x00000000de300000)
  from space 223744K, 61% used [0x00000000ebd80000,0x00000000f43c8000,0x00000000f9800000)
  to   space 223744K, 0% used [0x00000000de300000,0x00000000de300000,0x00000000ebd80000)
 ParOldGen       total 778752K, used 604235K [0x0000000085000000, 0x00000000b4880000, 0x00000000d7000000)
  object space 778752K, 77% used [0x0000000085000000,0x00000000a9e12e28,0x00000000b4880000)
 Metaspace       used 15603K, capacity 15846K, committed 16256K, reserved 1062912K
  class space    used 1718K, capacity 1804K, committed 1920K, reserved 1048576K
Event: 48,184 GC heap after
Heap after GC invocations=17 (full 4):
 PSYoungGen      total 341504K, used 95872K [0x00000000d7000000, 0x00000000fb300000, 0x0000000100000000)
  eden space 117760K, 0% used [0x00000000d7000000,0x00000000d7000000,0x00000000de300000)
  from space 223744K, 42% used [0x00000000de300000,0x00000000e40a0000,0x00000000ebd80000)
  to   space 223744K, 0% used [0x00000000ed880000,0x00000000ed880000,0x00000000fb300000)
 ParOldGen       total 778752K, used 742787K [0x0000000085000000, 0x00000000b4880000, 0x00000000d7000000)
  object space 778752K, 95% used [0x0000000085000000,0x00000000b2560e28,0x00000000b4880000)
 Metaspace       used 15603K, capacity 15846K, committed 16256K, reserved 1062912K
  class space    used 1718K, capacity 1804K, committed 1920K, reserved 1048576K
}
Event: 48,184 GC heap before
{Heap before GC invocations=18 (full 5):
 PSYoungGen      total 341504K, used 95872K [0x00000000d7000000, 0x00000000fb300000, 0x0000000100000000)
  eden space 117760K, 0% used [0x00000000d7000000,0x00000000d7000000,0x00000000de300000)
  from space 223744K, 42% used [0x00000000de300000,0x00000000e40a0000,0x00000000ebd80000)
  to   space 223744K, 0% used [0x00000000ed880000,0x00000000ed880000,0x00000000fb300000)
 ParOldGen       total 778752K, used 742787K [0x0000000085000000, 0x00000000b4880000, 0x00000000d7000000)
  object space 778752K, 95% used [0x0000000085000000,0x00000000b2560e28,0x00000000b4880000)
 Metaspace       used 15603K, capacity 15846K, committed 16256K, reserved 1062912K
  class space    used 1718K, capacity 1804K, committed 1920K, reserved 1048576K

Deoptimization events (10 events):
Event: 19,329 Thread 0x00007fc5d82c1800 Uncommon trap: reason=class_check action=maybe_recompile pc=0x00007fc5c946a060 method=com.mysql.jdbc.StatementImpl.createStreamingResultSet()Z @ 1
Event: 19,329 Thread 0x00007fc5d82c1800 Uncommon trap: reason=class_check action=maybe_recompile pc=0x00007fc5c9464658 method=com.mysql.jdbc.StatementImpl.closeAllOpenResults()V @ 1
Event: 19,329 Thread 0x00007fc5d82c1800 Uncommon trap: reason=unstable_if action=reinterpret pc=0x00007fc5c9453650 method=com.mysql.jdbc.ConnectionImpl.execSQL(Lcom/mysql/jdbc/StatementImpl;Ljava/lang/String;ILcom/mysql/jdbc/Buffer;IIZLjava/lang/String;[Lcom/mysql/jdbc/Field;Z)Lcom/mysql/jdbc/R
Event: 19,329 Thread 0x00007fc5d82c1800 Uncommon trap: reason=unstable_if action=reinterpret pc=0x00007fc5c94782a4 method=com.mysql.jdbc.MysqlIO.sqlQueryDirect(Lcom/mysql/jdbc/StatementImpl;Ljava/lang/String;Ljava/lang/String;Lcom/mysql/jdbc/Buffer;IIIZLjava/lang/String;[Lcom/mysql/jdbc/Field;)
Event: 19,329 Thread 0x00007fc5d82c1800 Uncommon trap: reason=unstable_if action=reinterpret pc=0x00007fc5c940a15c method=com.mysql.jdbc.MysqlIO.send(Lcom/mysql/jdbc/Buffer;I)V @ 379
Event: 19,329 Thread 0x00007fc5d82c1800 Uncommon trap: reason=unstable_if action=reinterpret pc=0x00007fc5c940eaa4 method=com.mysql.jdbc.Field.checkForImplicitTemporaryTable()V @ 6
Event: 19,329 Thread 0x00007fc5d82c1800 Uncommon trap: reason=unstable_if action=reinterpret pc=0x00007fc5c954f0c0 method=com.mysql.jdbc.MysqlIO.readServerStatusForResultSets(Lcom/mysql/jdbc/Buffer;)V @ 24
Event: 19,329 Thread 0x00007fc5d82c1800 Uncommon trap: reason=unstable_if action=reinterpret pc=0x00007fc5c955368c method=com.mysql.jdbc.MysqlIO.nextRowFast([Lcom/mysql/jdbc/Field;IZIZZZ)Lcom/mysql/jdbc/ResultSetRow; @ 364
Event: 19,329 Thread 0x00007fc5d82c1800 Uncommon trap: reason=class_check action=maybe_recompile pc=0x00007fc5c949bbd4 method=sun.reflect.GeneratedConstructorAccessor2.newInstance([Ljava/lang/Object;)Ljava/lang/Object; @ 57
Event: 19,329 Thread 0x00007fc5d82c1800 Uncommon trap: reason=class_check action=maybe_recompile pc=0x00007fc5c9464658 method=com.mysql.jdbc.StatementImpl.closeAllOpenResults()V @ 1

Classes redefined (0 events):
No events

Internal exceptions (10 events):
Event: 0,102 Thread 0x00007fc5d800a800 Exception <a 'java/security/PrivilegedActionException'> (0x00000000d708dda8) thrown at [/build/openjdk-8-pREaNj/openjdk-8-8u181-b13/src/hotspot/src/share/vm/prims/jvm.cpp, line 1435]
Event: 0,102 Thread 0x00007fc5d800a800 Exception <a 'java/security/PrivilegedActionException'> (0x00000000d708dfb8) thrown at [/build/openjdk-8-pREaNj/openjdk-8-8u181-b13/src/hotspot/src/share/vm/prims/jvm.cpp, line 1435]
Event: 0,131 Thread 0x00007fc5d800a800 Exception <a 'java/lang/NoSuchFieldError': method resolution failed> (0x00000000d72023d0) thrown at [/build/openjdk-8-pREaNj/openjdk-8-8u181-b13/src/hotspot/src/share/vm/prims/methodHandles.cpp, line 1167]
Event: 0,133 Thread 0x00007fc5d800a800 Exception <a 'java/lang/NoSuchFieldError': method resolution failed> (0x00000000d720fb50) thrown at [/build/openjdk-8-pREaNj/openjdk-8-8u181-b13/src/hotspot/src/share/vm/prims/methodHandles.cpp, line 1167]
Event: 0,151 Thread 0x00007fc5d800a800 Exception <a 'java/io/FileNotFoundException'> (0x00000000d728e978) thrown at [/build/openjdk-8-pREaNj/openjdk-8-8u181-b13/src/hotspot/src/share/vm/prims/jni.cpp, line 709]
Event: 0,151 Thread 0x00007fc5d800a800 Exception <a 'java/io/FileNotFoundException'> (0x00000000d728f498) thrown at [/build/openjdk-8-pREaNj/openjdk-8-8u181-b13/src/hotspot/src/share/vm/prims/jni.cpp, line 709]
Event: 0,163 Thread 0x00007fc5d800a800 Exception <a 'java/lang/ClassNotFoundException': sun/dc/DuctusRenderingEngine> (0x00000000d72ad5d8) thrown at [/build/openjdk-8-pREaNj/openjdk-8-8u181-b13/src/hotspot/src/share/vm/classfile/systemDictionary.cpp, line 210]
Event: 0,276 Thread 0x00007fc5d800a800 Exception <a 'java/net/UnknownHostException'> (0x00000000d751f8b8) thrown at [/build/openjdk-8-pREaNj/openjdk-8-8u181-b13/src/hotspot/src/share/vm/prims/jni.cpp, line 709]
Event: 0,385 Thread 0x00007fc5d82c1800 Exception <a 'java/lang/UnsupportedOperationException': > (0x00000000d74709b8) thrown at [/build/openjdk-8-pREaNj/openjdk-8-8u181-b13/src/hotspot/src/share/vm/prims/jni.cpp, line 735]
Event: 19,329 Thread 0x00007fc5d82c1800 Implicit null exception at 0x00007fc5c945312d to 0x00007fc5c9453611

Events (10 events):
Event: 24,990 Executing VM operation: ParallelGCFailedAllocation done
Event: 28,825 Executing VM operation: ParallelGCFailedAllocation
Event: 28,956 Executing VM operation: ParallelGCFailedAllocation done
Event: 32,688 Executing VM operation: ParallelGCFailedAllocation
Event: 32,825 Executing VM operation: ParallelGCFailedAllocation done
Event: 37,007 Executing VM operation: ParallelGCFailedAllocation
Event: 38,310 Executing VM operation: ParallelGCFailedAllocation done
Event: 42,503 Executing VM operation: ParallelGCFailedAllocation
Event: 42,885 Executing VM operation: ParallelGCFailedAllocation done
Event: 47,905 Executing VM operation: ParallelGCFailedAllocation


Dynamic libraries:
00400000-00401000 r-xp 00000000 08:05 1862949                            /usr/lib/jvm/java-8-openjdk-amd64/jre/bin/java
00600000-00601000 r--p 00000000 08:05 1862949                            /usr/lib/jvm/java-8-openjdk-amd64/jre/bin/java
00601000-00602000 rw-p 00001000 08:05 1862949                            /usr/lib/jvm/java-8-openjdk-amd64/jre/bin/java
017a9000-017ca000 rw-p 00000000 00:00 0                                  [heap]
85000000-b4880000 rw-p 00000000 00:00 0 
cac00000-d7000000 ---p 00000000 00:00 0 
d7000000-fb300000 rw-p 00000000 00:00 0 
fb300000-100000000 ---p 00000000 00:00 0 
100000000-1001e0000 rw-p 00000000 00:00 0 
1001e0000-140000000 ---p 00000000 00:00 0 
7fc56c000000-7fc56c021000 rw-p 00000000 00:00 0 
7fc56c021000-7fc570000000 ---p 00000000 00:00 0 
7fc570000000-7fc570041000 rw-p 00000000 00:00 0 
7fc570041000-7fc574000000 ---p 00000000 00:00 0 
7fc574000000-7fc574021000 rw-p 00000000 00:00 0 
7fc574021000-7fc578000000 ---p 00000000 00:00 0 
7fc578000000-7fc57803e000 rw-p 00000000 00:00 0 
7fc57803e000-7fc57c000000 ---p 00000000 00:00 0 
7fc57cfff000-7fc580000000 rw-p 00000000 00:00 0 
7fc580000000-7fc580021000 rw-p 00000000 00:00 0 
7fc580021000-7fc584000000 ---p 00000000 00:00 0 
7fc584000000-7fc584021000 rw-p 00000000 00:00 0 
7fc584021000-7fc588000000 ---p 00000000 00:00 0 
7fc588000000-7fc588021000 rw-p 00000000 00:00 0 
7fc588021000-7fc58c000000 ---p 00000000 00:00 0 
7fc58c000000-7fc58c021000 rw-p 00000000 00:00 0 
7fc58c021000-7fc590000000 ---p 00000000 00:00 0 
7fc590000000-7fc5905be000 rw-p 00000000 00:00 0 
7fc5905be000-7fc594000000 ---p 00000000 00:00 0 
7fc594000000-7fc594021000 rw-p 00000000 00:00 0 
7fc594021000-7fc598000000 ---p 00000000 00:00 0 
7fc598000000-7fc598563000 rw-p 00000000 00:00 0 
7fc598563000-7fc59c000000 ---p 00000000 00:00 0 
7fc59c000000-7fc59c783000 rw-p 00000000 00:00 0 
7fc59c783000-7fc5a0000000 ---p 00000000 00:00 0 
7fc5a0000000-7fc5a0021000 rw-p 00000000 00:00 0 
7fc5a0021000-7fc5a4000000 ---p 00000000 00:00 0 
7fc5a4000000-7fc5a4021000 rw-p 00000000 00:00 0 
7fc5a4021000-7fc5a8000000 ---p 00000000 00:00 0 
7fc5a804e000-7fc5a8051000 ---p 00000000 00:00 0 
7fc5a8051000-7fc5a834f000 rw-p 00000000 00:00 0 
7fc5a834f000-7fc5a854f000 rw-p 00000000 00:00 0 
7fc5a854f000-7fc5a8552000 ---p 00000000 00:00 0 
7fc5a8552000-7fc5a8650000 rw-p 00000000 00:00 0 
7fc5a8650000-7fc5a8653000 ---p 00000000 00:00 0 
7fc5a8653000-7fc5a8751000 rw-p 00000000 00:00 0 
7fc5a8751000-7fc5a8762000 r-xp 00000000 08:05 1502990                    /usr/lib/jvm/java-8-openjdk-amd64/jre/lib/amd64/libnio.so
7fc5a8762000-7fc5a8962000 ---p 00011000 08:05 1502990                    /usr/lib/jvm/java-8-openjdk-amd64/jre/lib/amd64/libnio.so
7fc5a8962000-7fc5a8963000 r--p 00011000 08:05 1502990                    /usr/lib/jvm/java-8-openjdk-amd64/jre/lib/amd64/libnio.so
7fc5a8963000-7fc5a8964000 rw-p 00012000 08:05 1502990                    /usr/lib/jvm/java-8-openjdk-amd64/jre/lib/amd64/libnio.so
7fc5a8964000-7fc5a897b000 r-xp 00000000 08:05 398789                     /lib/x86_64-linux-gnu/libresolv-2.23.so
7fc5a897b000-7fc5a8b7b000 ---p 00017000 08:05 398789                     /lib/x86_64-linux-gnu/libresolv-2.23.so
7fc5a8b7b000-7fc5a8b7c000 r--p 00017000 08:05 398789                     /lib/x86_64-linux-gnu/libresolv-2.23.so
7fc5a8b7c000-7fc5a8b7d000 rw-p 00018000 08:05 398789                     /lib/x86_64-linux-gnu/libresolv-2.23.so
7fc5a8b7d000-7fc5a8b7f000 rw-p 00000000 00:00 0 
7fc5a8b7f000-7fc5a8b84000 r-xp 00000000 08:05 398734                     /lib/x86_64-linux-gnu/libnss_dns-2.23.so
7fc5a8b84000-7fc5a8d84000 ---p 00005000 08:05 398734                     /lib/x86_64-linux-gnu/libnss_dns-2.23.so
7fc5a8d84000-7fc5a8d85000 r--p 00005000 08:05 398734                     /lib/x86_64-linux-gnu/libnss_dns-2.23.so
7fc5a8d85000-7fc5a8d86000 rw-p 00006000 08:05 398734                     /lib/x86_64-linux-gnu/libnss_dns-2.23.so
7fc5a8d86000-7fc5a8d88000 r-xp 00000000 08:05 398742                     /lib/x86_64-linux-gnu/libnss_mdns4_minimal.so.2
7fc5a8d88000-7fc5a8f87000 ---p 00002000 08:05 398742                     /lib/x86_64-linux-gnu/libnss_mdns4_minimal.so.2
7fc5a8f87000-7fc5a8f88000 r--p 00001000 08:05 398742                     /lib/x86_64-linux-gnu/libnss_mdns4_minimal.so.2
7fc5a8f88000-7fc5a8f89000 rw-p 00002000 08:05 398742                     /lib/x86_64-linux-gnu/libnss_mdns4_minimal.so.2
7fc5a8f89000-7fc5a8fa0000 r-xp 00000000 08:05 1502971                    /usr/lib/jvm/java-8-openjdk-amd64/jre/lib/amd64/libnet.so
7fc5a8fa0000-7fc5a919f000 ---p 00017000 08:05 1502971                    /usr/lib/jvm/java-8-openjdk-amd64/jre/lib/amd64/libnet.so
7fc5a919f000-7fc5a91a0000 r--p 00016000 08:05 1502971                    /usr/lib/jvm/java-8-openjdk-amd64/jre/lib/amd64/libnet.so
7fc5a91a0000-7fc5a91a1000 rw-p 00017000 08:05 1502971                    /usr/lib/jvm/java-8-openjdk-amd64/jre/lib/amd64/libnet.so
7fc5a91a1000-7fc5a93a1000 rw-p 00000000 00:00 0 
7fc5a93a1000-7fc5a93a4000 ---p 00000000 00:00 0 
7fc5a93a4000-7fc5a94a2000 rw-p 00000000 00:00 0 
7fc5a94a2000-7fc5a94a5000 ---p 00000000 00:00 0 
7fc5a94a5000-7fc5a95a3000 rw-p 00000000 00:00 0 
7fc5a95a3000-7fc5a95a6000 ---p 00000000 00:00 0 
7fc5a95a6000-7fc5a96a4000 rw-p 00000000 00:00 0 
7fc5a96a4000-7fc5a96a9000 r-xp 00000000 08:05 664682                     /usr/lib/x86_64-linux-gnu/libXfixes.so.3.1.0
7fc5a96a9000-7fc5a98a8000 ---p 00005000 08:05 664682                     /usr/lib/x86_64-linux-gnu/libXfixes.so.3.1.0
7fc5a98a8000-7fc5a98a9000 r--p 00004000 08:05 664682                     /usr/lib/x86_64-linux-gnu/libXfixes.so.3.1.0
7fc5a98a9000-7fc5a98aa000 rw-p 00005000 08:05 664682                     /usr/lib/x86_64-linux-gnu/libXfixes.so.3.1.0
7fc5a98aa000-7fc5a98b3000 r-xp 00000000 08:05 665664                     /usr/lib/x86_64-linux-gnu/libXcursor.so.1.0.2
7fc5a98b3000-7fc5a9ab2000 ---p 00009000 08:05 665664                     /usr/lib/x86_64-linux-gnu/libXcursor.so.1.0.2
7fc5a9ab2000-7fc5a9ab3000 r--p 00008000 08:05 665664                     /usr/lib/x86_64-linux-gnu/libXcursor.so.1.0.2
7fc5a9ab3000-7fc5a9ab4000 rw-p 00009000 08:05 665664                     /usr/lib/x86_64-linux-gnu/libXcursor.so.1.0.2
7fc5a9ab4000-7fc5a9ad8000 r-xp 00000000 08:05 393398                     /lib/x86_64-linux-gnu/libpng12.so.0.54.0
7fc5a9ad8000-7fc5a9cd7000 ---p 00024000 08:05 393398                     /lib/x86_64-linux-gnu/libpng12.so.0.54.0
7fc5a9cd7000-7fc5a9cd8000 r--p 00023000 08:05 393398                     /lib/x86_64-linux-gnu/libpng12.so.0.54.0
7fc5a9cd8000-7fc5a9cd9000 rw-p 00024000 08:05 393398                     /lib/x86_64-linux-gnu/libpng12.so.0.54.0
7fc5a9cd9000-7fc5a9d7d000 r-xp 00000000 08:05 665105                     /usr/lib/x86_64-linux-gnu/libfreetype.so.6.12.1
7fc5a9d7d000-7fc5a9f7c000 ---p 000a4000 08:05 665105                     /usr/lib/x86_64-linux-gnu/libfreetype.so.6.12.1
7fc5a9f7c000-7fc5a9f82000 r--p 000a3000 08:05 665105                     /usr/lib/x86_64-linux-gnu/libfreetype.so.6.12.1
7fc5a9f82000-7fc5a9f83000 rw-p 000a9000 08:05 665105                     /usr/lib/x86_64-linux-gnu/libfreetype.so.6.12.1
7fc5a9f83000-7fc5a9fd5000 r-xp 00000000 08:05 1502977                    /usr/lib/jvm/java-8-openjdk-amd64/jre/lib/amd64/libfontmanager.so
7fc5a9fd5000-7fc5aa1d5000 ---p 00052000 08:05 1502977                    /usr/lib/jvm/java-8-openjdk-amd64/jre/lib/amd64/libfontmanager.so
7fc5aa1d5000-7fc5aa1d7000 r--p 00052000 08:05 1502977                    /usr/lib/jvm/java-8-openjdk-amd64/jre/lib/amd64/libfontmanager.so
7fc5aa1d7000-7fc5aa1d8000 rw-p 00054000 08:05 1502977                    /usr/lib/jvm/java-8-openjdk-amd64/jre/lib/amd64/libfontmanager.so
7fc5aa1d8000-7fc5aa1dd000 r-xp 00000000 08:05 664678                     /usr/lib/x86_64-linux-gnu/libXdmcp.so.6.0.0
7fc5aa1dd000-7fc5aa3dc000 ---p 00005000 08:05 664678                     /usr/lib/x86_64-linux-gnu/libXdmcp.so.6.0.0
7fc5aa3dc000-7fc5aa3dd000 r--p 00004000 08:05 664678                     /usr/lib/x86_64-linux-gnu/libXdmcp.so.6.0.0
7fc5aa3dd000-7fc5aa3de000 rw-p 00005000 08:05 664678                     /usr/lib/x86_64-linux-gnu/libXdmcp.so.6.0.0
7fc5aa3de000-7fc5aa3e0000 r-xp 00000000 08:05 664667                     /usr/lib/x86_64-linux-gnu/libXau.so.6.0.0
7fc5aa3e0000-7fc5aa5e0000 ---p 00002000 08:05 664667                     /usr/lib/x86_64-linux-gnu/libXau.so.6.0.0
7fc5aa5e0000-7fc5aa5e1000 r--p 00002000 08:05 664667                     /usr/lib/x86_64-linux-gnu/libXau.so.6.0.0
7fc5aa5e1000-7fc5aa5e2000 rw-p 00003000 08:05 664667                     /usr/lib/x86_64-linux-gnu/libXau.so.6.0.0
7fc5aa5e2000-7fc5aa603000 r-xp 00000000 08:05 666087                     /usr/lib/x86_64-linux-gnu/libxcb.so.1.1.0
7fc5aa603000-7fc5aa802000 ---p 00021000 08:05 666087                     /usr/lib/x86_64-linux-gnu/libxcb.so.1.1.0
7fc5aa802000-7fc5aa803000 r--p 00020000 08:05 666087                     /usr/lib/x86_64-linux-gnu/libxcb.so.1.1.0
7fc5aa803000-7fc5aa804000 rw-p 00021000 08:05 666087                     /usr/lib/x86_64-linux-gnu/libxcb.so.1.1.0
7fc5aa804000-7fc5aa813000 r-xp 00000000 08:05 664690                     /usr/lib/x86_64-linux-gnu/libXi.so.6.1.0
7fc5aa813000-7fc5aaa12000 ---p 0000f000 08:05 664690                     /usr/lib/x86_64-linux-gnu/libXi.so.6.1.0
7fc5aaa12000-7fc5aaa13000 r--p 0000e000 08:05 664690                     /usr/lib/x86_64-linux-gnu/libXi.so.6.1.0
7fc5aaa13000-7fc5aaa14000 rw-p 0000f000 08:05 664690                     /usr/lib/x86_64-linux-gnu/libXi.so.6.1.0
7fc5aaa14000-7fc5aaa19000 r-xp 00000000 08:05 664708                     /usr/lib/x86_64-linux-gnu/libXtst.so.6.1.0
7fc5aaa19000-7fc5aac18000 ---p 00005000 08:05 664708                     /usr/lib/x86_64-linux-gnu/libXtst.so.6.1.0
7fc5aac18000-7fc5aac19000 r--p 00004000 08:05 664708                     /usr/lib/x86_64-linux-gnu/libXtst.so.6.1.0
7fc5aac19000-7fc5aac1a000 rw-p 00005000 08:05 664708                     /usr/lib/x86_64-linux-gnu/libXtst.so.6.1.0
7fc5aac1a000-7fc5aac23000 r-xp 00000000 08:05 664702                     /usr/lib/x86_64-linux-gnu/libXrender.so.1.3.0
7fc5aac23000-7fc5aae22000 ---p 00009000 08:05 664702                     /usr/lib/x86_64-linux-gnu/libXrender.so.1.3.0
7fc5aae22000-7fc5aae23000 r--p 00008000 08:05 664702                     /usr/lib/x86_64-linux-gnu/libXrender.so.1.3.0
7fc5aae23000-7fc5aae24000 rw-p 00009000 08:05 664702                     /usr/lib/x86_64-linux-gnu/libXrender.so.1.3.0
7fc5aae24000-7fc5aaf59000 r-xp 00000000 08:05 658915                     /usr/lib/x86_64-linux-gnu/libX11.so.6.3.0
7fc5aaf59000-7fc5ab159000 ---p 00135000 08:05 658915                     /usr/lib/x86_64-linux-gnu/libX11.so.6.3.0
7fc5ab159000-7fc5ab15a000 r--p 00135000 08:05 658915                     /usr/lib/x86_64-linux-gnu/libX11.so.6.3.0
7fc5ab15a000-7fc5ab15e000 rw-p 00136000 08:05 658915                     /usr/lib/x86_64-linux-gnu/libX11.so.6.3.0
7fc5ab15e000-7fc5ab16f000 r-xp 00000000 08:05 664680                     /usr/lib/x86_64-linux-gnu/libXext.so.6.4.0
7fc5ab16f000-7fc5ab36e000 ---p 00011000 08:05 664680                     /usr/lib/x86_64-linux-gnu/libXext.so.6.4.0
7fc5ab36e000-7fc5ab36f000 r--p 00010000 08:05 664680                     /usr/lib/x86_64-linux-gnu/libXext.so.6.4.0
7fc5ab36f000-7fc5ab370000 rw-p 00011000 08:05 664680                     /usr/lib/x86_64-linux-gnu/libXext.so.6.4.0
7fc5ab370000-7fc5ab410000 r-xp 00000000 08:05 1502996                    /usr/lib/jvm/java-8-openjdk-amd64/jre/lib/amd64/libawt.so
7fc5ab410000-7fc5ab610000 ---p 000a0000 08:05 1502996                    /usr/lib/jvm/java-8-openjdk-amd64/jre/lib/amd64/libawt.so
7fc5ab610000-7fc5ab611000 r--p 000a0000 08:05 1502996                    /usr/lib/jvm/java-8-openjdk-amd64/jre/lib/amd64/libawt.so
7fc5ab611000-7fc5ab61c000 rw-p 000a1000 08:05 1502996                    /usr/lib/jvm/java-8-openjdk-amd64/jre/lib/amd64/libawt.so
7fc5ab61c000-7fc5ab641000 rw-p 00000000 00:00 0 
7fc5ab641000-7fc5ac000000 r--p 00000000 08:05 663194                     /usr/lib/locale/locale-archive
7fc5ac000000-7fc5ac030000 rw-p 00000000 00:00 0 
7fc5ac030000-7fc5b0000000 ---p 00000000 00:00 0 
7fc5b0000000-7fc5b0021000 rw-p 00000000 00:00 0 
7fc5b0021000-7fc5b4000000 ---p 00000000 00:00 0 
7fc5b4000000-7fc5b4021000 rw-p 00000000 00:00 0 
7fc5b4021000-7fc5b8000000 ---p 00000000 00:00 0 
7fc5b8000000-7fc5b8021000 rw-p 00000000 00:00 0 
7fc5b8021000-7fc5bc000000 ---p 00000000 00:00 0 
7fc5bc000000-7fc5bc021000 rw-p 00000000 00:00 0 
7fc5bc021000-7fc5c0000000 ---p 00000000 00:00 0 
7fc5c0027000-7fc5c007c000 r-xp 00000000 08:05 1502985                    /usr/lib/jvm/java-8-openjdk-amd64/jre/lib/amd64/libawt_xawt.so
7fc5c007c000-7fc5c027b000 ---p 00055000 08:05 1502985                    /usr/lib/jvm/java-8-openjdk-amd64/jre/lib/amd64/libawt_xawt.so
7fc5c027b000-7fc5c027c000 r--p 00054000 08:05 1502985                    /usr/lib/jvm/java-8-openjdk-amd64/jre/lib/amd64/libawt_xawt.so
7fc5c027c000-7fc5c027f000 rw-p 00055000 08:05 1502985                    /usr/lib/jvm/java-8-openjdk-amd64/jre/lib/amd64/libawt_xawt.so
7fc5c027f000-7fc5c4000000 rw-p 00000000 00:00 0 
7fc5c4000000-7fc5c4021000 rw-p 00000000 00:00 0 
7fc5c4021000-7fc5c8000000 ---p 00000000 00:00 0 
7fc5c80b9000-7fc5c80bc000 ---p 00000000 00:00 0 
7fc5c80bc000-7fc5c81ba000 rw-p 00000000 00:00 0 
7fc5c81ba000-7fc5c81cd000 r--s 00346000 08:05 1182190                    /usr/lib/jvm/java-8-openjdk-amd64/jre/lib/resources.jar
7fc5c81cd000-7fc5c81f2000 r--p 00000000 08:05 1186473                    /usr/share/locale-langpack/es/LC_MESSAGES/libc.mo
7fc5c81f2000-7fc5c81f3000 ---p 00000000 00:00 0 
7fc5c81f3000-7fc5c82f3000 rw-p 00000000 00:00 0 
7fc5c82f3000-7fc5c82f6000 ---p 00000000 00:00 0 
7fc5c82f6000-7fc5c83f4000 rw-p 00000000 00:00 0 
7fc5c83f4000-7fc5c83f7000 ---p 00000000 00:00 0 
7fc5c83f7000-7fc5c84f5000 rw-p 00000000 00:00 0 
7fc5c84f5000-7fc5c84f8000 ---p 00000000 00:00 0 
7fc5c84f8000-7fc5c85f6000 rw-p 00000000 00:00 0 
7fc5c85f6000-7fc5c85f9000 ---p 00000000 00:00 0 
7fc5c85f9000-7fc5c86f7000 rw-p 00000000 00:00 0 
7fc5c86f7000-7fc5c86fa000 ---p 00000000 00:00 0 
7fc5c86fa000-7fc5c87f8000 rw-p 00000000 00:00 0 
7fc5c87f8000-7fc5c87fb000 ---p 00000000 00:00 0 
7fc5c87fb000-7fc5c88f9000 rw-p 00000000 00:00 0 
7fc5c88f9000-7fc5c88fc000 ---p 00000000 00:00 0 
7fc5c88fc000-7fc5c89fa000 rw-p 00000000 00:00 0 
7fc5c89fa000-7fc5c89fb000 ---p 00000000 00:00 0 
7fc5c89fb000-7fc5c9000000 rw-p 00000000 00:00 0 
7fc5c9000000-7fc5c9680000 rwxp 00000000 00:00 0 
7fc5c9680000-7fc5d8000000 ---p 00000000 00:00 0 
7fc5d8000000-7fc5d850d000 rw-p 00000000 00:00 0 
7fc5d850d000-7fc5dc000000 ---p 00000000 00:00 0 
7fc5dc00d000-7fc5dc012000 r--s 0009d000 08:05 1181233                    /usr/lib/jvm/java-8-openjdk-amd64/jre/lib/jsse.jar
7fc5dc012000-7fc5dc019000 r--s 00000000 08:05 919511                     /usr/lib/x86_64-linux-gnu/gconv/gconv-modules.cache
7fc5dc019000-7fc5dc01e000 r--s 002f9000 08:05 1240188                    /usr/lib/jvm/java-8-openjdk-amd64/jre/lib/charsets.jar
7fc5dc01e000-7fc5dc039000 r--s 00394000 08:05 1312989                    /usr/lib/jvm/java-8-openjdk-amd64/jre/lib/ext/cldrdata.jar
7fc5dc039000-7fc5dc054000 r--s 001d6000 08:05 1312134                    /usr/lib/jvm/java-8-openjdk-amd64/jre/lib/ext/nashorn.jar
7fc5dc054000-7fc5dcb30000 rw-p 00000000 00:00 0 
7fc5dcb30000-7fc5dccff000 r--s 03c32000 08:05 1181885                    /usr/lib/jvm/java-8-openjdk-amd64/jre/lib/rt.jar
7fc5dccff000-7fc5dd94d000 rw-p 00000000 00:00 0 
7fc5dd94d000-7fc5dd94e000 ---p 00000000 00:00 0 
7fc5dd94e000-7fc5dda4e000 rw-p 00000000 00:00 0 
7fc5dda4e000-7fc5dda4f000 ---p 00000000 00:00 0 
7fc5dda4f000-7fc5ddb4f000 rw-p 00000000 00:00 0 
7fc5ddb4f000-7fc5ddb50000 ---p 00000000 00:00 0 
7fc5ddb50000-7fc5ddc50000 rw-p 00000000 00:00 0 
7fc5ddc50000-7fc5ddc51000 ---p 00000000 00:00 0 
7fc5ddc51000-7fc5ddece000 rw-p 00000000 00:00 0 
7fc5ddece000-7fc5ddfe1000 ---p 00000000 00:00 0 
7fc5ddfe1000-7fc5de15e000 rw-p 00000000 00:00 0 
7fc5de15e000-7fc5de271000 ---p 00000000 00:00 0 
7fc5de271000-7fc5de393000 rw-p 00000000 00:00 0 
7fc5de393000-7fc5de3b9000 ---p 00000000 00:00 0 
7fc5de3b9000-7fc5de3d4000 rw-p 00000000 00:00 0 
7fc5de3d4000-7fc5de77a000 ---p 00000000 00:00 0 
7fc5de77a000-7fc5de782000 r-xp 00000000 08:05 1502984                    /usr/lib/jvm/java-8-openjdk-amd64/jre/lib/amd64/libzip.so
7fc5de782000-7fc5de981000 ---p 00008000 08:05 1502984                    /usr/lib/jvm/java-8-openjdk-amd64/jre/lib/amd64/libzip.so
7fc5de981000-7fc5de982000 r--p 00007000 08:05 1502984                    /usr/lib/jvm/java-8-openjdk-amd64/jre/lib/amd64/libzip.so
7fc5de982000-7fc5de983000 rw-p 00008000 08:05 1502984                    /usr/lib/jvm/java-8-openjdk-amd64/jre/lib/amd64/libzip.so
7fc5de983000-7fc5de98e000 r-xp 00000000 08:05 398736                     /lib/x86_64-linux-gnu/libnss_files-2.23.so
7fc5de98e000-7fc5deb8d000 ---p 0000b000 08:05 398736                     /lib/x86_64-linux-gnu/libnss_files-2.23.so
7fc5deb8d000-7fc5deb8e000 r--p 0000a000 08:05 398736                     /lib/x86_64-linux-gnu/libnss_files-2.23.so
7fc5deb8e000-7fc5deb8f000 rw-p 0000b000 08:05 398736                     /lib/x86_64-linux-gnu/libnss_files-2.23.so
7fc5deb8f000-7fc5deb95000 rw-p 00000000 00:00 0 
7fc5deb95000-7fc5deba0000 r-xp 00000000 08:05 398746                     /lib/x86_64-linux-gnu/libnss_nis-2.23.so
7fc5deba0000-7fc5ded9f000 ---p 0000b000 08:05 398746                     /lib/x86_64-linux-gnu/libnss_nis-2.23.so
7fc5ded9f000-7fc5deda0000 r--p 0000a000 08:05 398746                     /lib/x86_64-linux-gnu/libnss_nis-2.23.so
7fc5deda0000-7fc5deda1000 rw-p 0000b000 08:05 398746                     /lib/x86_64-linux-gnu/libnss_nis-2.23.so
7fc5deda1000-7fc5dedb7000 r-xp 00000000 08:05 398730                     /lib/x86_64-linux-gnu/libnsl-2.23.so
7fc5dedb7000-7fc5defb6000 ---p 00016000 08:05 398730                     /lib/x86_64-linux-gnu/libnsl-2.23.so
7fc5defb6000-7fc5defb7000 r--p 00015000 08:05 398730                     /lib/x86_64-linux-gnu/libnsl-2.23.so
7fc5defb7000-7fc5defb8000 rw-p 00016000 08:05 398730                     /lib/x86_64-linux-gnu/libnsl-2.23.so
7fc5defb8000-7fc5defba000 rw-p 00000000 00:00 0 
7fc5defba000-7fc5defc2000 r-xp 00000000 08:05 398732                     /lib/x86_64-linux-gnu/libnss_compat-2.23.so
7fc5defc2000-7fc5df1c1000 ---p 00008000 08:05 398732                     /lib/x86_64-linux-gnu/libnss_compat-2.23.so
7fc5df1c1000-7fc5df1c2000 r--p 00007000 08:05 398732                     /lib/x86_64-linux-gnu/libnss_compat-2.23.so
7fc5df1c2000-7fc5df1c3000 rw-p 00008000 08:05 398732                     /lib/x86_64-linux-gnu/libnss_compat-2.23.so
7fc5df1c3000-7fc5df1f0000 r-xp 00000000 08:05 1503000                    /usr/lib/jvm/java-8-openjdk-amd64/jre/lib/amd64/libjava.so
7fc5df1f0000-7fc5df3ef000 ---p 0002d000 08:05 1503000                    /usr/lib/jvm/java-8-openjdk-amd64/jre/lib/amd64/libjava.so
7fc5df3ef000-7fc5df3f0000 r--p 0002c000 08:05 1503000                    /usr/lib/jvm/java-8-openjdk-amd64/jre/lib/amd64/libjava.so
7fc5df3f0000-7fc5df3f2000 rw-p 0002d000 08:05 1503000                    /usr/lib/jvm/java-8-openjdk-amd64/jre/lib/amd64/libjava.so
7fc5df3f2000-7fc5df401000 r-xp 00000000 08:05 1502988                    /usr/lib/jvm/java-8-openjdk-amd64/jre/lib/amd64/libverify.so
7fc5df401000-7fc5df600000 ---p 0000f000 08:05 1502988                    /usr/lib/jvm/java-8-openjdk-amd64/jre/lib/amd64/libverify.so
7fc5df600000-7fc5df602000 r--p 0000e000 08:05 1502988                    /usr/lib/jvm/java-8-openjdk-amd64/jre/lib/amd64/libverify.so
7fc5df602000-7fc5df603000 rw-p 00010000 08:05 1502988                    /usr/lib/jvm/java-8-openjdk-amd64/jre/lib/amd64/libverify.so
7fc5df603000-7fc5df60a000 r-xp 00000000 08:05 398791                     /lib/x86_64-linux-gnu/librt-2.23.so
7fc5df60a000-7fc5df809000 ---p 00007000 08:05 398791                     /lib/x86_64-linux-gnu/librt-2.23.so
7fc5df809000-7fc5df80a000 r--p 00006000 08:05 398791                     /lib/x86_64-linux-gnu/librt-2.23.so
7fc5df80a000-7fc5df80b000 rw-p 00007000 08:05 398791                     /lib/x86_64-linux-gnu/librt-2.23.so
7fc5df80b000-7fc5df821000 r-xp 00000000 08:05 398675                     /lib/x86_64-linux-gnu/libgcc_s.so.1
7fc5df821000-7fc5dfa20000 ---p 00016000 08:05 398675                     /lib/x86_64-linux-gnu/libgcc_s.so.1
7fc5dfa20000-7fc5dfa21000 rw-p 00015000 08:05 398675                     /lib/x86_64-linux-gnu/libgcc_s.so.1
7fc5dfa21000-7fc5dfb29000 r-xp 00000000 08:05 398707                     /lib/x86_64-linux-gnu/libm-2.23.so
7fc5dfb29000-7fc5dfd28000 ---p 00108000 08:05 398707                     /lib/x86_64-linux-gnu/libm-2.23.so
7fc5dfd28000-7fc5dfd29000 r--p 00107000 08:05 398707                     /lib/x86_64-linux-gnu/libm-2.23.so
7fc5dfd29000-7fc5dfd2a000 rw-p 00108000 08:05 398707                     /lib/x86_64-linux-gnu/libm-2.23.so
7fc5dfd2a000-7fc5dfe9c000 r-xp 00000000 08:05 658358                     /usr/lib/x86_64-linux-gnu/libstdc++.so.6.0.21
7fc5dfe9c000-7fc5e009c000 ---p 00172000 08:05 658358                     /usr/lib/x86_64-linux-gnu/libstdc++.so.6.0.21
7fc5e009c000-7fc5e00a6000 r--p 00172000 08:05 658358                     /usr/lib/x86_64-linux-gnu/libstdc++.so.6.0.21
7fc5e00a6000-7fc5e00a8000 rw-p 0017c000 08:05 658358                     /usr/lib/x86_64-linux-gnu/libstdc++.so.6.0.21
7fc5e00a8000-7fc5e00ac000 rw-p 00000000 00:00 0 
7fc5e00ac000-7fc5e0d09000 r-xp 00000000 08:05 1704438                    /usr/lib/jvm/java-8-openjdk-amd64/jre/lib/amd64/server/libjvm.so
7fc5e0d09000-7fc5e0f09000 ---p 00c5d000 08:05 1704438                    /usr/lib/jvm/java-8-openjdk-amd64/jre/lib/amd64/server/libjvm.so
7fc5e0f09000-7fc5e0f9d000 r--p 00c5d000 08:05 1704438                    /usr/lib/jvm/java-8-openjdk-amd64/jre/lib/amd64/server/libjvm.so
7fc5e0f9d000-7fc5e0fc6000 rw-p 00cf1000 08:05 1704438                    /usr/lib/jvm/java-8-openjdk-amd64/jre/lib/amd64/server/libjvm.so
7fc5e0fc6000-7fc5e0ff6000 rw-p 00000000 00:00 0 
7fc5e0ff6000-7fc5e100e000 r-xp 00000000 08:05 398783                     /lib/x86_64-linux-gnu/libpthread-2.23.so
7fc5e100e000-7fc5e120d000 ---p 00018000 08:05 398783                     /lib/x86_64-linux-gnu/libpthread-2.23.so
7fc5e120d000-7fc5e120e000 r--p 00017000 08:05 398783                     /lib/x86_64-linux-gnu/libpthread-2.23.so
7fc5e120e000-7fc5e120f000 rw-p 00018000 08:05 398783                     /lib/x86_64-linux-gnu/libpthread-2.23.so
7fc5e120f000-7fc5e1213000 rw-p 00000000 00:00 0 
7fc5e1213000-7fc5e1216000 r-xp 00000000 08:05 398661                     /lib/x86_64-linux-gnu/libdl-2.23.so
7fc5e1216000-7fc5e1415000 ---p 00003000 08:05 398661                     /lib/x86_64-linux-gnu/libdl-2.23.so
7fc5e1415000-7fc5e1416000 r--p 00002000 08:05 398661                     /lib/x86_64-linux-gnu/libdl-2.23.so
7fc5e1416000-7fc5e1417000 rw-p 00003000 08:05 398661                     /lib/x86_64-linux-gnu/libdl-2.23.so
7fc5e1417000-7fc5e1430000 r-xp 00000000 08:05 398828                     /lib/x86_64-linux-gnu/libz.so.1.2.8
7fc5e1430000-7fc5e162f000 ---p 00019000 08:05 398828                     /lib/x86_64-linux-gnu/libz.so.1.2.8
7fc5e162f000-7fc5e1630000 r--p 00018000 08:05 398828                     /lib/x86_64-linux-gnu/libz.so.1.2.8
7fc5e1630000-7fc5e1631000 rw-p 00019000 08:05 398828                     /lib/x86_64-linux-gnu/libz.so.1.2.8
7fc5e1631000-7fc5e17f1000 r-xp 00000000 08:05 398637                     /lib/x86_64-linux-gnu/libc-2.23.so
7fc5e17f1000-7fc5e19f1000 ---p 001c0000 08:05 398637                     /lib/x86_64-linux-gnu/libc-2.23.so
7fc5e19f1000-7fc5e19f5000 r--p 001c0000 08:05 398637                     /lib/x86_64-linux-gnu/libc-2.23.so
7fc5e19f5000-7fc5e19f7000 rw-p 001c4000 08:05 398637                     /lib/x86_64-linux-gnu/libc-2.23.so
7fc5e19f7000-7fc5e19fb000 rw-p 00000000 00:00 0 
7fc5e19fb000-7fc5e1a08000 r-xp 00000000 08:05 1704521                    /usr/lib/jvm/java-8-openjdk-amd64/jre/lib/amd64/jli/libjli.so
7fc5e1a08000-7fc5e1c08000 ---p 0000d000 08:05 1704521                    /usr/lib/jvm/java-8-openjdk-amd64/jre/lib/amd64/jli/libjli.so
7fc5e1c08000-7fc5e1c09000 r--p 0000d000 08:05 1704521                    /usr/lib/jvm/java-8-openjdk-amd64/jre/lib/amd64/jli/libjli.so
7fc5e1c09000-7fc5e1c0a000 rw-p 0000e000 08:05 1704521                    /usr/lib/jvm/java-8-openjdk-amd64/jre/lib/amd64/jli/libjli.so
7fc5e1c0a000-7fc5e1c30000 r-xp 00000000 08:05 398609                     /lib/x86_64-linux-gnu/ld-2.23.so
7fc5e1c30000-7fc5e1c38000 r--s 000c4000 08:06 3677543                    /home/lautaro/netbeans-8.2/ide/modules/ext/mysql-connector-java-5.1.23-bin.jar
7fc5e1c38000-7fc5e1c42000 r--s 00116000 08:05 1350404                    /usr/lib/jvm/java-8-openjdk-amd64/jre/lib/ext/localedata.jar
7fc5e1c42000-7fc5e1c44000 r--s 00008000 08:05 1350406                    /usr/lib/jvm/java-8-openjdk-amd64/jre/lib/ext/sunec.jar
7fc5e1c44000-7fc5e1d0f000 rw-p 00000000 00:00 0 
7fc5e1d0f000-7fc5e1d12000 ---p 00000000 00:00 0 
7fc5e1d12000-7fc5e1e14000 rw-p 00000000 00:00 0 
7fc5e1e14000-7fc5e1e15000 r--s 0000a000 08:05 1350407                    /usr/lib/jvm/java-8-openjdk-amd64/jre/lib/ext/jaccess.jar
7fc5e1e15000-7fc5e1e17000 r--s 00001000 08:05 1312991                    /usr/lib/jvm/java-8-openjdk-amd64/jre/lib/ext/dnsns.jar
7fc5e1e17000-7fc5e1e1d000 r--s 0003b000 08:05 1350405                    /usr/lib/jvm/java-8-openjdk-amd64/jre/lib/ext/sunjce_provider.jar
7fc5e1e1d000-7fc5e1e20000 r--s 0000f000 08:05 1312133                    /usr/lib/jvm/java-8-openjdk-amd64/jre/lib/ext/icedtea-sound.jar
7fc5e1e20000-7fc5e1e21000 r--s 00010000 08:05 1313006                    /usr/lib/jvm/java-8-openjdk-amd64/jre/lib/ext/zipfs.jar
7fc5e1e21000-7fc5e1e24000 r--s 00038000 08:05 1312990                    /usr/lib/jvm/java-8-openjdk-amd64/jre/lib/ext/sunpkcs11.jar
7fc5e1e24000-7fc5e1e2c000 rw-s 00000000 08:05 416812                     /tmp/hsperfdata_lautaro/8549
7fc5e1e2c000-7fc5e1e2d000 rw-p 00000000 00:00 0 
7fc5e1e2d000-7fc5e1e2e000 ---p 00000000 00:00 0 
7fc5e1e2e000-7fc5e1e2f000 rw-p 00000000 00:00 0 
7fc5e1e2f000-7fc5e1e30000 r--p 00025000 08:05 398609                     /lib/x86_64-linux-gnu/ld-2.23.so
7fc5e1e30000-7fc5e1e31000 rw-p 00026000 08:05 398609                     /lib/x86_64-linux-gnu/ld-2.23.so
7fc5e1e31000-7fc5e1e32000 rw-p 00000000 00:00 0 
7ffdcf016000-7ffdcf037000 rw-p 00000000 00:00 0                          [stack]
7ffdcf0fb000-7ffdcf0fe000 r--p 00000000 00:00 0                          [vvar]
7ffdcf0fe000-7ffdcf100000 r-xp 00000000 00:00 0                          [vdso]
ffffffffff600000-ffffffffff601000 r-xp 00000000 00:00 0                  [vsyscall]

VM Arguments:
jvm_args: -Dfile.encoding=UTF-8 
java_command: proyecto_cliente.Proyecto_cliente
java_class_path (initial): /home/lautaro/netbeans-8.2/ide/modules/ext/mysql-connector-java-5.1.23-bin.jar:/home/lautaro/Escritorio/Sistema_de_votos/Proyecto_cliente/build/classes
Launcher Type: SUN_STANDARD

Environment Variables:
PATH=/home/lautaro/bin:/home/lautaro/.local/bin:/usr/local/sbin:/usr/local/bin:/usr/sbin:/usr/bin:/sbin:/bin:/usr/games:/usr/local/games:/snap/bin
LD_LIBRARY_PATH=/usr/lib/jvm/java-8-openjdk-amd64/jre/lib/amd64:/usr/lib/jvm/java-8-openjdk-amd64/jre/lib/i386:
SHELL=/bin/bash
DISPLAY=:0

Signal Handlers:
SIGSEGV: [libjvm.so+0xa71a30], sa_mask[0]=11111111011111111101111111111110, sa_flags=SA_RESTART|SA_SIGINFO
SIGBUS: [libjvm.so+0xa71a30], sa_mask[0]=11111111011111111101111111111110, sa_flags=SA_RESTART|SA_SIGINFO
SIGFPE: [libjvm.so+0x8b8f40], sa_mask[0]=11111111011111111101111111111110, sa_flags=SA_RESTART|SA_SIGINFO
SIGPIPE: [libjvm.so+0x8b8f40], sa_mask[0]=11111111011111111101111111111110, sa_flags=SA_RESTART|SA_SIGINFO
SIGXFSZ: [libjvm.so+0x8b8f40], sa_mask[0]=11111111011111111101111111111110, sa_flags=SA_RESTART|SA_SIGINFO
SIGILL: [libjvm.so+0x8b8f40], sa_mask[0]=11111111011111111101111111111110, sa_flags=SA_RESTART|SA_SIGINFO
SIGUSR1: SIG_DFL, sa_mask[0]=00000000000000000000000000000000, sa_flags=none
SIGUSR2: [libjvm.so+0x8b8df0], sa_mask[0]=00100000000000000000000000000000, sa_flags=SA_RESTART|SA_SIGINFO
SIGHUP: [libjvm.so+0x8b92c0], sa_mask[0]=11111111011111111101111111111110, sa_flags=SA_RESTART|SA_SIGINFO
SIGINT: SIG_IGN, sa_mask[0]=00000000000000000000000000000000, sa_flags=none
SIGTERM: [libjvm.so+0x8b92c0], sa_mask[0]=11111111011111111101111111111110, sa_flags=SA_RESTART|SA_SIGINFO
SIGQUIT: [libjvm.so+0x8b92c0], sa_mask[0]=11111111011111111101111111111110, sa_flags=SA_RESTART|SA_SIGINFO


---------------  S Y S T E M  ---------------

OS:DISTRIB_ID=Ubuntu
DISTRIB_RELEASE=16.04
DISTRIB_CODENAME=xenial
DISTRIB_DESCRIPTION="Ubuntu 16.04.4 LTS"

uname:Linux 4.15.0-33-generic #36~16.04.1-Ubuntu SMP Wed Aug 15 17:21:05 UTC 2018 x86_64
libc:glibc 2.23 NPTL 2.23 
rlimit: STACK 8192k, CORE 0k, NPROC 30998, NOFILE 1048576, AS infinity
load average:6,76 4,72 3,61

/proc/meminfo:
MemTotal:        8052896 kB
MemFree:          113520 kB
MemAvailable:       9504 kB
Buffers:             468 kB
Cached:           521504 kB
SwapCached:            0 kB
Active:          7201844 kB
Inactive:         506792 kB
Active(anon):    7188196 kB
Inactive(anon):   486424 kB
Active(file):      13648 kB
Inactive(file):    20368 kB
Unevictable:         136 kB
Mlocked:             136 kB
SwapTotal:             0 kB
SwapFree:              0 kB
Dirty:               148 kB
Writeback:           352 kB
AnonPages:       7186688 kB
Mapped:            83356 kB
Shmem:            488068 kB
Slab:              96912 kB
SReclaimable:      39836 kB
SUnreclaim:        57076 kB
KernelStack:       13504 kB
PageTables:        61244 kB
NFS_Unstable:          0 kB
Bounce:                0 kB
WritebackTmp:          0 kB
CommitLimit:     4026448 kB
Committed_AS:   14136104 kB
VmallocTotal:   34359738367 kB
VmallocUsed:           0 kB
VmallocChunk:          0 kB
HardwareCorrupted:     0 kB
AnonHugePages:         0 kB
ShmemHugePages:        0 kB
ShmemPmdMapped:        0 kB
CmaTotal:              0 kB
CmaFree:               0 kB
HugePages_Total:       0
HugePages_Free:        0
HugePages_Rsvd:        0
HugePages_Surp:        0
Hugepagesize:       2048 kB
DirectMap4k:      183748 kB
DirectMap2M:     8089600 kB
DirectMap1G:           0 kB


CPU:total 4 (initial active 4) (4 cores per cpu, 1 threads per core) family 6 model 158 stepping 9, cmov, cx8, fxsr, mmx, sse, sse2, sse3, ssse3, sse4.1, sse4.2, popcnt, avx, avx2, aes, clmul, erms, 3dnowpref, lzcnt, tsc, tscinvbit, bmi1, bmi2, adx

/proc/cpuinfo:
processor	: 0
vendor_id	: GenuineIntel
cpu family	: 6
model		: 158
model name	: Intel(R) Core(TM) i5-7300HQ CPU @ 2.50GHz
stepping	: 9
microcode	: 0x8e
cpu MHz		: 899.997
cache size	: 6144 KB
physical id	: 0
siblings	: 4
core id		: 0
cpu cores	: 4
apicid		: 0
initial apicid	: 0
fpu		: yes
fpu_exception	: yes
cpuid level	: 22
wp		: yes
flags		: fpu vme de pse tsc msr pae mce cx8 apic sep mtrr pge mca cmov pat pse36 clflush dts acpi mmx fxsr sse sse2 ss ht tm pbe syscall nx pdpe1gb rdtscp lm constant_tsc art arch_perfmon pebs bts rep_good nopl xtopology nonstop_tsc cpuid aperfmperf tsc_known_freq pni pclmulqdq dtes64 monitor ds_cpl vmx est tm2 ssse3 sdbg fma cx16 xtpr pdcm pcid sse4_1 sse4_2 x2apic movbe popcnt tsc_deadline_timer aes xsave avx f16c rdrand lahf_lm abm 3dnowprefetch cpuid_fault epb invpcid_single pti ssbd ibrs ibpb stibp tpr_shadow vnmi flexpriority ept vpid fsgsbase tsc_adjust bmi1 avx2 smep bmi2 erms invpcid mpx rdseed adx smap clflushopt intel_pt xsaveopt xsavec xgetbv1 xsaves dtherm ida arat pln pts hwp hwp_notify hwp_act_window hwp_epp flush_l1d
bugs		: cpu_meltdown spectre_v1 spectre_v2 spec_store_bypass l1tf
bogomips	: 4992.00
clflush size	: 64
cache_alignment	: 64
address sizes	: 39 bits physical, 48 bits virtual
power management:

processor	: 1
vendor_id	: GenuineIntel
cpu family	: 6
model		: 158
model name	: Intel(R) Core(TM) i5-7300HQ CPU @ 2.50GHz
stepping	: 9
microcode	: 0x8e
cpu MHz		: 892.054
cache size	: 6144 KB
physical id	: 0
siblings	: 4
core id		: 1
cpu cores	: 13
apicid		: 2
initial apicid	: 2
fpu		: yes
fpu_exception	: yes
cpuid level	: 22
wp		: yes
flags		: fpu vme de pse tsc msr pae mce cx8 apic sep mtrr pge mca cmov pat pse36 clflush dts acpi mmx fxsr sse sse2 ss ht tm pbe syscall nx pdpe1gb rdtscp lm constant_tsc art arch_perfmon pebs bts rep_good nopl xtopology nonstop_tsc cpuid aperfmperf tsc_known_freq pni pclmulqdq dtes64 monitor ds_cpl vmx est tm2 ssse3 sdbg fma cx16 xtpr pdcm pcid sse4_1 sse4_2 x2apic movbe popcnt tsc_deadline_timer aes xsave avx f16c rdrand lahf_lm abm 3dnowprefetch cpuid_fault epb invpcid_single pti tpr_shadow vnmi flexpriority ept vpid fsgsbase tsc_adjust bmi1 avx2 smep bmi2 erms invpcid mpx rdseed adx smap clflushopt intel_pt xsaveopt xsavec xgetbv1 xsaves dtherm ida arat pln pts hwp hwp_notify hwp_act_window hwp_epp
bugs		: cpu_meltdown spectre_v1 spectre_v2 spec_store_bypass l1tf
bogomips	: 4992.00
clflush size	: 64
cache_alignment	: 64
address sizes	: 39 bits physical, 48 bits virtual
power management:

processor	: 2
vendor_id	: GenuineIntel
cpu family	: 6
model		: 158
model name	: Intel(R) Core(TM) i5-7300HQ CPU @ 2.50GHz
stepping	: 9
microcode	: 0x8e
cpu MHz		: 897.340
cache size	: 6144 KB
physical id	: 0
siblings	: 4
core id		: 2
cpu cores	: 10
apicid		: 4
initial apicid	: 4
fpu		: yes
fpu_exception	: yes
cpuid level	: 22
wp		: yes
flags		: fpu vme de pse tsc msr pae mce cx8 apic sep mtrr pge mca cmov pat pse36 clflush dts acpi mmx fxsr sse sse2 ss ht tm pbe syscall nx pdpe1gb rdtscp lm constant_tsc art arch_perfmon pebs bts rep_good nopl xtopology nonstop_tsc cpuid aperfmperf tsc_known_freq pni pclmulqdq dtes64 monitor ds_cpl vmx est tm2 ssse3 sdbg fma cx16 xtpr pdcm pcid sse4_1 sse4_2 x2apic movbe popcnt tsc_deadline_timer aes xsave avx f16c rdrand lahf_lm abm 3dnowprefetch cpuid_fault epb invpcid_single pti tpr_shadow vnmi flexpriority ept vpid fsgsbase tsc_adjust bmi1 avx2 smep bmi2 erms invpcid mpx rdseed adx smap clflushopt intel_pt xsaveopt xsavec xgetbv1 xsaves dtherm ida arat pln pts hwp hwp_notify hwp_act_window hwp_epp
bugs		: cpu_meltdown spectre_v1 spectre_v2 spec_store_bypass l1tf
bogomips	: 4992.00
clflush size	: 64
cache_alignment	: 64
address sizes	: 39 bits physical, 48 bits virtual
power management:

processor	: 3
vendor_id	: GenuineIntel
cpu family	: 6
model		: 158
model name	: Intel(R) Core(TM) i5-7300HQ CPU @ 2.50GHz
stepping	: 9
microcode	: 0x8e
cpu MHz		: 900.002
cache size	: 6144 KB
physical id	: 0
siblings	: 4
core id		: 3
cpu cores	: 7
apicid		: 6
initial apicid	: 6
fpu		: yes
fpu_exception	: yes
cpuid level	: 22
wp		: yes
flags		: fpu vme de pse tsc msr pae mce cx8 apic sep mtrr pge mca cmov pat pse36 clflush dts acpi mmx fxsr sse sse2 ss ht tm pbe syscall nx pdpe1gb rdtscp lm constant_tsc art arch_perfmon pebs bts rep_good nopl xtopology nonstop_tsc cpuid aperfmperf tsc_known_freq pni pclmulqdq dtes64 monitor ds_cpl vmx est tm2 ssse3 sdbg fma cx16 xtpr pdcm pcid sse4_1 sse4_2 x2apic movbe popcnt tsc_deadline_timer aes xsave avx f16c rdrand lahf_lm abm 3dnowprefetch cpuid_fault epb invpcid_single pti tpr_shadow vnmi flexpriority ept vpid fsgsbase tsc_adjust bmi1 avx2 smep bmi2 erms invpcid mpx rdseed adx smap clflushopt intel_pt xsaveopt xsavec xgetbv1 xsaves dtherm ida arat pln pts hwp hwp_notify hwp_act_window hwp_epp
bugs		: cpu_meltdown spectre_v1 spectre_v2 spec_store_bypass l1tf
bogomips	: 4992.00
clflush size	: 64
cache_alignment	: 64
address sizes	: 39 bits physical, 48 bits virtual
power management:



Memory: 4k page, physical 8052896k(113396k free), swap 0k(0k free)

vm_info: OpenJDK 64-Bit Server VM (25.181-b13) for linux-amd64 JRE (1.8.0_181-8u181-b13-0ubuntu0.16.04.1-b13), built on Jul 30 2018 21:06:27 by "buildd" with gcc 5.4.0 20160609

time: Tue Sep  4 11:32:45 2018
elapsed time: 57 seconds (0d 0h 0m 57s)

