#
# There is insufficient memory for the Java Runtime Environment to continue.
# Native memory allocation (mmap) failed to map 263716864 bytes for committing reserved memory.
# Possible reasons:
#   The system is out of physical RAM or swap space
#   In 32 bit mode, the process size limit was hit
# Possible solutions:
#   Reduce memory load on the system
#   Increase physical memory or swap space
#   Check if swap backing store is full
#   Use 64 bit Java on a 64 bit OS
#   Decrease Java heap size (-Xmx/-Xms)
#   Decrease number of Java threads
#   Decrease Java thread stack sizes (-Xss)
#   Set larger code cache with -XX:ReservedCodeCacheSize=
# This output file may be truncated or incomplete.
#
#  Out of Memory Error (os_linux.cpp:2643), pid=12693, tid=0x00007f31353da700
#
# JRE version: OpenJDK Runtime Environment (8.0_181-b13) (build 1.8.0_181-8u181-b13-0ubuntu0.16.04.1-b13)
# Java VM: OpenJDK 64-Bit Server VM (25.181-b13 mixed mode linux-amd64 compressed oops)
# Failed to write core dump. Core dumps have been disabled. To enable core dumping, try "ulimit -c unlimited" before starting Java again
#

---------------  T H R E A D  ---------------

Current thread (0x00007f3148078000):  VMThread [stack: 0x00007f31352da000,0x00007f31353db000] [id=12703]

Stack: [0x00007f31352da000,0x00007f31353db000],  sp=0x00007f31353d9480,  free space=1021k
Native frames: (J=compiled Java code, j=interpreted, Vv=VM code, C=native code)
V  [libjvm.so+0xa70edb]
V  [libjvm.so+0x4c893c]
V  [libjvm.so+0x8bda08]
V  [libjvm.so+0x8b7d9e]
V  [libjvm.so+0x933206]
V  [libjvm.so+0x92289a]
V  [libjvm.so+0x922aa3]
V  [libjvm.so+0x923408]
V  [libjvm.so+0x9296ce]
V  [libjvm.so+0x93106d]
V  [libjvm.so+0x8e27c3]
V  [libjvm.so+0xa72b82]
V  [libjvm.so+0xa77d27]
V  [libjvm.so+0xa75427]
V  [libjvm.so+0xa768af]
V  [libjvm.so+0xa76da1]
V  [libjvm.so+0x8bae12]

VM_Operation (0x00007f312500d4d0): ParallelGCFailedAllocation, mode: safepoint, requested by thread 0x00007f31482d2000


---------------  P R O C E S S  ---------------

Java Threads: ( => current thread )
  0x00007f30ec016800 JavaThread "TimerQueue" daemon [_thread_blocked, id=12718, stack(0x00007f3124d0c000,0x00007f3124e0d000)]
  0x00007f30e002c000 JavaThread "Abandoned connection cleanup thread" daemon [_thread_blocked, id=12717, stack(0x00007f3124e0d000,0x00007f3124f0e000)]
  0x00007f314800a800 JavaThread "DestroyJavaVM" [_thread_blocked, id=12698, stack(0x00007f314e5a9000,0x00007f314e6aa000)]
  0x00007f31482d2000 JavaThread "Thread-0" [_thread_blocked, id=12716, stack(0x00007f3124f0e000,0x00007f312500f000)]
  0x00007f3148289000 JavaThread "AWT-EventQueue-0" [_thread_blocked, id=12715, stack(0x00007f3125c5f000,0x00007f3125d60000)]
  0x00007f3148287800 JavaThread "AWT-Shutdown" [_thread_blocked, id=12714, stack(0x00007f3125d60000,0x00007f3125e61000)]
  0x00007f3148251000 JavaThread "AWT-XAWT" daemon [_thread_blocked, id=12713, stack(0x00007f3125e61000,0x00007f3125f62000)]
  0x00007f314822b800 JavaThread "Java2D Disposer" daemon [_thread_blocked, id=12712, stack(0x00007f3126372000,0x00007f3126473000)]
  0x00007f31480c8000 JavaThread "Service Thread" daemon [_thread_blocked, id=12710, stack(0x00007f3134214000,0x00007f3134315000)]
  0x00007f31480bd000 JavaThread "C1 CompilerThread2" daemon [_thread_blocked, id=12709, stack(0x00007f3134315000,0x00007f3134416000)]
  0x00007f31480bb000 JavaThread "C2 CompilerThread1" daemon [_thread_blocked, id=12708, stack(0x00007f3134416000,0x00007f3134517000)]
  0x00007f31480b8000 JavaThread "C2 CompilerThread0" daemon [_thread_blocked, id=12707, stack(0x00007f3134517000,0x00007f3134618000)]
  0x00007f31480b6800 JavaThread "Signal Dispatcher" daemon [_thread_blocked, id=12706, stack(0x00007f3134618000,0x00007f3134719000)]
  0x00007f3148084800 JavaThread "Finalizer" daemon [_thread_blocked, id=12705, stack(0x00007f31350d8000,0x00007f31351d9000)]
  0x00007f3148080000 JavaThread "Reference Handler" daemon [_thread_blocked, id=12704, stack(0x00007f31351d9000,0x00007f31352da000)]

Other Threads:
=>0x00007f3148078000 VMThread [stack: 0x00007f31352da000,0x00007f31353db000] [id=12703]
  0x00007f31480ca800 WatcherThread [stack: 0x00007f3134113000,0x00007f3134214000] [id=12711]

VM state:at safepoint (normal execution)

VM Mutex/Monitor currently owned by a thread:  ([mutex/lock_event])
[0x00007f31480067d0] ExpandHeap_lock - owner thread: 0x00007f3148078000
[0x00007f3148006e50] Threads_lock - owner thread: 0x00007f3148078000
[0x00007f3148007350] Heap_lock - owner thread: 0x00007f31482d2000

Heap:
 PSYoungGen      total 143360K, used 64523K [0x00000000d7000000, 0x00000000e8680000, 0x0000000100000000)
  eden space 7680K, 0% used [0x00000000d7000000,0x00000000d7000000,0x00000000d7780000)
  from space 135680K, 47% used [0x00000000e0200000,0x00000000e4102d48,0x00000000e8680000)
  to   space 138752K, 0% used [0x00000000d7780000,0x00000000d7780000,0x00000000dff00000)
 ParOldGen       total 880640K, used 880353K [0x0000000085000000, 0x00000000bac00000, 0x00000000d7000000)
  object space 880640K, 99% used [0x0000000085000000,0x00000000babb8740,0x00000000bac00000)
 Metaspace       used 16275K, capacity 16506K, committed 16768K, reserved 1064960K
  class space    used 1742K, capacity 1804K, committed 1920K, reserved 1048576K

Card table byte_map: [0x00007f31377d6000,0x00007f3137baf000] byte_map_base: 0x00007f31373ae000

Marking Bits: (ParMarkBitMap*) 0x00007f314d8733a0
 Begin Bits: [0x00007f312c280000, 0x00007f312e140000)
 End Bits:   [0x00007f312e140000, 0x00007f3130000000)

Polling page: 0x00007f314e6c7000

CodeCache: size=245760Kb used=8190Kb max_used=8202Kb free=237569Kb
 bounds [0x00007f3137f6f000, 0x00007f313877f000, 0x00007f3146f6f000]
 total_blobs=2847 nmethods=2239 adapters=521
 compilation: enabled

Compilation events (10 events):
Event: 42,717 Thread 0x00007f31480b8000 2235       4       java.awt.Component::getForeground (29 bytes)
Event: 42,717 Thread 0x00007f31480bd000 2236       3       sun.font.Font2D::getStrike (177 bytes)
Event: 42,718 Thread 0x00007f31480b8000 nmethod 2235 0x00007f3138773d10 code [0x00007f3138773e60, 0x00007f3138773f08]
Event: 42,719 Thread 0x00007f31480bd000 nmethod 2236 0x00007f3138771710 code [0x00007f3138771a20, 0x00007f3138773208]
Event: 42,761 Thread 0x00007f31480bd000 2237       3       javax.swing.text.AbstractDocument$LeafElement::getStartOffset (10 bytes)
Event: 42,762 Thread 0x00007f31480bd000 nmethod 2237 0x00007f3138771190 code [0x00007f3138771300, 0x00007f31387715c8]
Event: 42,792 Thread 0x00007f31480bb000 2238   !   4       sun.awt.X11.XToolkit::callTimeoutTasks (220 bytes)
Event: 42,793 Thread 0x00007f31480bb000 nmethod 2238 0x00007f3138776d50 code [0x00007f3138776ec0, 0x00007f3138777018]
Event: 42,807 Thread 0x00007f31480b8000 2239  s    4       javax.swing.RepaintManager::getPaintManager (107 bytes)
Event: 42,808 Thread 0x00007f31480b8000 nmethod 2239 0x00007f3138775450 code [0x00007f31387755a0, 0x00007f31387757b8]

GC Heap History (10 events):
Event: 41,812 GC heap after
Heap after GC invocations=71 (full 5):
 PSYoungGen      total 131584K, used 71008K [0x00000000d7000000, 0x00000000e6f80000, 0x0000000100000000)
  eden space 13824K, 0% used [0x00000000d7000000,0x00000000d7000000,0x00000000d7d80000)
  from space 117760K, 60% used [0x00000000df480000,0x00000000e39d8000,0x00000000e6780000)
  to   space 121856K, 0% used [0x00000000d7d80000,0x00000000d7d80000,0x00000000df480000)
 ParOldGen       total 880640K, used 844240K [0x0000000085000000, 0x00000000bac00000, 0x00000000d7000000)
  object space 880640K, 95% used [0x0000000085000000,0x00000000b88742a8,0x00000000bac00000)
 Metaspace       used 16252K, capacity 16442K, committed 16768K, reserved 1064960K
  class space    used 1742K, capacity 1804K, committed 1920K, reserved 1048576K
}
Event: 42,254 GC heap before
{Heap before GC invocations=72 (full 5):
 PSYoungGen      total 131584K, used 84832K [0x00000000d7000000, 0x00000000e6f80000, 0x0000000100000000)
  eden space 13824K, 100% used [0x00000000d7000000,0x00000000d7d80000,0x00000000d7d80000)
  from space 117760K, 60% used [0x00000000df480000,0x00000000e39d8000,0x00000000e6780000)
  to   space 121856K, 0% used [0x00000000d7d80000,0x00000000d7d80000,0x00000000df480000)
 ParOldGen       total 880640K, used 844240K [0x0000000085000000, 0x00000000bac00000, 0x00000000d7000000)
  object space 880640K, 95% used [0x0000000085000000,0x00000000b88742a8,0x00000000bac00000)
 Metaspace       used 16263K, capacity 16442K, committed 16768K, reserved 1064960K
  class space    used 1742K, capacity 1804K, committed 1920K, reserved 1048576K
Event: 42,289 GC heap after
Heap after GC invocations=72 (full 5):
 PSYoungGen      total 135680K, used 82016K [0x00000000d7000000, 0x00000000e7a00000, 0x0000000100000000)
  eden space 13824K, 0% used [0x00000000d7000000,0x00000000d7000000,0x00000000d7d80000)
  from space 121856K, 67% used [0x00000000d7d80000,0x00000000dcd98000,0x00000000df480000)
  to   space 128512K, 0% used [0x00000000dfc80000,0x00000000dfc80000,0x00000000e7a00000)
 ParOldGen       total 880640K, used 844240K [0x0000000085000000, 0x00000000bac00000, 0x00000000d7000000)
  object space 880640K, 95% used [0x0000000085000000,0x00000000b88742a8,0x00000000bac00000)
 Metaspace       used 16263K, capacity 16442K, committed 16768K, reserved 1064960K
  class space    used 1742K, capacity 1804K, committed 1920K, reserved 1048576K
}
Event: 42,723 GC heap before
{Heap before GC invocations=73 (full 5):
 PSYoungGen      total 135680K, used 95840K [0x00000000d7000000, 0x00000000e7a00000, 0x0000000100000000)
  eden space 13824K, 100% used [0x00000000d7000000,0x00000000d7d80000,0x00000000d7d80000)
  from space 121856K, 67% used [0x00000000d7d80000,0x00000000dcd98000,0x00000000df480000)
  to   space 128512K, 0% used [0x00000000dfc80000,0x00000000dfc80000,0x00000000e7a00000)
 ParOldGen       total 880640K, used 844240K [0x0000000085000000, 0x00000000bac00000, 0x00000000d7000000)
  object space 880640K, 95% used [0x0000000085000000,0x00000000b88742a8,0x00000000bac00000)
 Metaspace       used 16275K, capacity 16506K, committed 16768K, reserved 1064960K
  class space    used 1742K, capacity 1804K, committed 1920K, reserved 1048576K
Event: 42,761 GC heap after
Heap after GC invocations=73 (full 5):
 PSYoungGen      total 135168K, used 92384K [0x00000000d7000000, 0x00000000e8b00000, 0x0000000100000000)
  eden space 6656K, 0% used [0x00000000d7000000,0x00000000d7000000,0x00000000d7680000)
  from space 128512K, 71% used [0x00000000dfc80000,0x00000000e56b8000,0x00000000e7a00000)
  to   space 137216K, 0% used [0x00000000d7680000,0x00000000d7680000,0x00000000dfc80000)
 ParOldGen       total 880640K, used 844240K [0x0000000085000000, 0x00000000bac00000, 0x00000000d7000000)
  object space 880640K, 95% used [0x0000000085000000,0x00000000b88742a8,0x00000000bac00000)
 Metaspace       used 16275K, capacity 16506K, committed 16768K, reserved 1064960K
  class space    used 1742K, capacity 1804K, committed 1920K, reserved 1048576K
}
Event: 42,972 GC heap before
{Heap before GC invocations=74 (full 5):
 PSYoungGen      total 135168K, used 99040K [0x00000000d7000000, 0x00000000e8b00000, 0x0000000100000000)
  eden space 6656K, 100% used [0x00000000d7000000,0x00000000d7680000,0x00000000d7680000)
  from space 128512K, 71% used [0x00000000dfc80000,0x00000000e56b8000,0x00000000e7a00000)
  to   space 137216K, 0% used [0x00000000d7680000,0x00000000d7680000,0x00000000dfc80000)
 ParOldGen       total 880640K, used 844240K [0x0000000085000000, 0x00000000bac00000, 0x00000000d7000000)
  object space 880640K, 95% used [0x0000000085000000,0x00000000b88742a8,0x00000000bac00000)
 Metaspace       used 16275K, capacity 16506K, committed 16768K, reserved 1064960K
  class space    used 1742K, capacity 1804K, committed 1920K, reserved 1048576K
Event: 43,010 GC heap after
Heap after GC invocations=74 (full 5):
 PSYoungGen      total 143872K, used 86976K [0x00000000d7000000, 0x00000000e8c80000, 0x0000000100000000)
  eden space 6656K, 0% used [0x00000000d7000000,0x00000000d7000000,0x00000000d7680000)
  from space 137216K, 63% used [0x00000000d7680000,0x00000000dcb70000,0x00000000dfc80000)
  to   space 141824K, 0% used [0x00000000e0200000,0x00000000e0200000,0x00000000e8c80000)
 ParOldGen       total 880640K, used 854944K [0x0000000085000000, 0x00000000bac00000, 0x00000000d7000000)
  object space 880640K, 97% used [0x0000000085000000,0x00000000b92e82a8,0x00000000bac00000)
 Metaspace       used 16275K, capacity 16506K, committed 16768K, reserved 1064960K
  class space    used 1742K, capacity 1804K, committed 1920K, reserved 1048576K
}
Event: 43,223 GC heap before
{Heap before GC invocations=75 (full 5):
 PSYoungGen      total 143872K, used 93632K [0x00000000d7000000, 0x00000000e8c80000, 0x0000000100000000)
  eden space 6656K, 100% used [0x00000000d7000000,0x00000000d7680000,0x00000000d7680000)
  from space 137216K, 63% used [0x00000000d7680000,0x00000000dcb70000,0x00000000dfc80000)
  to   space 141824K, 0% used [0x00000000e0200000,0x00000000e0200000,0x00000000e8c80000)
 ParOldGen       total 880640K, used 854944K [0x0000000085000000, 0x00000000bac00000, 0x00000000d7000000)
  object space 880640K, 97% used [0x0000000085000000,0x00000000b92e82a8,0x00000000bac00000)
 Metaspace       used 16275K, capacity 16506K, committed 16768K, reserved 1064960K
  class space    used 1742K, capacity 1804K, committed 1920K, reserved 1048576K
Event: 43,260 GC heap after
Heap after GC invocations=75 (full 5):
 PSYoungGen      total 143360K, used 69824K [0x00000000d7000000, 0x00000000e8680000, 0x0000000100000000)
  eden space 7680K, 0% used [0x00000000d7000000,0x00000000d7000000,0x00000000d7780000)
  from space 135680K, 51% used [0x00000000e0200000,0x00000000e4630000,0x00000000e8680000)
  to   space 138752K, 0% used [0x00000000d7780000,0x00000000d7780000,0x00000000dff00000)
 ParOldGen       total 880640K, used 877640K [0x0000000085000000, 0x00000000bac00000, 0x00000000d7000000)
  object space 880640K, 99% used [0x0000000085000000,0x00000000ba9122a8,0x00000000bac00000)
 Metaspace       used 16275K, capacity 16506K, committed 16768K, reserved 1064960K
  class space    used 1742K, capacity 1804K, committed 1920K, reserved 1048576K
}
Event: 43,260 GC heap before
{Heap before GC invocations=76 (full 6):
 PSYoungGen      total 143360K, used 69824K [0x00000000d7000000, 0x00000000e8680000, 0x0000000100000000)
  eden space 7680K, 0% used [0x00000000d7000000,0x00000000d7000000,0x00000000d7780000)
  from space 135680K, 51% used [0x00000000e0200000,0x00000000e4630000,0x00000000e8680000)
  to   space 138752K, 0% used [0x00000000d7780000,0x00000000d7780000,0x00000000dff00000)
 ParOldGen       total 880640K, used 877640K [0x0000000085000000, 0x00000000bac00000, 0x00000000d7000000)
  object space 880640K, 99% used [0x0000000085000000,0x00000000ba9122a8,0x00000000bac00000)
 Metaspace       used 16275K, capacity 16506K, committed 16768K, reserved 1064960K
  class space    used 1742K, capacity 1804K, committed 1920K, reserved 1048576K

Deoptimization events (10 events):
Event: 13,237 Thread 0x00007f3148289000 Uncommon trap: reason=class_check action=maybe_recompile pc=0x00007f31380d515c method=java.lang.String.equals(Ljava/lang/Object;)Z @ 8
Event: 13,237 Thread 0x00007f3148289000 Uncommon trap: reason=class_check action=maybe_recompile pc=0x00007f31380d515c method=java.lang.String.equals(Ljava/lang/Object;)Z @ 8
Event: 13,248 Thread 0x00007f3148289000 Uncommon trap: reason=unstable_if action=reinterpret pc=0x00007f3138684e34 method=sun.java2d.pipe.Region.isInsideXYXY(IIII)Z @ 21
Event: 13,248 Thread 0x00007f3148289000 Uncommon trap: reason=unstable_if action=reinterpret pc=0x00007f3138617c58 method=sun.java2d.pipe.Region.isInsideQuickCheck(Lsun/java2d/pipe/Region;)Z @ 37
Event: 13,384 Thread 0x00007f31482d2000 Uncommon trap: reason=class_check action=maybe_recompile pc=0x00007f313856fd20 method=java.util.HashMap.putVal(ILjava/lang/Object;Ljava/lang/Object;ZZ)Ljava/lang/Object; @ 203
Event: 14,123 Thread 0x00007f3148289000 Uncommon trap: reason=unstable_if action=reinterpret pc=0x00007f31386d7b40 method=sun.java2d.pipe.Region.intersectsQuickCheckXYXY(IIII)Z @ 13
Event: 14,940 Thread 0x00007f31482d2000 Uncommon trap: reason=class_check action=maybe_recompile pc=0x00007f313856fd20 method=java.util.HashMap.putVal(ILjava/lang/Object;Ljava/lang/Object;ZZ)Ljava/lang/Object; @ 203
Event: 15,990 Thread 0x00007f31482d2000 Uncommon trap: reason=class_check action=maybe_recompile pc=0x00007f313856fd20 method=java.util.HashMap.putVal(ILjava/lang/Object;Ljava/lang/Object;ZZ)Ljava/lang/Object; @ 203
Event: 18,370 Thread 0x00007f31482d2000 Uncommon trap: reason=class_check action=maybe_recompile pc=0x00007f313856fd20 method=java.util.HashMap.putVal(ILjava/lang/Object;Ljava/lang/Object;ZZ)Ljava/lang/Object; @ 203
Event: 39,507 Thread 0x00007f3148289000 Uncommon trap: reason=unstable_if action=reinterpret pc=0x00007f313867e7d8 method=java.util.IdentityHashMap.get(Ljava/lang/Object;)Ljava/lang/Object; @ 43

Classes redefined (0 events):
No events

Internal exceptions (10 events):
Event: 0,570 Thread 0x00007f314800a800 Exception <a 'java/security/PrivilegedActionException'> (0x00000000d708adf8) thrown at [/build/openjdk-8-pREaNj/openjdk-8-8u181-b13/src/hotspot/src/share/vm/prims/jvm.cpp, line 1435]
Event: 0,570 Thread 0x00007f314800a800 Exception <a 'java/security/PrivilegedActionException'> (0x00000000d708b9c0) thrown at [/build/openjdk-8-pREaNj/openjdk-8-8u181-b13/src/hotspot/src/share/vm/prims/jvm.cpp, line 1435]
Event: 0,570 Thread 0x00007f314800a800 Exception <a 'java/security/PrivilegedActionException'> (0x00000000d708bbd0) thrown at [/build/openjdk-8-pREaNj/openjdk-8-8u181-b13/src/hotspot/src/share/vm/prims/jvm.cpp, line 1435]
Event: 0,671 Thread 0x00007f314800a800 Exception <a 'java/lang/NoSuchFieldError': method resolution failed> (0x00000000d71ff940) thrown at [/build/openjdk-8-pREaNj/openjdk-8-8u181-b13/src/hotspot/src/share/vm/prims/methodHandles.cpp, line 1167]
Event: 0,672 Thread 0x00007f314800a800 Exception <a 'java/lang/NoSuchFieldError': method resolution failed> (0x00000000d720d0c0) thrown at [/build/openjdk-8-pREaNj/openjdk-8-8u181-b13/src/hotspot/src/share/vm/prims/methodHandles.cpp, line 1167]
Event: 0,744 Thread 0x00007f314800a800 Exception <a 'java/io/FileNotFoundException'> (0x00000000d728c130) thrown at [/build/openjdk-8-pREaNj/openjdk-8-8u181-b13/src/hotspot/src/share/vm/prims/jni.cpp, line 709]
Event: 0,744 Thread 0x00007f314800a800 Exception <a 'java/io/FileNotFoundException'> (0x00000000d728cc50) thrown at [/build/openjdk-8-pREaNj/openjdk-8-8u181-b13/src/hotspot/src/share/vm/prims/jni.cpp, line 709]
Event: 0,853 Thread 0x00007f314800a800 Exception <a 'java/lang/ClassNotFoundException': sun/dc/DuctusRenderingEngine> (0x00000000d72aabe8) thrown at [/build/openjdk-8-pREaNj/openjdk-8-8u181-b13/src/hotspot/src/share/vm/classfile/systemDictionary.cpp, line 210]
Event: 1,403 Thread 0x00007f314800a800 Exception <a 'java/net/UnknownHostException'> (0x00000000d751d3a8) thrown at [/build/openjdk-8-pREaNj/openjdk-8-8u181-b13/src/hotspot/src/share/vm/prims/jni.cpp, line 709]
Event: 2,071 Thread 0x00007f3148289000 Exception <a 'java/lang/UnsupportedOperationException': > (0x00000000d7471b50) thrown at [/build/openjdk-8-pREaNj/openjdk-8-8u181-b13/src/hotspot/src/share/vm/prims/jni.cpp, line 735]

Events (10 events):
Event: 41,254 Executing VM operation: ParallelGCFailedAllocation done
Event: 41,782 Executing VM operation: ParallelGCFailedAllocation
Event: 41,812 Executing VM operation: ParallelGCFailedAllocation done
Event: 42,254 Executing VM operation: ParallelGCFailedAllocation
Event: 42,289 Executing VM operation: ParallelGCFailedAllocation done
Event: 42,723 Executing VM operation: ParallelGCFailedAllocation
Event: 42,761 Executing VM operation: ParallelGCFailedAllocation done
Event: 42,972 Executing VM operation: ParallelGCFailedAllocation
Event: 43,010 Executing VM operation: ParallelGCFailedAllocation done
Event: 43,222 Executing VM operation: ParallelGCFailedAllocation


Dynamic libraries:
00400000-00401000 r-xp 00000000 08:05 1862949                            /usr/lib/jvm/java-8-openjdk-amd64/jre/bin/java
00600000-00601000 r--p 00000000 08:05 1862949                            /usr/lib/jvm/java-8-openjdk-amd64/jre/bin/java
00601000-00602000 rw-p 00001000 08:05 1862949                            /usr/lib/jvm/java-8-openjdk-amd64/jre/bin/java
00fd7000-00ff8000 rw-p 00000000 00:00 0                                  [heap]
85000000-bac00000 rw-p 00000000 00:00 0 
ca780000-d7000000 ---p 00000000 00:00 0 
d7000000-e8680000 rw-p 00000000 00:00 0 
e8680000-100000000 ---p 00000000 00:00 0 
100000000-1001e0000 rw-p 00000000 00:00 0 
1001e0000-140000000 ---p 00000000 00:00 0 
7f30d8000000-7f30d8021000 rw-p 00000000 00:00 0 
7f30d8021000-7f30dc000000 ---p 00000000 00:00 0 
7f30dc000000-7f30dc021000 rw-p 00000000 00:00 0 
7f30dc021000-7f30e0000000 ---p 00000000 00:00 0 
7f30e0000000-7f30e01f8000 rw-p 00000000 00:00 0 
7f30e01f8000-7f30e4000000 ---p 00000000 00:00 0 
7f30e4fff000-7f30e8000000 rw-p 00000000 00:00 0 
7f30e8000000-7f30e8021000 rw-p 00000000 00:00 0 
7f30e8021000-7f30ec000000 ---p 00000000 00:00 0 
7f30ec000000-7f30ec033000 rw-p 00000000 00:00 0 
7f30ec033000-7f30f0000000 ---p 00000000 00:00 0 
7f30f0000000-7f30f0021000 rw-p 00000000 00:00 0 
7f30f0021000-7f30f4000000 ---p 00000000 00:00 0 
7f30f4000000-7f30f4021000 rw-p 00000000 00:00 0 
7f30f4021000-7f30f8000000 ---p 00000000 00:00 0 
7f30f8000000-7f30f8021000 rw-p 00000000 00:00 0 
7f30f8021000-7f30fc000000 ---p 00000000 00:00 0 
7f30fc000000-7f30fc021000 rw-p 00000000 00:00 0 
7f30fc021000-7f3100000000 ---p 00000000 00:00 0 
7f3100000000-7f31003cd000 rw-p 00000000 00:00 0 
7f31003cd000-7f3104000000 ---p 00000000 00:00 0 
7f3104000000-7f3104819000 rw-p 00000000 00:00 0 
7f3104819000-7f3108000000 ---p 00000000 00:00 0 
7f3108000000-7f3108021000 rw-p 00000000 00:00 0 
7f3108021000-7f310c000000 ---p 00000000 00:00 0 
7f310c000000-7f310c72d000 rw-p 00000000 00:00 0 
7f310c72d000-7f3110000000 ---p 00000000 00:00 0 
7f3110000000-7f3110021000 rw-p 00000000 00:00 0 
7f3110021000-7f3114000000 ---p 00000000 00:00 0 
7f3114000000-7f3114021000 rw-p 00000000 00:00 0 
7f3114021000-7f3118000000 ---p 00000000 00:00 0 
7f3118000000-7f3118021000 rw-p 00000000 00:00 0 
7f3118021000-7f311c000000 ---p 00000000 00:00 0 
7f311c000000-7f311c05b000 rw-p 00000000 00:00 0 
7f311c05b000-7f3120000000 ---p 00000000 00:00 0 
7f3120000000-7f3120021000 rw-p 00000000 00:00 0 
7f3120021000-7f3124000000 ---p 00000000 00:00 0 
7f312470c000-7f312478c000 rw-p 00000000 00:00 0 
7f312478c000-7f312490c000 ---p 00000000 00:00 0 
7f312490c000-7f3124b0c000 rw-p 00000000 00:00 0 
7f3124b0c000-7f3124d0c000 rw-p 00000000 00:00 0 
7f3124d0c000-7f3124d0f000 ---p 00000000 00:00 0 
7f3124d0f000-7f3124e0d000 rw-p 00000000 00:00 0 
7f3124e0d000-7f3124e10000 ---p 00000000 00:00 0 
7f3124e10000-7f3124f0e000 rw-p 00000000 00:00 0 
7f3124f0e000-7f3124f11000 ---p 00000000 00:00 0 
7f3124f11000-7f312500f000 rw-p 00000000 00:00 0 
7f312500f000-7f3125020000 r-xp 00000000 08:05 1502990                    /usr/lib/jvm/java-8-openjdk-amd64/jre/lib/amd64/libnio.so
7f3125020000-7f3125220000 ---p 00011000 08:05 1502990                    /usr/lib/jvm/java-8-openjdk-amd64/jre/lib/amd64/libnio.so
7f3125220000-7f3125221000 r--p 00011000 08:05 1502990                    /usr/lib/jvm/java-8-openjdk-amd64/jre/lib/amd64/libnio.so
7f3125221000-7f3125222000 rw-p 00012000 08:05 1502990                    /usr/lib/jvm/java-8-openjdk-amd64/jre/lib/amd64/libnio.so
7f3125222000-7f3125239000 r-xp 00000000 08:05 398789                     /lib/x86_64-linux-gnu/libresolv-2.23.so
7f3125239000-7f3125439000 ---p 00017000 08:05 398789                     /lib/x86_64-linux-gnu/libresolv-2.23.so
7f3125439000-7f312543a000 r--p 00017000 08:05 398789                     /lib/x86_64-linux-gnu/libresolv-2.23.so
7f312543a000-7f312543b000 rw-p 00018000 08:05 398789                     /lib/x86_64-linux-gnu/libresolv-2.23.so
7f312543b000-7f312543d000 rw-p 00000000 00:00 0 
7f312543d000-7f3125442000 r-xp 00000000 08:05 398734                     /lib/x86_64-linux-gnu/libnss_dns-2.23.so
7f3125442000-7f3125642000 ---p 00005000 08:05 398734                     /lib/x86_64-linux-gnu/libnss_dns-2.23.so
7f3125642000-7f3125643000 r--p 00005000 08:05 398734                     /lib/x86_64-linux-gnu/libnss_dns-2.23.so
7f3125643000-7f3125644000 rw-p 00006000 08:05 398734                     /lib/x86_64-linux-gnu/libnss_dns-2.23.so
7f3125644000-7f3125646000 r-xp 00000000 08:05 398742                     /lib/x86_64-linux-gnu/libnss_mdns4_minimal.so.2
7f3125646000-7f3125845000 ---p 00002000 08:05 398742                     /lib/x86_64-linux-gnu/libnss_mdns4_minimal.so.2
7f3125845000-7f3125846000 r--p 00001000 08:05 398742                     /lib/x86_64-linux-gnu/libnss_mdns4_minimal.so.2
7f3125846000-7f3125847000 rw-p 00002000 08:05 398742                     /lib/x86_64-linux-gnu/libnss_mdns4_minimal.so.2
7f3125847000-7f312585e000 r-xp 00000000 08:05 1502971                    /usr/lib/jvm/java-8-openjdk-amd64/jre/lib/amd64/libnet.so
7f312585e000-7f3125a5d000 ---p 00017000 08:05 1502971                    /usr/lib/jvm/java-8-openjdk-amd64/jre/lib/amd64/libnet.so
7f3125a5d000-7f3125a5e000 r--p 00016000 08:05 1502971                    /usr/lib/jvm/java-8-openjdk-amd64/jre/lib/amd64/libnet.so
7f3125a5e000-7f3125a5f000 rw-p 00017000 08:05 1502971                    /usr/lib/jvm/java-8-openjdk-amd64/jre/lib/amd64/libnet.so
7f3125a5f000-7f3125c5f000 rw-p 00000000 00:00 0 
7f3125c5f000-7f3125c62000 ---p 00000000 00:00 0 
7f3125c62000-7f3125d60000 rw-p 00000000 00:00 0 
7f3125d60000-7f3125d63000 ---p 00000000 00:00 0 
7f3125d63000-7f3125e61000 rw-p 00000000 00:00 0 
7f3125e61000-7f3125e64000 ---p 00000000 00:00 0 
7f3125e64000-7f3125f62000 rw-p 00000000 00:00 0 
7f3125f62000-7f3125f67000 r-xp 00000000 08:05 664682                     /usr/lib/x86_64-linux-gnu/libXfixes.so.3.1.0
7f3125f67000-7f3126166000 ---p 00005000 08:05 664682                     /usr/lib/x86_64-linux-gnu/libXfixes.so.3.1.0
7f3126166000-7f3126167000 r--p 00004000 08:05 664682                     /usr/lib/x86_64-linux-gnu/libXfixes.so.3.1.0
7f3126167000-7f3126168000 rw-p 00005000 08:05 664682                     /usr/lib/x86_64-linux-gnu/libXfixes.so.3.1.0
7f3126168000-7f3126171000 r-xp 00000000 08:05 665664                     /usr/lib/x86_64-linux-gnu/libXcursor.so.1.0.2
7f3126171000-7f3126370000 ---p 00009000 08:05 665664                     /usr/lib/x86_64-linux-gnu/libXcursor.so.1.0.2
7f3126370000-7f3126371000 r--p 00008000 08:05 665664                     /usr/lib/x86_64-linux-gnu/libXcursor.so.1.0.2
7f3126371000-7f3126372000 rw-p 00009000 08:05 665664                     /usr/lib/x86_64-linux-gnu/libXcursor.so.1.0.2
7f3126372000-7f3126375000 ---p 00000000 00:00 0 
7f3126375000-7f3126473000 rw-p 00000000 00:00 0 
7f3126473000-7f3126497000 r-xp 00000000 08:05 393398                     /lib/x86_64-linux-gnu/libpng12.so.0.54.0
7f3126497000-7f3126696000 ---p 00024000 08:05 393398                     /lib/x86_64-linux-gnu/libpng12.so.0.54.0
7f3126696000-7f3126697000 r--p 00023000 08:05 393398                     /lib/x86_64-linux-gnu/libpng12.so.0.54.0
7f3126697000-7f3126698000 rw-p 00024000 08:05 393398                     /lib/x86_64-linux-gnu/libpng12.so.0.54.0
7f3126698000-7f312673c000 r-xp 00000000 08:05 665105                     /usr/lib/x86_64-linux-gnu/libfreetype.so.6.12.1
7f312673c000-7f312693b000 ---p 000a4000 08:05 665105                     /usr/lib/x86_64-linux-gnu/libfreetype.so.6.12.1
7f312693b000-7f3126941000 r--p 000a3000 08:05 665105                     /usr/lib/x86_64-linux-gnu/libfreetype.so.6.12.1
7f3126941000-7f3126942000 rw-p 000a9000 08:05 665105                     /usr/lib/x86_64-linux-gnu/libfreetype.so.6.12.1
7f3126942000-7f3126994000 r-xp 00000000 08:05 1502977                    /usr/lib/jvm/java-8-openjdk-amd64/jre/lib/amd64/libfontmanager.so
7f3126994000-7f3126b94000 ---p 00052000 08:05 1502977                    /usr/lib/jvm/java-8-openjdk-amd64/jre/lib/amd64/libfontmanager.so
7f3126b94000-7f3126b96000 r--p 00052000 08:05 1502977                    /usr/lib/jvm/java-8-openjdk-amd64/jre/lib/amd64/libfontmanager.so
7f3126b96000-7f3126b97000 rw-p 00054000 08:05 1502977                    /usr/lib/jvm/java-8-openjdk-amd64/jre/lib/amd64/libfontmanager.so
7f3126b97000-7f3126b9c000 r-xp 00000000 08:05 664678                     /usr/lib/x86_64-linux-gnu/libXdmcp.so.6.0.0
7f3126b9c000-7f3126d9b000 ---p 00005000 08:05 664678                     /usr/lib/x86_64-linux-gnu/libXdmcp.so.6.0.0
7f3126d9b000-7f3126d9c000 r--p 00004000 08:05 664678                     /usr/lib/x86_64-linux-gnu/libXdmcp.so.6.0.0
7f3126d9c000-7f3126d9d000 rw-p 00005000 08:05 664678                     /usr/lib/x86_64-linux-gnu/libXdmcp.so.6.0.0
7f3126d9d000-7f3126d9f000 r-xp 00000000 08:05 664667                     /usr/lib/x86_64-linux-gnu/libXau.so.6.0.0
7f3126d9f000-7f3126f9f000 ---p 00002000 08:05 664667                     /usr/lib/x86_64-linux-gnu/libXau.so.6.0.0
7f3126f9f000-7f3126fa0000 r--p 00002000 08:05 664667                     /usr/lib/x86_64-linux-gnu/libXau.so.6.0.0
7f3126fa0000-7f3126fa1000 rw-p 00003000 08:05 664667                     /usr/lib/x86_64-linux-gnu/libXau.so.6.0.0
7f3126fa1000-7f3126fc2000 r-xp 00000000 08:05 666087                     /usr/lib/x86_64-linux-gnu/libxcb.so.1.1.0
7f3126fc2000-7f31271c1000 ---p 00021000 08:05 666087                     /usr/lib/x86_64-linux-gnu/libxcb.so.1.1.0
7f31271c1000-7f31271c2000 r--p 00020000 08:05 666087                     /usr/lib/x86_64-linux-gnu/libxcb.so.1.1.0
7f31271c2000-7f31271c3000 rw-p 00021000 08:05 666087                     /usr/lib/x86_64-linux-gnu/libxcb.so.1.1.0
7f31271c3000-7f31271d2000 r-xp 00000000 08:05 664690                     /usr/lib/x86_64-linux-gnu/libXi.so.6.1.0
7f31271d2000-7f31273d1000 ---p 0000f000 08:05 664690                     /usr/lib/x86_64-linux-gnu/libXi.so.6.1.0
7f31273d1000-7f31273d2000 r--p 0000e000 08:05 664690                     /usr/lib/x86_64-linux-gnu/libXi.so.6.1.0
7f31273d2000-7f31273d3000 rw-p 0000f000 08:05 664690                     /usr/lib/x86_64-linux-gnu/libXi.so.6.1.0
7f31273d3000-7f31273d8000 r-xp 00000000 08:05 664708                     /usr/lib/x86_64-linux-gnu/libXtst.so.6.1.0
7f31273d8000-7f31275d7000 ---p 00005000 08:05 664708                     /usr/lib/x86_64-linux-gnu/libXtst.so.6.1.0
7f31275d7000-7f31275d8000 r--p 00004000 08:05 664708                     /usr/lib/x86_64-linux-gnu/libXtst.so.6.1.0
7f31275d8000-7f31275d9000 rw-p 00005000 08:05 664708                     /usr/lib/x86_64-linux-gnu/libXtst.so.6.1.0
7f31275d9000-7f31275e2000 r-xp 00000000 08:05 664702                     /usr/lib/x86_64-linux-gnu/libXrender.so.1.3.0
7f31275e2000-7f31277e1000 ---p 00009000 08:05 664702                     /usr/lib/x86_64-linux-gnu/libXrender.so.1.3.0
7f31277e1000-7f31277e2000 r--p 00008000 08:05 664702                     /usr/lib/x86_64-linux-gnu/libXrender.so.1.3.0
7f31277e2000-7f31277e3000 rw-p 00009000 08:05 664702                     /usr/lib/x86_64-linux-gnu/libXrender.so.1.3.0
7f31277e3000-7f3127918000 r-xp 00000000 08:05 664663                     /usr/lib/x86_64-linux-gnu/libX11.so.6.3.0
7f3127918000-7f3127b18000 ---p 00135000 08:05 664663                     /usr/lib/x86_64-linux-gnu/libX11.so.6.3.0
7f3127b18000-7f3127b19000 r--p 00135000 08:05 664663                     /usr/lib/x86_64-linux-gnu/libX11.so.6.3.0
7f3127b19000-7f3127b1d000 rw-p 00136000 08:05 664663                     /usr/lib/x86_64-linux-gnu/libX11.so.6.3.0
7f3127b1d000-7f3127b2e000 r-xp 00000000 08:05 664680                     /usr/lib/x86_64-linux-gnu/libXext.so.6.4.0
7f3127b2e000-7f3127d2d000 ---p 00011000 08:05 664680                     /usr/lib/x86_64-linux-gnu/libXext.so.6.4.0
7f3127d2d000-7f3127d2e000 r--p 00010000 08:05 664680                     /usr/lib/x86_64-linux-gnu/libXext.so.6.4.0
7f3127d2e000-7f3127d2f000 rw-p 00011000 08:05 664680                     /usr/lib/x86_64-linux-gnu/libXext.so.6.4.0
7f3127d2f000-7f3127dcf000 r-xp 00000000 08:05 1502996                    /usr/lib/jvm/java-8-openjdk-amd64/jre/lib/amd64/libawt.so
7f3127dcf000-7f3127fcf000 ---p 000a0000 08:05 1502996                    /usr/lib/jvm/java-8-openjdk-amd64/jre/lib/amd64/libawt.so
7f3127fcf000-7f3127fd0000 r--p 000a0000 08:05 1502996                    /usr/lib/jvm/java-8-openjdk-amd64/jre/lib/amd64/libawt.so
7f3127fd0000-7f3127fdb000 rw-p 000a1000 08:05 1502996                    /usr/lib/jvm/java-8-openjdk-amd64/jre/lib/amd64/libawt.so
7f3127fdb000-7f3128000000 rw-p 00000000 00:00 0 
7f3128000000-7f3128021000 rw-p 00000000 00:00 0 
7f3128021000-7f312c000000 ---p 00000000 00:00 0 
7f312c027000-7f312c07c000 r-xp 00000000 08:05 1502985                    /usr/lib/jvm/java-8-openjdk-amd64/jre/lib/amd64/libawt_xawt.so
7f312c07c000-7f312c27b000 ---p 00055000 08:05 1502985                    /usr/lib/jvm/java-8-openjdk-amd64/jre/lib/amd64/libawt_xawt.so
7f312c27b000-7f312c27c000 r--p 00054000 08:05 1502985                    /usr/lib/jvm/java-8-openjdk-amd64/jre/lib/amd64/libawt_xawt.so
7f312c27c000-7f312c27f000 rw-p 00055000 08:05 1502985                    /usr/lib/jvm/java-8-openjdk-amd64/jre/lib/amd64/libawt_xawt.so
7f312c27f000-7f3130000000 rw-p 00000000 00:00 0 
7f3130000000-7f3130021000 rw-p 00000000 00:00 0 
7f3130021000-7f3134000000 ---p 00000000 00:00 0 
7f31340a0000-7f31340a5000 r--s 0009d000 08:05 1181233                    /usr/lib/jvm/java-8-openjdk-amd64/jre/lib/jsse.jar
7f31340a5000-7f31340b8000 r--s 00346000 08:05 1182190                    /usr/lib/jvm/java-8-openjdk-amd64/jre/lib/resources.jar
7f31340b8000-7f31340dd000 r--p 00000000 08:05 1186473                    /usr/share/locale-langpack/es/LC_MESSAGES/libc.mo
7f31340dd000-7f31340f8000 r--s 00394000 08:05 1312989                    /usr/lib/jvm/java-8-openjdk-amd64/jre/lib/ext/cldrdata.jar
7f31340f8000-7f3134113000 r--s 001d6000 08:05 1312134                    /usr/lib/jvm/java-8-openjdk-amd64/jre/lib/ext/nashorn.jar
7f3134113000-7f3134114000 ---p 00000000 00:00 0 
7f3134114000-7f3134214000 rw-p 00000000 00:00 0 
7f3134214000-7f3134217000 ---p 00000000 00:00 0 
7f3134217000-7f3134315000 rw-p 00000000 00:00 0 
7f3134315000-7f3134318000 ---p 00000000 00:00 0 
7f3134318000-7f3134416000 rw-p 00000000 00:00 0 
7f3134416000-7f3134419000 ---p 00000000 00:00 0 
7f3134419000-7f3134517000 rw-p 00000000 00:00 0 
7f3134517000-7f313451a000 ---p 00000000 00:00 0 
7f313451a000-7f3134618000 rw-p 00000000 00:00 0 
7f3134618000-7f313461b000 ---p 00000000 00:00 0 
7f313461b000-7f3134719000 rw-p 00000000 00:00 0 
7f3134719000-7f31350d8000 r--p 00000000 08:05 663194                     /usr/lib/locale/locale-archive
7f31350d8000-7f31350db000 ---p 00000000 00:00 0 
7f31350db000-7f31351d9000 rw-p 00000000 00:00 0 
7f31351d9000-7f31351dc000 ---p 00000000 00:00 0 
7f31351dc000-7f31352da000 rw-p 00000000 00:00 0 
7f31352da000-7f31352db000 ---p 00000000 00:00 0 
7f31352db000-7f313639b000 rw-p 00000000 00:00 0 
7f313639b000-7f313656a000 r--s 03c32000 08:05 1181885                    /usr/lib/jvm/java-8-openjdk-amd64/jre/lib/rt.jar
7f313656a000-7f3137142000 rw-p 00000000 00:00 0 
7f3137142000-7f3137143000 ---p 00000000 00:00 0 
7f3137143000-7f3137243000 rw-p 00000000 00:00 0 
7f3137243000-7f3137244000 ---p 00000000 00:00 0 
7f3137244000-7f3137344000 rw-p 00000000 00:00 0 
7f3137344000-7f3137345000 ---p 00000000 00:00 0 
7f3137345000-7f3137445000 rw-p 00000000 00:00 0 
7f3137445000-7f3137446000 ---p 00000000 00:00 0 
7f3137446000-7f31376f4000 rw-p 00000000 00:00 0 
7f31376f4000-7f31377d6000 ---p 00000000 00:00 0 
7f31377d6000-7f3137984000 rw-p 00000000 00:00 0 
7f3137984000-7f3137a66000 ---p 00000000 00:00 0 
7f3137a66000-7f3137af2000 rw-p 00000000 00:00 0 
7f3137af2000-7f3137bae000 ---p 00000000 00:00 0 
7f3137bae000-7f3137bd0000 rw-p 00000000 00:00 0 
7f3137bd0000-7f3137f6f000 ---p 00000000 00:00 0 
7f3137f6f000-7f313877f000 rwxp 00000000 00:00 0 
7f313877f000-7f3146f6f000 ---p 00000000 00:00 0 
7f3146f6f000-7f3146f77000 r-xp 00000000 08:05 1502984                    /usr/lib/jvm/java-8-openjdk-amd64/jre/lib/amd64/libzip.so
7f3146f77000-7f3147176000 ---p 00008000 08:05 1502984                    /usr/lib/jvm/java-8-openjdk-amd64/jre/lib/amd64/libzip.so
7f3147176000-7f3147177000 r--p 00007000 08:05 1502984                    /usr/lib/jvm/java-8-openjdk-amd64/jre/lib/amd64/libzip.so
7f3147177000-7f3147178000 rw-p 00008000 08:05 1502984                    /usr/lib/jvm/java-8-openjdk-amd64/jre/lib/amd64/libzip.so
7f3147178000-7f3147183000 r-xp 00000000 08:05 398736                     /lib/x86_64-linux-gnu/libnss_files-2.23.so
7f3147183000-7f3147382000 ---p 0000b000 08:05 398736                     /lib/x86_64-linux-gnu/libnss_files-2.23.so
7f3147382000-7f3147383000 r--p 0000a000 08:05 398736                     /lib/x86_64-linux-gnu/libnss_files-2.23.so
7f3147383000-7f3147384000 rw-p 0000b000 08:05 398736                     /lib/x86_64-linux-gnu/libnss_files-2.23.so
7f3147384000-7f314738a000 rw-p 00000000 00:00 0 
7f314738a000-7f3147395000 r-xp 00000000 08:05 398746                     /lib/x86_64-linux-gnu/libnss_nis-2.23.so
7f3147395000-7f3147594000 ---p 0000b000 08:05 398746                     /lib/x86_64-linux-gnu/libnss_nis-2.23.so
7f3147594000-7f3147595000 r--p 0000a000 08:05 398746                     /lib/x86_64-linux-gnu/libnss_nis-2.23.so
7f3147595000-7f3147596000 rw-p 0000b000 08:05 398746                     /lib/x86_64-linux-gnu/libnss_nis-2.23.so
7f3147596000-7f31475ac000 r-xp 00000000 08:05 398730                     /lib/x86_64-linux-gnu/libnsl-2.23.so
7f31475ac000-7f31477ab000 ---p 00016000 08:05 398730                     /lib/x86_64-linux-gnu/libnsl-2.23.so
7f31477ab000-7f31477ac000 r--p 00015000 08:05 398730                     /lib/x86_64-linux-gnu/libnsl-2.23.so
7f31477ac000-7f31477ad000 rw-p 00016000 08:05 398730                     /lib/x86_64-linux-gnu/libnsl-2.23.so
7f31477ad000-7f31477af000 rw-p 00000000 00:00 0 
7f31477af000-7f31477b7000 r-xp 00000000 08:05 398732                     /lib/x86_64-linux-gnu/libnss_compat-2.23.so
7f31477b7000-7f31479b6000 ---p 00008000 08:05 398732                     /lib/x86_64-linux-gnu/libnss_compat-2.23.so
7f31479b6000-7f31479b7000 r--p 00007000 08:05 398732                     /lib/x86_64-linux-gnu/libnss_compat-2.23.so
7f31479b7000-7f31479b8000 rw-p 00008000 08:05 398732                     /lib/x86_64-linux-gnu/libnss_compat-2.23.so
7f31479b8000-7f31479e5000 r-xp 00000000 08:05 1503000                    /usr/lib/jvm/java-8-openjdk-amd64/jre/lib/amd64/libjava.so
7f31479e5000-7f3147be4000 ---p 0002d000 08:05 1503000                    /usr/lib/jvm/java-8-openjdk-amd64/jre/lib/amd64/libjava.so
7f3147be4000-7f3147be5000 r--p 0002c000 08:05 1503000                    /usr/lib/jvm/java-8-openjdk-amd64/jre/lib/amd64/libjava.so
7f3147be5000-7f3147be7000 rw-p 0002d000 08:05 1503000                    /usr/lib/jvm/java-8-openjdk-amd64/jre/lib/amd64/libjava.so
7f3147be7000-7f3147bf6000 r-xp 00000000 08:05 1502988                    /usr/lib/jvm/java-8-openjdk-amd64/jre/lib/amd64/libverify.so
7f3147bf6000-7f3147df5000 ---p 0000f000 08:05 1502988                    /usr/lib/jvm/java-8-openjdk-amd64/jre/lib/amd64/libverify.so
7f3147df5000-7f3147df7000 r--p 0000e000 08:05 1502988                    /usr/lib/jvm/java-8-openjdk-amd64/jre/lib/amd64/libverify.so
7f3147df7000-7f3147df8000 rw-p 00010000 08:05 1502988                    /usr/lib/jvm/java-8-openjdk-amd64/jre/lib/amd64/libverify.so
7f3147df8000-7f3147dff000 r-xp 00000000 08:05 398791                     /lib/x86_64-linux-gnu/librt-2.23.so
7f3147dff000-7f3147ffe000 ---p 00007000 08:05 398791                     /lib/x86_64-linux-gnu/librt-2.23.so
7f3147ffe000-7f3147fff000 r--p 00006000 08:05 398791                     /lib/x86_64-linux-gnu/librt-2.23.so
7f3147fff000-7f3148000000 rw-p 00007000 08:05 398791                     /lib/x86_64-linux-gnu/librt-2.23.so
7f3148000000-7f31482d4000 rw-p 00000000 00:00 0 
7f31482d4000-7f314c000000 ---p 00000000 00:00 0 
7f314c002000-7f314c009000 r--s 00000000 08:05 919511                     /usr/lib/x86_64-linux-gnu/gconv/gconv-modules.cache
7f314c009000-7f314c00e000 r--s 002f9000 08:05 1240188                    /usr/lib/jvm/java-8-openjdk-amd64/jre/lib/charsets.jar
7f314c00e000-7f314c0a5000 rw-p 00000000 00:00 0 
7f314c0a5000-7f314c0bb000 r-xp 00000000 08:05 398675                     /lib/x86_64-linux-gnu/libgcc_s.so.1
7f314c0bb000-7f314c2ba000 ---p 00016000 08:05 398675                     /lib/x86_64-linux-gnu/libgcc_s.so.1
7f314c2ba000-7f314c2bb000 rw-p 00015000 08:05 398675                     /lib/x86_64-linux-gnu/libgcc_s.so.1
7f314c2bb000-7f314c3c3000 r-xp 00000000 08:05 398707                     /lib/x86_64-linux-gnu/libm-2.23.so
7f314c3c3000-7f314c5c2000 ---p 00108000 08:05 398707                     /lib/x86_64-linux-gnu/libm-2.23.so
7f314c5c2000-7f314c5c3000 r--p 00107000 08:05 398707                     /lib/x86_64-linux-gnu/libm-2.23.so
7f314c5c3000-7f314c5c4000 rw-p 00108000 08:05 398707                     /lib/x86_64-linux-gnu/libm-2.23.so
7f314c5c4000-7f314c736000 r-xp 00000000 08:05 658358                     /usr/lib/x86_64-linux-gnu/libstdc++.so.6.0.21
7f314c736000-7f314c936000 ---p 00172000 08:05 658358                     /usr/lib/x86_64-linux-gnu/libstdc++.so.6.0.21
7f314c936000-7f314c940000 r--p 00172000 08:05 658358                     /usr/lib/x86_64-linux-gnu/libstdc++.so.6.0.21
7f314c940000-7f314c942000 rw-p 0017c000 08:05 658358                     /usr/lib/x86_64-linux-gnu/libstdc++.so.6.0.21
7f314c942000-7f314c946000 rw-p 00000000 00:00 0 
7f314c946000-7f314d5a3000 r-xp 00000000 08:05 1704438                    /usr/lib/jvm/java-8-openjdk-amd64/jre/lib/amd64/server/libjvm.so
7f314d5a3000-7f314d7a3000 ---p 00c5d000 08:05 1704438                    /usr/lib/jvm/java-8-openjdk-amd64/jre/lib/amd64/server/libjvm.so
7f314d7a3000-7f314d837000 r--p 00c5d000 08:05 1704438                    /usr/lib/jvm/java-8-openjdk-amd64/jre/lib/amd64/server/libjvm.so
7f314d837000-7f314d860000 rw-p 00cf1000 08:05 1704438                    /usr/lib/jvm/java-8-openjdk-amd64/jre/lib/amd64/server/libjvm.so
7f314d860000-7f314d890000 rw-p 00000000 00:00 0 
7f314d890000-7f314d8a8000 r-xp 00000000 08:05 398783                     /lib/x86_64-linux-gnu/libpthread-2.23.so
7f314d8a8000-7f314daa7000 ---p 00018000 08:05 398783                     /lib/x86_64-linux-gnu/libpthread-2.23.so
7f314daa7000-7f314daa8000 r--p 00017000 08:05 398783                     /lib/x86_64-linux-gnu/libpthread-2.23.so
7f314daa8000-7f314daa9000 rw-p 00018000 08:05 398783                     /lib/x86_64-linux-gnu/libpthread-2.23.so
7f314daa9000-7f314daad000 rw-p 00000000 00:00 0 
7f314daad000-7f314dab0000 r-xp 00000000 08:05 398661                     /lib/x86_64-linux-gnu/libdl-2.23.so
7f314dab0000-7f314dcaf000 ---p 00003000 08:05 398661                     /lib/x86_64-linux-gnu/libdl-2.23.so
7f314dcaf000-7f314dcb0000 r--p 00002000 08:05 398661                     /lib/x86_64-linux-gnu/libdl-2.23.so
7f314dcb0000-7f314dcb1000 rw-p 00003000 08:05 398661                     /lib/x86_64-linux-gnu/libdl-2.23.so
7f314dcb1000-7f314dcca000 r-xp 00000000 08:05 398828                     /lib/x86_64-linux-gnu/libz.so.1.2.8
7f314dcca000-7f314dec9000 ---p 00019000 08:05 398828                     /lib/x86_64-linux-gnu/libz.so.1.2.8
7f314dec9000-7f314deca000 r--p 00018000 08:05 398828                     /lib/x86_64-linux-gnu/libz.so.1.2.8
7f314deca000-7f314decb000 rw-p 00019000 08:05 398828                     /lib/x86_64-linux-gnu/libz.so.1.2.8
7f314decb000-7f314e08b000 r-xp 00000000 08:05 398637                     /lib/x86_64-linux-gnu/libc-2.23.so
7f314e08b000-7f314e28b000 ---p 001c0000 08:05 398637                     /lib/x86_64-linux-gnu/libc-2.23.so
7f314e28b000-7f314e28f000 r--p 001c0000 08:05 398637                     /lib/x86_64-linux-gnu/libc-2.23.so
7f314e28f000-7f314e291000 rw-p 001c4000 08:05 398637                     /lib/x86_64-linux-gnu/libc-2.23.so
7f314e291000-7f314e295000 rw-p 00000000 00:00 0 
7f314e295000-7f314e2a2000 r-xp 00000000 08:05 1704521                    /usr/lib/jvm/java-8-openjdk-amd64/jre/lib/amd64/jli/libjli.so
7f314e2a2000-7f314e4a2000 ---p 0000d000 08:05 1704521                    /usr/lib/jvm/java-8-openjdk-amd64/jre/lib/amd64/jli/libjli.so
7f314e4a2000-7f314e4a3000 r--p 0000d000 08:05 1704521                    /usr/lib/jvm/java-8-openjdk-amd64/jre/lib/amd64/jli/libjli.so
7f314e4a3000-7f314e4a4000 rw-p 0000e000 08:05 1704521                    /usr/lib/jvm/java-8-openjdk-amd64/jre/lib/amd64/jli/libjli.so
7f314e4a4000-7f314e4ca000 r-xp 00000000 08:05 398609                     /lib/x86_64-linux-gnu/ld-2.23.so
7f314e4ca000-7f314e4d2000 r--s 000c4000 08:06 3677543                    /home/lautaro/netbeans-8.2/ide/modules/ext/mysql-connector-java-5.1.23-bin.jar
7f314e4d2000-7f314e4dc000 r--s 00116000 08:05 1350404                    /usr/lib/jvm/java-8-openjdk-amd64/jre/lib/ext/localedata.jar
7f314e4dc000-7f314e4de000 r--s 00008000 08:05 1350406                    /usr/lib/jvm/java-8-openjdk-amd64/jre/lib/ext/sunec.jar
7f314e4de000-7f314e5a9000 rw-p 00000000 00:00 0 
7f314e5a9000-7f314e5ac000 ---p 00000000 00:00 0 
7f314e5ac000-7f314e6ae000 rw-p 00000000 00:00 0 
7f314e6ae000-7f314e6af000 r--s 0000a000 08:05 1350407                    /usr/lib/jvm/java-8-openjdk-amd64/jre/lib/ext/jaccess.jar
7f314e6af000-7f314e6b1000 r--s 00001000 08:05 1312991                    /usr/lib/jvm/java-8-openjdk-amd64/jre/lib/ext/dnsns.jar
7f314e6b1000-7f314e6b7000 r--s 0003b000 08:05 1350405                    /usr/lib/jvm/java-8-openjdk-amd64/jre/lib/ext/sunjce_provider.jar
7f314e6b7000-7f314e6ba000 r--s 0000f000 08:05 1312133                    /usr/lib/jvm/java-8-openjdk-amd64/jre/lib/ext/icedtea-sound.jar
7f314e6ba000-7f314e6bb000 r--s 00010000 08:05 1313006                    /usr/lib/jvm/java-8-openjdk-amd64/jre/lib/ext/zipfs.jar
7f314e6bb000-7f314e6be000 r--s 00038000 08:05 1312990                    /usr/lib/jvm/java-8-openjdk-amd64/jre/lib/ext/sunpkcs11.jar
7f314e6be000-7f314e6c6000 rw-s 00000000 08:05 1472292                    /tmp/hsperfdata_lautaro/12693
7f314e6c6000-7f314e6c7000 rw-p 00000000 00:00 0 
7f314e6c7000-7f314e6c8000 ---p 00000000 00:00 0 
7f314e6c8000-7f314e6c9000 rw-p 00000000 00:00 0 
7f314e6c9000-7f314e6ca000 r--p 00025000 08:05 398609                     /lib/x86_64-linux-gnu/ld-2.23.so
7f314e6ca000-7f314e6cb000 rw-p 00026000 08:05 398609                     /lib/x86_64-linux-gnu/ld-2.23.so
7f314e6cb000-7f314e6cc000 rw-p 00000000 00:00 0 
7ffc2d628000-7ffc2d649000 rw-p 00000000 00:00 0                          [stack]
7ffc2d770000-7ffc2d773000 r--p 00000000 00:00 0                          [vvar]
7ffc2d773000-7ffc2d775000 r-xp 00000000 00:00 0                          [vdso]
ffffffffff600000-ffffffffff601000 r-xp 00000000 00:00 0                  [vsyscall]

VM Arguments:
jvm_args: -Dfile.encoding=UTF-8 
java_command: proyecto_cliente.Proyecto_cliente
java_class_path (initial): /home/lautaro/netbeans-8.2/ide/modules/ext/mysql-connector-java-5.1.23-bin.jar:/home/lautaro/NetBeansProjects/Proyecto_cliente/build/classes
Launcher Type: SUN_STANDARD

Environment Variables:
PATH=/home/lautaro/bin:/home/lautaro/.local/bin:/usr/local/sbin:/usr/local/bin:/usr/sbin:/usr/bin:/sbin:/bin:/usr/games:/usr/local/games:/snap/bin
LD_LIBRARY_PATH=/usr/lib/jvm/java-8-openjdk-amd64/jre/lib/amd64:/usr/lib/jvm/java-8-openjdk-amd64/jre/lib/i386:
SHELL=/bin/bash
DISPLAY=:0

Signal Handlers:
SIGSEGV: [libjvm.so+0xa71a30], sa_mask[0]=11111111011111111101111111111110, sa_flags=SA_RESTART|SA_SIGINFO
SIGBUS: [libjvm.so+0xa71a30], sa_mask[0]=11111111011111111101111111111110, sa_flags=SA_RESTART|SA_SIGINFO
SIGFPE: [libjvm.so+0x8b8f40], sa_mask[0]=11111111011111111101111111111110, sa_flags=SA_RESTART|SA_SIGINFO
SIGPIPE: [libjvm.so+0x8b8f40], sa_mask[0]=11111111011111111101111111111110, sa_flags=SA_RESTART|SA_SIGINFO
SIGXFSZ: [libjvm.so+0x8b8f40], sa_mask[0]=11111111011111111101111111111110, sa_flags=SA_RESTART|SA_SIGINFO
SIGILL: [libjvm.so+0x8b8f40], sa_mask[0]=11111111011111111101111111111110, sa_flags=SA_RESTART|SA_SIGINFO
SIGUSR1: SIG_DFL, sa_mask[0]=00000000000000000000000000000000, sa_flags=none
SIGUSR2: [libjvm.so+0x8b8df0], sa_mask[0]=00100000000000000000000000000000, sa_flags=SA_RESTART|SA_SIGINFO
SIGHUP: [libjvm.so+0x8b92c0], sa_mask[0]=11111111011111111101111111111110, sa_flags=SA_RESTART|SA_SIGINFO
SIGINT: SIG_IGN, sa_mask[0]=00000000000000000000000000000000, sa_flags=none
SIGTERM: [libjvm.so+0x8b92c0], sa_mask[0]=11111111011111111101111111111110, sa_flags=SA_RESTART|SA_SIGINFO
SIGQUIT: [libjvm.so+0x8b92c0], sa_mask[0]=11111111011111111101111111111110, sa_flags=SA_RESTART|SA_SIGINFO


---------------  S Y S T E M  ---------------

OS:DISTRIB_ID=Ubuntu
DISTRIB_RELEASE=16.04
DISTRIB_CODENAME=xenial
DISTRIB_DESCRIPTION="Ubuntu 16.04.4 LTS"

uname:Linux 4.15.0-32-generic #35~16.04.1-Ubuntu SMP Fri Aug 10 21:54:34 UTC 2018 x86_64
libc:glibc 2.23 NPTL 2.23 
rlimit: STACK 8192k, CORE 0k, NPROC 31011, NOFILE 1048576, AS infinity
load average:1,43 0,71 0,46

/proc/meminfo:
MemTotal:        8052884 kB
MemFree:          134988 kB
MemAvailable:     129268 kB
Buffers:           13680 kB
Cached:           656220 kB
SwapCached:            0 kB
Active:          7128908 kB
Inactive:         558372 kB
Active(anon):    7019076 kB
Inactive(anon):   468720 kB
Active(file):     109832 kB
Inactive(file):    89652 kB
Unevictable:         136 kB
Mlocked:             136 kB
SwapTotal:             0 kB
SwapFree:              0 kB
Dirty:               188 kB
Writeback:             0 kB
AnonPages:       7017672 kB
Mapped:           222712 kB
Shmem:            470400 kB
Slab:              97516 kB
SReclaimable:      40648 kB
SUnreclaim:        56868 kB
KernelStack:       12448 kB
PageTables:        58928 kB
NFS_Unstable:          0 kB
Bounce:                0 kB
WritebackTmp:          0 kB
CommitLimit:     4026440 kB
Committed_AS:   13724900 kB
VmallocTotal:   34359738367 kB
VmallocUsed:           0 kB
VmallocChunk:          0 kB
HardwareCorrupted:     0 kB
AnonHugePages:         0 kB
ShmemHugePages:        0 kB
ShmemPmdMapped:        0 kB
CmaTotal:              0 kB
CmaFree:               0 kB
HugePages_Total:       0
HugePages_Free:        0
HugePages_Rsvd:        0
HugePages_Surp:        0
Hugepagesize:       2048 kB
DirectMap4k:      185796 kB
DirectMap2M:     8087552 kB
DirectMap1G:           0 kB


CPU:total 4 (initial active 4) (4 cores per cpu, 1 threads per core) family 6 model 158 stepping 9, cmov, cx8, fxsr, mmx, sse, sse2, sse3, ssse3, sse4.1, sse4.2, popcnt, avx, avx2, aes, clmul, erms, 3dnowpref, lzcnt, tsc, tscinvbit, bmi1, bmi2, adx

/proc/cpuinfo:
processor	: 0
vendor_id	: GenuineIntel
cpu family	: 6
model		: 158
model name	: Intel(R) Core(TM) i5-7300HQ CPU @ 2.50GHz
stepping	: 9
microcode	: 0x84
cpu MHz		: 1261.492
cache size	: 6144 KB
physical id	: 0
siblings	: 4
core id		: 0
cpu cores	: 4
apicid		: 0
initial apicid	: 0
fpu		: yes
fpu_exception	: yes
cpuid level	: 22
wp		: yes
flags		: fpu vme de pse tsc msr pae mce cx8 apic sep mtrr pge mca cmov pat pse36 clflush dts acpi mmx fxsr sse sse2 ss ht tm pbe syscall nx pdpe1gb rdtscp lm constant_tsc art arch_perfmon pebs bts rep_good nopl xtopology nonstop_tsc cpuid aperfmperf tsc_known_freq pni pclmulqdq dtes64 monitor ds_cpl vmx est tm2 ssse3 sdbg fma cx16 xtpr pdcm pcid sse4_1 sse4_2 x2apic movbe popcnt tsc_deadline_timer aes xsave avx f16c rdrand lahf_lm abm 3dnowprefetch cpuid_fault epb invpcid_single pti ibrs ibpb stibp tpr_shadow vnmi flexpriority ept vpid fsgsbase tsc_adjust bmi1 avx2 smep bmi2 erms invpcid mpx rdseed adx smap clflushopt intel_pt xsaveopt xsavec xgetbv1 xsaves dtherm ida arat pln pts hwp hwp_notify hwp_act_window hwp_epp
bugs		: cpu_meltdown spectre_v1 spectre_v2 spec_store_bypass l1tf
bogomips	: 4992.00
clflush size	: 64
cache_alignment	: 64
address sizes	: 39 bits physical, 48 bits virtual
power management:

processor	: 1
vendor_id	: GenuineIntel
cpu family	: 6
model		: 158
model name	: Intel(R) Core(TM) i5-7300HQ CPU @ 2.50GHz
stepping	: 9
microcode	: 0x84
cpu MHz		: 1029.124
cache size	: 6144 KB
physical id	: 0
siblings	: 4
core id		: 1
cpu cores	: 16
apicid		: 2
initial apicid	: 2
fpu		: yes
fpu_exception	: yes
cpuid level	: 22
wp		: yes
flags		: fpu vme de pse tsc msr pae mce cx8 apic sep mtrr pge mca cmov pat pse36 clflush dts acpi mmx fxsr sse sse2 ss ht tm pbe syscall nx pdpe1gb rdtscp lm constant_tsc art arch_perfmon pebs bts rep_good nopl xtopology nonstop_tsc cpuid aperfmperf tsc_known_freq pni pclmulqdq dtes64 monitor ds_cpl vmx est tm2 ssse3 sdbg fma cx16 xtpr pdcm pcid sse4_1 sse4_2 x2apic movbe popcnt tsc_deadline_timer aes xsave avx f16c rdrand lahf_lm abm 3dnowprefetch cpuid_fault epb invpcid_single pti ibrs ibpb stibp tpr_shadow vnmi flexpriority ept vpid fsgsbase tsc_adjust bmi1 avx2 smep bmi2 erms invpcid mpx rdseed adx smap clflushopt intel_pt xsaveopt xsavec xgetbv1 xsaves dtherm ida arat pln pts hwp hwp_notify hwp_act_window hwp_epp
bugs		: cpu_meltdown spectre_v1 spectre_v2 spec_store_bypass l1tf
bogomips	: 4992.00
clflush size	: 64
cache_alignment	: 64
address sizes	: 39 bits physical, 48 bits virtual
power management:

processor	: 2
vendor_id	: GenuineIntel
cpu family	: 6
model		: 158
model name	: Intel(R) Core(TM) i5-7300HQ CPU @ 2.50GHz
stepping	: 9
microcode	: 0x84
cpu MHz		: 3249.122
cache size	: 6144 KB
physical id	: 0
siblings	: 4
core id		: 2
cpu cores	: 12
apicid		: 4
initial apicid	: 4
fpu		: yes
fpu_exception	: yes
cpuid level	: 22
wp		: yes
flags		: fpu vme de pse tsc msr pae mce cx8 apic sep mtrr pge mca cmov pat pse36 clflush dts acpi mmx fxsr sse sse2 ss ht tm pbe syscall nx pdpe1gb rdtscp lm constant_tsc art arch_perfmon pebs bts rep_good nopl xtopology nonstop_tsc cpuid aperfmperf tsc_known_freq pni pclmulqdq dtes64 monitor ds_cpl vmx est tm2 ssse3 sdbg fma cx16 xtpr pdcm pcid sse4_1 sse4_2 x2apic movbe popcnt tsc_deadline_timer aes xsave avx f16c rdrand lahf_lm abm 3dnowprefetch cpuid_fault epb invpcid_single pti ibrs ibpb stibp tpr_shadow vnmi flexpriority ept vpid fsgsbase tsc_adjust bmi1 avx2 smep bmi2 erms invpcid mpx rdseed adx smap clflushopt intel_pt xsaveopt xsavec xgetbv1 xsaves dtherm ida arat pln pts hwp hwp_notify hwp_act_window hwp_epp
bugs		: cpu_meltdown spectre_v1 spectre_v2 spec_store_bypass l1tf
bogomips	: 4992.00
clflush size	: 64
cache_alignment	: 64
address sizes	: 39 bits physical, 48 bits virtual
power management:

processor	: 3
vendor_id	: GenuineIntel
cpu family	: 6
model		: 158
model name	: Intel(R) Core(TM) i5-7300HQ CPU @ 2.50GHz
stepping	: 9
microcode	: 0x84
cpu MHz		: 1332.267
cache size	: 6144 KB
physical id	: 0
siblings	: 4
core id		: 3
cpu cores	: 8
apicid		: 6
initial apicid	: 6
fpu		: yes
fpu_exception	: yes
cpuid level	: 22
wp		: yes
flags		: fpu vme de pse tsc msr pae mce cx8 apic sep mtrr pge mca cmov pat pse36 clflush dts acpi mmx fxsr sse sse2 ss ht tm pbe syscall nx pdpe1gb rdtscp lm constant_tsc art arch_perfmon pebs bts rep_good nopl xtopology nonstop_tsc cpuid aperfmperf tsc_known_freq pni pclmulqdq dtes64 monitor ds_cpl vmx est tm2 ssse3 sdbg fma cx16 xtpr pdcm pcid sse4_1 sse4_2 x2apic movbe popcnt tsc_deadline_timer aes xsave avx f16c rdrand lahf_lm abm 3dnowprefetch cpuid_fault epb invpcid_single pti ibrs ibpb stibp tpr_shadow vnmi flexpriority ept vpid fsgsbase tsc_adjust bmi1 avx2 smep bmi2 erms invpcid mpx rdseed adx smap clflushopt intel_pt xsaveopt xsavec xgetbv1 xsaves dtherm ida arat pln pts hwp hwp_notify hwp_act_window hwp_epp
bugs		: cpu_meltdown spectre_v1 spectre_v2 spec_store_bypass l1tf
bogomips	: 4992.00
clflush size	: 64
cache_alignment	: 64
address sizes	: 39 bits physical, 48 bits virtual
power management:



Memory: 4k page, physical 8052884k(134988k free), swap 0k(0k free)

vm_info: OpenJDK 64-Bit Server VM (25.181-b13) for linux-amd64 JRE (1.8.0_181-8u181-b13-0ubuntu0.16.04.1-b13), built on Jul 30 2018 21:06:27 by "buildd" with gcc 5.4.0 20160609

time: Thu Aug 30 13:41:20 2018
elapsed time: 44 seconds (0d 0h 0m 44s)

