#
# There is insufficient memory for the Java Runtime Environment to continue.
# Native memory allocation (mmap) failed to map 174063616 bytes for committing reserved memory.
# Possible reasons:
#   The system is out of physical RAM or swap space
#   In 32 bit mode, the process size limit was hit
# Possible solutions:
#   Reduce memory load on the system
#   Increase physical memory or swap space
#   Check if swap backing store is full
#   Use 64 bit Java on a 64 bit OS
#   Decrease Java heap size (-Xmx/-Xms)
#   Decrease number of Java threads
#   Decrease Java thread stack sizes (-Xss)
#   Set larger code cache with -XX:ReservedCodeCacheSize=
# This output file may be truncated or incomplete.
#
#  Out of Memory Error (os_linux.cpp:2643), pid=8611, tid=0x00007fca3fefe700
#
# JRE version: OpenJDK Runtime Environment (8.0_181-b13) (build 1.8.0_181-8u181-b13-0ubuntu0.16.04.1-b13)
# Java VM: OpenJDK 64-Bit Server VM (25.181-b13 mixed mode linux-amd64 compressed oops)
# Failed to write core dump. Core dumps have been disabled. To enable core dumping, try "ulimit -c unlimited" before starting Java again
#

---------------  T H R E A D  ---------------

Current thread (0x00007fca68078000):  VMThread [stack: 0x00007fca3fdfe000,0x00007fca3feff000] [id=8620]

Stack: [0x00007fca3fdfe000,0x00007fca3feff000],  sp=0x00007fca3fefd480,  free space=1021k
Native frames: (J=compiled Java code, j=interpreted, Vv=VM code, C=native code)
V  [libjvm.so+0xa70edb]
V  [libjvm.so+0x4c893c]
V  [libjvm.so+0x8bda08]
V  [libjvm.so+0x8b7d9e]
V  [libjvm.so+0x933206]
V  [libjvm.so+0x92289a]
V  [libjvm.so+0x922aa3]
V  [libjvm.so+0x923408]
V  [libjvm.so+0x9296ce]
V  [libjvm.so+0x93106d]
V  [libjvm.so+0x8e27c3]
V  [libjvm.so+0xa72b82]
V  [libjvm.so+0xa77d27]
V  [libjvm.so+0xa75427]
V  [libjvm.so+0xa768af]
V  [libjvm.so+0xa76da1]
V  [libjvm.so+0x8bae12]

VM_Operation (0x00007fca0c3c54d0): ParallelGCFailedAllocation, mode: safepoint, requested by thread 0x00007fca08208000


---------------  P R O C E S S  ---------------

Java Threads: ( => current thread )
  0x00007fca081b2000 JavaThread "TimerQueue" daemon [_thread_blocked, id=8635, stack(0x00007fca0c1c5000,0x00007fca0c2c6000)]
  0x00007fca08208000 JavaThread "Thread-0" [_thread_blocked, id=8634, stack(0x00007fca0c2c6000,0x00007fca0c3c7000)]
  0x00007fca0811f000 JavaThread "Abandoned connection cleanup thread" daemon [_thread_blocked, id=8633, stack(0x00007fca3c0af000,0x00007fca3c1b0000)]
  0x00007fca6800a800 JavaThread "DestroyJavaVM" [_thread_blocked, id=8612, stack(0x00007fca70e68000,0x00007fca70f69000)]
  0x00007fca681e3800 JavaThread "AWT-EventQueue-0" [_thread_blocked, id=8632, stack(0x00007fca3c5c8000,0x00007fca3c6c9000)]
  0x00007fca681e1800 JavaThread "AWT-Shutdown" [_thread_blocked, id=8631, stack(0x00007fca3c6c9000,0x00007fca3c7ca000)]
  0x00007fca681dd800 JavaThread "AWT-XAWT" daemon [_thread_blocked, id=8630, stack(0x00007fca3c7ca000,0x00007fca3c8cb000)]
  0x00007fca681ba800 JavaThread "Java2D Disposer" daemon [_thread_blocked, id=8629, stack(0x00007fca3ccdb000,0x00007fca3cddc000)]
  0x00007fca680c0000 JavaThread "Service Thread" daemon [_thread_blocked, id=8627, stack(0x00007fca3ed38000,0x00007fca3ee39000)]
  0x00007fca680bd000 JavaThread "C1 CompilerThread2" daemon [_thread_blocked, id=8626, stack(0x00007fca3ee39000,0x00007fca3ef3a000)]
  0x00007fca680bb000 JavaThread "C2 CompilerThread1" daemon [_thread_blocked, id=8625, stack(0x00007fca3ef3a000,0x00007fca3f03b000)]
  0x00007fca680b8000 JavaThread "C2 CompilerThread0" daemon [_thread_blocked, id=8624, stack(0x00007fca3f03b000,0x00007fca3f13c000)]
  0x00007fca680b6800 JavaThread "Signal Dispatcher" daemon [_thread_blocked, id=8623, stack(0x00007fca3f13c000,0x00007fca3f23d000)]
  0x00007fca68084800 JavaThread "Finalizer" daemon [_thread_blocked, id=8622, stack(0x00007fca3fbfc000,0x00007fca3fcfd000)]
  0x00007fca68080000 JavaThread "Reference Handler" daemon [_thread_blocked, id=8621, stack(0x00007fca3fcfd000,0x00007fca3fdfe000)]

Other Threads:
=>0x00007fca68078000 VMThread [stack: 0x00007fca3fdfe000,0x00007fca3feff000] [id=8620]
  0x00007fca680c2000 WatcherThread [stack: 0x00007fca3ec37000,0x00007fca3ed38000] [id=8628]

VM state:at safepoint (normal execution)

VM Mutex/Monitor currently owned by a thread:  ([mutex/lock_event])
[0x00007fca680067d0] ExpandHeap_lock - owner thread: 0x00007fca68078000
[0x00007fca68006e50] Threads_lock - owner thread: 0x00007fca68078000
[0x00007fca68007350] Heap_lock - owner thread: 0x00007fca08208000

Heap:
 PSYoungGen      total 165376K, used 76227K [0x00000000d7000000, 0x00000000ea500000, 0x0000000100000000)
  eden space 14336K, 0% used [0x00000000d7000000,0x00000000d7000000,0x00000000d7e00000)
  from space 151040K, 50% used [0x00000000e1180000,0x00000000e5bf0fe8,0x00000000ea500000)
  to   space 151040K, 0% used [0x00000000d7e00000,0x00000000d7e00000,0x00000000e1180000)
 ParOldGen       total 291328K, used 290848K [0x0000000085000000, 0x0000000096c80000, 0x00000000d7000000)
  object space 291328K, 99% used [0x0000000085000000,0x0000000096c08138,0x0000000096c80000)
 Metaspace       used 17342K, capacity 17672K, committed 17792K, reserved 1064960K
  class space    used 2006K, capacity 2100K, committed 2176K, reserved 1048576K

Card table byte_map: [0x00007fca6d13a000,0x00007fca6d513000] byte_map_base: 0x00007fca6cd12000

Marking Bits: (ParMarkBitMap*) 0x00007fca701323a0
 Begin Bits: [0x00007fca55280000, 0x00007fca57140000)
 End Bits:   [0x00007fca57140000, 0x00007fca59000000)

Polling page: 0x00007fca70f86000

CodeCache: size=245760Kb used=6048Kb max_used=6063Kb free=239711Kb
 bounds [0x00007fca59000000, 0x00007fca595f0000, 0x00007fca68000000]
 total_blobs=2198 nmethods=1579 adapters=533
 compilation: enabled

Compilation events (10 events):
Event: 8,478 Thread 0x00007fca680b8000 1575 % !   4       proyecto_adm.Adm$Lector::run @ 0 (455 bytes)
Event: 8,480 Thread 0x00007fca680b8000 nmethod 1575% 0x00007fca595ea0d0 code [0x00007fca595ea260, 0x00007fca595ea4a8]
Event: 8,821 Thread 0x00007fca680bd000 1576       1       sun.awt.X11.XBaseWindow::getWindow (5 bytes)
Event: 8,822 Thread 0x00007fca680bd000 nmethod 1576 0x00007fca595e9e10 code [0x00007fca595e9f60, 0x00007fca595ea070]
Event: 8,998 Thread 0x00007fca680bd000 1577   !   3       java.lang.ref.ReferenceQueue::remove (125 bytes)
Event: 8,999 Thread 0x00007fca680bd000 nmethod 1577 0x00007fca595e8f50 code [0x00007fca595e9140, 0x00007fca595e99f8]
Event: 11,606 Thread 0x00007fca680bd000 1578       3       java.util.HashMap::putVal (300 bytes)
Event: 11,607 Thread 0x00007fca680bd000 nmethod 1578 0x00007fca595e7390 code [0x00007fca595e7600, 0x00007fca595e8898]
Event: 12,018 Thread 0x00007fca680b8000 1579       4       java.util.HashMap::putVal (300 bytes)
Event: 12,026 Thread 0x00007fca680b8000 nmethod 1579 0x00007fca595edf90 code [0x00007fca595ee180, 0x00007fca595eed58]

GC Heap History (10 events):
Event: 18,540 GC heap after
Heap after GC invocations=14 (full 2):
 PSYoungGen      total 119808K, used 83008K [0x00000000d7000000, 0x00000000e5e00000, 0x0000000100000000)
  eden space 20992K, 0% used [0x00000000d7000000,0x00000000d7000000,0x00000000d8480000)
  from space 98816K, 84% used [0x00000000ded00000,0x00000000e3e10010,0x00000000e4d80000)
  to   space 107008K, 0% used [0x00000000d8480000,0x00000000d8480000,0x00000000ded00000)
 ParOldGen       total 291328K, used 235390K [0x0000000085000000, 0x0000000096c80000, 0x00000000d7000000)
  object space 291328K, 80% used [0x0000000085000000,0x00000000935dfbb8,0x0000000096c80000)
 Metaspace       used 17342K, capacity 17672K, committed 17792K, reserved 1064960K
  class space    used 2006K, capacity 2100K, committed 2176K, reserved 1048576K
}
Event: 19,400 GC heap before
{Heap before GC invocations=15 (full 2):
 PSYoungGen      total 119808K, used 104000K [0x00000000d7000000, 0x00000000e5e00000, 0x0000000100000000)
  eden space 20992K, 100% used [0x00000000d7000000,0x00000000d8480000,0x00000000d8480000)
  from space 98816K, 84% used [0x00000000ded00000,0x00000000e3e10010,0x00000000e4d80000)
  to   space 107008K, 0% used [0x00000000d8480000,0x00000000d8480000,0x00000000ded00000)
 ParOldGen       total 291328K, used 235390K [0x0000000085000000, 0x0000000096c80000, 0x00000000d7000000)
  object space 291328K, 80% used [0x0000000085000000,0x00000000935dfbb8,0x0000000096c80000)
 Metaspace       used 17342K, capacity 17672K, committed 17792K, reserved 1064960K
  class space    used 2006K, capacity 2100K, committed 2176K, reserved 1048576K
Event: 19,456 GC heap after
Heap after GC invocations=15 (full 2):
 PSYoungGen      total 128000K, used 100128K [0x00000000d7000000, 0x00000000e7300000, 0x0000000100000000)
  eden space 20992K, 0% used [0x00000000d7000000,0x00000000d7000000,0x00000000d8480000)
  from space 107008K, 93% used [0x00000000d8480000,0x00000000de648010,0x00000000ded00000)
  to   space 119296K, 0% used [0x00000000dfe80000,0x00000000dfe80000,0x00000000e7300000)
 ParOldGen       total 291328K, used 235390K [0x0000000085000000, 0x0000000096c80000, 0x00000000d7000000)
  object space 291328K, 80% used [0x0000000085000000,0x00000000935dfbb8,0x0000000096c80000)
 Metaspace       used 17342K, capacity 17672K, committed 17792K, reserved 1064960K
  class space    used 2006K, capacity 2100K, committed 2176K, reserved 1048576K
}
Event: 20,291 GC heap before
{Heap before GC invocations=16 (full 2):
 PSYoungGen      total 128000K, used 121120K [0x00000000d7000000, 0x00000000e7300000, 0x0000000100000000)
  eden space 20992K, 100% used [0x00000000d7000000,0x00000000d8480000,0x00000000d8480000)
  from space 107008K, 93% used [0x00000000d8480000,0x00000000de648010,0x00000000ded00000)
  to   space 119296K, 0% used [0x00000000dfe80000,0x00000000dfe80000,0x00000000e7300000)
 ParOldGen       total 291328K, used 235390K [0x0000000085000000, 0x0000000096c80000, 0x00000000d7000000)
  object space 291328K, 80% used [0x0000000085000000,0x00000000935dfbb8,0x0000000096c80000)
 Metaspace       used 17342K, capacity 17672K, committed 17792K, reserved 1064960K
  class space    used 2006K, capacity 2100K, committed 2176K, reserved 1048576K
Event: 20,361 GC heap after
Heap after GC invocations=16 (full 2):
 PSYoungGen      total 129536K, used 117184K [0x00000000d7000000, 0x00000000e9380000, 0x0000000100000000)
  eden space 10240K, 0% used [0x00000000d7000000,0x00000000d7000000,0x00000000d7a00000)
  from space 119296K, 98% used [0x00000000dfe80000,0x00000000e70f0010,0x00000000e7300000)
  to   space 135680K, 0% used [0x00000000d7a00000,0x00000000d7a00000,0x00000000dfe80000)
 ParOldGen       total 291328K, used 235390K [0x0000000085000000, 0x0000000096c80000, 0x00000000d7000000)
  object space 291328K, 80% used [0x0000000085000000,0x00000000935dfbb8,0x0000000096c80000)
 Metaspace       used 17342K, capacity 17672K, committed 17792K, reserved 1064960K
  class space    used 2006K, capacity 2100K, committed 2176K, reserved 1048576K
}
Event: 20,872 GC heap before
{Heap before GC invocations=17 (full 2):
 PSYoungGen      total 129536K, used 127424K [0x00000000d7000000, 0x00000000e9380000, 0x0000000100000000)
  eden space 10240K, 100% used [0x00000000d7000000,0x00000000d7a00000,0x00000000d7a00000)
  from space 119296K, 98% used [0x00000000dfe80000,0x00000000e70f0010,0x00000000e7300000)
  to   space 135680K, 0% used [0x00000000d7a00000,0x00000000d7a00000,0x00000000dfe80000)
 ParOldGen       total 291328K, used 235390K [0x0000000085000000, 0x0000000096c80000, 0x00000000d7000000)
  object space 291328K, 80% used [0x0000000085000000,0x00000000935dfbb8,0x0000000096c80000)
 Metaspace       used 17342K, capacity 17672K, committed 17792K, reserved 1064960K
  class space    used 2006K, capacity 2100K, committed 2176K, reserved 1048576K
Event: 20,939 GC heap after
Heap after GC invocations=17 (full 2):
 PSYoungGen      total 145920K, used 125504K [0x00000000d7000000, 0x00000000ea580000, 0x0000000100000000)
  eden space 10240K, 0% used [0x00000000d7000000,0x00000000d7000000,0x00000000d7a00000)
  from space 135680K, 92% used [0x00000000d7a00000,0x00000000df490010,0x00000000dfe80000)
  to   space 151552K, 0% used [0x00000000e1180000,0x00000000e1180000,0x00000000ea580000)
 ParOldGen       total 291328K, used 235390K [0x0000000085000000, 0x0000000096c80000, 0x00000000d7000000)
  object space 291328K, 80% used [0x0000000085000000,0x00000000935dfbb8,0x0000000096c80000)
 Metaspace       used 17342K, capacity 17672K, committed 17792K, reserved 1064960K
  class space    used 2006K, capacity 2100K, committed 2176K, reserved 1048576K
}
Event: 21,525 GC heap before
{Heap before GC invocations=18 (full 2):
 PSYoungGen      total 145920K, used 135744K [0x00000000d7000000, 0x00000000ea580000, 0x0000000100000000)
  eden space 10240K, 100% used [0x00000000d7000000,0x00000000d7a00000,0x00000000d7a00000)
  from space 135680K, 92% used [0x00000000d7a00000,0x00000000df490010,0x00000000dfe80000)
  to   space 151552K, 0% used [0x00000000e1180000,0x00000000e1180000,0x00000000ea580000)
 ParOldGen       total 291328K, used 235390K [0x0000000085000000, 0x0000000096c80000, 0x00000000d7000000)
  object space 291328K, 80% used [0x0000000085000000,0x00000000935dfbb8,0x0000000096c80000)
 Metaspace       used 17342K, capacity 17672K, committed 17792K, reserved 1064960K
  class space    used 2006K, capacity 2100K, committed 2176K, reserved 1048576K
Event: 21,672 GC heap after
Heap after GC invocations=18 (full 2):
 PSYoungGen      total 165376K, used 89216K [0x00000000d7000000, 0x00000000ea500000, 0x0000000100000000)
  eden space 14336K, 0% used [0x00000000d7000000,0x00000000d7000000,0x00000000d7e00000)
  from space 151040K, 59% used [0x00000000e1180000,0x00000000e68a0000,0x00000000ea500000)
  to   space 151040K, 0% used [0x00000000d7e00000,0x00000000d7e00000,0x00000000e1180000)
 ParOldGen       total 291328K, used 280390K [0x0000000085000000, 0x0000000096c80000, 0x00000000d7000000)
  object space 291328K, 96% used [0x0000000085000000,0x00000000961d1bc8,0x0000000096c80000)
 Metaspace       used 17342K, capacity 17672K, committed 17792K, reserved 1064960K
  class space    used 2006K, capacity 2100K, committed 2176K, reserved 1048576K
}
Event: 21,672 GC heap before
{Heap before GC invocations=19 (full 3):
 PSYoungGen      total 165376K, used 89216K [0x00000000d7000000, 0x00000000ea500000, 0x0000000100000000)
  eden space 14336K, 0% used [0x00000000d7000000,0x00000000d7000000,0x00000000d7e00000)
  from space 151040K, 59% used [0x00000000e1180000,0x00000000e68a0000,0x00000000ea500000)
  to   space 151040K, 0% used [0x00000000d7e00000,0x00000000d7e00000,0x00000000e1180000)
 ParOldGen       total 291328K, used 280390K [0x0000000085000000, 0x0000000096c80000, 0x00000000d7000000)
  object space 291328K, 96% used [0x0000000085000000,0x00000000961d1bc8,0x0000000096c80000)
 Metaspace       used 17342K, capacity 17672K, committed 17792K, reserved 1064960K
  class space    used 2006K, capacity 2100K, committed 2176K, reserved 1048576K

Deoptimization events (10 events):
Event: 3,152 Thread 0x00007fca681e3800 Uncommon trap: reason=class_check action=maybe_recompile pc=0x00007fca5944a64c method=java.util.HashSet.iterator()Ljava/util/Iterator; @ 4
Event: 3,152 Thread 0x00007fca681e3800 Uncommon trap: reason=class_check action=maybe_recompile pc=0x00007fca5944a64c method=java.util.HashSet.iterator()Ljava/util/Iterator; @ 4
Event: 3,152 Thread 0x00007fca681e3800 Uncommon trap: reason=class_check action=maybe_recompile pc=0x00007fca5944a64c method=java.util.HashSet.iterator()Ljava/util/Iterator; @ 4
Event: 3,157 Thread 0x00007fca681e3800 Uncommon trap: reason=bimorphic action=maybe_recompile pc=0x00007fca59275a48 method=java.util.HashMap.putVal(ILjava/lang/Object;Ljava/lang/Object;ZZ)Ljava/lang/Object; @ 253
Event: 3,164 Thread 0x00007fca681e3800 Uncommon trap: reason=bimorphic action=maybe_recompile pc=0x00007fca59275a48 method=java.util.HashMap.putVal(ILjava/lang/Object;Ljava/lang/Object;ZZ)Ljava/lang/Object; @ 253
Event: 3,166 Thread 0x00007fca681e3800 Uncommon trap: reason=bimorphic action=maybe_recompile pc=0x00007fca59275a48 method=java.util.HashMap.putVal(ILjava/lang/Object;Ljava/lang/Object;ZZ)Ljava/lang/Object; @ 253
Event: 3,168 Thread 0x00007fca681e3800 Uncommon trap: reason=bimorphic action=maybe_recompile pc=0x00007fca59275a48 method=java.util.HashMap.putVal(ILjava/lang/Object;Ljava/lang/Object;ZZ)Ljava/lang/Object; @ 253
Event: 4,563 Thread 0x00007fca08208000 Uncommon trap: reason=unstable_if action=reinterpret pc=0x00007fca595558c8 method=java.util.HashMap.putVal(ILjava/lang/Object;Ljava/lang/Object;ZZ)Ljava/lang/Object; @ 94
Event: 9,197 Thread 0x00007fca681dd800 Uncommon trap: reason=unstable_if action=reinterpret pc=0x00007fca5942d170 method=java.lang.reflect.Constructor.newInstance([Ljava/lang/Object;)Ljava/lang/Object; @ 4
Event: 11,606 Thread 0x00007fca08208000 Uncommon trap: reason=unstable_if action=reinterpret pc=0x00007fca595a8e24 method=java.util.HashMap.putVal(ILjava/lang/Object;Ljava/lang/Object;ZZ)Ljava/lang/Object; @ 206

Classes redefined (0 events):
No events

Internal exceptions (10 events):
Event: 0,080 Thread 0x00007fca6800a800 Exception <a 'java/security/PrivilegedActionException'> (0x00000000d7082090) thrown at [/build/openjdk-8-pREaNj/openjdk-8-8u181-b13/src/hotspot/src/share/vm/prims/jvm.cpp, line 1435]
Event: 0,081 Thread 0x00007fca6800a800 Exception <a 'java/security/PrivilegedActionException'> (0x00000000d7082c58) thrown at [/build/openjdk-8-pREaNj/openjdk-8-8u181-b13/src/hotspot/src/share/vm/prims/jvm.cpp, line 1435]
Event: 0,081 Thread 0x00007fca6800a800 Exception <a 'java/security/PrivilegedActionException'> (0x00000000d7082e68) thrown at [/build/openjdk-8-pREaNj/openjdk-8-8u181-b13/src/hotspot/src/share/vm/prims/jvm.cpp, line 1435]
Event: 0,138 Thread 0x00007fca6800a800 Exception <a 'java/lang/NoSuchFieldError': method resolution failed> (0x00000000d71f6c00) thrown at [/build/openjdk-8-pREaNj/openjdk-8-8u181-b13/src/hotspot/src/share/vm/prims/methodHandles.cpp, line 1167]
Event: 0,144 Thread 0x00007fca6800a800 Exception <a 'java/lang/NoSuchFieldError': method resolution failed> (0x00000000d7204400) thrown at [/build/openjdk-8-pREaNj/openjdk-8-8u181-b13/src/hotspot/src/share/vm/prims/methodHandles.cpp, line 1167]
Event: 0,163 Thread 0x00007fca6800a800 Exception <a 'java/io/FileNotFoundException'> (0x00000000d7283558) thrown at [/build/openjdk-8-pREaNj/openjdk-8-8u181-b13/src/hotspot/src/share/vm/prims/jni.cpp, line 709]
Event: 0,163 Thread 0x00007fca6800a800 Exception <a 'java/io/FileNotFoundException'> (0x00000000d7284078) thrown at [/build/openjdk-8-pREaNj/openjdk-8-8u181-b13/src/hotspot/src/share/vm/prims/jni.cpp, line 709]
Event: 0,172 Thread 0x00007fca6800a800 Exception <a 'java/lang/ClassNotFoundException': sun/dc/DuctusRenderingEngine> (0x00000000d728fb18) thrown at [/build/openjdk-8-pREaNj/openjdk-8-8u181-b13/src/hotspot/src/share/vm/classfile/systemDictionary.cpp, line 210]
Event: 0,333 Thread 0x00007fca681e3800 Exception <a 'java/net/UnknownHostException'> (0x00000000d759f418) thrown at [/build/openjdk-8-pREaNj/openjdk-8-8u181-b13/src/hotspot/src/share/vm/prims/jni.cpp, line 709]
Event: 0,727 Thread 0x00007fca681e3800 Exception <a 'java/lang/UnsupportedOperationException': > (0x00000000d7bfd470) thrown at [/build/openjdk-8-pREaNj/openjdk-8-8u181-b13/src/hotspot/src/share/vm/prims/jni.cpp, line 735]

Events (10 events):
Event: 17,501 Executing VM operation: ParallelGCFailedAllocation done
Event: 18,492 Executing VM operation: ParallelGCFailedAllocation
Event: 18,540 Executing VM operation: ParallelGCFailedAllocation done
Event: 19,400 Executing VM operation: ParallelGCFailedAllocation
Event: 19,456 Executing VM operation: ParallelGCFailedAllocation done
Event: 20,291 Executing VM operation: ParallelGCFailedAllocation
Event: 20,361 Executing VM operation: ParallelGCFailedAllocation done
Event: 20,872 Executing VM operation: ParallelGCFailedAllocation
Event: 20,939 Executing VM operation: ParallelGCFailedAllocation done
Event: 21,525 Executing VM operation: ParallelGCFailedAllocation


Dynamic libraries:
00400000-00401000 r-xp 00000000 08:05 1862949                            /usr/lib/jvm/java-8-openjdk-amd64/jre/bin/java
00600000-00601000 r--p 00000000 08:05 1862949                            /usr/lib/jvm/java-8-openjdk-amd64/jre/bin/java
00601000-00602000 rw-p 00001000 08:05 1862949                            /usr/lib/jvm/java-8-openjdk-amd64/jre/bin/java
007dd000-007fe000 rw-p 00000000 00:00 0                                  [heap]
85000000-96c80000 rw-p 00000000 00:00 0 
a1280000-d7000000 ---p 00000000 00:00 0 
d7000000-ea500000 rw-p 00000000 00:00 0 
ea500000-100000000 ---p 00000000 00:00 0 
100000000-100220000 rw-p 00000000 00:00 0 
100220000-140000000 ---p 00000000 00:00 0 
7fc9f4000000-7fc9f4021000 rw-p 00000000 00:00 0 
7fc9f4021000-7fc9f8000000 ---p 00000000 00:00 0 
7fc9fbe00000-7fc9fbf40000 rw-p 00000000 00:00 0 
7fc9fbf40000-7fc9fc000000 ---p 00000000 00:00 0 
7fc9fc000000-7fc9fc02b000 rw-p 00000000 00:00 0 
7fc9fc02b000-7fca00000000 ---p 00000000 00:00 0 
7fca00000000-7fca00021000 rw-p 00000000 00:00 0 
7fca00021000-7fca04000000 ---p 00000000 00:00 0 
7fca04000000-7fca04021000 rw-p 00000000 00:00 0 
7fca04021000-7fca08000000 ---p 00000000 00:00 0 
7fca08000000-7fca082df000 rw-p 00000000 00:00 0 
7fca082df000-7fca0c000000 ---p 00000000 00:00 0 
7fca0c0c4000-7fca0c0c7000 ---p 00000000 00:00 0 
7fca0c0c7000-7fca0c1c5000 rw-p 00000000 00:00 0 
7fca0c1c5000-7fca0c1c8000 ---p 00000000 00:00 0 
7fca0c1c8000-7fca0c2c6000 rw-p 00000000 00:00 0 
7fca0c2c6000-7fca0c2c9000 ---p 00000000 00:00 0 
7fca0c2c9000-7fca0c5c7000 rw-p 00000000 00:00 0 
7fca0c5c7000-7fca0c7c7000 rw-p 00000000 00:00 0 
7fca0c7c7000-7fca0c7d8000 r-xp 00000000 08:05 1502990                    /usr/lib/jvm/java-8-openjdk-amd64/jre/lib/amd64/libnio.so
7fca0c7d8000-7fca0c9d8000 ---p 00011000 08:05 1502990                    /usr/lib/jvm/java-8-openjdk-amd64/jre/lib/amd64/libnio.so
7fca0c9d8000-7fca0c9d9000 r--p 00011000 08:05 1502990                    /usr/lib/jvm/java-8-openjdk-amd64/jre/lib/amd64/libnio.so
7fca0c9d9000-7fca0c9da000 rw-p 00012000 08:05 1502990                    /usr/lib/jvm/java-8-openjdk-amd64/jre/lib/amd64/libnio.so
7fca0c9da000-7fca0c9f1000 r-xp 00000000 08:05 398789                     /lib/x86_64-linux-gnu/libresolv-2.23.so
7fca0c9f1000-7fca0cbf1000 ---p 00017000 08:05 398789                     /lib/x86_64-linux-gnu/libresolv-2.23.so
7fca0cbf1000-7fca0cbf2000 r--p 00017000 08:05 398789                     /lib/x86_64-linux-gnu/libresolv-2.23.so
7fca0cbf2000-7fca0cbf3000 rw-p 00018000 08:05 398789                     /lib/x86_64-linux-gnu/libresolv-2.23.so
7fca0cbf3000-7fca0cbf5000 rw-p 00000000 00:00 0 
7fca0cbf5000-7fca0cbfa000 r-xp 00000000 08:05 398734                     /lib/x86_64-linux-gnu/libnss_dns-2.23.so
7fca0cbfa000-7fca0cdfa000 ---p 00005000 08:05 398734                     /lib/x86_64-linux-gnu/libnss_dns-2.23.so
7fca0cdfa000-7fca0cdfb000 r--p 00005000 08:05 398734                     /lib/x86_64-linux-gnu/libnss_dns-2.23.so
7fca0cdfb000-7fca0cdfc000 rw-p 00006000 08:05 398734                     /lib/x86_64-linux-gnu/libnss_dns-2.23.so
7fca0cdfc000-7fca0cdfe000 r-xp 00000000 08:05 398742                     /lib/x86_64-linux-gnu/libnss_mdns4_minimal.so.2
7fca0cdfe000-7fca0cffd000 ---p 00002000 08:05 398742                     /lib/x86_64-linux-gnu/libnss_mdns4_minimal.so.2
7fca0cffd000-7fca0cffe000 r--p 00001000 08:05 398742                     /lib/x86_64-linux-gnu/libnss_mdns4_minimal.so.2
7fca0cffe000-7fca0cfff000 rw-p 00002000 08:05 398742                     /lib/x86_64-linux-gnu/libnss_mdns4_minimal.so.2
7fca0cfff000-7fca10000000 rw-p 00000000 00:00 0 
7fca10000000-7fca10021000 rw-p 00000000 00:00 0 
7fca10021000-7fca14000000 ---p 00000000 00:00 0 
7fca14000000-7fca14021000 rw-p 00000000 00:00 0 
7fca14021000-7fca18000000 ---p 00000000 00:00 0 
7fca18000000-7fca18021000 rw-p 00000000 00:00 0 
7fca18021000-7fca1c000000 ---p 00000000 00:00 0 
7fca1c000000-7fca1c021000 rw-p 00000000 00:00 0 
7fca1c021000-7fca20000000 ---p 00000000 00:00 0 
7fca20000000-7fca20657000 rw-p 00000000 00:00 0 
7fca20657000-7fca24000000 ---p 00000000 00:00 0 
7fca24000000-7fca24021000 rw-p 00000000 00:00 0 
7fca24021000-7fca28000000 ---p 00000000 00:00 0 
7fca28000000-7fca28358000 rw-p 00000000 00:00 0 
7fca28358000-7fca2c000000 ---p 00000000 00:00 0 
7fca2c000000-7fca2c2f6000 rw-p 00000000 00:00 0 
7fca2c2f6000-7fca30000000 ---p 00000000 00:00 0 
7fca30000000-7fca30021000 rw-p 00000000 00:00 0 
7fca30021000-7fca34000000 ---p 00000000 00:00 0 
7fca34000000-7fca34021000 rw-p 00000000 00:00 0 
7fca34021000-7fca38000000 ---p 00000000 00:00 0 
7fca38000000-7fca38021000 rw-p 00000000 00:00 0 
7fca38021000-7fca3c000000 ---p 00000000 00:00 0 
7fca3c0af000-7fca3c0b2000 ---p 00000000 00:00 0 
7fca3c0b2000-7fca3c1b0000 rw-p 00000000 00:00 0 
7fca3c1b0000-7fca3c1c7000 r-xp 00000000 08:05 1502971                    /usr/lib/jvm/java-8-openjdk-amd64/jre/lib/amd64/libnet.so
7fca3c1c7000-7fca3c3c6000 ---p 00017000 08:05 1502971                    /usr/lib/jvm/java-8-openjdk-amd64/jre/lib/amd64/libnet.so
7fca3c3c6000-7fca3c3c7000 r--p 00016000 08:05 1502971                    /usr/lib/jvm/java-8-openjdk-amd64/jre/lib/amd64/libnet.so
7fca3c3c7000-7fca3c3c8000 rw-p 00017000 08:05 1502971                    /usr/lib/jvm/java-8-openjdk-amd64/jre/lib/amd64/libnet.so
7fca3c3c8000-7fca3c5c8000 rw-p 00000000 00:00 0 
7fca3c5c8000-7fca3c5cb000 ---p 00000000 00:00 0 
7fca3c5cb000-7fca3c6c9000 rw-p 00000000 00:00 0 
7fca3c6c9000-7fca3c6cc000 ---p 00000000 00:00 0 
7fca3c6cc000-7fca3c7ca000 rw-p 00000000 00:00 0 
7fca3c7ca000-7fca3c7cd000 ---p 00000000 00:00 0 
7fca3c7cd000-7fca3c8cb000 rw-p 00000000 00:00 0 
7fca3c8cb000-7fca3c8d0000 r-xp 00000000 08:05 664682                     /usr/lib/x86_64-linux-gnu/libXfixes.so.3.1.0
7fca3c8d0000-7fca3cacf000 ---p 00005000 08:05 664682                     /usr/lib/x86_64-linux-gnu/libXfixes.so.3.1.0
7fca3cacf000-7fca3cad0000 r--p 00004000 08:05 664682                     /usr/lib/x86_64-linux-gnu/libXfixes.so.3.1.0
7fca3cad0000-7fca3cad1000 rw-p 00005000 08:05 664682                     /usr/lib/x86_64-linux-gnu/libXfixes.so.3.1.0
7fca3cad1000-7fca3cada000 r-xp 00000000 08:05 665664                     /usr/lib/x86_64-linux-gnu/libXcursor.so.1.0.2
7fca3cada000-7fca3ccd9000 ---p 00009000 08:05 665664                     /usr/lib/x86_64-linux-gnu/libXcursor.so.1.0.2
7fca3ccd9000-7fca3ccda000 r--p 00008000 08:05 665664                     /usr/lib/x86_64-linux-gnu/libXcursor.so.1.0.2
7fca3ccda000-7fca3ccdb000 rw-p 00009000 08:05 665664                     /usr/lib/x86_64-linux-gnu/libXcursor.so.1.0.2
7fca3ccdb000-7fca3ccde000 ---p 00000000 00:00 0 
7fca3ccde000-7fca3cddc000 rw-p 00000000 00:00 0 
7fca3cddc000-7fca3ce00000 r-xp 00000000 08:05 393398                     /lib/x86_64-linux-gnu/libpng12.so.0.54.0
7fca3ce00000-7fca3cfff000 ---p 00024000 08:05 393398                     /lib/x86_64-linux-gnu/libpng12.so.0.54.0
7fca3cfff000-7fca3d000000 r--p 00023000 08:05 393398                     /lib/x86_64-linux-gnu/libpng12.so.0.54.0
7fca3d000000-7fca3d001000 rw-p 00024000 08:05 393398                     /lib/x86_64-linux-gnu/libpng12.so.0.54.0
7fca3d001000-7fca3d0a5000 r-xp 00000000 08:05 665105                     /usr/lib/x86_64-linux-gnu/libfreetype.so.6.12.1
7fca3d0a5000-7fca3d2a4000 ---p 000a4000 08:05 665105                     /usr/lib/x86_64-linux-gnu/libfreetype.so.6.12.1
7fca3d2a4000-7fca3d2aa000 r--p 000a3000 08:05 665105                     /usr/lib/x86_64-linux-gnu/libfreetype.so.6.12.1
7fca3d2aa000-7fca3d2ab000 rw-p 000a9000 08:05 665105                     /usr/lib/x86_64-linux-gnu/libfreetype.so.6.12.1
7fca3d2ab000-7fca3d2fd000 r-xp 00000000 08:05 1502977                    /usr/lib/jvm/java-8-openjdk-amd64/jre/lib/amd64/libfontmanager.so
7fca3d2fd000-7fca3d4fd000 ---p 00052000 08:05 1502977                    /usr/lib/jvm/java-8-openjdk-amd64/jre/lib/amd64/libfontmanager.so
7fca3d4fd000-7fca3d4ff000 r--p 00052000 08:05 1502977                    /usr/lib/jvm/java-8-openjdk-amd64/jre/lib/amd64/libfontmanager.so
7fca3d4ff000-7fca3d500000 rw-p 00054000 08:05 1502977                    /usr/lib/jvm/java-8-openjdk-amd64/jre/lib/amd64/libfontmanager.so
7fca3d500000-7fca3d525000 r--p 00000000 08:05 1186473                    /usr/share/locale-langpack/es/LC_MESSAGES/libc.mo
7fca3d525000-7fca3d52a000 r-xp 00000000 08:05 664678                     /usr/lib/x86_64-linux-gnu/libXdmcp.so.6.0.0
7fca3d52a000-7fca3d729000 ---p 00005000 08:05 664678                     /usr/lib/x86_64-linux-gnu/libXdmcp.so.6.0.0
7fca3d729000-7fca3d72a000 r--p 00004000 08:05 664678                     /usr/lib/x86_64-linux-gnu/libXdmcp.so.6.0.0
7fca3d72a000-7fca3d72b000 rw-p 00005000 08:05 664678                     /usr/lib/x86_64-linux-gnu/libXdmcp.so.6.0.0
7fca3d72b000-7fca3d72d000 r-xp 00000000 08:05 664667                     /usr/lib/x86_64-linux-gnu/libXau.so.6.0.0
7fca3d72d000-7fca3d92d000 ---p 00002000 08:05 664667                     /usr/lib/x86_64-linux-gnu/libXau.so.6.0.0
7fca3d92d000-7fca3d92e000 r--p 00002000 08:05 664667                     /usr/lib/x86_64-linux-gnu/libXau.so.6.0.0
7fca3d92e000-7fca3d92f000 rw-p 00003000 08:05 664667                     /usr/lib/x86_64-linux-gnu/libXau.so.6.0.0
7fca3d92f000-7fca3d950000 r-xp 00000000 08:05 666087                     /usr/lib/x86_64-linux-gnu/libxcb.so.1.1.0
7fca3d950000-7fca3db4f000 ---p 00021000 08:05 666087                     /usr/lib/x86_64-linux-gnu/libxcb.so.1.1.0
7fca3db4f000-7fca3db50000 r--p 00020000 08:05 666087                     /usr/lib/x86_64-linux-gnu/libxcb.so.1.1.0
7fca3db50000-7fca3db51000 rw-p 00021000 08:05 666087                     /usr/lib/x86_64-linux-gnu/libxcb.so.1.1.0
7fca3db51000-7fca3db60000 r-xp 00000000 08:05 664690                     /usr/lib/x86_64-linux-gnu/libXi.so.6.1.0
7fca3db60000-7fca3dd5f000 ---p 0000f000 08:05 664690                     /usr/lib/x86_64-linux-gnu/libXi.so.6.1.0
7fca3dd5f000-7fca3dd60000 r--p 0000e000 08:05 664690                     /usr/lib/x86_64-linux-gnu/libXi.so.6.1.0
7fca3dd60000-7fca3dd61000 rw-p 0000f000 08:05 664690                     /usr/lib/x86_64-linux-gnu/libXi.so.6.1.0
7fca3dd61000-7fca3dd66000 r-xp 00000000 08:05 664708                     /usr/lib/x86_64-linux-gnu/libXtst.so.6.1.0
7fca3dd66000-7fca3df65000 ---p 00005000 08:05 664708                     /usr/lib/x86_64-linux-gnu/libXtst.so.6.1.0
7fca3df65000-7fca3df66000 r--p 00004000 08:05 664708                     /usr/lib/x86_64-linux-gnu/libXtst.so.6.1.0
7fca3df66000-7fca3df67000 rw-p 00005000 08:05 664708                     /usr/lib/x86_64-linux-gnu/libXtst.so.6.1.0
7fca3df67000-7fca3df70000 r-xp 00000000 08:05 664702                     /usr/lib/x86_64-linux-gnu/libXrender.so.1.3.0
7fca3df70000-7fca3e16f000 ---p 00009000 08:05 664702                     /usr/lib/x86_64-linux-gnu/libXrender.so.1.3.0
7fca3e16f000-7fca3e170000 r--p 00008000 08:05 664702                     /usr/lib/x86_64-linux-gnu/libXrender.so.1.3.0
7fca3e170000-7fca3e171000 rw-p 00009000 08:05 664702                     /usr/lib/x86_64-linux-gnu/libXrender.so.1.3.0
7fca3e171000-7fca3e2a6000 r-xp 00000000 08:05 658915                     /usr/lib/x86_64-linux-gnu/libX11.so.6.3.0
7fca3e2a6000-7fca3e4a6000 ---p 00135000 08:05 658915                     /usr/lib/x86_64-linux-gnu/libX11.so.6.3.0
7fca3e4a6000-7fca3e4a7000 r--p 00135000 08:05 658915                     /usr/lib/x86_64-linux-gnu/libX11.so.6.3.0
7fca3e4a7000-7fca3e4ab000 rw-p 00136000 08:05 658915                     /usr/lib/x86_64-linux-gnu/libX11.so.6.3.0
7fca3e4ab000-7fca3e4bc000 r-xp 00000000 08:05 664680                     /usr/lib/x86_64-linux-gnu/libXext.so.6.4.0
7fca3e4bc000-7fca3e6bb000 ---p 00011000 08:05 664680                     /usr/lib/x86_64-linux-gnu/libXext.so.6.4.0
7fca3e6bb000-7fca3e6bc000 r--p 00010000 08:05 664680                     /usr/lib/x86_64-linux-gnu/libXext.so.6.4.0
7fca3e6bc000-7fca3e6bd000 rw-p 00011000 08:05 664680                     /usr/lib/x86_64-linux-gnu/libXext.so.6.4.0
7fca3e6d7000-7fca3e72c000 r-xp 00000000 08:05 1502985                    /usr/lib/jvm/java-8-openjdk-amd64/jre/lib/amd64/libawt_xawt.so
7fca3e72c000-7fca3e92b000 ---p 00055000 08:05 1502985                    /usr/lib/jvm/java-8-openjdk-amd64/jre/lib/amd64/libawt_xawt.so
7fca3e92b000-7fca3e92c000 r--p 00054000 08:05 1502985                    /usr/lib/jvm/java-8-openjdk-amd64/jre/lib/amd64/libawt_xawt.so
7fca3e92c000-7fca3e92f000 rw-p 00055000 08:05 1502985                    /usr/lib/jvm/java-8-openjdk-amd64/jre/lib/amd64/libawt_xawt.so
7fca3e92f000-7fca3e930000 rw-p 00000000 00:00 0 
7fca3e930000-7fca3e9d0000 r-xp 00000000 08:05 1502996                    /usr/lib/jvm/java-8-openjdk-amd64/jre/lib/amd64/libawt.so
7fca3e9d0000-7fca3ebd0000 ---p 000a0000 08:05 1502996                    /usr/lib/jvm/java-8-openjdk-amd64/jre/lib/amd64/libawt.so
7fca3ebd0000-7fca3ebd1000 r--p 000a0000 08:05 1502996                    /usr/lib/jvm/java-8-openjdk-amd64/jre/lib/amd64/libawt.so
7fca3ebd1000-7fca3ebdc000 rw-p 000a1000 08:05 1502996                    /usr/lib/jvm/java-8-openjdk-amd64/jre/lib/amd64/libawt.so
7fca3ebdc000-7fca3ec01000 rw-p 00000000 00:00 0 
7fca3ec01000-7fca3ec1c000 r--s 00394000 08:05 1312989                    /usr/lib/jvm/java-8-openjdk-amd64/jre/lib/ext/cldrdata.jar
7fca3ec1c000-7fca3ec37000 r--s 001d6000 08:05 1312134                    /usr/lib/jvm/java-8-openjdk-amd64/jre/lib/ext/nashorn.jar
7fca3ec37000-7fca3ec38000 ---p 00000000 00:00 0 
7fca3ec38000-7fca3ed38000 rw-p 00000000 00:00 0 
7fca3ed38000-7fca3ed3b000 ---p 00000000 00:00 0 
7fca3ed3b000-7fca3ee39000 rw-p 00000000 00:00 0 
7fca3ee39000-7fca3ee3c000 ---p 00000000 00:00 0 
7fca3ee3c000-7fca3ef3a000 rw-p 00000000 00:00 0 
7fca3ef3a000-7fca3ef3d000 ---p 00000000 00:00 0 
7fca3ef3d000-7fca3f03b000 rw-p 00000000 00:00 0 
7fca3f03b000-7fca3f03e000 ---p 00000000 00:00 0 
7fca3f03e000-7fca3f13c000 rw-p 00000000 00:00 0 
7fca3f13c000-7fca3f13f000 ---p 00000000 00:00 0 
7fca3f13f000-7fca3f23d000 rw-p 00000000 00:00 0 
7fca3f23d000-7fca3fbfc000 r--p 00000000 08:05 663194                     /usr/lib/locale/locale-archive
7fca3fbfc000-7fca3fbff000 ---p 00000000 00:00 0 
7fca3fbff000-7fca3fcfd000 rw-p 00000000 00:00 0 
7fca3fcfd000-7fca3fd00000 ---p 00000000 00:00 0 
7fca3fd00000-7fca3fdfe000 rw-p 00000000 00:00 0 
7fca3fdfe000-7fca3fdff000 ---p 00000000 00:00 0 
7fca3fdff000-7fca40000000 rw-p 00000000 00:00 0 
7fca40000000-7fca40021000 rw-p 00000000 00:00 0 
7fca40021000-7fca44000000 ---p 00000000 00:00 0 
7fca44000000-7fca44021000 rw-p 00000000 00:00 0 
7fca44021000-7fca48000000 ---p 00000000 00:00 0 
7fca48000000-7fca48021000 rw-p 00000000 00:00 0 
7fca48021000-7fca4c000000 ---p 00000000 00:00 0 
7fca4c000000-7fca4c021000 rw-p 00000000 00:00 0 
7fca4c021000-7fca50000000 ---p 00000000 00:00 0 
7fca50000000-7fca50021000 rw-p 00000000 00:00 0 
7fca50021000-7fca54000000 ---p 00000000 00:00 0 
7fca54000000-7fca54013000 r--s 00346000 08:05 1182190                    /usr/lib/jvm/java-8-openjdk-amd64/jre/lib/resources.jar
7fca54013000-7fca59000000 rw-p 00000000 00:00 0 
7fca59000000-7fca595f0000 rwxp 00000000 00:00 0 
7fca595f0000-7fca68000000 ---p 00000000 00:00 0 
7fca68000000-7fca681fe000 rw-p 00000000 00:00 0 
7fca681fe000-7fca6c000000 ---p 00000000 00:00 0 
7fca6c005000-7fca6c00a000 r--s 0009d000 08:05 1181233                    /usr/lib/jvm/java-8-openjdk-amd64/jre/lib/jsse.jar
7fca6c00a000-7fca6c011000 r--s 00000000 08:05 919511                     /usr/lib/x86_64-linux-gnu/gconv/gconv-modules.cache
7fca6c011000-7fca6c016000 r--s 002f9000 08:05 1240188                    /usr/lib/jvm/java-8-openjdk-amd64/jre/lib/charsets.jar
7fca6c016000-7fca6c489000 rw-p 00000000 00:00 0 
7fca6c489000-7fca6c658000 r--s 03c32000 08:05 1181885                    /usr/lib/jvm/java-8-openjdk-amd64/jre/lib/rt.jar
7fca6c658000-7fca6caa6000 rw-p 00000000 00:00 0 
7fca6caa6000-7fca6caa7000 ---p 00000000 00:00 0 
7fca6caa7000-7fca6cba7000 rw-p 00000000 00:00 0 
7fca6cba7000-7fca6cba8000 ---p 00000000 00:00 0 
7fca6cba8000-7fca6cca8000 rw-p 00000000 00:00 0 
7fca6cca8000-7fca6cca9000 ---p 00000000 00:00 0 
7fca6cca9000-7fca6cda9000 rw-p 00000000 00:00 0 
7fca6cda9000-7fca6cdaa000 ---p 00000000 00:00 0 
7fca6cdaa000-7fca6cf39000 rw-p 00000000 00:00 0 
7fca6cf39000-7fca6d13a000 ---p 00000000 00:00 0 
7fca6d13a000-7fca6d1c9000 rw-p 00000000 00:00 0 
7fca6d1c9000-7fca6d3ca000 ---p 00000000 00:00 0 
7fca6d3ca000-7fca6d465000 rw-p 00000000 00:00 0 
7fca6d465000-7fca6d512000 ---p 00000000 00:00 0 
7fca6d512000-7fca6d52b000 rw-p 00000000 00:00 0 
7fca6d52b000-7fca6d8d3000 ---p 00000000 00:00 0 
7fca6d8d3000-7fca6d8db000 r-xp 00000000 08:05 1502984                    /usr/lib/jvm/java-8-openjdk-amd64/jre/lib/amd64/libzip.so
7fca6d8db000-7fca6dada000 ---p 00008000 08:05 1502984                    /usr/lib/jvm/java-8-openjdk-amd64/jre/lib/amd64/libzip.so
7fca6dada000-7fca6dadb000 r--p 00007000 08:05 1502984                    /usr/lib/jvm/java-8-openjdk-amd64/jre/lib/amd64/libzip.so
7fca6dadb000-7fca6dadc000 rw-p 00008000 08:05 1502984                    /usr/lib/jvm/java-8-openjdk-amd64/jre/lib/amd64/libzip.so
7fca6dadc000-7fca6dae7000 r-xp 00000000 08:05 398736                     /lib/x86_64-linux-gnu/libnss_files-2.23.so
7fca6dae7000-7fca6dce6000 ---p 0000b000 08:05 398736                     /lib/x86_64-linux-gnu/libnss_files-2.23.so
7fca6dce6000-7fca6dce7000 r--p 0000a000 08:05 398736                     /lib/x86_64-linux-gnu/libnss_files-2.23.so
7fca6dce7000-7fca6dce8000 rw-p 0000b000 08:05 398736                     /lib/x86_64-linux-gnu/libnss_files-2.23.so
7fca6dce8000-7fca6dcee000 rw-p 00000000 00:00 0 
7fca6dcee000-7fca6dcf9000 r-xp 00000000 08:05 398746                     /lib/x86_64-linux-gnu/libnss_nis-2.23.so
7fca6dcf9000-7fca6def8000 ---p 0000b000 08:05 398746                     /lib/x86_64-linux-gnu/libnss_nis-2.23.so
7fca6def8000-7fca6def9000 r--p 0000a000 08:05 398746                     /lib/x86_64-linux-gnu/libnss_nis-2.23.so
7fca6def9000-7fca6defa000 rw-p 0000b000 08:05 398746                     /lib/x86_64-linux-gnu/libnss_nis-2.23.so
7fca6defa000-7fca6df10000 r-xp 00000000 08:05 398730                     /lib/x86_64-linux-gnu/libnsl-2.23.so
7fca6df10000-7fca6e10f000 ---p 00016000 08:05 398730                     /lib/x86_64-linux-gnu/libnsl-2.23.so
7fca6e10f000-7fca6e110000 r--p 00015000 08:05 398730                     /lib/x86_64-linux-gnu/libnsl-2.23.so
7fca6e110000-7fca6e111000 rw-p 00016000 08:05 398730                     /lib/x86_64-linux-gnu/libnsl-2.23.so
7fca6e111000-7fca6e113000 rw-p 00000000 00:00 0 
7fca6e113000-7fca6e11b000 r-xp 00000000 08:05 398732                     /lib/x86_64-linux-gnu/libnss_compat-2.23.so
7fca6e11b000-7fca6e31a000 ---p 00008000 08:05 398732                     /lib/x86_64-linux-gnu/libnss_compat-2.23.so
7fca6e31a000-7fca6e31b000 r--p 00007000 08:05 398732                     /lib/x86_64-linux-gnu/libnss_compat-2.23.so
7fca6e31b000-7fca6e31c000 rw-p 00008000 08:05 398732                     /lib/x86_64-linux-gnu/libnss_compat-2.23.so
7fca6e31c000-7fca6e349000 r-xp 00000000 08:05 1503000                    /usr/lib/jvm/java-8-openjdk-amd64/jre/lib/amd64/libjava.so
7fca6e349000-7fca6e548000 ---p 0002d000 08:05 1503000                    /usr/lib/jvm/java-8-openjdk-amd64/jre/lib/amd64/libjava.so
7fca6e548000-7fca6e549000 r--p 0002c000 08:05 1503000                    /usr/lib/jvm/java-8-openjdk-amd64/jre/lib/amd64/libjava.so
7fca6e549000-7fca6e54b000 rw-p 0002d000 08:05 1503000                    /usr/lib/jvm/java-8-openjdk-amd64/jre/lib/amd64/libjava.so
7fca6e54b000-7fca6e55a000 r-xp 00000000 08:05 1502988                    /usr/lib/jvm/java-8-openjdk-amd64/jre/lib/amd64/libverify.so
7fca6e55a000-7fca6e759000 ---p 0000f000 08:05 1502988                    /usr/lib/jvm/java-8-openjdk-amd64/jre/lib/amd64/libverify.so
7fca6e759000-7fca6e75b000 r--p 0000e000 08:05 1502988                    /usr/lib/jvm/java-8-openjdk-amd64/jre/lib/amd64/libverify.so
7fca6e75b000-7fca6e75c000 rw-p 00010000 08:05 1502988                    /usr/lib/jvm/java-8-openjdk-amd64/jre/lib/amd64/libverify.so
7fca6e75c000-7fca6e763000 r-xp 00000000 08:05 398791                     /lib/x86_64-linux-gnu/librt-2.23.so
7fca6e763000-7fca6e962000 ---p 00007000 08:05 398791                     /lib/x86_64-linux-gnu/librt-2.23.so
7fca6e962000-7fca6e963000 r--p 00006000 08:05 398791                     /lib/x86_64-linux-gnu/librt-2.23.so
7fca6e963000-7fca6e964000 rw-p 00007000 08:05 398791                     /lib/x86_64-linux-gnu/librt-2.23.so
7fca6e964000-7fca6e97a000 r-xp 00000000 08:05 398675                     /lib/x86_64-linux-gnu/libgcc_s.so.1
7fca6e97a000-7fca6eb79000 ---p 00016000 08:05 398675                     /lib/x86_64-linux-gnu/libgcc_s.so.1
7fca6eb79000-7fca6eb7a000 rw-p 00015000 08:05 398675                     /lib/x86_64-linux-gnu/libgcc_s.so.1
7fca6eb7a000-7fca6ec82000 r-xp 00000000 08:05 398707                     /lib/x86_64-linux-gnu/libm-2.23.so
7fca6ec82000-7fca6ee81000 ---p 00108000 08:05 398707                     /lib/x86_64-linux-gnu/libm-2.23.so
7fca6ee81000-7fca6ee82000 r--p 00107000 08:05 398707                     /lib/x86_64-linux-gnu/libm-2.23.so
7fca6ee82000-7fca6ee83000 rw-p 00108000 08:05 398707                     /lib/x86_64-linux-gnu/libm-2.23.so
7fca6ee83000-7fca6eff5000 r-xp 00000000 08:05 658358                     /usr/lib/x86_64-linux-gnu/libstdc++.so.6.0.21
7fca6eff5000-7fca6f1f5000 ---p 00172000 08:05 658358                     /usr/lib/x86_64-linux-gnu/libstdc++.so.6.0.21
7fca6f1f5000-7fca6f1ff000 r--p 00172000 08:05 658358                     /usr/lib/x86_64-linux-gnu/libstdc++.so.6.0.21
7fca6f1ff000-7fca6f201000 rw-p 0017c000 08:05 658358                     /usr/lib/x86_64-linux-gnu/libstdc++.so.6.0.21
7fca6f201000-7fca6f205000 rw-p 00000000 00:00 0 
7fca6f205000-7fca6fe62000 r-xp 00000000 08:05 1704438                    /usr/lib/jvm/java-8-openjdk-amd64/jre/lib/amd64/server/libjvm.so
7fca6fe62000-7fca70062000 ---p 00c5d000 08:05 1704438                    /usr/lib/jvm/java-8-openjdk-amd64/jre/lib/amd64/server/libjvm.so
7fca70062000-7fca700f6000 r--p 00c5d000 08:05 1704438                    /usr/lib/jvm/java-8-openjdk-amd64/jre/lib/amd64/server/libjvm.so
7fca700f6000-7fca7011f000 rw-p 00cf1000 08:05 1704438                    /usr/lib/jvm/java-8-openjdk-amd64/jre/lib/amd64/server/libjvm.so
7fca7011f000-7fca7014f000 rw-p 00000000 00:00 0 
7fca7014f000-7fca70167000 r-xp 00000000 08:05 398783                     /lib/x86_64-linux-gnu/libpthread-2.23.so
7fca70167000-7fca70366000 ---p 00018000 08:05 398783                     /lib/x86_64-linux-gnu/libpthread-2.23.so
7fca70366000-7fca70367000 r--p 00017000 08:05 398783                     /lib/x86_64-linux-gnu/libpthread-2.23.so
7fca70367000-7fca70368000 rw-p 00018000 08:05 398783                     /lib/x86_64-linux-gnu/libpthread-2.23.so
7fca70368000-7fca7036c000 rw-p 00000000 00:00 0 
7fca7036c000-7fca7036f000 r-xp 00000000 08:05 398661                     /lib/x86_64-linux-gnu/libdl-2.23.so
7fca7036f000-7fca7056e000 ---p 00003000 08:05 398661                     /lib/x86_64-linux-gnu/libdl-2.23.so
7fca7056e000-7fca7056f000 r--p 00002000 08:05 398661                     /lib/x86_64-linux-gnu/libdl-2.23.so
7fca7056f000-7fca70570000 rw-p 00003000 08:05 398661                     /lib/x86_64-linux-gnu/libdl-2.23.so
7fca70570000-7fca70589000 r-xp 00000000 08:05 398828                     /lib/x86_64-linux-gnu/libz.so.1.2.8
7fca70589000-7fca70788000 ---p 00019000 08:05 398828                     /lib/x86_64-linux-gnu/libz.so.1.2.8
7fca70788000-7fca70789000 r--p 00018000 08:05 398828                     /lib/x86_64-linux-gnu/libz.so.1.2.8
7fca70789000-7fca7078a000 rw-p 00019000 08:05 398828                     /lib/x86_64-linux-gnu/libz.so.1.2.8
7fca7078a000-7fca7094a000 r-xp 00000000 08:05 398637                     /lib/x86_64-linux-gnu/libc-2.23.so
7fca7094a000-7fca70b4a000 ---p 001c0000 08:05 398637                     /lib/x86_64-linux-gnu/libc-2.23.so
7fca70b4a000-7fca70b4e000 r--p 001c0000 08:05 398637                     /lib/x86_64-linux-gnu/libc-2.23.so
7fca70b4e000-7fca70b50000 rw-p 001c4000 08:05 398637                     /lib/x86_64-linux-gnu/libc-2.23.so
7fca70b50000-7fca70b54000 rw-p 00000000 00:00 0 
7fca70b54000-7fca70b61000 r-xp 00000000 08:05 1704521                    /usr/lib/jvm/java-8-openjdk-amd64/jre/lib/amd64/jli/libjli.so
7fca70b61000-7fca70d61000 ---p 0000d000 08:05 1704521                    /usr/lib/jvm/java-8-openjdk-amd64/jre/lib/amd64/jli/libjli.so
7fca70d61000-7fca70d62000 r--p 0000d000 08:05 1704521                    /usr/lib/jvm/java-8-openjdk-amd64/jre/lib/amd64/jli/libjli.so
7fca70d62000-7fca70d63000 rw-p 0000e000 08:05 1704521                    /usr/lib/jvm/java-8-openjdk-amd64/jre/lib/amd64/jli/libjli.so
7fca70d63000-7fca70d89000 r-xp 00000000 08:05 398609                     /lib/x86_64-linux-gnu/ld-2.23.so
7fca70d89000-7fca70d91000 r--s 000c4000 08:06 3677543                    /home/lautaro/netbeans-8.2/ide/modules/ext/mysql-connector-java-5.1.23-bin.jar
7fca70d91000-7fca70d9b000 r--s 00116000 08:05 1350404                    /usr/lib/jvm/java-8-openjdk-amd64/jre/lib/ext/localedata.jar
7fca70d9b000-7fca70d9d000 r--s 00008000 08:05 1350406                    /usr/lib/jvm/java-8-openjdk-amd64/jre/lib/ext/sunec.jar
7fca70d9d000-7fca70e68000 rw-p 00000000 00:00 0 
7fca70e68000-7fca70e6b000 ---p 00000000 00:00 0 
7fca70e6b000-7fca70f6d000 rw-p 00000000 00:00 0 
7fca70f6d000-7fca70f6e000 r--s 0000a000 08:05 1350407                    /usr/lib/jvm/java-8-openjdk-amd64/jre/lib/ext/jaccess.jar
7fca70f6e000-7fca70f70000 r--s 00001000 08:05 1312991                    /usr/lib/jvm/java-8-openjdk-amd64/jre/lib/ext/dnsns.jar
7fca70f70000-7fca70f76000 r--s 0003b000 08:05 1350405                    /usr/lib/jvm/java-8-openjdk-amd64/jre/lib/ext/sunjce_provider.jar
7fca70f76000-7fca70f79000 r--s 0000f000 08:05 1312133                    /usr/lib/jvm/java-8-openjdk-amd64/jre/lib/ext/icedtea-sound.jar
7fca70f79000-7fca70f7a000 r--s 00010000 08:05 1313006                    /usr/lib/jvm/java-8-openjdk-amd64/jre/lib/ext/zipfs.jar
7fca70f7a000-7fca70f7d000 r--s 00038000 08:05 1312990                    /usr/lib/jvm/java-8-openjdk-amd64/jre/lib/ext/sunpkcs11.jar
7fca70f7d000-7fca70f85000 rw-s 00000000 08:05 420411                     /tmp/hsperfdata_lautaro/8611
7fca70f85000-7fca70f86000 rw-p 00000000 00:00 0 
7fca70f86000-7fca70f87000 ---p 00000000 00:00 0 
7fca70f87000-7fca70f88000 rw-p 00000000 00:00 0 
7fca70f88000-7fca70f89000 r--p 00025000 08:05 398609                     /lib/x86_64-linux-gnu/ld-2.23.so
7fca70f89000-7fca70f8a000 rw-p 00026000 08:05 398609                     /lib/x86_64-linux-gnu/ld-2.23.so
7fca70f8a000-7fca70f8b000 rw-p 00000000 00:00 0 
7ffd087c5000-7ffd087e6000 rw-p 00000000 00:00 0                          [stack]
7ffd087ef000-7ffd087f2000 r--p 00000000 00:00 0                          [vvar]
7ffd087f2000-7ffd087f4000 r-xp 00000000 00:00 0                          [vdso]
ffffffffff600000-ffffffffff601000 r-xp 00000000 00:00 0                  [vsyscall]

VM Arguments:
jvm_args: -Dfile.encoding=UTF-8 
java_command: proyecto_adm.Proyecto_adm
java_class_path (initial): /home/lautaro/netbeans-8.2/ide/modules/ext/mysql-connector-java-5.1.23-bin.jar:/home/lautaro/Escritorio/Sistema_de_votos/Proyecto_adm/build/classes
Launcher Type: SUN_STANDARD

Environment Variables:
PATH=/home/lautaro/bin:/home/lautaro/.local/bin:/usr/local/sbin:/usr/local/bin:/usr/sbin:/usr/bin:/sbin:/bin:/usr/games:/usr/local/games:/snap/bin
LD_LIBRARY_PATH=/usr/lib/jvm/java-8-openjdk-amd64/jre/lib/amd64:/usr/lib/jvm/java-8-openjdk-amd64/jre/lib/i386:
SHELL=/bin/bash
DISPLAY=:0

Signal Handlers:
SIGSEGV: [libjvm.so+0xa71a30], sa_mask[0]=11111111011111111101111111111110, sa_flags=SA_RESTART|SA_SIGINFO
SIGBUS: [libjvm.so+0xa71a30], sa_mask[0]=11111111011111111101111111111110, sa_flags=SA_RESTART|SA_SIGINFO
SIGFPE: [libjvm.so+0x8b8f40], sa_mask[0]=11111111011111111101111111111110, sa_flags=SA_RESTART|SA_SIGINFO
SIGPIPE: [libjvm.so+0x8b8f40], sa_mask[0]=11111111011111111101111111111110, sa_flags=SA_RESTART|SA_SIGINFO
SIGXFSZ: [libjvm.so+0x8b8f40], sa_mask[0]=11111111011111111101111111111110, sa_flags=SA_RESTART|SA_SIGINFO
SIGILL: [libjvm.so+0x8b8f40], sa_mask[0]=11111111011111111101111111111110, sa_flags=SA_RESTART|SA_SIGINFO
SIGUSR1: SIG_DFL, sa_mask[0]=00000000000000000000000000000000, sa_flags=none
SIGUSR2: [libjvm.so+0x8b8df0], sa_mask[0]=00100000000000000000000000000000, sa_flags=SA_RESTART|SA_SIGINFO
SIGHUP: [libjvm.so+0x8b92c0], sa_mask[0]=11111111011111111101111111111110, sa_flags=SA_RESTART|SA_SIGINFO
SIGINT: SIG_IGN, sa_mask[0]=00000000000000000000000000000000, sa_flags=none
SIGTERM: [libjvm.so+0x8b92c0], sa_mask[0]=11111111011111111101111111111110, sa_flags=SA_RESTART|SA_SIGINFO
SIGQUIT: [libjvm.so+0x8b92c0], sa_mask[0]=11111111011111111101111111111110, sa_flags=SA_RESTART|SA_SIGINFO


---------------  S Y S T E M  ---------------

OS:DISTRIB_ID=Ubuntu
DISTRIB_RELEASE=16.04
DISTRIB_CODENAME=xenial
DISTRIB_DESCRIPTION="Ubuntu 16.04.4 LTS"

uname:Linux 4.15.0-33-generic #36~16.04.1-Ubuntu SMP Wed Aug 15 17:21:05 UTC 2018 x86_64
libc:glibc 2.23 NPTL 2.23 
rlimit: STACK 8192k, CORE 0k, NPROC 30998, NOFILE 1048576, AS infinity
load average:6,76 4,72 3,61

/proc/meminfo:
MemTotal:        8052896 kB
MemFree:          113520 kB
MemAvailable:       9504 kB
Buffers:             468 kB
Cached:           521504 kB
SwapCached:            0 kB
Active:          7201844 kB
Inactive:         506792 kB
Active(anon):    7188196 kB
Inactive(anon):   486424 kB
Active(file):      13648 kB
Inactive(file):    20368 kB
Unevictable:         136 kB
Mlocked:             136 kB
SwapTotal:             0 kB
SwapFree:              0 kB
Dirty:               148 kB
Writeback:           352 kB
AnonPages:       7186688 kB
Mapped:            83356 kB
Shmem:            488068 kB
Slab:              96912 kB
SReclaimable:      39836 kB
SUnreclaim:        57076 kB
KernelStack:       13504 kB
PageTables:        61244 kB
NFS_Unstable:          0 kB
Bounce:                0 kB
WritebackTmp:          0 kB
CommitLimit:     4026448 kB
Committed_AS:   14136104 kB
VmallocTotal:   34359738367 kB
VmallocUsed:           0 kB
VmallocChunk:          0 kB
HardwareCorrupted:     0 kB
AnonHugePages:         0 kB
ShmemHugePages:        0 kB
ShmemPmdMapped:        0 kB
CmaTotal:              0 kB
CmaFree:               0 kB
HugePages_Total:       0
HugePages_Free:        0
HugePages_Rsvd:        0
HugePages_Surp:        0
Hugepagesize:       2048 kB
DirectMap4k:      183748 kB
DirectMap2M:     8089600 kB
DirectMap1G:           0 kB


CPU:total 4 (initial active 4) (4 cores per cpu, 1 threads per core) family 6 model 158 stepping 9, cmov, cx8, fxsr, mmx, sse, sse2, sse3, ssse3, sse4.1, sse4.2, popcnt, avx, avx2, aes, clmul, erms, 3dnowpref, lzcnt, tsc, tscinvbit, bmi1, bmi2, adx

/proc/cpuinfo:
processor	: 0
vendor_id	: GenuineIntel
cpu family	: 6
model		: 158
model name	: Intel(R) Core(TM) i5-7300HQ CPU @ 2.50GHz
stepping	: 9
microcode	: 0x8e
cpu MHz		: 899.997
cache size	: 6144 KB
physical id	: 0
siblings	: 4
core id		: 0
cpu cores	: 4
apicid		: 0
initial apicid	: 0
fpu		: yes
fpu_exception	: yes
cpuid level	: 22
wp		: yes
flags		: fpu vme de pse tsc msr pae mce cx8 apic sep mtrr pge mca cmov pat pse36 clflush dts acpi mmx fxsr sse sse2 ss ht tm pbe syscall nx pdpe1gb rdtscp lm constant_tsc art arch_perfmon pebs bts rep_good nopl xtopology nonstop_tsc cpuid aperfmperf tsc_known_freq pni pclmulqdq dtes64 monitor ds_cpl vmx est tm2 ssse3 sdbg fma cx16 xtpr pdcm pcid sse4_1 sse4_2 x2apic movbe popcnt tsc_deadline_timer aes xsave avx f16c rdrand lahf_lm abm 3dnowprefetch cpuid_fault epb invpcid_single pti ssbd ibrs ibpb stibp tpr_shadow vnmi flexpriority ept vpid fsgsbase tsc_adjust bmi1 avx2 smep bmi2 erms invpcid mpx rdseed adx smap clflushopt intel_pt xsaveopt xsavec xgetbv1 xsaves dtherm ida arat pln pts hwp hwp_notify hwp_act_window hwp_epp flush_l1d
bugs		: cpu_meltdown spectre_v1 spectre_v2 spec_store_bypass l1tf
bogomips	: 4992.00
clflush size	: 64
cache_alignment	: 64
address sizes	: 39 bits physical, 48 bits virtual
power management:

processor	: 1
vendor_id	: GenuineIntel
cpu family	: 6
model		: 158
model name	: Intel(R) Core(TM) i5-7300HQ CPU @ 2.50GHz
stepping	: 9
microcode	: 0x8e
cpu MHz		: 892.054
cache size	: 6144 KB
physical id	: 0
siblings	: 4
core id		: 1
cpu cores	: 13
apicid		: 2
initial apicid	: 2
fpu		: yes
fpu_exception	: yes
cpuid level	: 22
wp		: yes
flags		: fpu vme de pse tsc msr pae mce cx8 apic sep mtrr pge mca cmov pat pse36 clflush dts acpi mmx fxsr sse sse2 ss ht tm pbe syscall nx pdpe1gb rdtscp lm constant_tsc art arch_perfmon pebs bts rep_good nopl xtopology nonstop_tsc cpuid aperfmperf tsc_known_freq pni pclmulqdq dtes64 monitor ds_cpl vmx est tm2 ssse3 sdbg fma cx16 xtpr pdcm pcid sse4_1 sse4_2 x2apic movbe popcnt tsc_deadline_timer aes xsave avx f16c rdrand lahf_lm abm 3dnowprefetch cpuid_fault epb invpcid_single pti tpr_shadow vnmi flexpriority ept vpid fsgsbase tsc_adjust bmi1 avx2 smep bmi2 erms invpcid mpx rdseed adx smap clflushopt intel_pt xsaveopt xsavec xgetbv1 xsaves dtherm ida arat pln pts hwp hwp_notify hwp_act_window hwp_epp
bugs		: cpu_meltdown spectre_v1 spectre_v2 spec_store_bypass l1tf
bogomips	: 4992.00
clflush size	: 64
cache_alignment	: 64
address sizes	: 39 bits physical, 48 bits virtual
power management:

processor	: 2
vendor_id	: GenuineIntel
cpu family	: 6
model		: 158
model name	: Intel(R) Core(TM) i5-7300HQ CPU @ 2.50GHz
stepping	: 9
microcode	: 0x8e
cpu MHz		: 897.340
cache size	: 6144 KB
physical id	: 0
siblings	: 4
core id		: 2
cpu cores	: 10
apicid		: 4
initial apicid	: 4
fpu		: yes
fpu_exception	: yes
cpuid level	: 22
wp		: yes
flags		: fpu vme de pse tsc msr pae mce cx8 apic sep mtrr pge mca cmov pat pse36 clflush dts acpi mmx fxsr sse sse2 ss ht tm pbe syscall nx pdpe1gb rdtscp lm constant_tsc art arch_perfmon pebs bts rep_good nopl xtopology nonstop_tsc cpuid aperfmperf tsc_known_freq pni pclmulqdq dtes64 monitor ds_cpl vmx est tm2 ssse3 sdbg fma cx16 xtpr pdcm pcid sse4_1 sse4_2 x2apic movbe popcnt tsc_deadline_timer aes xsave avx f16c rdrand lahf_lm abm 3dnowprefetch cpuid_fault epb invpcid_single pti tpr_shadow vnmi flexpriority ept vpid fsgsbase tsc_adjust bmi1 avx2 smep bmi2 erms invpcid mpx rdseed adx smap clflushopt intel_pt xsaveopt xsavec xgetbv1 xsaves dtherm ida arat pln pts hwp hwp_notify hwp_act_window hwp_epp
bugs		: cpu_meltdown spectre_v1 spectre_v2 spec_store_bypass l1tf
bogomips	: 4992.00
clflush size	: 64
cache_alignment	: 64
address sizes	: 39 bits physical, 48 bits virtual
power management:

processor	: 3
vendor_id	: GenuineIntel
cpu family	: 6
model		: 158
model name	: Intel(R) Core(TM) i5-7300HQ CPU @ 2.50GHz
stepping	: 9
microcode	: 0x8e
cpu MHz		: 900.002
cache size	: 6144 KB
physical id	: 0
siblings	: 4
core id		: 3
cpu cores	: 7
apicid		: 6
initial apicid	: 6
fpu		: yes
fpu_exception	: yes
cpuid level	: 22
wp		: yes
flags		: fpu vme de pse tsc msr pae mce cx8 apic sep mtrr pge mca cmov pat pse36 clflush dts acpi mmx fxsr sse sse2 ss ht tm pbe syscall nx pdpe1gb rdtscp lm constant_tsc art arch_perfmon pebs bts rep_good nopl xtopology nonstop_tsc cpuid aperfmperf tsc_known_freq pni pclmulqdq dtes64 monitor ds_cpl vmx est tm2 ssse3 sdbg fma cx16 xtpr pdcm pcid sse4_1 sse4_2 x2apic movbe popcnt tsc_deadline_timer aes xsave avx f16c rdrand lahf_lm abm 3dnowprefetch cpuid_fault epb invpcid_single pti tpr_shadow vnmi flexpriority ept vpid fsgsbase tsc_adjust bmi1 avx2 smep bmi2 erms invpcid mpx rdseed adx smap clflushopt intel_pt xsaveopt xsavec xgetbv1 xsaves dtherm ida arat pln pts hwp hwp_notify hwp_act_window hwp_epp
bugs		: cpu_meltdown spectre_v1 spectre_v2 spec_store_bypass l1tf
bogomips	: 4992.00
clflush size	: 64
cache_alignment	: 64
address sizes	: 39 bits physical, 48 bits virtual
power management:



Memory: 4k page, physical 8052896k(113396k free), swap 0k(0k free)

vm_info: OpenJDK 64-Bit Server VM (25.181-b13) for linux-amd64 JRE (1.8.0_181-8u181-b13-0ubuntu0.16.04.1-b13), built on Jul 30 2018 21:06:27 by "buildd" with gcc 5.4.0 20160609

time: Tue Sep  4 11:32:45 2018
elapsed time: 30 seconds (0d 0h 0m 30s)

